[0.108s] DEBUG:colcon:Command line arguments: ['/usr/bin/colcon', 'build']
[0.108s] DEBUG:colcon:Parsed command line arguments: Namespace(allow_overriding=[], ament_cmake_args=None, base_paths=['.'], build_base='build', catkin_cmake_args=None, catkin_skip_building_tests=False, cmake_args=None, cmake_clean_cache=False, cmake_clean_first=False, cmake_force_configure=False, cmake_target=None, cmake_target_skip_unavailable=False, continue_on_error=False, event_handlers=None, executor='parallel', ignore_user_meta=False, install_base='install', log_base=None, log_level=None, main=<bound method BuildVerb.main of <colcon_core.verb.build.BuildVerb object at 0x7fb5169157c0>>, merge_install=False, metas=['./colcon.meta'], packages_above=None, packages_above_and_dependencies=None, packages_above_depth=None, packages_end=None, packages_ignore=None, packages_ignore_regex=None, packages_select=None, packages_select_build_failed=False, packages_select_by_dep=None, packages_select_regex=None, packages_select_test_failures=False, packages_skip=None, packages_skip_build_finished=False, packages_skip_by_dep=None, packages_skip_regex=None, packages_skip_test_passed=False, packages_skip_up_to=None, packages_start=None, packages_up_to=None, packages_up_to_regex=None, parallel_workers=12, paths=None, symlink_install=False, test_result_base=None, verb_extension=<colcon_core.verb.build.BuildVerb object at 0x7fb5169157c0>, verb_name='build', verb_parser=<colcon_defaults.argument_parser.defaults.DefaultArgumentsDecorator object at 0x7fb516835730>)
[0.189s] Level 1:colcon.colcon_core.package_discovery:discover_packages(colcon_meta) check parameters
[0.189s] Level 1:colcon.colcon_core.package_discovery:discover_packages(recursive) check parameters
[0.189s] Level 1:colcon.colcon_core.package_discovery:discover_packages(ignore) check parameters
[0.189s] Level 1:colcon.colcon_core.package_discovery:discover_packages(path) check parameters
[0.189s] Level 1:colcon.colcon_core.package_discovery:discover_packages(colcon_meta) discover
[0.189s] Level 1:colcon.colcon_core.package_discovery:discover_packages(recursive) discover
[0.189s] INFO:colcon.colcon_core.package_discovery:Crawling recursively for packages in '/home/ntu/ros2_ws'
[0.189s] Level 1:colcon.colcon_core.package_identification:_identify(.) by extensions ['ignore', 'ignore_ament_install']
[0.189s] Level 1:colcon.colcon_core.package_identification:_identify(.) by extension 'ignore'
[0.189s] Level 1:colcon.colcon_core.package_identification:_identify(.) by extension 'ignore_ament_install'
[0.189s] Level 1:colcon.colcon_core.package_identification:_identify(.) by extensions ['colcon_pkg']
[0.189s] Level 1:colcon.colcon_core.package_identification:_identify(.) by extension 'colcon_pkg'
[0.189s] Level 1:colcon.colcon_core.package_identification:_identify(.) by extensions ['colcon_meta']
[0.189s] Level 1:colcon.colcon_core.package_identification:_identify(.) by extension 'colcon_meta'
[0.189s] Level 1:colcon.colcon_core.package_identification:_identify(.) by extensions ['ros']
[0.189s] Level 1:colcon.colcon_core.package_identification:_identify(.) by extension 'ros'
[0.196s] Level 1:colcon.colcon_core.package_identification:_identify(.) by extensions ['cmake', 'python']
[0.196s] Level 1:colcon.colcon_core.package_identification:_identify(.) by extension 'cmake'
[0.196s] Level 1:colcon.colcon_core.package_identification:_identify(.) by extension 'python'
[0.196s] Level 1:colcon.colcon_core.package_identification:_identify(.) by extensions ['python_setup_py']
[0.197s] Level 1:colcon.colcon_core.package_identification:_identify(.) by extension 'python_setup_py'
[0.197s] Level 1:colcon.colcon_core.package_identification:_identify(build) by extensions ['ignore', 'ignore_ament_install']
[0.197s] Level 1:colcon.colcon_core.package_identification:_identify(build) by extension 'ignore'
[0.197s] Level 1:colcon.colcon_core.package_identification:_identify(build) ignored
[0.197s] Level 1:colcon.colcon_core.package_identification:_identify(install) by extensions ['ignore', 'ignore_ament_install']
[0.197s] Level 1:colcon.colcon_core.package_identification:_identify(install) by extension 'ignore'
[0.197s] Level 1:colcon.colcon_core.package_identification:_identify(install) ignored
[0.197s] Level 1:colcon.colcon_core.package_identification:_identify(log) by extensions ['ignore', 'ignore_ament_install']
[0.197s] Level 1:colcon.colcon_core.package_identification:_identify(log) by extension 'ignore'
[0.197s] Level 1:colcon.colcon_core.package_identification:_identify(log) ignored
[0.197s] Level 1:colcon.colcon_core.package_identification:_identify(src) by extensions ['ignore', 'ignore_ament_install']
[0.197s] Level 1:colcon.colcon_core.package_identification:_identify(src) by extension 'ignore'
[0.197s] Level 1:colcon.colcon_core.package_identification:_identify(src) by extension 'ignore_ament_install'
[0.197s] Level 1:colcon.colcon_core.package_identification:_identify(src) by extensions ['colcon_pkg']
[0.197s] Level 1:colcon.colcon_core.package_identification:_identify(src) by extension 'colcon_pkg'
[0.197s] Level 1:colcon.colcon_core.package_identification:_identify(src) by extensions ['colcon_meta']
[0.197s] Level 1:colcon.colcon_core.package_identification:_identify(src) by extension 'colcon_meta'
[0.197s] Level 1:colcon.colcon_core.package_identification:_identify(src) by extensions ['ros']
[0.197s] Level 1:colcon.colcon_core.package_identification:_identify(src) by extension 'ros'
[0.197s] Level 1:colcon.colcon_core.package_identification:_identify(src) by extensions ['cmake', 'python']
[0.197s] Level 1:colcon.colcon_core.package_identification:_identify(src) by extension 'cmake'
[0.197s] Level 1:colcon.colcon_core.package_identification:_identify(src) by extension 'python'
[0.197s] Level 1:colcon.colcon_core.package_identification:_identify(src) by extensions ['python_setup_py']
[0.197s] Level 1:colcon.colcon_core.package_identification:_identify(src) by extension 'python_setup_py'
[0.197s] Level 1:colcon.colcon_core.package_identification:_identify(src/camera_publisher) by extensions ['ignore', 'ignore_ament_install']
[0.197s] Level 1:colcon.colcon_core.package_identification:_identify(src/camera_publisher) by extension 'ignore'
[0.197s] Level 1:colcon.colcon_core.package_identification:_identify(src/camera_publisher) by extension 'ignore_ament_install'
[0.197s] Level 1:colcon.colcon_core.package_identification:_identify(src/camera_publisher) by extensions ['colcon_pkg']
[0.197s] Level 1:colcon.colcon_core.package_identification:_identify(src/camera_publisher) by extension 'colcon_pkg'
[0.197s] Level 1:colcon.colcon_core.package_identification:_identify(src/camera_publisher) by extensions ['colcon_meta']
[0.198s] Level 1:colcon.colcon_core.package_identification:_identify(src/camera_publisher) by extension 'colcon_meta'
[0.198s] Level 1:colcon.colcon_core.package_identification:_identify(src/camera_publisher) by extensions ['ros']
[0.198s] Level 1:colcon.colcon_core.package_identification:_identify(src/camera_publisher) by extension 'ros'
[0.199s] DEBUG:colcon.colcon_core.package_identification:Package 'src/camera_publisher' with type 'ros.ament_python' and name 'camera_publisher'
[0.199s] Level 1:colcon.colcon_core.package_identification:_identify(src/digital_space) by extensions ['ignore', 'ignore_ament_install']
[0.199s] Level 1:colcon.colcon_core.package_identification:_identify(src/digital_space) by extension 'ignore'
[0.199s] Level 1:colcon.colcon_core.package_identification:_identify(src/digital_space) by extension 'ignore_ament_install'
[0.199s] Level 1:colcon.colcon_core.package_identification:_identify(src/digital_space) by extensions ['colcon_pkg']
[0.199s] Level 1:colcon.colcon_core.package_identification:_identify(src/digital_space) by extension 'colcon_pkg'
[0.199s] Level 1:colcon.colcon_core.package_identification:_identify(src/digital_space) by extensions ['colcon_meta']
[0.199s] Level 1:colcon.colcon_core.package_identification:_identify(src/digital_space) by extension 'colcon_meta'
[0.199s] Level 1:colcon.colcon_core.package_identification:_identify(src/digital_space) by extensions ['ros']
[0.199s] Level 1:colcon.colcon_core.package_identification:_identify(src/digital_space) by extension 'ros'
[0.200s] DEBUG:colcon.colcon_core.package_identification:Package 'src/digital_space' with type 'ros.ament_cmake' and name 'digital_space'
[0.200s] Level 1:colcon.colcon_core.package_identification:_identify(src/echostick_publisher) by extensions ['ignore', 'ignore_ament_install']
[0.200s] Level 1:colcon.colcon_core.package_identification:_identify(src/echostick_publisher) by extension 'ignore'
[0.200s] Level 1:colcon.colcon_core.package_identification:_identify(src/echostick_publisher) by extension 'ignore_ament_install'
[0.200s] Level 1:colcon.colcon_core.package_identification:_identify(src/echostick_publisher) by extensions ['colcon_pkg']
[0.200s] Level 1:colcon.colcon_core.package_identification:_identify(src/echostick_publisher) by extension 'colcon_pkg'
[0.200s] Level 1:colcon.colcon_core.package_identification:_identify(src/echostick_publisher) by extensions ['colcon_meta']
[0.200s] Level 1:colcon.colcon_core.package_identification:_identify(src/echostick_publisher) by extension 'colcon_meta'
[0.200s] Level 1:colcon.colcon_core.package_identification:_identify(src/echostick_publisher) by extensions ['ros']
[0.200s] Level 1:colcon.colcon_core.package_identification:_identify(src/echostick_publisher) by extension 'ros'
[0.200s] DEBUG:colcon.colcon_core.package_identification:Package 'src/echostick_publisher' with type 'ros.ament_python' and name 'echostick_publisher'
[0.200s] Level 1:colcon.colcon_core.package_identification:_identify(src/gps_publisher) by extensions ['ignore', 'ignore_ament_install']
[0.200s] Level 1:colcon.colcon_core.package_identification:_identify(src/gps_publisher) by extension 'ignore'
[0.200s] Level 1:colcon.colcon_core.package_identification:_identify(src/gps_publisher) by extension 'ignore_ament_install'
[0.200s] Level 1:colcon.colcon_core.package_identification:_identify(src/gps_publisher) by extensions ['colcon_pkg']
[0.201s] Level 1:colcon.colcon_core.package_identification:_identify(src/gps_publisher) by extension 'colcon_pkg'
[0.201s] Level 1:colcon.colcon_core.package_identification:_identify(src/gps_publisher) by extensions ['colcon_meta']
[0.201s] Level 1:colcon.colcon_core.package_identification:_identify(src/gps_publisher) by extension 'colcon_meta'
[0.201s] Level 1:colcon.colcon_core.package_identification:_identify(src/gps_publisher) by extensions ['ros']
[0.201s] Level 1:colcon.colcon_core.package_identification:_identify(src/gps_publisher) by extension 'ros'
[0.201s] DEBUG:colcon.colcon_core.package_identification:Package 'src/gps_publisher' with type 'ros.ament_python' and name 'gps_publisher'
[0.201s] Level 1:colcon.colcon_core.package_identification:_identify(src/propeller_control) by extensions ['ignore', 'ignore_ament_install']
[0.201s] Level 1:colcon.colcon_core.package_identification:_identify(src/propeller_control) by extension 'ignore'
[0.201s] Level 1:colcon.colcon_core.package_identification:_identify(src/propeller_control) by extension 'ignore_ament_install'
[0.201s] Level 1:colcon.colcon_core.package_identification:_identify(src/propeller_control) by extensions ['colcon_pkg']
[0.201s] Level 1:colcon.colcon_core.package_identification:_identify(src/propeller_control) by extension 'colcon_pkg'
[0.201s] Level 1:colcon.colcon_core.package_identification:_identify(src/propeller_control) by extensions ['colcon_meta']
[0.201s] Level 1:colcon.colcon_core.package_identification:_identify(src/propeller_control) by extension 'colcon_meta'
[0.201s] Level 1:colcon.colcon_core.package_identification:_identify(src/propeller_control) by extensions ['ros']
[0.201s] Level 1:colcon.colcon_core.package_identification:_identify(src/propeller_control) by extension 'ros'
[0.202s] DEBUG:colcon.colcon_core.package_identification:Package 'src/propeller_control' with type 'ros.ament_cmake' and name 'propeller_control'
[0.202s] Level 1:colcon.colcon_core.package_identification:_identify(src/task_manager) by extensions ['ignore', 'ignore_ament_install']
[0.202s] Level 1:colcon.colcon_core.package_identification:_identify(src/task_manager) by extension 'ignore'
[0.202s] Level 1:colcon.colcon_core.package_identification:_identify(src/task_manager) by extension 'ignore_ament_install'
[0.202s] Level 1:colcon.colcon_core.package_identification:_identify(src/task_manager) by extensions ['colcon_pkg']
[0.202s] Level 1:colcon.colcon_core.package_identification:_identify(src/task_manager) by extension 'colcon_pkg'
[0.202s] Level 1:colcon.colcon_core.package_identification:_identify(src/task_manager) by extensions ['colcon_meta']
[0.202s] Level 1:colcon.colcon_core.package_identification:_identify(src/task_manager) by extension 'colcon_meta'
[0.202s] Level 1:colcon.colcon_core.package_identification:_identify(src/task_manager) by extensions ['ros']
[0.202s] Level 1:colcon.colcon_core.package_identification:_identify(src/task_manager) by extension 'ros'
[0.202s] DEBUG:colcon.colcon_core.package_identification:Package 'src/task_manager' with type 'ros.ament_cmake' and name 'task_manager'
[0.202s] Level 1:colcon.colcon_core.package_discovery:discover_packages(recursive) using defaults
[0.202s] Level 1:colcon.colcon_core.package_discovery:discover_packages(ignore) discover
[0.202s] Level 1:colcon.colcon_core.package_discovery:discover_packages(ignore) using defaults
[0.202s] Level 1:colcon.colcon_core.package_discovery:discover_packages(path) discover
[0.202s] Level 1:colcon.colcon_core.package_discovery:discover_packages(path) using defaults
[0.215s] Level 1:colcon.colcon_core.package_discovery:discover_packages(prefix_path) check parameters
[0.215s] Level 1:colcon.colcon_core.package_discovery:discover_packages(prefix_path) discover
[0.217s] DEBUG:colcon.colcon_installed_package_information.package_discovery:Found 6 installed packages in /home/ntu/ros2_ws/install
[0.218s] DEBUG:colcon.colcon_installed_package_information.package_discovery:Found 256 installed packages in /opt/ros/foxy
[0.219s] Level 1:colcon.colcon_core.package_discovery:discover_packages(prefix_path) using defaults
[0.263s] Level 5:colcon.colcon_core.verb:set package 'camera_publisher' build argument 'cmake_args' from command line to 'None'
[0.263s] Level 5:colcon.colcon_core.verb:set package 'camera_publisher' build argument 'cmake_target' from command line to 'None'
[0.264s] Level 5:colcon.colcon_core.verb:set package 'camera_publisher' build argument 'cmake_target_skip_unavailable' from command line to 'False'
[0.264s] Level 5:colcon.colcon_core.verb:set package 'camera_publisher' build argument 'cmake_clean_cache' from command line to 'False'
[0.264s] Level 5:colcon.colcon_core.verb:set package 'camera_publisher' build argument 'cmake_clean_first' from command line to 'False'
[0.264s] Level 5:colcon.colcon_core.verb:set package 'camera_publisher' build argument 'cmake_force_configure' from command line to 'False'
[0.264s] Level 5:colcon.colcon_core.verb:set package 'camera_publisher' build argument 'ament_cmake_args' from command line to 'None'
[0.264s] Level 5:colcon.colcon_core.verb:set package 'camera_publisher' build argument 'catkin_cmake_args' from command line to 'None'
[0.264s] Level 5:colcon.colcon_core.verb:set package 'camera_publisher' build argument 'catkin_skip_building_tests' from command line to 'False'
[0.264s] DEBUG:colcon.colcon_core.verb:Building package 'camera_publisher' with the following arguments: {'ament_cmake_args': None, 'build_base': '/home/ntu/ros2_ws/build/camera_publisher', 'catkin_cmake_args': None, 'catkin_skip_building_tests': False, 'cmake_args': None, 'cmake_clean_cache': False, 'cmake_clean_first': False, 'cmake_force_configure': False, 'cmake_target': None, 'cmake_target_skip_unavailable': False, 'install_base': '/home/ntu/ros2_ws/install/camera_publisher', 'merge_install': False, 'path': '/home/ntu/ros2_ws/src/camera_publisher', 'symlink_install': False, 'test_result_base': None}
[0.264s] Level 5:colcon.colcon_core.verb:set package 'digital_space' build argument 'cmake_args' from command line to 'None'
[0.264s] Level 5:colcon.colcon_core.verb:set package 'digital_space' build argument 'cmake_target' from command line to 'None'
[0.264s] Level 5:colcon.colcon_core.verb:set package 'digital_space' build argument 'cmake_target_skip_unavailable' from command line to 'False'
[0.264s] Level 5:colcon.colcon_core.verb:set package 'digital_space' build argument 'cmake_clean_cache' from command line to 'False'
[0.264s] Level 5:colcon.colcon_core.verb:set package 'digital_space' build argument 'cmake_clean_first' from command line to 'False'
[0.264s] Level 5:colcon.colcon_core.verb:set package 'digital_space' build argument 'cmake_force_configure' from command line to 'False'
[0.264s] Level 5:colcon.colcon_core.verb:set package 'digital_space' build argument 'ament_cmake_args' from command line to 'None'
[0.264s] Level 5:colcon.colcon_core.verb:set package 'digital_space' build argument 'catkin_cmake_args' from command line to 'None'
[0.264s] Level 5:colcon.colcon_core.verb:set package 'digital_space' build argument 'catkin_skip_building_tests' from command line to 'False'
[0.264s] DEBUG:colcon.colcon_core.verb:Building package 'digital_space' with the following arguments: {'ament_cmake_args': None, 'build_base': '/home/ntu/ros2_ws/build/digital_space', 'catkin_cmake_args': None, 'catkin_skip_building_tests': False, 'cmake_args': None, 'cmake_clean_cache': False, 'cmake_clean_first': False, 'cmake_force_configure': False, 'cmake_target': None, 'cmake_target_skip_unavailable': False, 'install_base': '/home/ntu/ros2_ws/install/digital_space', 'merge_install': False, 'path': '/home/ntu/ros2_ws/src/digital_space', 'symlink_install': False, 'test_result_base': None}
[0.264s] Level 5:colcon.colcon_core.verb:set package 'echostick_publisher' build argument 'cmake_args' from command line to 'None'
[0.264s] Level 5:colcon.colcon_core.verb:set package 'echostick_publisher' build argument 'cmake_target' from command line to 'None'
[0.264s] Level 5:colcon.colcon_core.verb:set package 'echostick_publisher' build argument 'cmake_target_skip_unavailable' from command line to 'False'
[0.264s] Level 5:colcon.colcon_core.verb:set package 'echostick_publisher' build argument 'cmake_clean_cache' from command line to 'False'
[0.264s] Level 5:colcon.colcon_core.verb:set package 'echostick_publisher' build argument 'cmake_clean_first' from command line to 'False'
[0.264s] Level 5:colcon.colcon_core.verb:set package 'echostick_publisher' build argument 'cmake_force_configure' from command line to 'False'
[0.264s] Level 5:colcon.colcon_core.verb:set package 'echostick_publisher' build argument 'ament_cmake_args' from command line to 'None'
[0.264s] Level 5:colcon.colcon_core.verb:set package 'echostick_publisher' build argument 'catkin_cmake_args' from command line to 'None'
[0.264s] Level 5:colcon.colcon_core.verb:set package 'echostick_publisher' build argument 'catkin_skip_building_tests' from command line to 'False'
[0.264s] DEBUG:colcon.colcon_core.verb:Building package 'echostick_publisher' with the following arguments: {'ament_cmake_args': None, 'build_base': '/home/ntu/ros2_ws/build/echostick_publisher', 'catkin_cmake_args': None, 'catkin_skip_building_tests': False, 'cmake_args': None, 'cmake_clean_cache': False, 'cmake_clean_first': False, 'cmake_force_configure': False, 'cmake_target': None, 'cmake_target_skip_unavailable': False, 'install_base': '/home/ntu/ros2_ws/install/echostick_publisher', 'merge_install': False, 'path': '/home/ntu/ros2_ws/src/echostick_publisher', 'symlink_install': False, 'test_result_base': None}
[0.264s] Level 5:colcon.colcon_core.verb:set package 'gps_publisher' build argument 'cmake_args' from command line to 'None'
[0.264s] Level 5:colcon.colcon_core.verb:set package 'gps_publisher' build argument 'cmake_target' from command line to 'None'
[0.264s] Level 5:colcon.colcon_core.verb:set package 'gps_publisher' build argument 'cmake_target_skip_unavailable' from command line to 'False'
[0.265s] Level 5:colcon.colcon_core.verb:set package 'gps_publisher' build argument 'cmake_clean_cache' from command line to 'False'
[0.265s] Level 5:colcon.colcon_core.verb:set package 'gps_publisher' build argument 'cmake_clean_first' from command line to 'False'
[0.265s] Level 5:colcon.colcon_core.verb:set package 'gps_publisher' build argument 'cmake_force_configure' from command line to 'False'
[0.265s] Level 5:colcon.colcon_core.verb:set package 'gps_publisher' build argument 'ament_cmake_args' from command line to 'None'
[0.265s] Level 5:colcon.colcon_core.verb:set package 'gps_publisher' build argument 'catkin_cmake_args' from command line to 'None'
[0.265s] Level 5:colcon.colcon_core.verb:set package 'gps_publisher' build argument 'catkin_skip_building_tests' from command line to 'False'
[0.265s] DEBUG:colcon.colcon_core.verb:Building package 'gps_publisher' with the following arguments: {'ament_cmake_args': None, 'build_base': '/home/ntu/ros2_ws/build/gps_publisher', 'catkin_cmake_args': None, 'catkin_skip_building_tests': False, 'cmake_args': None, 'cmake_clean_cache': False, 'cmake_clean_first': False, 'cmake_force_configure': False, 'cmake_target': None, 'cmake_target_skip_unavailable': False, 'install_base': '/home/ntu/ros2_ws/install/gps_publisher', 'merge_install': False, 'path': '/home/ntu/ros2_ws/src/gps_publisher', 'symlink_install': False, 'test_result_base': None}
[0.265s] Level 5:colcon.colcon_core.verb:set package 'propeller_control' build argument 'cmake_args' from command line to 'None'
[0.265s] Level 5:colcon.colcon_core.verb:set package 'propeller_control' build argument 'cmake_target' from command line to 'None'
[0.265s] Level 5:colcon.colcon_core.verb:set package 'propeller_control' build argument 'cmake_target_skip_unavailable' from command line to 'False'
[0.265s] Level 5:colcon.colcon_core.verb:set package 'propeller_control' build argument 'cmake_clean_cache' from command line to 'False'
[0.265s] Level 5:colcon.colcon_core.verb:set package 'propeller_control' build argument 'cmake_clean_first' from command line to 'False'
[0.265s] Level 5:colcon.colcon_core.verb:set package 'propeller_control' build argument 'cmake_force_configure' from command line to 'False'
[0.265s] Level 5:colcon.colcon_core.verb:set package 'propeller_control' build argument 'ament_cmake_args' from command line to 'None'
[0.265s] Level 5:colcon.colcon_core.verb:set package 'propeller_control' build argument 'catkin_cmake_args' from command line to 'None'
[0.265s] Level 5:colcon.colcon_core.verb:set package 'propeller_control' build argument 'catkin_skip_building_tests' from command line to 'False'
[0.265s] DEBUG:colcon.colcon_core.verb:Building package 'propeller_control' with the following arguments: {'ament_cmake_args': None, 'build_base': '/home/ntu/ros2_ws/build/propeller_control', 'catkin_cmake_args': None, 'catkin_skip_building_tests': False, 'cmake_args': None, 'cmake_clean_cache': False, 'cmake_clean_first': False, 'cmake_force_configure': False, 'cmake_target': None, 'cmake_target_skip_unavailable': False, 'install_base': '/home/ntu/ros2_ws/install/propeller_control', 'merge_install': False, 'path': '/home/ntu/ros2_ws/src/propeller_control', 'symlink_install': False, 'test_result_base': None}
[0.265s] Level 5:colcon.colcon_core.verb:set package 'task_manager' build argument 'cmake_args' from command line to 'None'
[0.265s] Level 5:colcon.colcon_core.verb:set package 'task_manager' build argument 'cmake_target' from command line to 'None'
[0.265s] Level 5:colcon.colcon_core.verb:set package 'task_manager' build argument 'cmake_target_skip_unavailable' from command line to 'False'
[0.265s] Level 5:colcon.colcon_core.verb:set package 'task_manager' build argument 'cmake_clean_cache' from command line to 'False'
[0.265s] Level 5:colcon.colcon_core.verb:set package 'task_manager' build argument 'cmake_clean_first' from command line to 'False'
[0.265s] Level 5:colcon.colcon_core.verb:set package 'task_manager' build argument 'cmake_force_configure' from command line to 'False'
[0.265s] Level 5:colcon.colcon_core.verb:set package 'task_manager' build argument 'ament_cmake_args' from command line to 'None'
[0.265s] Level 5:colcon.colcon_core.verb:set package 'task_manager' build argument 'catkin_cmake_args' from command line to 'None'
[0.265s] Level 5:colcon.colcon_core.verb:set package 'task_manager' build argument 'catkin_skip_building_tests' from command line to 'False'
[0.265s] DEBUG:colcon.colcon_core.verb:Building package 'task_manager' with the following arguments: {'ament_cmake_args': None, 'build_base': '/home/ntu/ros2_ws/build/task_manager', 'catkin_cmake_args': None, 'catkin_skip_building_tests': False, 'cmake_args': None, 'cmake_clean_cache': False, 'cmake_clean_first': False, 'cmake_force_configure': False, 'cmake_target': None, 'cmake_target_skip_unavailable': False, 'install_base': '/home/ntu/ros2_ws/install/task_manager', 'merge_install': False, 'path': '/home/ntu/ros2_ws/src/task_manager', 'symlink_install': False, 'test_result_base': None}
[0.265s] INFO:colcon.colcon_core.executor:Executing jobs using 'parallel' executor
[0.266s] DEBUG:colcon.colcon_parallel_executor.executor.parallel:run_until_complete
[0.266s] INFO:colcon.colcon_ros.task.ament_cmake.build:Building ROS package in '/home/ntu/ros2_ws/src/digital_space' with build type 'ament_cmake'
[0.266s] INFO:colcon.colcon_cmake.task.cmake.build:Building CMake package in '/home/ntu/ros2_ws/src/digital_space'
[0.268s] INFO:colcon.colcon_core.plugin_system:Skipping extension 'colcon_core.shell.bat': Not used on non-Windows systems
[0.268s] INFO:colcon.colcon_core.shell:Skip shell extension 'powershell' for command environment: Not usable outside of PowerShell
[0.268s] DEBUG:colcon.colcon_core.shell:Skip shell extension 'dsv' for command environment
[0.271s] INFO:colcon.colcon_ros.task.ament_python.build:Building ROS package in '/home/ntu/ros2_ws/src/camera_publisher' with build type 'ament_python'
[0.271s] Level 1:colcon.colcon_core.shell:create_environment_hook('camera_publisher', 'ament_prefix_path')
[0.272s] INFO:colcon.colcon_core.shell:Creating environment hook '/home/ntu/ros2_ws/install/camera_publisher/share/camera_publisher/hook/ament_prefix_path.ps1'
[0.272s] INFO:colcon.colcon_core.shell:Creating environment descriptor '/home/ntu/ros2_ws/install/camera_publisher/share/camera_publisher/hook/ament_prefix_path.dsv'
[0.273s] INFO:colcon.colcon_core.shell:Creating environment hook '/home/ntu/ros2_ws/install/camera_publisher/share/camera_publisher/hook/ament_prefix_path.sh'
[0.274s] INFO:colcon.colcon_core.shell:Skip shell extension 'powershell' for command environment: Not usable outside of PowerShell
[0.274s] DEBUG:colcon.colcon_core.shell:Skip shell extension 'dsv' for command environment
[0.276s] INFO:colcon.colcon_ros.task.ament_python.build:Building ROS package in '/home/ntu/ros2_ws/src/echostick_publisher' with build type 'ament_python'
[0.276s] Level 1:colcon.colcon_core.shell:create_environment_hook('echostick_publisher', 'ament_prefix_path')
[0.276s] INFO:colcon.colcon_core.shell:Creating environment hook '/home/ntu/ros2_ws/install/echostick_publisher/share/echostick_publisher/hook/ament_prefix_path.ps1'
[0.277s] INFO:colcon.colcon_core.shell:Creating environment descriptor '/home/ntu/ros2_ws/install/echostick_publisher/share/echostick_publisher/hook/ament_prefix_path.dsv'
[0.277s] INFO:colcon.colcon_core.shell:Creating environment hook '/home/ntu/ros2_ws/install/echostick_publisher/share/echostick_publisher/hook/ament_prefix_path.sh'
[0.277s] INFO:colcon.colcon_core.shell:Skip shell extension 'powershell' for command environment: Not usable outside of PowerShell
[0.277s] DEBUG:colcon.colcon_core.shell:Skip shell extension 'dsv' for command environment
[0.280s] INFO:colcon.colcon_ros.task.ament_python.build:Building ROS package in '/home/ntu/ros2_ws/src/gps_publisher' with build type 'ament_python'
[0.280s] Level 1:colcon.colcon_core.shell:create_environment_hook('gps_publisher', 'ament_prefix_path')
[0.280s] INFO:colcon.colcon_core.shell:Creating environment hook '/home/ntu/ros2_ws/install/gps_publisher/share/gps_publisher/hook/ament_prefix_path.ps1'
[0.281s] INFO:colcon.colcon_core.shell:Creating environment descriptor '/home/ntu/ros2_ws/install/gps_publisher/share/gps_publisher/hook/ament_prefix_path.dsv'
[0.281s] INFO:colcon.colcon_core.shell:Creating environment hook '/home/ntu/ros2_ws/install/gps_publisher/share/gps_publisher/hook/ament_prefix_path.sh'
[0.281s] INFO:colcon.colcon_core.shell:Skip shell extension 'powershell' for command environment: Not usable outside of PowerShell
[0.282s] DEBUG:colcon.colcon_core.shell:Skip shell extension 'dsv' for command environment
[0.284s] INFO:colcon.colcon_ros.task.ament_cmake.build:Building ROS package in '/home/ntu/ros2_ws/src/propeller_control' with build type 'ament_cmake'
[0.284s] INFO:colcon.colcon_cmake.task.cmake.build:Building CMake package in '/home/ntu/ros2_ws/src/propeller_control'
[0.285s] INFO:colcon.colcon_core.shell:Skip shell extension 'powershell' for command environment: Not usable outside of PowerShell
[0.285s] DEBUG:colcon.colcon_core.shell:Skip shell extension 'dsv' for command environment
[0.293s] DEBUG:colcon.colcon_core.event_handler.log_command:Invoking command in '/home/ntu/ros2_ws/build/digital_space': CMAKE_PREFIX_PATH=${CMAKE_PREFIX_PATH}:/home/ntu/ros2_ws/install/gps_publisher:/home/ntu/ros2_ws/install/echostick_publisher:/home/ntu/ros2_ws/install/camera_publisher:/opt/ros/foxy /usr/bin/cmake --build /home/ntu/ros2_ws/build/digital_space -- -j12 -l12
[0.442s] INFO:colcon.colcon_core.task.python.build:Building Python package in '/home/ntu/ros2_ws/src/camera_publisher'
[0.442s] INFO:colcon.colcon_core.shell:Skip shell extension 'powershell' for command environment: Not usable outside of PowerShell
[0.442s] DEBUG:colcon.colcon_core.shell:Skip shell extension 'dsv' for command environment
[0.575s] INFO:colcon.colcon_core.task.python.build:Building Python package in '/home/ntu/ros2_ws/src/echostick_publisher'
[0.575s] INFO:colcon.colcon_core.shell:Skip shell extension 'powershell' for command environment: Not usable outside of PowerShell
[0.575s] DEBUG:colcon.colcon_core.shell:Skip shell extension 'dsv' for command environment
[0.703s] INFO:colcon.colcon_core.task.python.build:Building Python package in '/home/ntu/ros2_ws/src/gps_publisher'
[0.704s] INFO:colcon.colcon_core.shell:Skip shell extension 'powershell' for command environment: Not usable outside of PowerShell
[0.704s] DEBUG:colcon.colcon_core.shell:Skip shell extension 'dsv' for command environment
[0.714s] DEBUG:colcon.colcon_core.event_handler.log_command:Invoking command in '/home/ntu/ros2_ws/build/propeller_control': CMAKE_PREFIX_PATH=${CMAKE_PREFIX_PATH}:/home/ntu/ros2_ws/install/gps_publisher:/home/ntu/ros2_ws/install/echostick_publisher:/home/ntu/ros2_ws/install/camera_publisher:/opt/ros/foxy /usr/bin/cmake --build /home/ntu/ros2_ws/build/propeller_control -- -j12 -l12
[0.717s] DEBUG:colcon.colcon_core.event_handler.log_command:Invoked command in '/home/ntu/ros2_ws/build/digital_space' returned '0': CMAKE_PREFIX_PATH=${CMAKE_PREFIX_PATH}:/home/ntu/ros2_ws/install/gps_publisher:/home/ntu/ros2_ws/install/echostick_publisher:/home/ntu/ros2_ws/install/camera_publisher:/opt/ros/foxy /usr/bin/cmake --build /home/ntu/ros2_ws/build/digital_space -- -j12 -l12
[0.792s] DEBUG:colcon.colcon_core.event_handler.log_command:Invoking command in '/home/ntu/ros2_ws/build/digital_space': CMAKE_PREFIX_PATH=${CMAKE_PREFIX_PATH}:/home/ntu/ros2_ws/install/gps_publisher:/home/ntu/ros2_ws/install/echostick_publisher:/home/ntu/ros2_ws/install/camera_publisher:/opt/ros/foxy /usr/bin/cmake --install /home/ntu/ros2_ws/build/digital_space
[0.856s] Level 1:colcon.colcon_core.environment:create_environment_scripts_only(digital_space)
[0.857s] DEBUG:colcon.colcon_core.event_handler.log_command:Invoked command in '/home/ntu/ros2_ws/build/digital_space' returned '0': CMAKE_PREFIX_PATH=${CMAKE_PREFIX_PATH}:/home/ntu/ros2_ws/install/gps_publisher:/home/ntu/ros2_ws/install/echostick_publisher:/home/ntu/ros2_ws/install/camera_publisher:/opt/ros/foxy /usr/bin/cmake --install /home/ntu/ros2_ws/build/digital_space
[0.861s] Level 1:colcon.colcon_core.environment:checking '/home/ntu/ros2_ws/install/digital_space' for CMake module files
[0.862s] Level 1:colcon.colcon_core.environment:checking '/home/ntu/ros2_ws/install/digital_space' for CMake config files
[0.862s] Level 1:colcon.colcon_core.shell:create_environment_hook('digital_space', 'cmake_prefix_path')
[0.863s] INFO:colcon.colcon_core.shell:Creating environment hook '/home/ntu/ros2_ws/install/digital_space/share/digital_space/hook/cmake_prefix_path.ps1'
[0.863s] INFO:colcon.colcon_core.shell:Creating environment descriptor '/home/ntu/ros2_ws/install/digital_space/share/digital_space/hook/cmake_prefix_path.dsv'
[0.864s] INFO:colcon.colcon_core.shell:Creating environment hook '/home/ntu/ros2_ws/install/digital_space/share/digital_space/hook/cmake_prefix_path.sh'
[0.864s] Level 1:colcon.colcon_core.environment:checking '/home/ntu/ros2_ws/install/digital_space/lib'
[0.865s] Level 1:colcon.colcon_core.shell:create_environment_hook('digital_space', 'ld_library_path_lib')
[0.865s] INFO:colcon.colcon_core.shell:Creating environment hook '/home/ntu/ros2_ws/install/digital_space/share/digital_space/hook/ld_library_path_lib.ps1'
[0.865s] INFO:colcon.colcon_core.shell:Creating environment descriptor '/home/ntu/ros2_ws/install/digital_space/share/digital_space/hook/ld_library_path_lib.dsv'
[0.865s] INFO:colcon.colcon_core.shell:Creating environment hook '/home/ntu/ros2_ws/install/digital_space/share/digital_space/hook/ld_library_path_lib.sh'
[0.866s] Level 1:colcon.colcon_core.environment:checking '/home/ntu/ros2_ws/install/digital_space/bin'
[0.866s] Level 1:colcon.colcon_core.environment:checking '/home/ntu/ros2_ws/install/digital_space/lib/pkgconfig/digital_space.pc'
[0.866s] Level 1:colcon.colcon_core.environment:checking '/home/ntu/ros2_ws/install/digital_space/lib/python3.8/site-packages'
[0.866s] Level 1:colcon.colcon_core.shell:create_environment_hook('digital_space', 'pythonpath')
[0.867s] INFO:colcon.colcon_core.shell:Creating environment hook '/home/ntu/ros2_ws/install/digital_space/share/digital_space/hook/pythonpath.ps1'
[0.867s] INFO:colcon.colcon_core.shell:Creating environment descriptor '/home/ntu/ros2_ws/install/digital_space/share/digital_space/hook/pythonpath.dsv'
[0.867s] INFO:colcon.colcon_core.shell:Creating environment hook '/home/ntu/ros2_ws/install/digital_space/share/digital_space/hook/pythonpath.sh'
[0.868s] Level 1:colcon.colcon_core.environment:checking '/home/ntu/ros2_ws/install/digital_space/bin'
[0.869s] INFO:colcon.colcon_core.shell:Creating package script '/home/ntu/ros2_ws/install/digital_space/share/digital_space/package.ps1'
[0.870s] INFO:colcon.colcon_core.shell:Creating package descriptor '/home/ntu/ros2_ws/install/digital_space/share/digital_space/package.dsv'
[0.870s] INFO:colcon.colcon_core.shell:Creating package script '/home/ntu/ros2_ws/install/digital_space/share/digital_space/package.sh'
[0.871s] INFO:colcon.colcon_core.shell:Creating package script '/home/ntu/ros2_ws/install/digital_space/share/digital_space/package.bash'
[0.872s] INFO:colcon.colcon_core.shell:Creating package script '/home/ntu/ros2_ws/install/digital_space/share/digital_space/package.zsh'
[0.873s] Level 1:colcon.colcon_core.environment:create_file_with_runtime_dependencies(/home/ntu/ros2_ws/install/digital_space/share/colcon-core/packages/digital_space)
[0.903s] Level 1:colcon.colcon_core.environment:create_environment_scripts_only(digital_space)
[0.903s] Level 1:colcon.colcon_core.environment:checking '/home/ntu/ros2_ws/install/digital_space' for CMake module files
[0.904s] Level 1:colcon.colcon_core.environment:checking '/home/ntu/ros2_ws/install/digital_space' for CMake config files
[0.905s] Level 1:colcon.colcon_core.shell:create_environment_hook('digital_space', 'cmake_prefix_path')
[0.905s] INFO:colcon.colcon_core.shell:Creating environment hook '/home/ntu/ros2_ws/install/digital_space/share/digital_space/hook/cmake_prefix_path.ps1'
[0.906s] INFO:colcon.colcon_core.shell:Creating environment descriptor '/home/ntu/ros2_ws/install/digital_space/share/digital_space/hook/cmake_prefix_path.dsv'
[0.906s] INFO:colcon.colcon_core.shell:Creating environment hook '/home/ntu/ros2_ws/install/digital_space/share/digital_space/hook/cmake_prefix_path.sh'
[0.907s] Level 1:colcon.colcon_core.environment:checking '/home/ntu/ros2_ws/install/digital_space/lib'
[0.907s] Level 1:colcon.colcon_core.shell:create_environment_hook('digital_space', 'ld_library_path_lib')
[0.907s] INFO:colcon.colcon_core.shell:Creating environment hook '/home/ntu/ros2_ws/install/digital_space/share/digital_space/hook/ld_library_path_lib.ps1'
[0.907s] INFO:colcon.colcon_core.shell:Creating environment descriptor '/home/ntu/ros2_ws/install/digital_space/share/digital_space/hook/ld_library_path_lib.dsv'
[0.908s] INFO:colcon.colcon_core.shell:Creating environment hook '/home/ntu/ros2_ws/install/digital_space/share/digital_space/hook/ld_library_path_lib.sh'
[0.908s] Level 1:colcon.colcon_core.environment:checking '/home/ntu/ros2_ws/install/digital_space/bin'
[0.908s] Level 1:colcon.colcon_core.environment:checking '/home/ntu/ros2_ws/install/digital_space/lib/pkgconfig/digital_space.pc'
[0.909s] Level 1:colcon.colcon_core.environment:checking '/home/ntu/ros2_ws/install/digital_space/lib/python3.8/site-packages'
[0.909s] Level 1:colcon.colcon_core.shell:create_environment_hook('digital_space', 'pythonpath')
[0.909s] INFO:colcon.colcon_core.shell:Creating environment hook '/home/ntu/ros2_ws/install/digital_space/share/digital_space/hook/pythonpath.ps1'
[0.910s] INFO:colcon.colcon_core.shell:Creating environment descriptor '/home/ntu/ros2_ws/install/digital_space/share/digital_space/hook/pythonpath.dsv'
[0.910s] INFO:colcon.colcon_core.shell:Creating environment hook '/home/ntu/ros2_ws/install/digital_space/share/digital_space/hook/pythonpath.sh'
[0.911s] Level 1:colcon.colcon_core.environment:checking '/home/ntu/ros2_ws/install/digital_space/bin'
[0.911s] INFO:colcon.colcon_core.shell:Creating package script '/home/ntu/ros2_ws/install/digital_space/share/digital_space/package.ps1'
[0.912s] INFO:colcon.colcon_core.shell:Creating package descriptor '/home/ntu/ros2_ws/install/digital_space/share/digital_space/package.dsv'
[0.913s] INFO:colcon.colcon_core.shell:Creating package script '/home/ntu/ros2_ws/install/digital_space/share/digital_space/package.sh'
[0.913s] INFO:colcon.colcon_core.shell:Creating package script '/home/ntu/ros2_ws/install/digital_space/share/digital_space/package.bash'
[0.914s] INFO:colcon.colcon_core.shell:Creating package script '/home/ntu/ros2_ws/install/digital_space/share/digital_space/package.zsh'
[0.914s] Level 1:colcon.colcon_core.environment:create_file_with_runtime_dependencies(/home/ntu/ros2_ws/install/digital_space/share/colcon-core/packages/digital_space)
[0.914s] INFO:colcon.colcon_ros.task.ament_cmake.build:Building ROS package in '/home/ntu/ros2_ws/src/task_manager' with build type 'ament_cmake'
[0.915s] INFO:colcon.colcon_cmake.task.cmake.build:Building CMake package in '/home/ntu/ros2_ws/src/task_manager'
[0.915s] INFO:colcon.colcon_core.shell:Skip shell extension 'powershell' for command environment: Not usable outside of PowerShell
[0.915s] DEBUG:colcon.colcon_core.shell:Skip shell extension 'dsv' for command environment
[0.926s] DEBUG:colcon.colcon_core.event_handler.log_command:Invoking command in '/home/ntu/ros2_ws/build/task_manager': CMAKE_PREFIX_PATH=/home/ntu/ros2_ws/install/digital_space:/home/ntu/ros2_ws/install/task_manager:/home/ntu/ros2_ws/install/propeller_control:/home/ntu/ros2_ws/install/gps_publisher:/home/ntu/ros2_ws/install/echostick_publisher:/home/ntu/ros2_ws/install/camera_publisher:/opt/ros/foxy LD_LIBRARY_PATH=/home/ntu/ros2_ws/install/digital_space/lib:/home/ntu/ros2_ws/install/task_manager/lib:/home/ntu/ros2_ws/install/propeller_control/lib:/opt/ros/foxy/opt/yaml_cpp_vendor/lib:/opt/ros/foxy/opt/rviz_ogre_vendor/lib:/opt/ros/foxy/lib/x86_64-linux-gnu:/opt/ros/foxy/lib PYTHONPATH=/home/ntu/ros2_ws/install/digital_space/lib/python3.8/site-packages:/home/ntu/ros2_ws/install/task_manager/lib/python3.8/site-packages:/home/ntu/ros2_ws/install/propeller_control/lib/python3.8/site-packages:/home/ntu/ros2_ws/install/gps_publisher/lib/python3.8/site-packages:/home/ntu/ros2_ws/install/echostick_publisher/lib/python3.8/site-packages:/home/ntu/ros2_ws/install/camera_publisher/lib/python3.8/site-packages:/opt/ros/foxy/lib/python3.8/site-packages /usr/bin/cmake --build /home/ntu/ros2_ws/build/task_manager -- -j12 -l12
[0.931s] DEBUG:colcon.colcon_core.event_handler.log_command:Invoked command in '/home/ntu/ros2_ws/build/propeller_control' returned '0': CMAKE_PREFIX_PATH=${CMAKE_PREFIX_PATH}:/home/ntu/ros2_ws/install/gps_publisher:/home/ntu/ros2_ws/install/echostick_publisher:/home/ntu/ros2_ws/install/camera_publisher:/opt/ros/foxy /usr/bin/cmake --build /home/ntu/ros2_ws/build/propeller_control -- -j12 -l12
[0.961s] DEBUG:colcon.colcon_core.event_handler.log_command:Invoking command in '/home/ntu/ros2_ws/build/propeller_control': CMAKE_PREFIX_PATH=${CMAKE_PREFIX_PATH}:/home/ntu/ros2_ws/install/gps_publisher:/home/ntu/ros2_ws/install/echostick_publisher:/home/ntu/ros2_ws/install/camera_publisher:/opt/ros/foxy /usr/bin/cmake --install /home/ntu/ros2_ws/build/propeller_control
[1.018s] Level 1:colcon.colcon_core.environment:create_environment_scripts_only(propeller_control)
[1.019s] Level 1:colcon.colcon_core.environment:checking '/home/ntu/ros2_ws/install/propeller_control' for CMake module files
[1.020s] DEBUG:colcon.colcon_core.event_handler.log_command:Invoked command in '/home/ntu/ros2_ws/build/propeller_control' returned '0': CMAKE_PREFIX_PATH=${CMAKE_PREFIX_PATH}:/home/ntu/ros2_ws/install/gps_publisher:/home/ntu/ros2_ws/install/echostick_publisher:/home/ntu/ros2_ws/install/camera_publisher:/opt/ros/foxy /usr/bin/cmake --install /home/ntu/ros2_ws/build/propeller_control
[1.020s] Level 1:colcon.colcon_core.environment:checking '/home/ntu/ros2_ws/install/propeller_control' for CMake config files
[1.021s] Level 1:colcon.colcon_core.shell:create_environment_hook('propeller_control', 'cmake_prefix_path')
[1.021s] INFO:colcon.colcon_core.shell:Creating environment hook '/home/ntu/ros2_ws/install/propeller_control/share/propeller_control/hook/cmake_prefix_path.ps1'
[1.022s] INFO:colcon.colcon_core.shell:Creating environment descriptor '/home/ntu/ros2_ws/install/propeller_control/share/propeller_control/hook/cmake_prefix_path.dsv'
[1.022s] INFO:colcon.colcon_core.shell:Creating environment hook '/home/ntu/ros2_ws/install/propeller_control/share/propeller_control/hook/cmake_prefix_path.sh'
[1.022s] Level 1:colcon.colcon_core.environment:checking '/home/ntu/ros2_ws/install/propeller_control/lib'
[1.022s] Level 1:colcon.colcon_core.shell:create_environment_hook('propeller_control', 'ld_library_path_lib')
[1.023s] INFO:colcon.colcon_core.shell:Creating environment hook '/home/ntu/ros2_ws/install/propeller_control/share/propeller_control/hook/ld_library_path_lib.ps1'
[1.023s] INFO:colcon.colcon_core.shell:Creating environment descriptor '/home/ntu/ros2_ws/install/propeller_control/share/propeller_control/hook/ld_library_path_lib.dsv'
[1.023s] INFO:colcon.colcon_core.shell:Creating environment hook '/home/ntu/ros2_ws/install/propeller_control/share/propeller_control/hook/ld_library_path_lib.sh'
[1.023s] Level 1:colcon.colcon_core.environment:checking '/home/ntu/ros2_ws/install/propeller_control/bin'
[1.023s] Level 1:colcon.colcon_core.environment:checking '/home/ntu/ros2_ws/install/propeller_control/lib/pkgconfig/propeller_control.pc'
[1.023s] Level 1:colcon.colcon_core.environment:checking '/home/ntu/ros2_ws/install/propeller_control/lib/python3.8/site-packages'
[1.023s] Level 1:colcon.colcon_core.shell:create_environment_hook('propeller_control', 'pythonpath')
[1.023s] INFO:colcon.colcon_core.shell:Creating environment hook '/home/ntu/ros2_ws/install/propeller_control/share/propeller_control/hook/pythonpath.ps1'
[1.024s] INFO:colcon.colcon_core.shell:Creating environment descriptor '/home/ntu/ros2_ws/install/propeller_control/share/propeller_control/hook/pythonpath.dsv'
[1.024s] INFO:colcon.colcon_core.shell:Creating environment hook '/home/ntu/ros2_ws/install/propeller_control/share/propeller_control/hook/pythonpath.sh'
[1.024s] Level 1:colcon.colcon_core.environment:checking '/home/ntu/ros2_ws/install/propeller_control/bin'
[1.024s] INFO:colcon.colcon_core.shell:Creating package script '/home/ntu/ros2_ws/install/propeller_control/share/propeller_control/package.ps1'
[1.025s] INFO:colcon.colcon_core.shell:Creating package descriptor '/home/ntu/ros2_ws/install/propeller_control/share/propeller_control/package.dsv'
[1.025s] INFO:colcon.colcon_core.shell:Creating package script '/home/ntu/ros2_ws/install/propeller_control/share/propeller_control/package.sh'
[1.025s] INFO:colcon.colcon_core.shell:Creating package script '/home/ntu/ros2_ws/install/propeller_control/share/propeller_control/package.bash'
[1.026s] INFO:colcon.colcon_core.shell:Creating package script '/home/ntu/ros2_ws/install/propeller_control/share/propeller_control/package.zsh'
[1.026s] Level 1:colcon.colcon_core.environment:create_file_with_runtime_dependencies(/home/ntu/ros2_ws/install/propeller_control/share/colcon-core/packages/propeller_control)
[1.066s] Level 1:colcon.colcon_core.environment:create_environment_scripts_only(propeller_control)
[1.066s] Level 1:colcon.colcon_core.environment:checking '/home/ntu/ros2_ws/install/propeller_control' for CMake module files
[1.067s] Level 1:colcon.colcon_core.environment:checking '/home/ntu/ros2_ws/install/propeller_control' for CMake config files
[1.067s] Level 1:colcon.colcon_core.shell:create_environment_hook('propeller_control', 'cmake_prefix_path')
[1.068s] INFO:colcon.colcon_core.shell:Creating environment hook '/home/ntu/ros2_ws/install/propeller_control/share/propeller_control/hook/cmake_prefix_path.ps1'
[1.068s] INFO:colcon.colcon_core.shell:Creating environment descriptor '/home/ntu/ros2_ws/install/propeller_control/share/propeller_control/hook/cmake_prefix_path.dsv'
[1.069s] INFO:colcon.colcon_core.shell:Creating environment hook '/home/ntu/ros2_ws/install/propeller_control/share/propeller_control/hook/cmake_prefix_path.sh'
[1.070s] Level 1:colcon.colcon_core.environment:checking '/home/ntu/ros2_ws/install/propeller_control/lib'
[1.070s] Level 1:colcon.colcon_core.shell:create_environment_hook('propeller_control', 'ld_library_path_lib')
[1.070s] INFO:colcon.colcon_core.shell:Creating environment hook '/home/ntu/ros2_ws/install/propeller_control/share/propeller_control/hook/ld_library_path_lib.ps1'
[1.070s] INFO:colcon.colcon_core.shell:Creating environment descriptor '/home/ntu/ros2_ws/install/propeller_control/share/propeller_control/hook/ld_library_path_lib.dsv'
[1.071s] INFO:colcon.colcon_core.shell:Creating environment hook '/home/ntu/ros2_ws/install/propeller_control/share/propeller_control/hook/ld_library_path_lib.sh'
[1.071s] Level 1:colcon.colcon_core.environment:checking '/home/ntu/ros2_ws/install/propeller_control/bin'
[1.071s] Level 1:colcon.colcon_core.environment:checking '/home/ntu/ros2_ws/install/propeller_control/lib/pkgconfig/propeller_control.pc'
[1.071s] Level 1:colcon.colcon_core.environment:checking '/home/ntu/ros2_ws/install/propeller_control/lib/python3.8/site-packages'
[1.072s] Level 1:colcon.colcon_core.shell:create_environment_hook('propeller_control', 'pythonpath')
[1.072s] INFO:colcon.colcon_core.shell:Creating environment hook '/home/ntu/ros2_ws/install/propeller_control/share/propeller_control/hook/pythonpath.ps1'
[1.072s] INFO:colcon.colcon_core.shell:Creating environment descriptor '/home/ntu/ros2_ws/install/propeller_control/share/propeller_control/hook/pythonpath.dsv'
[1.073s] INFO:colcon.colcon_core.shell:Creating environment hook '/home/ntu/ros2_ws/install/propeller_control/share/propeller_control/hook/pythonpath.sh'
[1.073s] Level 1:colcon.colcon_core.environment:checking '/home/ntu/ros2_ws/install/propeller_control/bin'
[1.074s] INFO:colcon.colcon_core.shell:Creating package script '/home/ntu/ros2_ws/install/propeller_control/share/propeller_control/package.ps1'
[1.075s] INFO:colcon.colcon_core.shell:Creating package descriptor '/home/ntu/ros2_ws/install/propeller_control/share/propeller_control/package.dsv'
[1.075s] INFO:colcon.colcon_core.shell:Creating package script '/home/ntu/ros2_ws/install/propeller_control/share/propeller_control/package.sh'
[1.076s] INFO:colcon.colcon_core.shell:Creating package script '/home/ntu/ros2_ws/install/propeller_control/share/propeller_control/package.bash'
[1.076s] INFO:colcon.colcon_core.shell:Creating package script '/home/ntu/ros2_ws/install/propeller_control/share/propeller_control/package.zsh'
[1.076s] Level 1:colcon.colcon_core.environment:create_file_with_runtime_dependencies(/home/ntu/ros2_ws/install/propeller_control/share/colcon-core/packages/propeller_control)
[1.087s] DEBUG:colcon.colcon_core.event_handler.log_command:Invoking command in '/home/ntu/ros2_ws/src/gps_publisher': PYTHONPATH=/home/ntu/ros2_ws/build/gps_publisher/prefix_override:/home/ntu/ros2_ws/install/gps_publisher/lib/python3.8/site-packages:${PYTHONPATH} /usr/bin/python3 -W ignore:setup.py install is deprecated setup.py egg_info --egg-base ../../build/gps_publisher build --build-base /home/ntu/ros2_ws/build/gps_publisher/build install --record /home/ntu/ros2_ws/build/gps_publisher/install.log --install-scripts $base/lib/gps_publisher --single-version-externally-managed install_data
[1.104s] DEBUG:colcon.colcon_core.event_handler.log_command:Invoking command in '/home/ntu/ros2_ws/src/echostick_publisher': PYTHONPATH=/home/ntu/ros2_ws/build/echostick_publisher/prefix_override:/home/ntu/ros2_ws/install/echostick_publisher/lib/python3.8/site-packages:${PYTHONPATH} /usr/bin/python3 -W ignore:setup.py install is deprecated setup.py egg_info --egg-base ../../build/echostick_publisher build --build-base /home/ntu/ros2_ws/build/echostick_publisher/build install --record /home/ntu/ros2_ws/build/echostick_publisher/install.log --install-scripts $base/lib/echostick_publisher --single-version-externally-managed install_data
[1.120s] DEBUG:colcon.colcon_core.event_handler.log_command:Invoked command in '/home/ntu/ros2_ws/build/task_manager' returned '0': CMAKE_PREFIX_PATH=/home/ntu/ros2_ws/install/digital_space:/home/ntu/ros2_ws/install/task_manager:/home/ntu/ros2_ws/install/propeller_control:/home/ntu/ros2_ws/install/gps_publisher:/home/ntu/ros2_ws/install/echostick_publisher:/home/ntu/ros2_ws/install/camera_publisher:/opt/ros/foxy LD_LIBRARY_PATH=/home/ntu/ros2_ws/install/digital_space/lib:/home/ntu/ros2_ws/install/task_manager/lib:/home/ntu/ros2_ws/install/propeller_control/lib:/opt/ros/foxy/opt/yaml_cpp_vendor/lib:/opt/ros/foxy/opt/rviz_ogre_vendor/lib:/opt/ros/foxy/lib/x86_64-linux-gnu:/opt/ros/foxy/lib PYTHONPATH=/home/ntu/ros2_ws/install/digital_space/lib/python3.8/site-packages:/home/ntu/ros2_ws/install/task_manager/lib/python3.8/site-packages:/home/ntu/ros2_ws/install/propeller_control/lib/python3.8/site-packages:/home/ntu/ros2_ws/install/gps_publisher/lib/python3.8/site-packages:/home/ntu/ros2_ws/install/echostick_publisher/lib/python3.8/site-packages:/home/ntu/ros2_ws/install/camera_publisher/lib/python3.8/site-packages:/opt/ros/foxy/lib/python3.8/site-packages /usr/bin/cmake --build /home/ntu/ros2_ws/build/task_manager -- -j12 -l12
[1.158s] DEBUG:colcon.colcon_core.event_handler.log_command:Invoking command in '/home/ntu/ros2_ws/src/camera_publisher': PYTHONPATH=/home/ntu/ros2_ws/build/camera_publisher/prefix_override:/home/ntu/ros2_ws/install/camera_publisher/lib/python3.8/site-packages:${PYTHONPATH} /usr/bin/python3 -W ignore:setup.py install is deprecated setup.py egg_info --egg-base ../../build/camera_publisher build --build-base /home/ntu/ros2_ws/build/camera_publisher/build install --record /home/ntu/ros2_ws/build/camera_publisher/install.log --install-scripts $base/lib/camera_publisher --single-version-externally-managed install_data
[1.179s] DEBUG:colcon.colcon_core.event_handler.log_command:Invoking command in '/home/ntu/ros2_ws/build/task_manager': CMAKE_PREFIX_PATH=/home/ntu/ros2_ws/install/digital_space:/home/ntu/ros2_ws/install/task_manager:/home/ntu/ros2_ws/install/propeller_control:/home/ntu/ros2_ws/install/gps_publisher:/home/ntu/ros2_ws/install/echostick_publisher:/home/ntu/ros2_ws/install/camera_publisher:/opt/ros/foxy LD_LIBRARY_PATH=/home/ntu/ros2_ws/install/digital_space/lib:/home/ntu/ros2_ws/install/task_manager/lib:/home/ntu/ros2_ws/install/propeller_control/lib:/opt/ros/foxy/opt/yaml_cpp_vendor/lib:/opt/ros/foxy/opt/rviz_ogre_vendor/lib:/opt/ros/foxy/lib/x86_64-linux-gnu:/opt/ros/foxy/lib PYTHONPATH=/home/ntu/ros2_ws/install/digital_space/lib/python3.8/site-packages:/home/ntu/ros2_ws/install/task_manager/lib/python3.8/site-packages:/home/ntu/ros2_ws/install/propeller_control/lib/python3.8/site-packages:/home/ntu/ros2_ws/install/gps_publisher/lib/python3.8/site-packages:/home/ntu/ros2_ws/install/echostick_publisher/lib/python3.8/site-packages:/home/ntu/ros2_ws/install/camera_publisher/lib/python3.8/site-packages:/opt/ros/foxy/lib/python3.8/site-packages /usr/bin/cmake --install /home/ntu/ros2_ws/build/task_manager
[1.242s] Level 1:colcon.colcon_core.environment:create_environment_scripts_only(task_manager)
[1.242s] Level 1:colcon.colcon_core.environment:checking '/home/ntu/ros2_ws/install/task_manager' for CMake module files
[1.243s] DEBUG:colcon.colcon_core.event_handler.log_command:Invoked command in '/home/ntu/ros2_ws/build/task_manager' returned '0': CMAKE_PREFIX_PATH=/home/ntu/ros2_ws/install/digital_space:/home/ntu/ros2_ws/install/task_manager:/home/ntu/ros2_ws/install/propeller_control:/home/ntu/ros2_ws/install/gps_publisher:/home/ntu/ros2_ws/install/echostick_publisher:/home/ntu/ros2_ws/install/camera_publisher:/opt/ros/foxy LD_LIBRARY_PATH=/home/ntu/ros2_ws/install/digital_space/lib:/home/ntu/ros2_ws/install/task_manager/lib:/home/ntu/ros2_ws/install/propeller_control/lib:/opt/ros/foxy/opt/yaml_cpp_vendor/lib:/opt/ros/foxy/opt/rviz_ogre_vendor/lib:/opt/ros/foxy/lib/x86_64-linux-gnu:/opt/ros/foxy/lib PYTHONPATH=/home/ntu/ros2_ws/install/digital_space/lib/python3.8/site-packages:/home/ntu/ros2_ws/install/task_manager/lib/python3.8/site-packages:/home/ntu/ros2_ws/install/propeller_control/lib/python3.8/site-packages:/home/ntu/ros2_ws/install/gps_publisher/lib/python3.8/site-packages:/home/ntu/ros2_ws/install/echostick_publisher/lib/python3.8/site-packages:/home/ntu/ros2_ws/install/camera_publisher/lib/python3.8/site-packages:/opt/ros/foxy/lib/python3.8/site-packages /usr/bin/cmake --install /home/ntu/ros2_ws/build/task_manager
[1.244s] Level 1:colcon.colcon_core.environment:checking '/home/ntu/ros2_ws/install/task_manager' for CMake config files
[1.245s] Level 1:colcon.colcon_core.shell:create_environment_hook('task_manager', 'cmake_prefix_path')
[1.246s] INFO:colcon.colcon_core.shell:Creating environment hook '/home/ntu/ros2_ws/install/task_manager/share/task_manager/hook/cmake_prefix_path.ps1'
[1.247s] INFO:colcon.colcon_core.shell:Creating environment descriptor '/home/ntu/ros2_ws/install/task_manager/share/task_manager/hook/cmake_prefix_path.dsv'
[1.247s] INFO:colcon.colcon_core.shell:Creating environment hook '/home/ntu/ros2_ws/install/task_manager/share/task_manager/hook/cmake_prefix_path.sh'
[1.248s] Level 1:colcon.colcon_core.environment:checking '/home/ntu/ros2_ws/install/task_manager/lib'
[1.248s] Level 1:colcon.colcon_core.shell:create_environment_hook('task_manager', 'ld_library_path_lib')
[1.248s] INFO:colcon.colcon_core.shell:Creating environment hook '/home/ntu/ros2_ws/install/task_manager/share/task_manager/hook/ld_library_path_lib.ps1'
[1.248s] INFO:colcon.colcon_core.shell:Creating environment descriptor '/home/ntu/ros2_ws/install/task_manager/share/task_manager/hook/ld_library_path_lib.dsv'
[1.249s] INFO:colcon.colcon_core.shell:Creating environment hook '/home/ntu/ros2_ws/install/task_manager/share/task_manager/hook/ld_library_path_lib.sh'
[1.249s] Level 1:colcon.colcon_core.environment:checking '/home/ntu/ros2_ws/install/task_manager/bin'
[1.249s] Level 1:colcon.colcon_core.environment:checking '/home/ntu/ros2_ws/install/task_manager/lib/pkgconfig/task_manager.pc'
[1.249s] Level 1:colcon.colcon_core.environment:checking '/home/ntu/ros2_ws/install/task_manager/lib/python3.8/site-packages'
[1.250s] Level 1:colcon.colcon_core.shell:create_environment_hook('task_manager', 'pythonpath')
[1.250s] INFO:colcon.colcon_core.shell:Creating environment hook '/home/ntu/ros2_ws/install/task_manager/share/task_manager/hook/pythonpath.ps1'
[1.250s] INFO:colcon.colcon_core.shell:Creating environment descriptor '/home/ntu/ros2_ws/install/task_manager/share/task_manager/hook/pythonpath.dsv'
[1.251s] INFO:colcon.colcon_core.shell:Creating environment hook '/home/ntu/ros2_ws/install/task_manager/share/task_manager/hook/pythonpath.sh'
[1.251s] Level 1:colcon.colcon_core.environment:checking '/home/ntu/ros2_ws/install/task_manager/bin'
[1.252s] INFO:colcon.colcon_core.shell:Creating package script '/home/ntu/ros2_ws/install/task_manager/share/task_manager/package.ps1'
[1.253s] INFO:colcon.colcon_core.shell:Creating package descriptor '/home/ntu/ros2_ws/install/task_manager/share/task_manager/package.dsv'
[1.253s] INFO:colcon.colcon_core.shell:Creating package script '/home/ntu/ros2_ws/install/task_manager/share/task_manager/package.sh'
[1.254s] INFO:colcon.colcon_core.shell:Creating package script '/home/ntu/ros2_ws/install/task_manager/share/task_manager/package.bash'
[1.254s] INFO:colcon.colcon_core.shell:Creating package script '/home/ntu/ros2_ws/install/task_manager/share/task_manager/package.zsh'
[1.254s] Level 1:colcon.colcon_core.environment:create_file_with_runtime_dependencies(/home/ntu/ros2_ws/install/task_manager/share/colcon-core/packages/task_manager)
[1.277s] Level 1:colcon.colcon_core.environment:checking '/home/ntu/ros2_ws/install/gps_publisher' for CMake module files
[1.278s] DEBUG:colcon.colcon_core.event_handler.log_command:Invoked command in '/home/ntu/ros2_ws/src/gps_publisher' returned '0': PYTHONPATH=/home/ntu/ros2_ws/build/gps_publisher/prefix_override:/home/ntu/ros2_ws/install/gps_publisher/lib/python3.8/site-packages:${PYTHONPATH} /usr/bin/python3 -W ignore:setup.py install is deprecated setup.py egg_info --egg-base ../../build/gps_publisher build --build-base /home/ntu/ros2_ws/build/gps_publisher/build install --record /home/ntu/ros2_ws/build/gps_publisher/install.log --install-scripts $base/lib/gps_publisher --single-version-externally-managed install_data
[1.278s] Level 1:colcon.colcon_core.environment:checking '/home/ntu/ros2_ws/install/gps_publisher' for CMake config files
[1.279s] Level 1:colcon.colcon_core.environment:checking '/home/ntu/ros2_ws/install/gps_publisher/lib'
[1.279s] Level 1:colcon.colcon_core.environment:checking '/home/ntu/ros2_ws/install/gps_publisher/bin'
[1.279s] Level 1:colcon.colcon_core.environment:checking '/home/ntu/ros2_ws/install/gps_publisher/lib/pkgconfig/gps_publisher.pc'
[1.279s] Level 1:colcon.colcon_core.environment:checking '/home/ntu/ros2_ws/install/gps_publisher/lib/python3.8/site-packages'
[1.279s] Level 1:colcon.colcon_core.shell:create_environment_hook('gps_publisher', 'pythonpath')
[1.280s] INFO:colcon.colcon_core.shell:Creating environment hook '/home/ntu/ros2_ws/install/gps_publisher/share/gps_publisher/hook/pythonpath.ps1'
[1.280s] INFO:colcon.colcon_core.shell:Creating environment descriptor '/home/ntu/ros2_ws/install/gps_publisher/share/gps_publisher/hook/pythonpath.dsv'
[1.281s] INFO:colcon.colcon_core.shell:Creating environment hook '/home/ntu/ros2_ws/install/gps_publisher/share/gps_publisher/hook/pythonpath.sh'
[1.281s] Level 1:colcon.colcon_core.environment:checking '/home/ntu/ros2_ws/install/gps_publisher/bin'
[1.281s] Level 1:colcon.colcon_core.environment:create_environment_scripts_only(gps_publisher)
[1.282s] INFO:colcon.colcon_core.shell:Creating package script '/home/ntu/ros2_ws/install/gps_publisher/share/gps_publisher/package.ps1'
[1.282s] INFO:colcon.colcon_core.shell:Creating package descriptor '/home/ntu/ros2_ws/install/gps_publisher/share/gps_publisher/package.dsv'
[1.283s] INFO:colcon.colcon_core.shell:Creating package script '/home/ntu/ros2_ws/install/gps_publisher/share/gps_publisher/package.sh'
[1.283s] INFO:colcon.colcon_core.shell:Creating package script '/home/ntu/ros2_ws/install/gps_publisher/share/gps_publisher/package.bash'
[1.284s] INFO:colcon.colcon_core.shell:Creating package script '/home/ntu/ros2_ws/install/gps_publisher/share/gps_publisher/package.zsh'
[1.284s] Level 1:colcon.colcon_core.environment:create_file_with_runtime_dependencies(/home/ntu/ros2_ws/install/gps_publisher/share/colcon-core/packages/gps_publisher)
[1.294s] Level 1:colcon.colcon_core.environment:checking '/home/ntu/ros2_ws/install/echostick_publisher' for CMake module files
[1.294s] DEBUG:colcon.colcon_core.event_handler.log_command:Invoked command in '/home/ntu/ros2_ws/src/echostick_publisher' returned '0': PYTHONPATH=/home/ntu/ros2_ws/build/echostick_publisher/prefix_override:/home/ntu/ros2_ws/install/echostick_publisher/lib/python3.8/site-packages:${PYTHONPATH} /usr/bin/python3 -W ignore:setup.py install is deprecated setup.py egg_info --egg-base ../../build/echostick_publisher build --build-base /home/ntu/ros2_ws/build/echostick_publisher/build install --record /home/ntu/ros2_ws/build/echostick_publisher/install.log --install-scripts $base/lib/echostick_publisher --single-version-externally-managed install_data
[1.294s] Level 1:colcon.colcon_core.environment:checking '/home/ntu/ros2_ws/install/echostick_publisher' for CMake config files
[1.295s] Level 1:colcon.colcon_core.environment:checking '/home/ntu/ros2_ws/install/echostick_publisher/lib'
[1.295s] Level 1:colcon.colcon_core.environment:checking '/home/ntu/ros2_ws/install/echostick_publisher/bin'
[1.295s] Level 1:colcon.colcon_core.environment:checking '/home/ntu/ros2_ws/install/echostick_publisher/lib/pkgconfig/echostick_publisher.pc'
[1.295s] Level 1:colcon.colcon_core.environment:checking '/home/ntu/ros2_ws/install/echostick_publisher/lib/python3.8/site-packages'
[1.295s] Level 1:colcon.colcon_core.shell:create_environment_hook('echostick_publisher', 'pythonpath')
[1.296s] INFO:colcon.colcon_core.shell:Creating environment hook '/home/ntu/ros2_ws/install/echostick_publisher/share/echostick_publisher/hook/pythonpath.ps1'
[1.296s] INFO:colcon.colcon_core.shell:Creating environment descriptor '/home/ntu/ros2_ws/install/echostick_publisher/share/echostick_publisher/hook/pythonpath.dsv'
[1.296s] INFO:colcon.colcon_core.shell:Creating environment hook '/home/ntu/ros2_ws/install/echostick_publisher/share/echostick_publisher/hook/pythonpath.sh'
[1.297s] Level 1:colcon.colcon_core.environment:checking '/home/ntu/ros2_ws/install/echostick_publisher/bin'
[1.297s] Level 1:colcon.colcon_core.environment:create_environment_scripts_only(echostick_publisher)
[1.297s] INFO:colcon.colcon_core.shell:Creating package script '/home/ntu/ros2_ws/install/echostick_publisher/share/echostick_publisher/package.ps1'
[1.298s] INFO:colcon.colcon_core.shell:Creating package descriptor '/home/ntu/ros2_ws/install/echostick_publisher/share/echostick_publisher/package.dsv'
[1.298s] INFO:colcon.colcon_core.shell:Creating package script '/home/ntu/ros2_ws/install/echostick_publisher/share/echostick_publisher/package.sh'
[1.299s] INFO:colcon.colcon_core.shell:Creating package script '/home/ntu/ros2_ws/install/echostick_publisher/share/echostick_publisher/package.bash'
[1.299s] INFO:colcon.colcon_core.shell:Creating package script '/home/ntu/ros2_ws/install/echostick_publisher/share/echostick_publisher/package.zsh'
[1.299s] Level 1:colcon.colcon_core.environment:create_file_with_runtime_dependencies(/home/ntu/ros2_ws/install/echostick_publisher/share/colcon-core/packages/echostick_publisher)
[1.300s] Level 1:colcon.colcon_core.environment:create_environment_scripts_only(task_manager)
[1.300s] Level 1:colcon.colcon_core.environment:checking '/home/ntu/ros2_ws/install/task_manager' for CMake module files
[1.301s] Level 1:colcon.colcon_core.environment:checking '/home/ntu/ros2_ws/install/task_manager' for CMake config files
[1.302s] Level 1:colcon.colcon_core.shell:create_environment_hook('task_manager', 'cmake_prefix_path')
[1.302s] INFO:colcon.colcon_core.shell:Creating environment hook '/home/ntu/ros2_ws/install/task_manager/share/task_manager/hook/cmake_prefix_path.ps1'
[1.303s] INFO:colcon.colcon_core.shell:Creating environment descriptor '/home/ntu/ros2_ws/install/task_manager/share/task_manager/hook/cmake_prefix_path.dsv'
[1.303s] INFO:colcon.colcon_core.shell:Creating environment hook '/home/ntu/ros2_ws/install/task_manager/share/task_manager/hook/cmake_prefix_path.sh'
[1.304s] Level 1:colcon.colcon_core.environment:checking '/home/ntu/ros2_ws/install/task_manager/lib'
[1.304s] Level 1:colcon.colcon_core.shell:create_environment_hook('task_manager', 'ld_library_path_lib')
[1.304s] INFO:colcon.colcon_core.shell:Creating environment hook '/home/ntu/ros2_ws/install/task_manager/share/task_manager/hook/ld_library_path_lib.ps1'
[1.304s] INFO:colcon.colcon_core.shell:Creating environment descriptor '/home/ntu/ros2_ws/install/task_manager/share/task_manager/hook/ld_library_path_lib.dsv'
[1.305s] INFO:colcon.colcon_core.shell:Creating environment hook '/home/ntu/ros2_ws/install/task_manager/share/task_manager/hook/ld_library_path_lib.sh'
[1.305s] Level 1:colcon.colcon_core.environment:checking '/home/ntu/ros2_ws/install/task_manager/bin'
[1.305s] Level 1:colcon.colcon_core.environment:checking '/home/ntu/ros2_ws/install/task_manager/lib/pkgconfig/task_manager.pc'
[1.305s] Level 1:colcon.colcon_core.environment:checking '/home/ntu/ros2_ws/install/task_manager/lib/python3.8/site-packages'
[1.305s] Level 1:colcon.colcon_core.shell:create_environment_hook('task_manager', 'pythonpath')
[1.306s] INFO:colcon.colcon_core.shell:Creating environment hook '/home/ntu/ros2_ws/install/task_manager/share/task_manager/hook/pythonpath.ps1'
[1.306s] INFO:colcon.colcon_core.shell:Creating environment descriptor '/home/ntu/ros2_ws/install/task_manager/share/task_manager/hook/pythonpath.dsv'
[1.306s] INFO:colcon.colcon_core.shell:Creating environment hook '/home/ntu/ros2_ws/install/task_manager/share/task_manager/hook/pythonpath.sh'
[1.307s] Level 1:colcon.colcon_core.environment:checking '/home/ntu/ros2_ws/install/task_manager/bin'
[1.307s] INFO:colcon.colcon_core.shell:Creating package script '/home/ntu/ros2_ws/install/task_manager/share/task_manager/package.ps1'
[1.308s] INFO:colcon.colcon_core.shell:Creating package descriptor '/home/ntu/ros2_ws/install/task_manager/share/task_manager/package.dsv'
[1.309s] INFO:colcon.colcon_core.shell:Creating package script '/home/ntu/ros2_ws/install/task_manager/share/task_manager/package.sh'
[1.309s] INFO:colcon.colcon_core.shell:Creating package script '/home/ntu/ros2_ws/install/task_manager/share/task_manager/package.bash'
[1.310s] INFO:colcon.colcon_core.shell:Creating package script '/home/ntu/ros2_ws/install/task_manager/share/task_manager/package.zsh'
[1.310s] Level 1:colcon.colcon_core.environment:create_file_with_runtime_dependencies(/home/ntu/ros2_ws/install/task_manager/share/colcon-core/packages/task_manager)
[1.393s] Level 1:colcon.colcon_core.environment:checking '/home/ntu/ros2_ws/install/camera_publisher' for CMake module files
[1.394s] DEBUG:colcon.colcon_core.event_handler.log_command:Invoked command in '/home/ntu/ros2_ws/src/camera_publisher' returned '0': PYTHONPATH=/home/ntu/ros2_ws/build/camera_publisher/prefix_override:/home/ntu/ros2_ws/install/camera_publisher/lib/python3.8/site-packages:${PYTHONPATH} /usr/bin/python3 -W ignore:setup.py install is deprecated setup.py egg_info --egg-base ../../build/camera_publisher build --build-base /home/ntu/ros2_ws/build/camera_publisher/build install --record /home/ntu/ros2_ws/build/camera_publisher/install.log --install-scripts $base/lib/camera_publisher --single-version-externally-managed install_data
[1.394s] Level 1:colcon.colcon_core.environment:checking '/home/ntu/ros2_ws/install/camera_publisher' for CMake config files
[1.395s] Level 1:colcon.colcon_core.environment:checking '/home/ntu/ros2_ws/install/camera_publisher/lib'
[1.395s] Level 1:colcon.colcon_core.environment:checking '/home/ntu/ros2_ws/install/camera_publisher/bin'
[1.395s] Level 1:colcon.colcon_core.environment:checking '/home/ntu/ros2_ws/install/camera_publisher/lib/pkgconfig/camera_publisher.pc'
[1.395s] Level 1:colcon.colcon_core.environment:checking '/home/ntu/ros2_ws/install/camera_publisher/lib/python3.8/site-packages'
[1.395s] Level 1:colcon.colcon_core.shell:create_environment_hook('camera_publisher', 'pythonpath')
[1.396s] INFO:colcon.colcon_core.shell:Creating environment hook '/home/ntu/ros2_ws/install/camera_publisher/share/camera_publisher/hook/pythonpath.ps1'
[1.396s] INFO:colcon.colcon_core.shell:Creating environment descriptor '/home/ntu/ros2_ws/install/camera_publisher/share/camera_publisher/hook/pythonpath.dsv'
[1.396s] INFO:colcon.colcon_core.shell:Creating environment hook '/home/ntu/ros2_ws/install/camera_publisher/share/camera_publisher/hook/pythonpath.sh'
[1.397s] Level 1:colcon.colcon_core.environment:checking '/home/ntu/ros2_ws/install/camera_publisher/bin'
[1.397s] Level 1:colcon.colcon_core.environment:create_environment_scripts_only(camera_publisher)
[1.397s] INFO:colcon.colcon_core.shell:Creating package script '/home/ntu/ros2_ws/install/camera_publisher/share/camera_publisher/package.ps1'
[1.398s] INFO:colcon.colcon_core.shell:Creating package descriptor '/home/ntu/ros2_ws/install/camera_publisher/share/camera_publisher/package.dsv'
[1.398s] INFO:colcon.colcon_core.shell:Creating package script '/home/ntu/ros2_ws/install/camera_publisher/share/camera_publisher/package.sh'
[1.398s] INFO:colcon.colcon_core.shell:Creating package script '/home/ntu/ros2_ws/install/camera_publisher/share/camera_publisher/package.bash'
[1.399s] INFO:colcon.colcon_core.shell:Creating package script '/home/ntu/ros2_ws/install/camera_publisher/share/camera_publisher/package.zsh'
[1.399s] Level 1:colcon.colcon_core.environment:create_file_with_runtime_dependencies(/home/ntu/ros2_ws/install/camera_publisher/share/colcon-core/packages/camera_publisher)
[1.399s] DEBUG:colcon.colcon_parallel_executor.executor.parallel:closing loop
[1.400s] DEBUG:colcon.colcon_parallel_executor.executor.parallel:loop closed
[1.400s] DEBUG:colcon.colcon_parallel_executor.executor.parallel:run_until_complete finished with '0'
[1.400s] DEBUG:colcon.colcon_core.event_reactor:joining thread
[1.407s] INFO:colcon.colcon_core.plugin_system:Skipping extension 'colcon_notification.desktop_notification.terminal_notifier': Not used on non-Darwin systems
[1.407s] INFO:colcon.colcon_core.plugin_system:Skipping extension 'colcon_notification.desktop_notification.win32': Not used on non-Windows systems
[1.408s] INFO:colcon.colcon_notification.desktop_notification:Sending desktop notification using 'notify2'
[1.421s] DEBUG:colcon.colcon_core.event_reactor:joined thread
[1.422s] INFO:colcon.colcon_core.shell:Creating prefix script '/home/ntu/ros2_ws/install/local_setup.ps1'
[1.423s] INFO:colcon.colcon_core.shell:Creating prefix util module '/home/ntu/ros2_ws/install/_local_setup_util_ps1.py'
[1.424s] INFO:colcon.colcon_core.shell:Creating prefix chain script '/home/ntu/ros2_ws/install/setup.ps1'
[1.425s] INFO:colcon.colcon_core.shell:Creating prefix script '/home/ntu/ros2_ws/install/local_setup.sh'
[1.425s] INFO:colcon.colcon_core.shell:Creating prefix util module '/home/ntu/ros2_ws/install/_local_setup_util_sh.py'
[1.426s] INFO:colcon.colcon_core.shell:Creating prefix chain script '/home/ntu/ros2_ws/install/setup.sh'
[1.427s] INFO:colcon.colcon_core.shell:Creating prefix script '/home/ntu/ros2_ws/install/local_setup.bash'
[1.428s] INFO:colcon.colcon_core.shell:Creating prefix chain script '/home/ntu/ros2_ws/install/setup.bash'
[1.429s] INFO:colcon.colcon_core.shell:Creating prefix script '/home/ntu/ros2_ws/install/local_setup.zsh'
[1.429s] INFO:colcon.colcon_core.shell:Creating prefix chain script '/home/ntu/ros2_ws/install/setup.zsh'
