running egg_info
creating ../../build/camera_publisher/camera_publisher.egg-info
writing ../../build/camera_publisher/camera_publisher.egg-info/PKG-INFO
writing dependency_links to ../../build/camera_publisher/camera_publisher.egg-info/dependency_links.txt
writing entry points to ../../build/camera_publisher/camera_publisher.egg-info/entry_points.txt
writing requirements to ../../build/camera_publisher/camera_publisher.egg-info/requires.txt
writing top-level names to ../../build/camera_publisher/camera_publisher.egg-info/top_level.txt
writing manifest file '../../build/camera_publisher/camera_publisher.egg-info/SOURCES.txt'
reading manifest file '../../build/camera_publisher/camera_publisher.egg-info/SOURCES.txt'
writing manifest file '../../build/camera_publisher/camera_publisher.egg-info/SOURCES.txt'
running build
running build_py
creating /home/ntu/ros2_ws/build/camera_publisher/build
creating /home/ntu/ros2_ws/build/camera_publisher/build/lib
creating /home/ntu/ros2_ws/build/camera_publisher/build/lib/camera_publisher
copying camera_publisher/camera_publisher_node.py -> /home/ntu/ros2_ws/build/camera_publisher/build/lib/camera_publisher
copying camera_publisher/__init__.py -> /home/ntu/ros2_ws/build/camera_publisher/build/lib/camera_publisher
running install
running install_lib
creating /home/ntu/ros2_ws/install/camera_publisher/lib/python3.8/site-packages/camera_publisher
copying /home/ntu/ros2_ws/build/camera_publisher/build/lib/camera_publisher/camera_publisher_node.py -> /home/ntu/ros2_ws/install/camera_publisher/lib/python3.8/site-packages/camera_publisher
copying /home/ntu/ros2_ws/build/camera_publisher/build/lib/camera_publisher/__init__.py -> /home/ntu/ros2_ws/install/camera_publisher/lib/python3.8/site-packages/camera_publisher
byte-compiling /home/ntu/ros2_ws/install/camera_publisher/lib/python3.8/site-packages/camera_publisher/camera_publisher_node.py to camera_publisher_node.cpython-38.pyc
byte-compiling /home/ntu/ros2_ws/install/camera_publisher/lib/python3.8/site-packages/camera_publisher/__init__.py to __init__.cpython-38.pyc
running install_data
creating /home/ntu/ros2_ws/install/camera_publisher/share/ament_index
creating /home/ntu/ros2_ws/install/camera_publisher/share/ament_index/resource_index
creating /home/ntu/ros2_ws/install/camera_publisher/share/ament_index/resource_index/packages
copying resource/camera_publisher -> /home/ntu/ros2_ws/install/camera_publisher/share/ament_index/resource_index/packages
copying package.xml -> /home/ntu/ros2_ws/install/camera_publisher/share/camera_publisher
running install_egg_info
Copying ../../build/camera_publisher/camera_publisher.egg-info to /home/ntu/ros2_ws/install/camera_publisher/lib/python3.8/site-packages/camera_publisher-0.0.0-py3.8.egg-info
running install_scripts
Installing camera_publisher script to /home/ntu/ros2_ws/install/camera_publisher/lib/camera_publisher
writing list of installed files to '/home/ntu/ros2_ws/build/camera_publisher/install.log'
