-- Found ament_cmake: 0.9.12 (/opt/ros/foxy/share/ament_cmake/cmake)
-- Found PythonInterp: /usr/bin/python3 (found suitable version "3.8.10", minimum required is "3") 
-- Using PYTHON_EXECUTABLE: /usr/bin/python3
-- Found rclpy: 1.0.13 (/opt/ros/foxy/share/rclpy/cmake)
-- Found std_msgs: 2.0.5 (/opt/ros/foxy/share/std_msgs/cmake)
-- Using all available rosidl_typesupport_c: rosidl_typesupport_fastrtps_c;rosidl_typesupport_introspection_c
-- Found rosidl_adapter: 1.3.1 (/opt/ros/foxy/share/rosidl_adapter/cmake)
-- Using all available rosidl_typesupport_cpp: rosidl_typesupport_fastrtps_cpp;rosidl_typesupport_introspection_cpp
-- Found rosidl_default_generators: 1.0.1 (/opt/ros/foxy/share/rosidl_default_generators/cmake)
-- Found PythonInterp: /usr/bin/python3 (found version "3.8.10") 
-- Found ament_cmake_ros: 0.9.2 (/opt/ros/foxy/share/ament_cmake_ros/cmake)
-- Using all available rosidl_typesupport_c: rosidl_typesupport_fastrtps_c;rosidl_typesupport_introspection_c
-- Using all available rosidl_typesupport_cpp: rosidl_typesupport_fastrtps_cpp;rosidl_typesupport_introspection_cpp
-- Found PythonInterp: /usr/bin/python3 (found suitable version "3.8.10", minimum required is "3.5") 
-- Found python_cmake_module: 0.8.1 (/opt/ros/foxy/share/python_cmake_module/cmake)
-- Using PYTHON_EXECUTABLE: /usr/bin/python3
-- Using PYTHON_INCLUDE_DIRS: /usr/include/python3.8
-- Using PYTHON_LIBRARIES: /usr/lib/x86_64-linux-gnu/libpython3.8.so
-- Found ament_lint_auto: 0.9.8 (/opt/ros/foxy/share/ament_lint_auto/cmake)
-- Configuring done
-- Generating done
-- Build files have been written to: /home/ntu/ros2_ws/build/task_manager
[35m[1mScanning dependencies of target task_manager__cpp[0m
[35m[1mScanning dependencies of target task_manager__rosidl_generator_c[0m
[  3%] Built target task_manager__cpp
[  6%] [32m[1mLinking C shared library libtask_manager__rosidl_generator_c.so[0m
[35m[1mScanning dependencies of target task_manager__rosidl_typesupport_introspection_cpp[0m
[35m[1mScanning dependencies of target task_manager__rosidl_typesupport_cpp[0m
[35m[1mScanning dependencies of target task_manager__rosidl_typesupport_fastrtps_cpp[0m
[  9%] [32m[1mLinking CXX shared library libtask_manager__rosidl_typesupport_introspection_cpp.so[0m
[ 12%] [32m[1mLinking CXX shared library libtask_manager__rosidl_typesupport_cpp.so[0m
[ 16%] [32m[1mLinking CXX shared library libtask_manager__rosidl_typesupport_fastrtps_cpp.so[0m
[ 22%] Built target task_manager__rosidl_generator_c
[35m[1mScanning dependencies of target task_manager__rosidl_typesupport_c[0m
[35m[1mScanning dependencies of target task_manager__rosidl_typesupport_introspection_c[0m
[ 29%] Built target task_manager__rosidl_typesupport_cpp
[ 32%] [32m[1mLinking C shared library libtask_manager__rosidl_typesupport_introspection_c.so[0m
[ 38%] [32m[1mLinking CXX shared library libtask_manager__rosidl_typesupport_c.so[0m
[ 41%] Built target task_manager__rosidl_typesupport_introspection_cpp
[ 48%] Built target task_manager__rosidl_typesupport_introspection_c
[ 54%] Built target task_manager__rosidl_typesupport_fastrtps_cpp
[ 61%] Built target task_manager__rosidl_typesupport_c
[35m[1mScanning dependencies of target task_manager__rosidl_typesupport_fastrtps_c[0m
[ 64%] [32mBuilding CXX object CMakeFiles/task_manager__rosidl_typesupport_fastrtps_c.dir/rosidl_typesupport_fastrtps_c/task_manager/srv/detail/querydata__type_support_c.cpp.o[0m
[ 67%] [32m[1mLinking CXX shared library libtask_manager__rosidl_typesupport_fastrtps_c.so[0m
[ 70%] Built target task_manager__rosidl_typesupport_fastrtps_c
[ 70%] Built target task_manager
[35m[1mScanning dependencies of target task_manager__py[0m
[ 74%] Built target task_manager__py
[35m[1mScanning dependencies of target task_manager__python[0m
[ 77%] [32m[1mLinking C shared library rosidl_generator_py/task_manager/libtask_manager__python.so[0m
[ 80%] Built target task_manager__python
[ 83%] [32m[1mLinking C shared library rosidl_generator_py/task_manager/task_manager_s__rosidl_typesupport_c.cpython-38-x86_64-linux-gnu.so[0m
[ 90%] [32m[1mLinking CXX shared library rosidl_generator_py/task_manager/task_manager_s__rosidl_typesupport_fastrtps_c.cpython-38-x86_64-linux-gnu.so[0m
[ 90%] [32m[1mLinking C shared library rosidl_generator_py/task_manager/task_manager_s__rosidl_typesupport_introspection_c.cpython-38-x86_64-linux-gnu.so[0m
[ 93%] Built target task_manager__rosidl_typesupport_c__pyext
[ 96%] Built target task_manager__rosidl_typesupport_introspection_c__pyext
[100%] Built target task_manager__rosidl_typesupport_fastrtps_c__pyext
