[0.012s] Invoking command in '/home/ntu/ros2_ws/build/task_manager': CMAKE_PREFIX_PATH=/home/ntu/ros2_ws/install/digital_space:/home/ntu/ros2_ws/install/task_manager:/home/ntu/ros2_ws/install/propeller_control:/home/ntu/ros2_ws/install/gps_publisher:/home/ntu/ros2_ws/install/echostick_publisher:/home/ntu/ros2_ws/install/camera_publisher:/opt/ros/foxy LD_LIBRARY_PATH=/home/ntu/ros2_ws/install/digital_space/lib:/home/ntu/ros2_ws/install/task_manager/lib:/home/ntu/ros2_ws/install/propeller_control/lib:/opt/ros/foxy/opt/yaml_cpp_vendor/lib:/opt/ros/foxy/opt/rviz_ogre_vendor/lib:/opt/ros/foxy/lib/x86_64-linux-gnu:/opt/ros/foxy/lib PYTHONPATH=/home/ntu/ros2_ws/install/digital_space/lib/python3.8/site-packages:/home/ntu/ros2_ws/install/task_manager/lib/python3.8/site-packages:/home/ntu/ros2_ws/install/propeller_control/lib/python3.8/site-packages:/home/ntu/ros2_ws/install/gps_publisher/lib/python3.8/site-packages:/home/ntu/ros2_ws/install/echostick_publisher/lib/python3.8/site-packages:/home/ntu/ros2_ws/install/camera_publisher/lib/python3.8/site-packages:/opt/ros/foxy/lib/python3.8/site-packages /usr/bin/cmake --build /home/ntu/ros2_ws/build/task_manager -- -j12 -l12
[0.040s] -- Found ament_cmake: 0.9.12 (/opt/ros/foxy/share/ament_cmake/cmake)
[0.057s] -- Found PythonInterp: /usr/bin/python3 (found suitable version "3.8.10", minimum required is "3") 
[0.057s] -- Using PYTHON_EXECUTABLE: /usr/bin/python3
[0.184s] -- Found rclpy: 1.0.13 (/opt/ros/foxy/share/rclpy/cmake)
[0.184s] -- Found std_msgs: 2.0.5 (/opt/ros/foxy/share/std_msgs/cmake)
[0.198s] -- Using all available rosidl_typesupport_c: rosidl_typesupport_fastrtps_c;rosidl_typesupport_introspection_c
[0.200s] -- Found rosidl_adapter: 1.3.1 (/opt/ros/foxy/share/rosidl_adapter/cmake)
[0.282s] -- Using all available rosidl_typesupport_cpp: rosidl_typesupport_fastrtps_cpp;rosidl_typesupport_introspection_cpp
[0.311s] -- Found rosidl_default_generators: 1.0.1 (/opt/ros/foxy/share/rosidl_default_generators/cmake)
[0.334s] -- Found PythonInterp: /usr/bin/python3 (found version "3.8.10") 
[0.450s] -- Found ament_cmake_ros: 0.9.2 (/opt/ros/foxy/share/ament_cmake_ros/cmake)
[0.555s] -- Using all available rosidl_typesupport_c: rosidl_typesupport_fastrtps_c;rosidl_typesupport_introspection_c
[0.596s] -- Using all available rosidl_typesupport_cpp: rosidl_typesupport_fastrtps_cpp;rosidl_typesupport_introspection_cpp
[0.613s] -- Found PythonInterp: /usr/bin/python3 (found suitable version "3.8.10", minimum required is "3.5") 
[0.613s] -- Found python_cmake_module: 0.8.1 (/opt/ros/foxy/share/python_cmake_module/cmake)
[0.630s] -- Using PYTHON_EXECUTABLE: /usr/bin/python3
[0.630s] -- Using PYTHON_INCLUDE_DIRS: /usr/include/python3.8
[0.630s] -- Using PYTHON_LIBRARIES: /usr/lib/x86_64-linux-gnu/libpython3.8.so
[0.651s] -- Found ament_lint_auto: 0.9.8 (/opt/ros/foxy/share/ament_lint_auto/cmake)
[0.659s] -- Configuring done
[0.685s] -- Generating done
[0.687s] -- Build files have been written to: /home/ntu/ros2_ws/build/task_manager
[0.707s] [35m[1mScanning dependencies of target task_manager__cpp[0m
[0.710s] [35m[1mScanning dependencies of target task_manager__rosidl_generator_c[0m
[0.714s] [  3%] Built target task_manager__cpp
[0.720s] [  6%] [32m[1mLinking C shared library libtask_manager__rosidl_generator_c.so[0m
[0.723s] [35m[1mScanning dependencies of target task_manager__rosidl_typesupport_introspection_cpp[0m
[0.726s] [35m[1mScanning dependencies of target task_manager__rosidl_typesupport_cpp[0m
[0.726s] [35m[1mScanning dependencies of target task_manager__rosidl_typesupport_fastrtps_cpp[0m
[0.733s] [  9%] [32m[1mLinking CXX shared library libtask_manager__rosidl_typesupport_introspection_cpp.so[0m
[0.741s] [ 12%] [32m[1mLinking CXX shared library libtask_manager__rosidl_typesupport_cpp.so[0m
[0.746s] [ 16%] [32m[1mLinking CXX shared library libtask_manager__rosidl_typesupport_fastrtps_cpp.so[0m
[0.768s] [ 22%] Built target task_manager__rosidl_generator_c
[0.781s] [35m[1mScanning dependencies of target task_manager__rosidl_typesupport_c[0m
[0.782s] [35m[1mScanning dependencies of target task_manager__rosidl_typesupport_introspection_c[0m
[0.786s] [ 29%] Built target task_manager__rosidl_typesupport_cpp
[0.793s] [ 32%] [32m[1mLinking C shared library libtask_manager__rosidl_typesupport_introspection_c.so[0m
[0.795s] [ 38%] [32m[1mLinking CXX shared library libtask_manager__rosidl_typesupport_c.so[0m
[0.795s] [ 41%] Built target task_manager__rosidl_typesupport_introspection_cpp
[0.818s] [ 48%] Built target task_manager__rosidl_typesupport_introspection_c
[0.825s] [ 54%] Built target task_manager__rosidl_typesupport_fastrtps_cpp
[0.831s] [ 61%] Built target task_manager__rosidl_typesupport_c
[0.838s] [35m[1mScanning dependencies of target task_manager__rosidl_typesupport_fastrtps_c[0m
[0.847s] [ 64%] [32mBuilding CXX object CMakeFiles/task_manager__rosidl_typesupport_fastrtps_c.dir/rosidl_typesupport_fastrtps_c/task_manager/srv/detail/querydata__type_support_c.cpp.o[0m
[1.088s] [ 67%] [32m[1mLinking CXX shared library libtask_manager__rosidl_typesupport_fastrtps_c.so[0m
[1.157s] [ 70%] Built target task_manager__rosidl_typesupport_fastrtps_c
[1.170s] [ 70%] Built target task_manager
[1.177s] [35m[1mScanning dependencies of target task_manager__py[0m
[1.184s] [ 74%] Built target task_manager__py
[1.191s] [35m[1mScanning dependencies of target task_manager__python[0m
[1.201s] [ 77%] [32m[1mLinking C shared library rosidl_generator_py/task_manager/libtask_manager__python.so[0m
[1.227s] [ 80%] Built target task_manager__python
[1.242s] [ 83%] [32m[1mLinking C shared library rosidl_generator_py/task_manager/task_manager_s__rosidl_typesupport_c.cpython-38-x86_64-linux-gnu.so[0m
[1.249s] [ 90%] [32m[1mLinking CXX shared library rosidl_generator_py/task_manager/task_manager_s__rosidl_typesupport_fastrtps_c.cpython-38-x86_64-linux-gnu.so[0m
[1.249s] [ 90%] [32m[1mLinking C shared library rosidl_generator_py/task_manager/task_manager_s__rosidl_typesupport_introspection_c.cpython-38-x86_64-linux-gnu.so[0m
[1.267s] [ 93%] Built target task_manager__rosidl_typesupport_c__pyext
[1.279s] [ 96%] Built target task_manager__rosidl_typesupport_introspection_c__pyext
[1.300s] [100%] Built target task_manager__rosidl_typesupport_fastrtps_c__pyext
