[0.827s] Invoking command in '/home/ntu/ros2_ws/src/echostick_publisher': PYTHONPATH=/home/ntu/ros2_ws/build/echostick_publisher/prefix_override:/home/ntu/ros2_ws/install/echostick_publisher/lib/python3.8/site-packages:${PYTHONPATH} /usr/bin/python3 -W ignore:setup.py install is deprecated setup.py egg_info --egg-base ../../build/echostick_publisher build --build-base /home/ntu/ros2_ws/build/echostick_publisher/build install --record /home/ntu/ros2_ws/build/echostick_publisher/install.log --install-scripts $base/lib/echostick_publisher --single-version-externally-managed install_data
[0.961s] running egg_info
[0.962s] writing ../../build/echostick_publisher/echostick_publisher.egg-info/PKG-INFO
[0.962s] writing dependency_links to ../../build/echostick_publisher/echostick_publisher.egg-info/dependency_links.txt
[0.962s] writing entry points to ../../build/echostick_publisher/echostick_publisher.egg-info/entry_points.txt
[0.962s] writing requirements to ../../build/echostick_publisher/echostick_publisher.egg-info/requires.txt
[0.962s] writing top-level names to ../../build/echostick_publisher/echostick_publisher.egg-info/top_level.txt
[0.986s] reading manifest file '../../build/echostick_publisher/echostick_publisher.egg-info/SOURCES.txt'
[0.987s] writing manifest file '../../build/echostick_publisher/echostick_publisher.egg-info/SOURCES.txt'
[0.987s] running build
[0.987s] running build_py
[0.987s] running install
[0.988s] running install_lib
[0.989s] running install_data
[0.989s] running install_egg_info
[0.990s] removing '/home/ntu/ros2_ws/install/echostick_publisher/lib/python3.8/site-packages/echostick_publisher-0.0.0-py3.8.egg-info' (and everything under it)
[0.990s] Copying ../../build/echostick_publisher/echostick_publisher.egg-info to /home/ntu/ros2_ws/install/echostick_publisher/lib/python3.8/site-packages/echostick_publisher-0.0.0-py3.8.egg-info
[0.991s] running install_scripts
[1.004s] Installing echostick_publisher script to /home/ntu/ros2_ws/install/echostick_publisher/lib/echostick_publisher
[1.004s] writing list of installed files to '/home/ntu/ros2_ws/build/echostick_publisher/install.log'
[1.018s] Invoked command in '/home/ntu/ros2_ws/src/echostick_publisher' returned '0': PYTHONPATH=/home/ntu/ros2_ws/build/echostick_publisher/prefix_override:/home/ntu/ros2_ws/install/echostick_publisher/lib/python3.8/site-packages:${PYTHONPATH} /usr/bin/python3 -W ignore:setup.py install is deprecated setup.py egg_info --egg-base ../../build/echostick_publisher build --build-base /home/ntu/ros2_ws/build/echostick_publisher/build install --record /home/ntu/ros2_ws/build/echostick_publisher/install.log --install-scripts $base/lib/echostick_publisher --single-version-externally-managed install_data
