[0.090s] DEBUG:colcon:Command line arguments: ['/usr/bin/colcon', 'build']
[0.090s] DEBUG:colcon:Parsed command line arguments: Namespace(allow_overriding=[], ament_cmake_args=None, base_paths=['.'], build_base='build', catkin_cmake_args=None, catkin_skip_building_tests=False, cmake_args=None, cmake_clean_cache=False, cmake_clean_first=False, cmake_force_configure=False, cmake_target=None, cmake_target_skip_unavailable=False, continue_on_error=False, event_handlers=None, executor='parallel', ignore_user_meta=False, install_base='install', log_base=None, log_level=None, main=<bound method BuildVerb.main of <colcon_core.verb.build.BuildVerb object at 0x7f2982ca9940>>, merge_install=False, metas=['./colcon.meta'], packages_above=None, packages_above_and_dependencies=None, packages_above_depth=None, packages_end=None, packages_ignore=None, packages_ignore_regex=None, packages_select=None, packages_select_build_failed=False, packages_select_by_dep=None, packages_select_regex=None, packages_select_test_failures=False, packages_skip=None, packages_skip_build_finished=False, packages_skip_by_dep=None, packages_skip_regex=None, packages_skip_test_passed=False, packages_skip_up_to=None, packages_start=None, packages_up_to=None, packages_up_to_regex=None, parallel_workers=12, paths=None, symlink_install=False, test_result_base=None, verb_extension=<colcon_core.verb.build.BuildVerb object at 0x7f2982ca9940>, verb_name='build', verb_parser=<colcon_defaults.argument_parser.defaults.DefaultArgumentsDecorator object at 0x7f2982bca7c0>)
[0.158s] Level 1:colcon.colcon_core.package_discovery:discover_packages(colcon_meta) check parameters
[0.158s] Level 1:colcon.colcon_core.package_discovery:discover_packages(recursive) check parameters
[0.158s] Level 1:colcon.colcon_core.package_discovery:discover_packages(ignore) check parameters
[0.158s] Level 1:colcon.colcon_core.package_discovery:discover_packages(path) check parameters
[0.158s] Level 1:colcon.colcon_core.package_discovery:discover_packages(colcon_meta) discover
[0.158s] Level 1:colcon.colcon_core.package_discovery:discover_packages(recursive) discover
[0.158s] INFO:colcon.colcon_core.package_discovery:Crawling recursively for packages in '/home/ntu/ros2_ws'
[0.158s] Level 1:colcon.colcon_core.package_identification:_identify(.) by extensions ['ignore', 'ignore_ament_install']
[0.158s] Level 1:colcon.colcon_core.package_identification:_identify(.) by extension 'ignore'
[0.158s] Level 1:colcon.colcon_core.package_identification:_identify(.) by extension 'ignore_ament_install'
[0.158s] Level 1:colcon.colcon_core.package_identification:_identify(.) by extensions ['colcon_pkg']
[0.159s] Level 1:colcon.colcon_core.package_identification:_identify(.) by extension 'colcon_pkg'
[0.159s] Level 1:colcon.colcon_core.package_identification:_identify(.) by extensions ['colcon_meta']
[0.159s] Level 1:colcon.colcon_core.package_identification:_identify(.) by extension 'colcon_meta'
[0.159s] Level 1:colcon.colcon_core.package_identification:_identify(.) by extensions ['ros']
[0.159s] Level 1:colcon.colcon_core.package_identification:_identify(.) by extension 'ros'
[0.165s] Level 1:colcon.colcon_core.package_identification:_identify(.) by extensions ['cmake', 'python']
[0.165s] Level 1:colcon.colcon_core.package_identification:_identify(.) by extension 'cmake'
[0.165s] Level 1:colcon.colcon_core.package_identification:_identify(.) by extension 'python'
[0.165s] Level 1:colcon.colcon_core.package_identification:_identify(.) by extensions ['python_setup_py']
[0.165s] Level 1:colcon.colcon_core.package_identification:_identify(.) by extension 'python_setup_py'
[0.165s] Level 1:colcon.colcon_core.package_identification:_identify(build) by extensions ['ignore', 'ignore_ament_install']
[0.165s] Level 1:colcon.colcon_core.package_identification:_identify(build) by extension 'ignore'
[0.165s] Level 1:colcon.colcon_core.package_identification:_identify(build) ignored
[0.165s] Level 1:colcon.colcon_core.package_identification:_identify(install) by extensions ['ignore', 'ignore_ament_install']
[0.165s] Level 1:colcon.colcon_core.package_identification:_identify(install) by extension 'ignore'
[0.165s] Level 1:colcon.colcon_core.package_identification:_identify(install) ignored
[0.165s] Level 1:colcon.colcon_core.package_identification:_identify(log) by extensions ['ignore', 'ignore_ament_install']
[0.165s] Level 1:colcon.colcon_core.package_identification:_identify(log) by extension 'ignore'
[0.165s] Level 1:colcon.colcon_core.package_identification:_identify(log) ignored
[0.165s] Level 1:colcon.colcon_core.package_identification:_identify(src) by extensions ['ignore', 'ignore_ament_install']
[0.165s] Level 1:colcon.colcon_core.package_identification:_identify(src) by extension 'ignore'
[0.165s] Level 1:colcon.colcon_core.package_identification:_identify(src) by extension 'ignore_ament_install'
[0.165s] Level 1:colcon.colcon_core.package_identification:_identify(src) by extensions ['colcon_pkg']
[0.165s] Level 1:colcon.colcon_core.package_identification:_identify(src) by extension 'colcon_pkg'
[0.165s] Level 1:colcon.colcon_core.package_identification:_identify(src) by extensions ['colcon_meta']
[0.165s] Level 1:colcon.colcon_core.package_identification:_identify(src) by extension 'colcon_meta'
[0.165s] Level 1:colcon.colcon_core.package_identification:_identify(src) by extensions ['ros']
[0.165s] Level 1:colcon.colcon_core.package_identification:_identify(src) by extension 'ros'
[0.165s] Level 1:colcon.colcon_core.package_identification:_identify(src) by extensions ['cmake', 'python']
[0.165s] Level 1:colcon.colcon_core.package_identification:_identify(src) by extension 'cmake'
[0.165s] Level 1:colcon.colcon_core.package_identification:_identify(src) by extension 'python'
[0.165s] Level 1:colcon.colcon_core.package_identification:_identify(src) by extensions ['python_setup_py']
[0.165s] Level 1:colcon.colcon_core.package_identification:_identify(src) by extension 'python_setup_py'
[0.166s] Level 1:colcon.colcon_core.package_identification:_identify(src/camera_publisher) by extensions ['ignore', 'ignore_ament_install']
[0.166s] Level 1:colcon.colcon_core.package_identification:_identify(src/camera_publisher) by extension 'ignore'
[0.166s] Level 1:colcon.colcon_core.package_identification:_identify(src/camera_publisher) by extension 'ignore_ament_install'
[0.166s] Level 1:colcon.colcon_core.package_identification:_identify(src/camera_publisher) by extensions ['colcon_pkg']
[0.166s] Level 1:colcon.colcon_core.package_identification:_identify(src/camera_publisher) by extension 'colcon_pkg'
[0.166s] Level 1:colcon.colcon_core.package_identification:_identify(src/camera_publisher) by extensions ['colcon_meta']
[0.166s] Level 1:colcon.colcon_core.package_identification:_identify(src/camera_publisher) by extension 'colcon_meta'
[0.166s] Level 1:colcon.colcon_core.package_identification:_identify(src/camera_publisher) by extensions ['ros']
[0.166s] Level 1:colcon.colcon_core.package_identification:_identify(src/camera_publisher) by extension 'ros'
[0.167s] DEBUG:colcon.colcon_core.package_identification:Package 'src/camera_publisher' with type 'ros.ament_python' and name 'camera_publisher'
[0.167s] Level 1:colcon.colcon_core.package_identification:_identify(src/digital_space) by extensions ['ignore', 'ignore_ament_install']
[0.167s] Level 1:colcon.colcon_core.package_identification:_identify(src/digital_space) by extension 'ignore'
[0.167s] Level 1:colcon.colcon_core.package_identification:_identify(src/digital_space) by extension 'ignore_ament_install'
[0.167s] Level 1:colcon.colcon_core.package_identification:_identify(src/digital_space) by extensions ['colcon_pkg']
[0.167s] Level 1:colcon.colcon_core.package_identification:_identify(src/digital_space) by extension 'colcon_pkg'
[0.167s] Level 1:colcon.colcon_core.package_identification:_identify(src/digital_space) by extensions ['colcon_meta']
[0.167s] Level 1:colcon.colcon_core.package_identification:_identify(src/digital_space) by extension 'colcon_meta'
[0.167s] Level 1:colcon.colcon_core.package_identification:_identify(src/digital_space) by extensions ['ros']
[0.167s] Level 1:colcon.colcon_core.package_identification:_identify(src/digital_space) by extension 'ros'
[0.168s] DEBUG:colcon.colcon_core.package_identification:Package 'src/digital_space' with type 'ros.ament_cmake' and name 'digital_space'
[0.168s] Level 1:colcon.colcon_core.package_identification:_identify(src/echostick_publisher) by extensions ['ignore', 'ignore_ament_install']
[0.168s] Level 1:colcon.colcon_core.package_identification:_identify(src/echostick_publisher) by extension 'ignore'
[0.168s] Level 1:colcon.colcon_core.package_identification:_identify(src/echostick_publisher) by extension 'ignore_ament_install'
[0.168s] Level 1:colcon.colcon_core.package_identification:_identify(src/echostick_publisher) by extensions ['colcon_pkg']
[0.168s] Level 1:colcon.colcon_core.package_identification:_identify(src/echostick_publisher) by extension 'colcon_pkg'
[0.168s] Level 1:colcon.colcon_core.package_identification:_identify(src/echostick_publisher) by extensions ['colcon_meta']
[0.168s] Level 1:colcon.colcon_core.package_identification:_identify(src/echostick_publisher) by extension 'colcon_meta'
[0.168s] Level 1:colcon.colcon_core.package_identification:_identify(src/echostick_publisher) by extensions ['ros']
[0.168s] Level 1:colcon.colcon_core.package_identification:_identify(src/echostick_publisher) by extension 'ros'
[0.168s] DEBUG:colcon.colcon_core.package_identification:Package 'src/echostick_publisher' with type 'ros.ament_python' and name 'echostick_publisher'
[0.168s] Level 1:colcon.colcon_core.package_identification:_identify(src/gps_publisher) by extensions ['ignore', 'ignore_ament_install']
[0.168s] Level 1:colcon.colcon_core.package_identification:_identify(src/gps_publisher) by extension 'ignore'
[0.169s] Level 1:colcon.colcon_core.package_identification:_identify(src/gps_publisher) by extension 'ignore_ament_install'
[0.169s] Level 1:colcon.colcon_core.package_identification:_identify(src/gps_publisher) by extensions ['colcon_pkg']
[0.169s] Level 1:colcon.colcon_core.package_identification:_identify(src/gps_publisher) by extension 'colcon_pkg'
[0.169s] Level 1:colcon.colcon_core.package_identification:_identify(src/gps_publisher) by extensions ['colcon_meta']
[0.169s] Level 1:colcon.colcon_core.package_identification:_identify(src/gps_publisher) by extension 'colcon_meta'
[0.169s] Level 1:colcon.colcon_core.package_identification:_identify(src/gps_publisher) by extensions ['ros']
[0.169s] Level 1:colcon.colcon_core.package_identification:_identify(src/gps_publisher) by extension 'ros'
[0.169s] DEBUG:colcon.colcon_core.package_identification:Package 'src/gps_publisher' with type 'ros.ament_python' and name 'gps_publisher'
[0.169s] Level 1:colcon.colcon_core.package_identification:_identify(src/propeller_control) by extensions ['ignore', 'ignore_ament_install']
[0.169s] Level 1:colcon.colcon_core.package_identification:_identify(src/propeller_control) by extension 'ignore'
[0.169s] Level 1:colcon.colcon_core.package_identification:_identify(src/propeller_control) by extension 'ignore_ament_install'
[0.169s] Level 1:colcon.colcon_core.package_identification:_identify(src/propeller_control) by extensions ['colcon_pkg']
[0.169s] Level 1:colcon.colcon_core.package_identification:_identify(src/propeller_control) by extension 'colcon_pkg'
[0.169s] Level 1:colcon.colcon_core.package_identification:_identify(src/propeller_control) by extensions ['colcon_meta']
[0.169s] Level 1:colcon.colcon_core.package_identification:_identify(src/propeller_control) by extension 'colcon_meta'
[0.169s] Level 1:colcon.colcon_core.package_identification:_identify(src/propeller_control) by extensions ['ros']
[0.169s] Level 1:colcon.colcon_core.package_identification:_identify(src/propeller_control) by extension 'ros'
[0.169s] DEBUG:colcon.colcon_core.package_identification:Package 'src/propeller_control' with type 'ros.ament_cmake' and name 'propeller_control'
[0.170s] Level 1:colcon.colcon_core.package_identification:_identify(src/task_manager) by extensions ['ignore', 'ignore_ament_install']
[0.170s] Level 1:colcon.colcon_core.package_identification:_identify(src/task_manager) by extension 'ignore'
[0.170s] Level 1:colcon.colcon_core.package_identification:_identify(src/task_manager) by extension 'ignore_ament_install'
[0.170s] Level 1:colcon.colcon_core.package_identification:_identify(src/task_manager) by extensions ['colcon_pkg']
[0.170s] Level 1:colcon.colcon_core.package_identification:_identify(src/task_manager) by extension 'colcon_pkg'
[0.170s] Level 1:colcon.colcon_core.package_identification:_identify(src/task_manager) by extensions ['colcon_meta']
[0.170s] Level 1:colcon.colcon_core.package_identification:_identify(src/task_manager) by extension 'colcon_meta'
[0.170s] Level 1:colcon.colcon_core.package_identification:_identify(src/task_manager) by extensions ['ros']
[0.170s] Level 1:colcon.colcon_core.package_identification:_identify(src/task_manager) by extension 'ros'
[0.170s] DEBUG:colcon.colcon_core.package_identification:Package 'src/task_manager' with type 'ros.ament_cmake' and name 'task_manager'
[0.170s] Level 1:colcon.colcon_core.package_discovery:discover_packages(recursive) using defaults
[0.170s] Level 1:colcon.colcon_core.package_discovery:discover_packages(ignore) discover
[0.170s] Level 1:colcon.colcon_core.package_discovery:discover_packages(ignore) using defaults
[0.170s] Level 1:colcon.colcon_core.package_discovery:discover_packages(path) discover
[0.170s] Level 1:colcon.colcon_core.package_discovery:discover_packages(path) using defaults
[0.179s] Level 1:colcon.colcon_core.package_discovery:discover_packages(prefix_path) check parameters
[0.179s] Level 1:colcon.colcon_core.package_discovery:discover_packages(prefix_path) discover
[0.180s] DEBUG:colcon.colcon_installed_package_information.package_discovery:Found 6 installed packages in /home/ntu/ros2_ws/install
[0.180s] DEBUG:colcon.colcon_installed_package_information.package_discovery:Found 256 installed packages in /opt/ros/foxy
[0.181s] Level 1:colcon.colcon_core.package_discovery:discover_packages(prefix_path) using defaults
[0.212s] Level 5:colcon.colcon_core.verb:set package 'camera_publisher' build argument 'cmake_args' from command line to 'None'
[0.213s] Level 5:colcon.colcon_core.verb:set package 'camera_publisher' build argument 'cmake_target' from command line to 'None'
[0.213s] Level 5:colcon.colcon_core.verb:set package 'camera_publisher' build argument 'cmake_target_skip_unavailable' from command line to 'False'
[0.213s] Level 5:colcon.colcon_core.verb:set package 'camera_publisher' build argument 'cmake_clean_cache' from command line to 'False'
[0.213s] Level 5:colcon.colcon_core.verb:set package 'camera_publisher' build argument 'cmake_clean_first' from command line to 'False'
[0.213s] Level 5:colcon.colcon_core.verb:set package 'camera_publisher' build argument 'cmake_force_configure' from command line to 'False'
[0.213s] Level 5:colcon.colcon_core.verb:set package 'camera_publisher' build argument 'ament_cmake_args' from command line to 'None'
[0.213s] Level 5:colcon.colcon_core.verb:set package 'camera_publisher' build argument 'catkin_cmake_args' from command line to 'None'
[0.213s] Level 5:colcon.colcon_core.verb:set package 'camera_publisher' build argument 'catkin_skip_building_tests' from command line to 'False'
[0.213s] DEBUG:colcon.colcon_core.verb:Building package 'camera_publisher' with the following arguments: {'ament_cmake_args': None, 'build_base': '/home/ntu/ros2_ws/build/camera_publisher', 'catkin_cmake_args': None, 'catkin_skip_building_tests': False, 'cmake_args': None, 'cmake_clean_cache': False, 'cmake_clean_first': False, 'cmake_force_configure': False, 'cmake_target': None, 'cmake_target_skip_unavailable': False, 'install_base': '/home/ntu/ros2_ws/install/camera_publisher', 'merge_install': False, 'path': '/home/ntu/ros2_ws/src/camera_publisher', 'symlink_install': False, 'test_result_base': None}
[0.213s] Level 5:colcon.colcon_core.verb:set package 'digital_space' build argument 'cmake_args' from command line to 'None'
[0.213s] Level 5:colcon.colcon_core.verb:set package 'digital_space' build argument 'cmake_target' from command line to 'None'
[0.213s] Level 5:colcon.colcon_core.verb:set package 'digital_space' build argument 'cmake_target_skip_unavailable' from command line to 'False'
[0.213s] Level 5:colcon.colcon_core.verb:set package 'digital_space' build argument 'cmake_clean_cache' from command line to 'False'
[0.213s] Level 5:colcon.colcon_core.verb:set package 'digital_space' build argument 'cmake_clean_first' from command line to 'False'
[0.213s] Level 5:colcon.colcon_core.verb:set package 'digital_space' build argument 'cmake_force_configure' from command line to 'False'
[0.213s] Level 5:colcon.colcon_core.verb:set package 'digital_space' build argument 'ament_cmake_args' from command line to 'None'
[0.213s] Level 5:colcon.colcon_core.verb:set package 'digital_space' build argument 'catkin_cmake_args' from command line to 'None'
[0.213s] Level 5:colcon.colcon_core.verb:set package 'digital_space' build argument 'catkin_skip_building_tests' from command line to 'False'
[0.213s] DEBUG:colcon.colcon_core.verb:Building package 'digital_space' with the following arguments: {'ament_cmake_args': None, 'build_base': '/home/ntu/ros2_ws/build/digital_space', 'catkin_cmake_args': None, 'catkin_skip_building_tests': False, 'cmake_args': None, 'cmake_clean_cache': False, 'cmake_clean_first': False, 'cmake_force_configure': False, 'cmake_target': None, 'cmake_target_skip_unavailable': False, 'install_base': '/home/ntu/ros2_ws/install/digital_space', 'merge_install': False, 'path': '/home/ntu/ros2_ws/src/digital_space', 'symlink_install': False, 'test_result_base': None}
[0.213s] Level 5:colcon.colcon_core.verb:set package 'echostick_publisher' build argument 'cmake_args' from command line to 'None'
[0.213s] Level 5:colcon.colcon_core.verb:set package 'echostick_publisher' build argument 'cmake_target' from command line to 'None'
[0.213s] Level 5:colcon.colcon_core.verb:set package 'echostick_publisher' build argument 'cmake_target_skip_unavailable' from command line to 'False'
[0.213s] Level 5:colcon.colcon_core.verb:set package 'echostick_publisher' build argument 'cmake_clean_cache' from command line to 'False'
[0.213s] Level 5:colcon.colcon_core.verb:set package 'echostick_publisher' build argument 'cmake_clean_first' from command line to 'False'
[0.213s] Level 5:colcon.colcon_core.verb:set package 'echostick_publisher' build argument 'cmake_force_configure' from command line to 'False'
[0.213s] Level 5:colcon.colcon_core.verb:set package 'echostick_publisher' build argument 'ament_cmake_args' from command line to 'None'
[0.213s] Level 5:colcon.colcon_core.verb:set package 'echostick_publisher' build argument 'catkin_cmake_args' from command line to 'None'
[0.213s] Level 5:colcon.colcon_core.verb:set package 'echostick_publisher' build argument 'catkin_skip_building_tests' from command line to 'False'
[0.213s] DEBUG:colcon.colcon_core.verb:Building package 'echostick_publisher' with the following arguments: {'ament_cmake_args': None, 'build_base': '/home/ntu/ros2_ws/build/echostick_publisher', 'catkin_cmake_args': None, 'catkin_skip_building_tests': False, 'cmake_args': None, 'cmake_clean_cache': False, 'cmake_clean_first': False, 'cmake_force_configure': False, 'cmake_target': None, 'cmake_target_skip_unavailable': False, 'install_base': '/home/ntu/ros2_ws/install/echostick_publisher', 'merge_install': False, 'path': '/home/ntu/ros2_ws/src/echostick_publisher', 'symlink_install': False, 'test_result_base': None}
[0.213s] Level 5:colcon.colcon_core.verb:set package 'gps_publisher' build argument 'cmake_args' from command line to 'None'
[0.213s] Level 5:colcon.colcon_core.verb:set package 'gps_publisher' build argument 'cmake_target' from command line to 'None'
[0.213s] Level 5:colcon.colcon_core.verb:set package 'gps_publisher' build argument 'cmake_target_skip_unavailable' from command line to 'False'
[0.214s] Level 5:colcon.colcon_core.verb:set package 'gps_publisher' build argument 'cmake_clean_cache' from command line to 'False'
[0.214s] Level 5:colcon.colcon_core.verb:set package 'gps_publisher' build argument 'cmake_clean_first' from command line to 'False'
[0.214s] Level 5:colcon.colcon_core.verb:set package 'gps_publisher' build argument 'cmake_force_configure' from command line to 'False'
[0.214s] Level 5:colcon.colcon_core.verb:set package 'gps_publisher' build argument 'ament_cmake_args' from command line to 'None'
[0.214s] Level 5:colcon.colcon_core.verb:set package 'gps_publisher' build argument 'catkin_cmake_args' from command line to 'None'
[0.214s] Level 5:colcon.colcon_core.verb:set package 'gps_publisher' build argument 'catkin_skip_building_tests' from command line to 'False'
[0.214s] DEBUG:colcon.colcon_core.verb:Building package 'gps_publisher' with the following arguments: {'ament_cmake_args': None, 'build_base': '/home/ntu/ros2_ws/build/gps_publisher', 'catkin_cmake_args': None, 'catkin_skip_building_tests': False, 'cmake_args': None, 'cmake_clean_cache': False, 'cmake_clean_first': False, 'cmake_force_configure': False, 'cmake_target': None, 'cmake_target_skip_unavailable': False, 'install_base': '/home/ntu/ros2_ws/install/gps_publisher', 'merge_install': False, 'path': '/home/ntu/ros2_ws/src/gps_publisher', 'symlink_install': False, 'test_result_base': None}
[0.214s] Level 5:colcon.colcon_core.verb:set package 'propeller_control' build argument 'cmake_args' from command line to 'None'
[0.214s] Level 5:colcon.colcon_core.verb:set package 'propeller_control' build argument 'cmake_target' from command line to 'None'
[0.214s] Level 5:colcon.colcon_core.verb:set package 'propeller_control' build argument 'cmake_target_skip_unavailable' from command line to 'False'
[0.214s] Level 5:colcon.colcon_core.verb:set package 'propeller_control' build argument 'cmake_clean_cache' from command line to 'False'
[0.214s] Level 5:colcon.colcon_core.verb:set package 'propeller_control' build argument 'cmake_clean_first' from command line to 'False'
[0.214s] Level 5:colcon.colcon_core.verb:set package 'propeller_control' build argument 'cmake_force_configure' from command line to 'False'
[0.214s] Level 5:colcon.colcon_core.verb:set package 'propeller_control' build argument 'ament_cmake_args' from command line to 'None'
[0.214s] Level 5:colcon.colcon_core.verb:set package 'propeller_control' build argument 'catkin_cmake_args' from command line to 'None'
[0.214s] Level 5:colcon.colcon_core.verb:set package 'propeller_control' build argument 'catkin_skip_building_tests' from command line to 'False'
[0.214s] DEBUG:colcon.colcon_core.verb:Building package 'propeller_control' with the following arguments: {'ament_cmake_args': None, 'build_base': '/home/ntu/ros2_ws/build/propeller_control', 'catkin_cmake_args': None, 'catkin_skip_building_tests': False, 'cmake_args': None, 'cmake_clean_cache': False, 'cmake_clean_first': False, 'cmake_force_configure': False, 'cmake_target': None, 'cmake_target_skip_unavailable': False, 'install_base': '/home/ntu/ros2_ws/install/propeller_control', 'merge_install': False, 'path': '/home/ntu/ros2_ws/src/propeller_control', 'symlink_install': False, 'test_result_base': None}
[0.214s] Level 5:colcon.colcon_core.verb:set package 'task_manager' build argument 'cmake_args' from command line to 'None'
[0.214s] Level 5:colcon.colcon_core.verb:set package 'task_manager' build argument 'cmake_target' from command line to 'None'
[0.214s] Level 5:colcon.colcon_core.verb:set package 'task_manager' build argument 'cmake_target_skip_unavailable' from command line to 'False'
[0.214s] Level 5:colcon.colcon_core.verb:set package 'task_manager' build argument 'cmake_clean_cache' from command line to 'False'
[0.214s] Level 5:colcon.colcon_core.verb:set package 'task_manager' build argument 'cmake_clean_first' from command line to 'False'
[0.214s] Level 5:colcon.colcon_core.verb:set package 'task_manager' build argument 'cmake_force_configure' from command line to 'False'
[0.214s] Level 5:colcon.colcon_core.verb:set package 'task_manager' build argument 'ament_cmake_args' from command line to 'None'
[0.214s] Level 5:colcon.colcon_core.verb:set package 'task_manager' build argument 'catkin_cmake_args' from command line to 'None'
[0.214s] Level 5:colcon.colcon_core.verb:set package 'task_manager' build argument 'catkin_skip_building_tests' from command line to 'False'
[0.214s] DEBUG:colcon.colcon_core.verb:Building package 'task_manager' with the following arguments: {'ament_cmake_args': None, 'build_base': '/home/ntu/ros2_ws/build/task_manager', 'catkin_cmake_args': None, 'catkin_skip_building_tests': False, 'cmake_args': None, 'cmake_clean_cache': False, 'cmake_clean_first': False, 'cmake_force_configure': False, 'cmake_target': None, 'cmake_target_skip_unavailable': False, 'install_base': '/home/ntu/ros2_ws/install/task_manager', 'merge_install': False, 'path': '/home/ntu/ros2_ws/src/task_manager', 'symlink_install': False, 'test_result_base': None}
[0.214s] INFO:colcon.colcon_core.executor:Executing jobs using 'parallel' executor
[0.215s] DEBUG:colcon.colcon_parallel_executor.executor.parallel:run_until_complete
[0.215s] INFO:colcon.colcon_ros.task.ament_cmake.build:Building ROS package in '/home/ntu/ros2_ws/src/digital_space' with build type 'ament_cmake'
[0.215s] INFO:colcon.colcon_cmake.task.cmake.build:Building CMake package in '/home/ntu/ros2_ws/src/digital_space'
[0.216s] INFO:colcon.colcon_core.plugin_system:Skipping extension 'colcon_core.shell.bat': Not used on non-Windows systems
[0.216s] INFO:colcon.colcon_core.shell:Skip shell extension 'powershell' for command environment: Not usable outside of PowerShell
[0.216s] DEBUG:colcon.colcon_core.shell:Skip shell extension 'dsv' for command environment
[0.219s] INFO:colcon.colcon_ros.task.ament_python.build:Building ROS package in '/home/ntu/ros2_ws/src/camera_publisher' with build type 'ament_python'
[0.219s] Level 1:colcon.colcon_core.shell:create_environment_hook('camera_publisher', 'ament_prefix_path')
[0.219s] INFO:colcon.colcon_core.shell:Creating environment hook '/home/ntu/ros2_ws/install/camera_publisher/share/camera_publisher/hook/ament_prefix_path.ps1'
[0.220s] INFO:colcon.colcon_core.shell:Creating environment descriptor '/home/ntu/ros2_ws/install/camera_publisher/share/camera_publisher/hook/ament_prefix_path.dsv'
[0.220s] INFO:colcon.colcon_core.shell:Creating environment hook '/home/ntu/ros2_ws/install/camera_publisher/share/camera_publisher/hook/ament_prefix_path.sh'
[0.221s] INFO:colcon.colcon_core.shell:Skip shell extension 'powershell' for command environment: Not usable outside of PowerShell
[0.221s] DEBUG:colcon.colcon_core.shell:Skip shell extension 'dsv' for command environment
[0.223s] INFO:colcon.colcon_ros.task.ament_python.build:Building ROS package in '/home/ntu/ros2_ws/src/echostick_publisher' with build type 'ament_python'
[0.223s] Level 1:colcon.colcon_core.shell:create_environment_hook('echostick_publisher', 'ament_prefix_path')
[0.224s] INFO:colcon.colcon_core.shell:Creating environment hook '/home/ntu/ros2_ws/install/echostick_publisher/share/echostick_publisher/hook/ament_prefix_path.ps1'
[0.224s] INFO:colcon.colcon_core.shell:Creating environment descriptor '/home/ntu/ros2_ws/install/echostick_publisher/share/echostick_publisher/hook/ament_prefix_path.dsv'
[0.224s] INFO:colcon.colcon_core.shell:Creating environment hook '/home/ntu/ros2_ws/install/echostick_publisher/share/echostick_publisher/hook/ament_prefix_path.sh'
[0.225s] INFO:colcon.colcon_core.shell:Skip shell extension 'powershell' for command environment: Not usable outside of PowerShell
[0.225s] DEBUG:colcon.colcon_core.shell:Skip shell extension 'dsv' for command environment
[0.231s] INFO:colcon.colcon_ros.task.ament_python.build:Building ROS package in '/home/ntu/ros2_ws/src/gps_publisher' with build type 'ament_python'
[0.231s] Level 1:colcon.colcon_core.shell:create_environment_hook('gps_publisher', 'ament_prefix_path')
[0.231s] INFO:colcon.colcon_core.shell:Creating environment hook '/home/ntu/ros2_ws/install/gps_publisher/share/gps_publisher/hook/ament_prefix_path.ps1'
[0.232s] INFO:colcon.colcon_core.shell:Creating environment descriptor '/home/ntu/ros2_ws/install/gps_publisher/share/gps_publisher/hook/ament_prefix_path.dsv'
[0.232s] INFO:colcon.colcon_core.shell:Creating environment hook '/home/ntu/ros2_ws/install/gps_publisher/share/gps_publisher/hook/ament_prefix_path.sh'
[0.233s] INFO:colcon.colcon_core.shell:Skip shell extension 'powershell' for command environment: Not usable outside of PowerShell
[0.233s] DEBUG:colcon.colcon_core.shell:Skip shell extension 'dsv' for command environment
[0.237s] INFO:colcon.colcon_ros.task.ament_cmake.build:Building ROS package in '/home/ntu/ros2_ws/src/propeller_control' with build type 'ament_cmake'
[0.237s] INFO:colcon.colcon_cmake.task.cmake.build:Building CMake package in '/home/ntu/ros2_ws/src/propeller_control'
[0.237s] INFO:colcon.colcon_core.shell:Skip shell extension 'powershell' for command environment: Not usable outside of PowerShell
[0.237s] DEBUG:colcon.colcon_core.shell:Skip shell extension 'dsv' for command environment
[0.245s] DEBUG:colcon.colcon_core.event_handler.log_command:Invoking command in '/home/ntu/ros2_ws/build/digital_space': CMAKE_PREFIX_PATH=${CMAKE_PREFIX_PATH}:/home/ntu/ros2_ws/install/gps_publisher:/home/ntu/ros2_ws/install/echostick_publisher:/home/ntu/ros2_ws/install/camera_publisher:/opt/ros/foxy /usr/bin/cmake --build /home/ntu/ros2_ws/build/digital_space -- -j12 -l12
[0.377s] INFO:colcon.colcon_core.task.python.build:Building Python package in '/home/ntu/ros2_ws/src/camera_publisher'
[0.377s] INFO:colcon.colcon_core.shell:Skip shell extension 'powershell' for command environment: Not usable outside of PowerShell
[0.377s] DEBUG:colcon.colcon_core.shell:Skip shell extension 'dsv' for command environment
[0.487s] INFO:colcon.colcon_core.task.python.build:Building Python package in '/home/ntu/ros2_ws/src/echostick_publisher'
[0.487s] INFO:colcon.colcon_core.shell:Skip shell extension 'powershell' for command environment: Not usable outside of PowerShell
[0.487s] DEBUG:colcon.colcon_core.shell:Skip shell extension 'dsv' for command environment
[0.597s] INFO:colcon.colcon_core.task.python.build:Building Python package in '/home/ntu/ros2_ws/src/gps_publisher'
[0.597s] INFO:colcon.colcon_core.shell:Skip shell extension 'powershell' for command environment: Not usable outside of PowerShell
[0.597s] DEBUG:colcon.colcon_core.shell:Skip shell extension 'dsv' for command environment
[0.605s] DEBUG:colcon.colcon_core.event_handler.log_command:Invoking command in '/home/ntu/ros2_ws/build/propeller_control': CMAKE_PREFIX_PATH=${CMAKE_PREFIX_PATH}:/home/ntu/ros2_ws/install/gps_publisher:/home/ntu/ros2_ws/install/echostick_publisher:/home/ntu/ros2_ws/install/camera_publisher:/opt/ros/foxy /usr/bin/cmake --build /home/ntu/ros2_ws/build/propeller_control -- -j12 -l12
[0.611s] DEBUG:colcon.colcon_core.event_handler.log_command:Invoked command in '/home/ntu/ros2_ws/build/digital_space' returned '0': CMAKE_PREFIX_PATH=${CMAKE_PREFIX_PATH}:/home/ntu/ros2_ws/install/gps_publisher:/home/ntu/ros2_ws/install/echostick_publisher:/home/ntu/ros2_ws/install/camera_publisher:/opt/ros/foxy /usr/bin/cmake --build /home/ntu/ros2_ws/build/digital_space -- -j12 -l12
[0.630s] DEBUG:colcon.colcon_core.event_handler.log_command:Invoked command in '/home/ntu/ros2_ws/build/propeller_control' returned '0': CMAKE_PREFIX_PATH=${CMAKE_PREFIX_PATH}:/home/ntu/ros2_ws/install/gps_publisher:/home/ntu/ros2_ws/install/echostick_publisher:/home/ntu/ros2_ws/install/camera_publisher:/opt/ros/foxy /usr/bin/cmake --build /home/ntu/ros2_ws/build/propeller_control -- -j12 -l12
[0.650s] DEBUG:colcon.colcon_core.event_handler.log_command:Invoking command in '/home/ntu/ros2_ws/build/digital_space': CMAKE_PREFIX_PATH=${CMAKE_PREFIX_PATH}:/home/ntu/ros2_ws/install/gps_publisher:/home/ntu/ros2_ws/install/echostick_publisher:/home/ntu/ros2_ws/install/camera_publisher:/opt/ros/foxy /usr/bin/cmake --install /home/ntu/ros2_ws/build/digital_space
[0.653s] DEBUG:colcon.colcon_core.event_handler.log_command:Invoking command in '/home/ntu/ros2_ws/build/propeller_control': CMAKE_PREFIX_PATH=${CMAKE_PREFIX_PATH}:/home/ntu/ros2_ws/install/gps_publisher:/home/ntu/ros2_ws/install/echostick_publisher:/home/ntu/ros2_ws/install/camera_publisher:/opt/ros/foxy /usr/bin/cmake --install /home/ntu/ros2_ws/build/propeller_control
[0.663s] Level 1:colcon.colcon_core.environment:create_environment_scripts_only(propeller_control)
[0.667s] DEBUG:colcon.colcon_core.event_handler.log_command:Invoked command in '/home/ntu/ros2_ws/build/propeller_control' returned '0': CMAKE_PREFIX_PATH=${CMAKE_PREFIX_PATH}:/home/ntu/ros2_ws/install/gps_publisher:/home/ntu/ros2_ws/install/echostick_publisher:/home/ntu/ros2_ws/install/camera_publisher:/opt/ros/foxy /usr/bin/cmake --install /home/ntu/ros2_ws/build/propeller_control
[0.668s] Level 1:colcon.colcon_core.environment:checking '/home/ntu/ros2_ws/install/propeller_control' for CMake module files
[0.668s] Level 1:colcon.colcon_core.environment:checking '/home/ntu/ros2_ws/install/propeller_control' for CMake config files
[0.669s] Level 1:colcon.colcon_core.shell:create_environment_hook('propeller_control', 'cmake_prefix_path')
[0.669s] INFO:colcon.colcon_core.shell:Creating environment hook '/home/ntu/ros2_ws/install/propeller_control/share/propeller_control/hook/cmake_prefix_path.ps1'
[0.670s] INFO:colcon.colcon_core.shell:Creating environment descriptor '/home/ntu/ros2_ws/install/propeller_control/share/propeller_control/hook/cmake_prefix_path.dsv'
[0.670s] INFO:colcon.colcon_core.shell:Creating environment hook '/home/ntu/ros2_ws/install/propeller_control/share/propeller_control/hook/cmake_prefix_path.sh'
[0.671s] Level 1:colcon.colcon_core.environment:checking '/home/ntu/ros2_ws/install/propeller_control/lib'
[0.671s] Level 1:colcon.colcon_core.environment:checking '/home/ntu/ros2_ws/install/propeller_control/bin'
[0.671s] Level 1:colcon.colcon_core.environment:checking '/home/ntu/ros2_ws/install/propeller_control/lib/pkgconfig/propeller_control.pc'
[0.671s] Level 1:colcon.colcon_core.environment:checking '/home/ntu/ros2_ws/install/propeller_control/lib/python3.8/site-packages'
[0.671s] Level 1:colcon.colcon_core.environment:checking '/home/ntu/ros2_ws/install/propeller_control/bin'
[0.672s] INFO:colcon.colcon_core.shell:Creating package script '/home/ntu/ros2_ws/install/propeller_control/share/propeller_control/package.ps1'
[0.672s] INFO:colcon.colcon_core.shell:Creating package descriptor '/home/ntu/ros2_ws/install/propeller_control/share/propeller_control/package.dsv'
[0.673s] INFO:colcon.colcon_core.shell:Creating package script '/home/ntu/ros2_ws/install/propeller_control/share/propeller_control/package.sh'
[0.674s] INFO:colcon.colcon_core.shell:Creating package script '/home/ntu/ros2_ws/install/propeller_control/share/propeller_control/package.bash'
[0.675s] INFO:colcon.colcon_core.shell:Creating package script '/home/ntu/ros2_ws/install/propeller_control/share/propeller_control/package.zsh'
[0.675s] Level 1:colcon.colcon_core.environment:create_file_with_runtime_dependencies(/home/ntu/ros2_ws/install/propeller_control/share/colcon-core/packages/propeller_control)
[0.697s] Level 1:colcon.colcon_core.environment:create_environment_scripts_only(propeller_control)
[0.697s] Level 1:colcon.colcon_core.environment:checking '/home/ntu/ros2_ws/install/propeller_control' for CMake module files
[0.698s] Level 1:colcon.colcon_core.environment:checking '/home/ntu/ros2_ws/install/propeller_control' for CMake config files
[0.698s] Level 1:colcon.colcon_core.shell:create_environment_hook('propeller_control', 'cmake_prefix_path')
[0.698s] INFO:colcon.colcon_core.shell:Creating environment hook '/home/ntu/ros2_ws/install/propeller_control/share/propeller_control/hook/cmake_prefix_path.ps1'
[0.700s] INFO:colcon.colcon_core.shell:Creating environment descriptor '/home/ntu/ros2_ws/install/propeller_control/share/propeller_control/hook/cmake_prefix_path.dsv'
[0.701s] INFO:colcon.colcon_core.shell:Creating environment hook '/home/ntu/ros2_ws/install/propeller_control/share/propeller_control/hook/cmake_prefix_path.sh'
[0.702s] Level 1:colcon.colcon_core.environment:checking '/home/ntu/ros2_ws/install/propeller_control/lib'
[0.703s] Level 1:colcon.colcon_core.environment:checking '/home/ntu/ros2_ws/install/propeller_control/bin'
[0.703s] Level 1:colcon.colcon_core.environment:checking '/home/ntu/ros2_ws/install/propeller_control/lib/pkgconfig/propeller_control.pc'
[0.703s] Level 1:colcon.colcon_core.environment:checking '/home/ntu/ros2_ws/install/propeller_control/lib/python3.8/site-packages'
[0.703s] Level 1:colcon.colcon_core.environment:checking '/home/ntu/ros2_ws/install/propeller_control/bin'
[0.704s] INFO:colcon.colcon_core.shell:Creating package script '/home/ntu/ros2_ws/install/propeller_control/share/propeller_control/package.ps1'
[0.705s] INFO:colcon.colcon_core.shell:Creating package descriptor '/home/ntu/ros2_ws/install/propeller_control/share/propeller_control/package.dsv'
[0.707s] INFO:colcon.colcon_core.shell:Creating package script '/home/ntu/ros2_ws/install/propeller_control/share/propeller_control/package.sh'
[0.708s] INFO:colcon.colcon_core.shell:Creating package script '/home/ntu/ros2_ws/install/propeller_control/share/propeller_control/package.bash'
[0.709s] INFO:colcon.colcon_core.shell:Creating package script '/home/ntu/ros2_ws/install/propeller_control/share/propeller_control/package.zsh'
[0.709s] Level 1:colcon.colcon_core.environment:create_file_with_runtime_dependencies(/home/ntu/ros2_ws/install/propeller_control/share/colcon-core/packages/propeller_control)
[0.710s] Level 1:colcon.colcon_core.environment:create_environment_scripts_only(digital_space)
[0.710s] Level 1:colcon.colcon_core.environment:checking '/home/ntu/ros2_ws/install/digital_space' for CMake module files
[0.711s] DEBUG:colcon.colcon_core.event_handler.log_command:Invoked command in '/home/ntu/ros2_ws/build/digital_space' returned '0': CMAKE_PREFIX_PATH=${CMAKE_PREFIX_PATH}:/home/ntu/ros2_ws/install/gps_publisher:/home/ntu/ros2_ws/install/echostick_publisher:/home/ntu/ros2_ws/install/camera_publisher:/opt/ros/foxy /usr/bin/cmake --install /home/ntu/ros2_ws/build/digital_space
[0.711s] Level 1:colcon.colcon_core.environment:checking '/home/ntu/ros2_ws/install/digital_space' for CMake config files
[0.712s] Level 1:colcon.colcon_core.shell:create_environment_hook('digital_space', 'cmake_prefix_path')
[0.712s] INFO:colcon.colcon_core.shell:Creating environment hook '/home/ntu/ros2_ws/install/digital_space/share/digital_space/hook/cmake_prefix_path.ps1'
[0.713s] INFO:colcon.colcon_core.shell:Creating environment descriptor '/home/ntu/ros2_ws/install/digital_space/share/digital_space/hook/cmake_prefix_path.dsv'
[0.713s] INFO:colcon.colcon_core.shell:Creating environment hook '/home/ntu/ros2_ws/install/digital_space/share/digital_space/hook/cmake_prefix_path.sh'
[0.713s] Level 1:colcon.colcon_core.environment:checking '/home/ntu/ros2_ws/install/digital_space/lib'
[0.713s] Level 1:colcon.colcon_core.shell:create_environment_hook('digital_space', 'ld_library_path_lib')
[0.714s] INFO:colcon.colcon_core.shell:Creating environment hook '/home/ntu/ros2_ws/install/digital_space/share/digital_space/hook/ld_library_path_lib.ps1'
[0.714s] INFO:colcon.colcon_core.shell:Creating environment descriptor '/home/ntu/ros2_ws/install/digital_space/share/digital_space/hook/ld_library_path_lib.dsv'
[0.714s] INFO:colcon.colcon_core.shell:Creating environment hook '/home/ntu/ros2_ws/install/digital_space/share/digital_space/hook/ld_library_path_lib.sh'
[0.715s] Level 1:colcon.colcon_core.environment:checking '/home/ntu/ros2_ws/install/digital_space/bin'
[0.715s] Level 1:colcon.colcon_core.environment:checking '/home/ntu/ros2_ws/install/digital_space/lib/pkgconfig/digital_space.pc'
[0.715s] Level 1:colcon.colcon_core.environment:checking '/home/ntu/ros2_ws/install/digital_space/lib/python3.8/site-packages'
[0.715s] Level 1:colcon.colcon_core.shell:create_environment_hook('digital_space', 'pythonpath')
[0.715s] INFO:colcon.colcon_core.shell:Creating environment hook '/home/ntu/ros2_ws/install/digital_space/share/digital_space/hook/pythonpath.ps1'
[0.715s] INFO:colcon.colcon_core.shell:Creating environment descriptor '/home/ntu/ros2_ws/install/digital_space/share/digital_space/hook/pythonpath.dsv'
[0.716s] INFO:colcon.colcon_core.shell:Creating environment hook '/home/ntu/ros2_ws/install/digital_space/share/digital_space/hook/pythonpath.sh'
[0.716s] Level 1:colcon.colcon_core.environment:checking '/home/ntu/ros2_ws/install/digital_space/bin'
[0.716s] INFO:colcon.colcon_core.shell:Creating package script '/home/ntu/ros2_ws/install/digital_space/share/digital_space/package.ps1'
[0.717s] INFO:colcon.colcon_core.shell:Creating package descriptor '/home/ntu/ros2_ws/install/digital_space/share/digital_space/package.dsv'
[0.718s] INFO:colcon.colcon_core.shell:Creating package script '/home/ntu/ros2_ws/install/digital_space/share/digital_space/package.sh'
[0.718s] INFO:colcon.colcon_core.shell:Creating package script '/home/ntu/ros2_ws/install/digital_space/share/digital_space/package.bash'
[0.718s] INFO:colcon.colcon_core.shell:Creating package script '/home/ntu/ros2_ws/install/digital_space/share/digital_space/package.zsh'
[0.718s] Level 1:colcon.colcon_core.environment:create_file_with_runtime_dependencies(/home/ntu/ros2_ws/install/digital_space/share/colcon-core/packages/digital_space)
[0.757s] Level 1:colcon.colcon_core.environment:create_environment_scripts_only(digital_space)
[0.757s] Level 1:colcon.colcon_core.environment:checking '/home/ntu/ros2_ws/install/digital_space' for CMake module files
[0.758s] Level 1:colcon.colcon_core.environment:checking '/home/ntu/ros2_ws/install/digital_space' for CMake config files
[0.759s] Level 1:colcon.colcon_core.shell:create_environment_hook('digital_space', 'cmake_prefix_path')
[0.759s] INFO:colcon.colcon_core.shell:Creating environment hook '/home/ntu/ros2_ws/install/digital_space/share/digital_space/hook/cmake_prefix_path.ps1'
[0.760s] INFO:colcon.colcon_core.shell:Creating environment descriptor '/home/ntu/ros2_ws/install/digital_space/share/digital_space/hook/cmake_prefix_path.dsv'
[0.760s] INFO:colcon.colcon_core.shell:Creating environment hook '/home/ntu/ros2_ws/install/digital_space/share/digital_space/hook/cmake_prefix_path.sh'
[0.760s] Level 1:colcon.colcon_core.environment:checking '/home/ntu/ros2_ws/install/digital_space/lib'
[0.761s] Level 1:colcon.colcon_core.shell:create_environment_hook('digital_space', 'ld_library_path_lib')
[0.761s] INFO:colcon.colcon_core.shell:Creating environment hook '/home/ntu/ros2_ws/install/digital_space/share/digital_space/hook/ld_library_path_lib.ps1'
[0.761s] INFO:colcon.colcon_core.shell:Creating environment descriptor '/home/ntu/ros2_ws/install/digital_space/share/digital_space/hook/ld_library_path_lib.dsv'
[0.761s] INFO:colcon.colcon_core.shell:Creating environment hook '/home/ntu/ros2_ws/install/digital_space/share/digital_space/hook/ld_library_path_lib.sh'
[0.762s] Level 1:colcon.colcon_core.environment:checking '/home/ntu/ros2_ws/install/digital_space/bin'
[0.762s] Level 1:colcon.colcon_core.environment:checking '/home/ntu/ros2_ws/install/digital_space/lib/pkgconfig/digital_space.pc'
[0.762s] Level 1:colcon.colcon_core.environment:checking '/home/ntu/ros2_ws/install/digital_space/lib/python3.8/site-packages'
[0.762s] Level 1:colcon.colcon_core.shell:create_environment_hook('digital_space', 'pythonpath')
[0.762s] INFO:colcon.colcon_core.shell:Creating environment hook '/home/ntu/ros2_ws/install/digital_space/share/digital_space/hook/pythonpath.ps1'
[0.763s] INFO:colcon.colcon_core.shell:Creating environment descriptor '/home/ntu/ros2_ws/install/digital_space/share/digital_space/hook/pythonpath.dsv'
[0.763s] INFO:colcon.colcon_core.shell:Creating environment hook '/home/ntu/ros2_ws/install/digital_space/share/digital_space/hook/pythonpath.sh'
[0.763s] Level 1:colcon.colcon_core.environment:checking '/home/ntu/ros2_ws/install/digital_space/bin'
[0.764s] INFO:colcon.colcon_core.shell:Creating package script '/home/ntu/ros2_ws/install/digital_space/share/digital_space/package.ps1'
[0.764s] INFO:colcon.colcon_core.shell:Creating package descriptor '/home/ntu/ros2_ws/install/digital_space/share/digital_space/package.dsv'
[0.765s] INFO:colcon.colcon_core.shell:Creating package script '/home/ntu/ros2_ws/install/digital_space/share/digital_space/package.sh'
[0.765s] INFO:colcon.colcon_core.shell:Creating package script '/home/ntu/ros2_ws/install/digital_space/share/digital_space/package.bash'
[0.766s] INFO:colcon.colcon_core.shell:Creating package script '/home/ntu/ros2_ws/install/digital_space/share/digital_space/package.zsh'
[0.766s] Level 1:colcon.colcon_core.environment:create_file_with_runtime_dependencies(/home/ntu/ros2_ws/install/digital_space/share/colcon-core/packages/digital_space)
[0.766s] INFO:colcon.colcon_ros.task.ament_cmake.build:Building ROS package in '/home/ntu/ros2_ws/src/task_manager' with build type 'ament_cmake'
[0.767s] INFO:colcon.colcon_cmake.task.cmake.build:Building CMake package in '/home/ntu/ros2_ws/src/task_manager'
[0.767s] INFO:colcon.colcon_core.shell:Skip shell extension 'powershell' for command environment: Not usable outside of PowerShell
[0.767s] DEBUG:colcon.colcon_core.shell:Skip shell extension 'dsv' for command environment
[0.781s] DEBUG:colcon.colcon_core.event_handler.log_command:Invoking command in '/home/ntu/ros2_ws/build/task_manager': CMAKE_PREFIX_PATH=/home/ntu/ros2_ws/install/digital_space:/home/ntu/ros2_ws/install/task_manager:/home/ntu/ros2_ws/install/propeller_control:/home/ntu/ros2_ws/install/gps_publisher:/home/ntu/ros2_ws/install/echostick_publisher:/home/ntu/ros2_ws/install/camera_publisher:/opt/ros/foxy LD_LIBRARY_PATH=/home/ntu/ros2_ws/install/digital_space/lib:/home/ntu/ros2_ws/install/task_manager/lib:/opt/ros/foxy/opt/yaml_cpp_vendor/lib:/opt/ros/foxy/opt/rviz_ogre_vendor/lib:/opt/ros/foxy/lib/x86_64-linux-gnu:/opt/ros/foxy/lib PYTHONPATH=/home/ntu/ros2_ws/install/digital_space/lib/python3.8/site-packages:/home/ntu/ros2_ws/install/task_manager/lib/python3.8/site-packages:/home/ntu/ros2_ws/install/gps_publisher/lib/python3.8/site-packages:/home/ntu/ros2_ws/install/echostick_publisher/lib/python3.8/site-packages:/home/ntu/ros2_ws/install/camera_publisher/lib/python3.8/site-packages:/opt/ros/foxy/lib/python3.8/site-packages /usr/bin/cmake --build /home/ntu/ros2_ws/build/task_manager -- -j12 -l12
[0.872s] DEBUG:colcon.colcon_core.event_handler.log_command:Invoking command in '/home/ntu/ros2_ws/src/camera_publisher': PYTHONPATH=/home/ntu/ros2_ws/build/camera_publisher/prefix_override:/home/ntu/ros2_ws/install/camera_publisher/lib/python3.8/site-packages:${PYTHONPATH} /usr/bin/python3 -W ignore:setup.py install is deprecated setup.py egg_info --egg-base ../../build/camera_publisher build --build-base /home/ntu/ros2_ws/build/camera_publisher/build install --record /home/ntu/ros2_ws/build/camera_publisher/install.log --install-scripts $base/lib/camera_publisher --single-version-externally-managed install_data
[0.879s] DEBUG:colcon.colcon_core.event_handler.log_command:Invoking command in '/home/ntu/ros2_ws/src/echostick_publisher': PYTHONPATH=/home/ntu/ros2_ws/build/echostick_publisher/prefix_override:/home/ntu/ros2_ws/install/echostick_publisher/lib/python3.8/site-packages:${PYTHONPATH} /usr/bin/python3 -W ignore:setup.py install is deprecated setup.py egg_info --egg-base ../../build/echostick_publisher build --build-base /home/ntu/ros2_ws/build/echostick_publisher/build install --record /home/ntu/ros2_ws/build/echostick_publisher/install.log --install-scripts $base/lib/echostick_publisher --single-version-externally-managed install_data
[0.960s] DEBUG:colcon.colcon_core.event_handler.log_command:Invoked command in '/home/ntu/ros2_ws/build/task_manager' returned '0': CMAKE_PREFIX_PATH=/home/ntu/ros2_ws/install/digital_space:/home/ntu/ros2_ws/install/task_manager:/home/ntu/ros2_ws/install/propeller_control:/home/ntu/ros2_ws/install/gps_publisher:/home/ntu/ros2_ws/install/echostick_publisher:/home/ntu/ros2_ws/install/camera_publisher:/opt/ros/foxy LD_LIBRARY_PATH=/home/ntu/ros2_ws/install/digital_space/lib:/home/ntu/ros2_ws/install/task_manager/lib:/opt/ros/foxy/opt/yaml_cpp_vendor/lib:/opt/ros/foxy/opt/rviz_ogre_vendor/lib:/opt/ros/foxy/lib/x86_64-linux-gnu:/opt/ros/foxy/lib PYTHONPATH=/home/ntu/ros2_ws/install/digital_space/lib/python3.8/site-packages:/home/ntu/ros2_ws/install/task_manager/lib/python3.8/site-packages:/home/ntu/ros2_ws/install/gps_publisher/lib/python3.8/site-packages:/home/ntu/ros2_ws/install/echostick_publisher/lib/python3.8/site-packages:/home/ntu/ros2_ws/install/camera_publisher/lib/python3.8/site-packages:/opt/ros/foxy/lib/python3.8/site-packages /usr/bin/cmake --build /home/ntu/ros2_ws/build/task_manager -- -j12 -l12
[0.984s] DEBUG:colcon.colcon_core.event_handler.log_command:Invoking command in '/home/ntu/ros2_ws/src/gps_publisher': PYTHONPATH=/home/ntu/ros2_ws/build/gps_publisher/prefix_override:/home/ntu/ros2_ws/install/gps_publisher/lib/python3.8/site-packages:${PYTHONPATH} /usr/bin/python3 -W ignore:setup.py install is deprecated setup.py egg_info --egg-base ../../build/gps_publisher build --build-base /home/ntu/ros2_ws/build/gps_publisher/build install --record /home/ntu/ros2_ws/build/gps_publisher/install.log --install-scripts $base/lib/gps_publisher --single-version-externally-managed install_data
[0.997s] DEBUG:colcon.colcon_core.event_handler.log_command:Invoking command in '/home/ntu/ros2_ws/build/task_manager': CMAKE_PREFIX_PATH=/home/ntu/ros2_ws/install/digital_space:/home/ntu/ros2_ws/install/task_manager:/home/ntu/ros2_ws/install/propeller_control:/home/ntu/ros2_ws/install/gps_publisher:/home/ntu/ros2_ws/install/echostick_publisher:/home/ntu/ros2_ws/install/camera_publisher:/opt/ros/foxy LD_LIBRARY_PATH=/home/ntu/ros2_ws/install/digital_space/lib:/home/ntu/ros2_ws/install/task_manager/lib:/opt/ros/foxy/opt/yaml_cpp_vendor/lib:/opt/ros/foxy/opt/rviz_ogre_vendor/lib:/opt/ros/foxy/lib/x86_64-linux-gnu:/opt/ros/foxy/lib PYTHONPATH=/home/ntu/ros2_ws/install/digital_space/lib/python3.8/site-packages:/home/ntu/ros2_ws/install/task_manager/lib/python3.8/site-packages:/home/ntu/ros2_ws/install/gps_publisher/lib/python3.8/site-packages:/home/ntu/ros2_ws/install/echostick_publisher/lib/python3.8/site-packages:/home/ntu/ros2_ws/install/camera_publisher/lib/python3.8/site-packages:/opt/ros/foxy/lib/python3.8/site-packages /usr/bin/cmake --install /home/ntu/ros2_ws/build/task_manager
[1.041s] Level 1:colcon.colcon_core.environment:checking '/home/ntu/ros2_ws/install/camera_publisher' for CMake module files
[1.041s] DEBUG:colcon.colcon_core.event_handler.log_command:Invoked command in '/home/ntu/ros2_ws/src/camera_publisher' returned '0': PYTHONPATH=/home/ntu/ros2_ws/build/camera_publisher/prefix_override:/home/ntu/ros2_ws/install/camera_publisher/lib/python3.8/site-packages:${PYTHONPATH} /usr/bin/python3 -W ignore:setup.py install is deprecated setup.py egg_info --egg-base ../../build/camera_publisher build --build-base /home/ntu/ros2_ws/build/camera_publisher/build install --record /home/ntu/ros2_ws/build/camera_publisher/install.log --install-scripts $base/lib/camera_publisher --single-version-externally-managed install_data
[1.042s] Level 1:colcon.colcon_core.environment:checking '/home/ntu/ros2_ws/install/camera_publisher' for CMake config files
[1.042s] Level 1:colcon.colcon_core.environment:checking '/home/ntu/ros2_ws/install/camera_publisher/lib'
[1.042s] Level 1:colcon.colcon_core.environment:checking '/home/ntu/ros2_ws/install/camera_publisher/bin'
[1.042s] Level 1:colcon.colcon_core.environment:checking '/home/ntu/ros2_ws/install/camera_publisher/lib/pkgconfig/camera_publisher.pc'
[1.043s] Level 1:colcon.colcon_core.environment:checking '/home/ntu/ros2_ws/install/camera_publisher/lib/python3.8/site-packages'
[1.043s] Level 1:colcon.colcon_core.shell:create_environment_hook('camera_publisher', 'pythonpath')
[1.043s] INFO:colcon.colcon_core.shell:Creating environment hook '/home/ntu/ros2_ws/install/camera_publisher/share/camera_publisher/hook/pythonpath.ps1'
[1.044s] INFO:colcon.colcon_core.shell:Creating environment descriptor '/home/ntu/ros2_ws/install/camera_publisher/share/camera_publisher/hook/pythonpath.dsv'
[1.044s] INFO:colcon.colcon_core.shell:Creating environment hook '/home/ntu/ros2_ws/install/camera_publisher/share/camera_publisher/hook/pythonpath.sh'
[1.045s] Level 1:colcon.colcon_core.environment:checking '/home/ntu/ros2_ws/install/camera_publisher/bin'
[1.045s] Level 1:colcon.colcon_core.environment:create_environment_scripts_only(camera_publisher)
[1.046s] INFO:colcon.colcon_core.shell:Creating package script '/home/ntu/ros2_ws/install/camera_publisher/share/camera_publisher/package.ps1'
[1.047s] INFO:colcon.colcon_core.shell:Creating package descriptor '/home/ntu/ros2_ws/install/camera_publisher/share/camera_publisher/package.dsv'
[1.047s] INFO:colcon.colcon_core.shell:Creating package script '/home/ntu/ros2_ws/install/camera_publisher/share/camera_publisher/package.sh'
[1.048s] INFO:colcon.colcon_core.shell:Creating package script '/home/ntu/ros2_ws/install/camera_publisher/share/camera_publisher/package.bash'
[1.049s] INFO:colcon.colcon_core.shell:Creating package script '/home/ntu/ros2_ws/install/camera_publisher/share/camera_publisher/package.zsh'
[1.050s] Level 1:colcon.colcon_core.environment:create_file_with_runtime_dependencies(/home/ntu/ros2_ws/install/camera_publisher/share/colcon-core/packages/camera_publisher)
[1.051s] Level 1:colcon.colcon_core.environment:create_environment_scripts_only(task_manager)
[1.051s] Level 1:colcon.colcon_core.environment:checking '/home/ntu/ros2_ws/install/task_manager' for CMake module files
[1.053s] Level 1:colcon.colcon_core.environment:checking '/home/ntu/ros2_ws/install/task_manager' for CMake config files
[1.054s] DEBUG:colcon.colcon_core.event_handler.log_command:Invoked command in '/home/ntu/ros2_ws/build/task_manager' returned '0': CMAKE_PREFIX_PATH=/home/ntu/ros2_ws/install/digital_space:/home/ntu/ros2_ws/install/task_manager:/home/ntu/ros2_ws/install/propeller_control:/home/ntu/ros2_ws/install/gps_publisher:/home/ntu/ros2_ws/install/echostick_publisher:/home/ntu/ros2_ws/install/camera_publisher:/opt/ros/foxy LD_LIBRARY_PATH=/home/ntu/ros2_ws/install/digital_space/lib:/home/ntu/ros2_ws/install/task_manager/lib:/opt/ros/foxy/opt/yaml_cpp_vendor/lib:/opt/ros/foxy/opt/rviz_ogre_vendor/lib:/opt/ros/foxy/lib/x86_64-linux-gnu:/opt/ros/foxy/lib PYTHONPATH=/home/ntu/ros2_ws/install/digital_space/lib/python3.8/site-packages:/home/ntu/ros2_ws/install/task_manager/lib/python3.8/site-packages:/home/ntu/ros2_ws/install/gps_publisher/lib/python3.8/site-packages:/home/ntu/ros2_ws/install/echostick_publisher/lib/python3.8/site-packages:/home/ntu/ros2_ws/install/camera_publisher/lib/python3.8/site-packages:/opt/ros/foxy/lib/python3.8/site-packages /usr/bin/cmake --install /home/ntu/ros2_ws/build/task_manager
[1.054s] Level 1:colcon.colcon_core.shell:create_environment_hook('task_manager', 'cmake_prefix_path')
[1.055s] INFO:colcon.colcon_core.shell:Creating environment hook '/home/ntu/ros2_ws/install/task_manager/share/task_manager/hook/cmake_prefix_path.ps1'
[1.055s] INFO:colcon.colcon_core.shell:Creating environment descriptor '/home/ntu/ros2_ws/install/task_manager/share/task_manager/hook/cmake_prefix_path.dsv'
[1.055s] INFO:colcon.colcon_core.shell:Creating environment hook '/home/ntu/ros2_ws/install/task_manager/share/task_manager/hook/cmake_prefix_path.sh'
[1.056s] Level 1:colcon.colcon_core.environment:checking '/home/ntu/ros2_ws/install/task_manager/lib'
[1.056s] Level 1:colcon.colcon_core.shell:create_environment_hook('task_manager', 'ld_library_path_lib')
[1.056s] INFO:colcon.colcon_core.shell:Creating environment hook '/home/ntu/ros2_ws/install/task_manager/share/task_manager/hook/ld_library_path_lib.ps1'
[1.057s] INFO:colcon.colcon_core.shell:Creating environment descriptor '/home/ntu/ros2_ws/install/task_manager/share/task_manager/hook/ld_library_path_lib.dsv'
[1.057s] INFO:colcon.colcon_core.shell:Creating environment hook '/home/ntu/ros2_ws/install/task_manager/share/task_manager/hook/ld_library_path_lib.sh'
[1.057s] Level 1:colcon.colcon_core.environment:checking '/home/ntu/ros2_ws/install/task_manager/bin'
[1.057s] Level 1:colcon.colcon_core.environment:checking '/home/ntu/ros2_ws/install/task_manager/lib/pkgconfig/task_manager.pc'
[1.057s] Level 1:colcon.colcon_core.environment:checking '/home/ntu/ros2_ws/install/task_manager/lib/python3.8/site-packages'
[1.057s] Level 1:colcon.colcon_core.shell:create_environment_hook('task_manager', 'pythonpath')
[1.058s] INFO:colcon.colcon_core.shell:Creating environment hook '/home/ntu/ros2_ws/install/task_manager/share/task_manager/hook/pythonpath.ps1'
[1.058s] INFO:colcon.colcon_core.shell:Creating environment descriptor '/home/ntu/ros2_ws/install/task_manager/share/task_manager/hook/pythonpath.dsv'
[1.058s] INFO:colcon.colcon_core.shell:Creating environment hook '/home/ntu/ros2_ws/install/task_manager/share/task_manager/hook/pythonpath.sh'
[1.059s] Level 1:colcon.colcon_core.environment:checking '/home/ntu/ros2_ws/install/task_manager/bin'
[1.059s] INFO:colcon.colcon_core.shell:Creating package script '/home/ntu/ros2_ws/install/task_manager/share/task_manager/package.ps1'
[1.060s] INFO:colcon.colcon_core.shell:Creating package descriptor '/home/ntu/ros2_ws/install/task_manager/share/task_manager/package.dsv'
[1.060s] INFO:colcon.colcon_core.shell:Creating package script '/home/ntu/ros2_ws/install/task_manager/share/task_manager/package.sh'
[1.060s] INFO:colcon.colcon_core.shell:Creating package script '/home/ntu/ros2_ws/install/task_manager/share/task_manager/package.bash'
[1.061s] INFO:colcon.colcon_core.shell:Creating package script '/home/ntu/ros2_ws/install/task_manager/share/task_manager/package.zsh'
[1.061s] Level 1:colcon.colcon_core.environment:create_file_with_runtime_dependencies(/home/ntu/ros2_ws/install/task_manager/share/colcon-core/packages/task_manager)
[1.094s] Level 1:colcon.colcon_core.environment:create_environment_scripts_only(task_manager)
[1.095s] Level 1:colcon.colcon_core.environment:checking '/home/ntu/ros2_ws/install/task_manager' for CMake module files
[1.095s] Level 1:colcon.colcon_core.environment:checking '/home/ntu/ros2_ws/install/task_manager' for CMake config files
[1.096s] Level 1:colcon.colcon_core.shell:create_environment_hook('task_manager', 'cmake_prefix_path')
[1.096s] INFO:colcon.colcon_core.shell:Creating environment hook '/home/ntu/ros2_ws/install/task_manager/share/task_manager/hook/cmake_prefix_path.ps1'
[1.096s] INFO:colcon.colcon_core.shell:Creating environment descriptor '/home/ntu/ros2_ws/install/task_manager/share/task_manager/hook/cmake_prefix_path.dsv'
[1.096s] INFO:colcon.colcon_core.shell:Creating environment hook '/home/ntu/ros2_ws/install/task_manager/share/task_manager/hook/cmake_prefix_path.sh'
[1.096s] Level 1:colcon.colcon_core.environment:checking '/home/ntu/ros2_ws/install/task_manager/lib'
[1.097s] Level 1:colcon.colcon_core.shell:create_environment_hook('task_manager', 'ld_library_path_lib')
[1.097s] INFO:colcon.colcon_core.shell:Creating environment hook '/home/ntu/ros2_ws/install/task_manager/share/task_manager/hook/ld_library_path_lib.ps1'
[1.097s] INFO:colcon.colcon_core.shell:Creating environment descriptor '/home/ntu/ros2_ws/install/task_manager/share/task_manager/hook/ld_library_path_lib.dsv'
[1.097s] INFO:colcon.colcon_core.shell:Creating environment hook '/home/ntu/ros2_ws/install/task_manager/share/task_manager/hook/ld_library_path_lib.sh'
[1.097s] Level 1:colcon.colcon_core.environment:checking '/home/ntu/ros2_ws/install/task_manager/bin'
[1.097s] Level 1:colcon.colcon_core.environment:checking '/home/ntu/ros2_ws/install/task_manager/lib/pkgconfig/task_manager.pc'
[1.097s] Level 1:colcon.colcon_core.environment:checking '/home/ntu/ros2_ws/install/task_manager/lib/python3.8/site-packages'
[1.097s] Level 1:colcon.colcon_core.shell:create_environment_hook('task_manager', 'pythonpath')
[1.097s] INFO:colcon.colcon_core.shell:Creating environment hook '/home/ntu/ros2_ws/install/task_manager/share/task_manager/hook/pythonpath.ps1'
[1.098s] INFO:colcon.colcon_core.shell:Creating environment descriptor '/home/ntu/ros2_ws/install/task_manager/share/task_manager/hook/pythonpath.dsv'
[1.098s] INFO:colcon.colcon_core.shell:Creating environment hook '/home/ntu/ros2_ws/install/task_manager/share/task_manager/hook/pythonpath.sh'
[1.098s] Level 1:colcon.colcon_core.environment:checking '/home/ntu/ros2_ws/install/task_manager/bin'
[1.098s] INFO:colcon.colcon_core.shell:Creating package script '/home/ntu/ros2_ws/install/task_manager/share/task_manager/package.ps1'
[1.099s] INFO:colcon.colcon_core.shell:Creating package descriptor '/home/ntu/ros2_ws/install/task_manager/share/task_manager/package.dsv'
[1.099s] INFO:colcon.colcon_core.shell:Creating package script '/home/ntu/ros2_ws/install/task_manager/share/task_manager/package.sh'
[1.099s] INFO:colcon.colcon_core.shell:Creating package script '/home/ntu/ros2_ws/install/task_manager/share/task_manager/package.bash'
[1.099s] INFO:colcon.colcon_core.shell:Creating package script '/home/ntu/ros2_ws/install/task_manager/share/task_manager/package.zsh'
[1.100s] Level 1:colcon.colcon_core.environment:create_file_with_runtime_dependencies(/home/ntu/ros2_ws/install/task_manager/share/colcon-core/packages/task_manager)
[1.114s] Level 1:colcon.colcon_core.environment:checking '/home/ntu/ros2_ws/install/echostick_publisher' for CMake module files
[1.114s] DEBUG:colcon.colcon_core.event_handler.log_command:Invoked command in '/home/ntu/ros2_ws/src/echostick_publisher' returned '0': PYTHONPATH=/home/ntu/ros2_ws/build/echostick_publisher/prefix_override:/home/ntu/ros2_ws/install/echostick_publisher/lib/python3.8/site-packages:${PYTHONPATH} /usr/bin/python3 -W ignore:setup.py install is deprecated setup.py egg_info --egg-base ../../build/echostick_publisher build --build-base /home/ntu/ros2_ws/build/echostick_publisher/build install --record /home/ntu/ros2_ws/build/echostick_publisher/install.log --install-scripts $base/lib/echostick_publisher --single-version-externally-managed install_data
[1.114s] Level 1:colcon.colcon_core.environment:checking '/home/ntu/ros2_ws/install/echostick_publisher' for CMake config files
[1.115s] Level 1:colcon.colcon_core.environment:checking '/home/ntu/ros2_ws/install/echostick_publisher/lib'
[1.115s] Level 1:colcon.colcon_core.environment:checking '/home/ntu/ros2_ws/install/echostick_publisher/bin'
[1.115s] Level 1:colcon.colcon_core.environment:checking '/home/ntu/ros2_ws/install/echostick_publisher/lib/pkgconfig/echostick_publisher.pc'
[1.115s] Level 1:colcon.colcon_core.environment:checking '/home/ntu/ros2_ws/install/echostick_publisher/lib/python3.8/site-packages'
[1.115s] Level 1:colcon.colcon_core.shell:create_environment_hook('echostick_publisher', 'pythonpath')
[1.115s] INFO:colcon.colcon_core.shell:Creating environment hook '/home/ntu/ros2_ws/install/echostick_publisher/share/echostick_publisher/hook/pythonpath.ps1'
[1.115s] INFO:colcon.colcon_core.shell:Creating environment descriptor '/home/ntu/ros2_ws/install/echostick_publisher/share/echostick_publisher/hook/pythonpath.dsv'
[1.116s] INFO:colcon.colcon_core.shell:Creating environment hook '/home/ntu/ros2_ws/install/echostick_publisher/share/echostick_publisher/hook/pythonpath.sh'
[1.116s] Level 1:colcon.colcon_core.environment:checking '/home/ntu/ros2_ws/install/echostick_publisher/bin'
[1.116s] Level 1:colcon.colcon_core.environment:create_environment_scripts_only(echostick_publisher)
[1.116s] INFO:colcon.colcon_core.shell:Creating package script '/home/ntu/ros2_ws/install/echostick_publisher/share/echostick_publisher/package.ps1'
[1.116s] INFO:colcon.colcon_core.shell:Creating package descriptor '/home/ntu/ros2_ws/install/echostick_publisher/share/echostick_publisher/package.dsv'
[1.116s] INFO:colcon.colcon_core.shell:Creating package script '/home/ntu/ros2_ws/install/echostick_publisher/share/echostick_publisher/package.sh'
[1.117s] INFO:colcon.colcon_core.shell:Creating package script '/home/ntu/ros2_ws/install/echostick_publisher/share/echostick_publisher/package.bash'
[1.117s] INFO:colcon.colcon_core.shell:Creating package script '/home/ntu/ros2_ws/install/echostick_publisher/share/echostick_publisher/package.zsh'
[1.117s] Level 1:colcon.colcon_core.environment:create_file_with_runtime_dependencies(/home/ntu/ros2_ws/install/echostick_publisher/share/colcon-core/packages/echostick_publisher)
[1.161s] Level 1:colcon.colcon_core.environment:checking '/home/ntu/ros2_ws/install/gps_publisher' for CMake module files
[1.162s] DEBUG:colcon.colcon_core.event_handler.log_command:Invoked command in '/home/ntu/ros2_ws/src/gps_publisher' returned '0': PYTHONPATH=/home/ntu/ros2_ws/build/gps_publisher/prefix_override:/home/ntu/ros2_ws/install/gps_publisher/lib/python3.8/site-packages:${PYTHONPATH} /usr/bin/python3 -W ignore:setup.py install is deprecated setup.py egg_info --egg-base ../../build/gps_publisher build --build-base /home/ntu/ros2_ws/build/gps_publisher/build install --record /home/ntu/ros2_ws/build/gps_publisher/install.log --install-scripts $base/lib/gps_publisher --single-version-externally-managed install_data
[1.162s] Level 1:colcon.colcon_core.environment:checking '/home/ntu/ros2_ws/install/gps_publisher' for CMake config files
[1.162s] Level 1:colcon.colcon_core.environment:checking '/home/ntu/ros2_ws/install/gps_publisher/lib'
[1.162s] Level 1:colcon.colcon_core.environment:checking '/home/ntu/ros2_ws/install/gps_publisher/bin'
[1.162s] Level 1:colcon.colcon_core.environment:checking '/home/ntu/ros2_ws/install/gps_publisher/lib/pkgconfig/gps_publisher.pc'
[1.162s] Level 1:colcon.colcon_core.environment:checking '/home/ntu/ros2_ws/install/gps_publisher/lib/python3.8/site-packages'
[1.162s] Level 1:colcon.colcon_core.shell:create_environment_hook('gps_publisher', 'pythonpath')
[1.163s] INFO:colcon.colcon_core.shell:Creating environment hook '/home/ntu/ros2_ws/install/gps_publisher/share/gps_publisher/hook/pythonpath.ps1'
[1.163s] INFO:colcon.colcon_core.shell:Creating environment descriptor '/home/ntu/ros2_ws/install/gps_publisher/share/gps_publisher/hook/pythonpath.dsv'
[1.163s] INFO:colcon.colcon_core.shell:Creating environment hook '/home/ntu/ros2_ws/install/gps_publisher/share/gps_publisher/hook/pythonpath.sh'
[1.163s] Level 1:colcon.colcon_core.environment:checking '/home/ntu/ros2_ws/install/gps_publisher/bin'
[1.163s] Level 1:colcon.colcon_core.environment:create_environment_scripts_only(gps_publisher)
[1.163s] INFO:colcon.colcon_core.shell:Creating package script '/home/ntu/ros2_ws/install/gps_publisher/share/gps_publisher/package.ps1'
[1.164s] INFO:colcon.colcon_core.shell:Creating package descriptor '/home/ntu/ros2_ws/install/gps_publisher/share/gps_publisher/package.dsv'
[1.164s] INFO:colcon.colcon_core.shell:Creating package script '/home/ntu/ros2_ws/install/gps_publisher/share/gps_publisher/package.sh'
[1.164s] INFO:colcon.colcon_core.shell:Creating package script '/home/ntu/ros2_ws/install/gps_publisher/share/gps_publisher/package.bash'
[1.164s] INFO:colcon.colcon_core.shell:Creating package script '/home/ntu/ros2_ws/install/gps_publisher/share/gps_publisher/package.zsh'
[1.164s] Level 1:colcon.colcon_core.environment:create_file_with_runtime_dependencies(/home/ntu/ros2_ws/install/gps_publisher/share/colcon-core/packages/gps_publisher)
[1.164s] DEBUG:colcon.colcon_parallel_executor.executor.parallel:closing loop
[1.165s] DEBUG:colcon.colcon_parallel_executor.executor.parallel:loop closed
[1.165s] DEBUG:colcon.colcon_parallel_executor.executor.parallel:run_until_complete finished with '0'
[1.165s] DEBUG:colcon.colcon_core.event_reactor:joining thread
[1.170s] INFO:colcon.colcon_core.plugin_system:Skipping extension 'colcon_notification.desktop_notification.terminal_notifier': Not used on non-Darwin systems
[1.170s] INFO:colcon.colcon_core.plugin_system:Skipping extension 'colcon_notification.desktop_notification.win32': Not used on non-Windows systems
[1.171s] INFO:colcon.colcon_notification.desktop_notification:Sending desktop notification using 'notify2'
[1.180s] DEBUG:colcon.colcon_core.event_reactor:joined thread
[1.180s] INFO:colcon.colcon_core.shell:Creating prefix script '/home/ntu/ros2_ws/install/local_setup.ps1'
[1.181s] INFO:colcon.colcon_core.shell:Creating prefix util module '/home/ntu/ros2_ws/install/_local_setup_util_ps1.py'
[1.181s] INFO:colcon.colcon_core.shell:Creating prefix chain script '/home/ntu/ros2_ws/install/setup.ps1'
[1.182s] INFO:colcon.colcon_core.shell:Creating prefix script '/home/ntu/ros2_ws/install/local_setup.sh'
[1.182s] INFO:colcon.colcon_core.shell:Creating prefix util module '/home/ntu/ros2_ws/install/_local_setup_util_sh.py'
[1.182s] INFO:colcon.colcon_core.shell:Creating prefix chain script '/home/ntu/ros2_ws/install/setup.sh'
[1.183s] INFO:colcon.colcon_core.shell:Creating prefix script '/home/ntu/ros2_ws/install/local_setup.bash'
[1.183s] INFO:colcon.colcon_core.shell:Creating prefix chain script '/home/ntu/ros2_ws/install/setup.bash'
[1.184s] INFO:colcon.colcon_core.shell:Creating prefix script '/home/ntu/ros2_ws/install/local_setup.zsh'
[1.184s] INFO:colcon.colcon_core.shell:Creating prefix chain script '/home/ntu/ros2_ws/install/setup.zsh'
