-- The C compiler identification is GNU 9.4.0
-- The CXX compiler identification is GNU 9.4.0
-- Check for working C compiler: /usr/bin/cc
-- Check for working C compiler: /usr/bin/cc -- works
-- Detecting C compiler ABI info
-- Detecting C compiler ABI info - done
-- Detecting C compile features
-- Detecting C compile features - done
-- Check for working CXX compiler: /usr/bin/c++
-- Check for working CXX compiler: /usr/bin/c++ -- works
-- Detecting CXX compiler ABI info
-- Detecting CXX compiler ABI info - done
-- Detecting CXX compile features
-- Detecting CXX compile features - done
-- Found ament_cmake: 0.9.12 (/opt/ros/foxy/share/ament_cmake/cmake)
-- Found PythonInterp: /usr/bin/python3 (found suitable version "3.8.10", minimum required is "3") 
-- Using PYTHON_EXECUTABLE: /usr/bin/python3
-- Found rclpy: 1.0.13 (/opt/ros/foxy/share/rclpy/cmake)
-- Found std_msgs: 2.0.5 (/opt/ros/foxy/share/std_msgs/cmake)
-- Using all available rosidl_typesupport_c: rosidl_typesupport_fastrtps_c;rosidl_typesupport_introspection_c
-- Found rosidl_adapter: 1.3.1 (/opt/ros/foxy/share/rosidl_adapter/cmake)
-- Found OpenSSL: /usr/lib/x86_64-linux-gnu/libcrypto.so (found version "1.1.1f")  
-- Found FastRTPS: /opt/ros/foxy/include  
-- Using all available rosidl_typesupport_cpp: rosidl_typesupport_fastrtps_cpp;rosidl_typesupport_introspection_cpp
CMake Error at /opt/ros/foxy/share/ament_cmake_python/cmake/ament_python_install_package.cmake:46 (message):
  ament_python_install_package() the Python package folder
  '/home/ntu/ros2_ws/src/propeller_control/propeller_control' doesn't contain
  an '__init__.py' file
Call Stack (most recent call first):
  /opt/ros/foxy/share/ament_cmake_python/cmake/ament_python_install_package.cmake:28 (_ament_cmake_python_install_package)
  CMakeLists.txt:11 (ament_python_install_package)


-- Configuring incomplete, errors occurred!
See also "/home/ntu/ros2_ws/build/propeller_control/CMakeFiles/CMakeOutput.log".
