[  3%] Built target propeller_control__cpp
[ 12%] Built target propeller_control__rosidl_generator_c
[ 22%] Built target propeller_control__rosidl_typesupport_cpp
[ 32%] Built target propeller_control__rosidl_typesupport_introspection_cpp
[ 41%] Built target propeller_control__rosidl_typesupport_fastrtps_cpp
[ 61%] Built target propeller_control__rosidl_typesupport_c
[ 61%] Built target propeller_control__rosidl_typesupport_introspection_c
[ 70%] Built target propeller_control__rosidl_typesupport_fastrtps_c
[ 70%] Built target propeller_control
[ 74%] Built target propeller_control__py
[ 80%] Built target propeller_control__python
[ 87%] Built target propeller_control__rosidl_typesupport_fastrtps_c__pyext
[ 93%] Built target propeller_control__rosidl_typesupport_introspection_c__pyext
[100%] Built target propeller_control__rosidl_typesupport_c__pyext
-- Install configuration: ""
-- Up-to-date: /home/ntu/ros2_ws/install/propeller_control/share/ament_index/resource_index/rosidl_interfaces/propeller_control
-- Up-to-date: /home/ntu/ros2_ws/install/propeller_control/include/propeller_control
-- Up-to-date: /home/ntu/ros2_ws/install/propeller_control/include/propeller_control/msg
-- Up-to-date: /home/ntu/ros2_ws/install/propeller_control/include/propeller_control/msg/rosidl_generator_c__visibility_control.h
-- Up-to-date: /home/ntu/ros2_ws/install/propeller_control/include/propeller_control/msg/detail
-- Up-to-date: /home/ntu/ros2_ws/install/propeller_control/include/propeller_control/msg/detail/propeller_status__type_support.h
-- Up-to-date: /home/ntu/ros2_ws/install/propeller_control/include/propeller_control/msg/detail/propeller_status__functions.c
-- Up-to-date: /home/ntu/ros2_ws/install/propeller_control/include/propeller_control/msg/detail/propeller_status__struct.h
-- Up-to-date: /home/ntu/ros2_ws/install/propeller_control/include/propeller_control/msg/detail/propeller_status__functions.h
-- Up-to-date: /home/ntu/ros2_ws/install/propeller_control/include/propeller_control/msg/propeller_status.h
-- Up-to-date: /home/ntu/ros2_ws/install/propeller_control/share/propeller_control/environment/library_path.sh
-- Up-to-date: /home/ntu/ros2_ws/install/propeller_control/share/propeller_control/environment/library_path.dsv
-- Up-to-date: /home/ntu/ros2_ws/install/propeller_control/lib/libpropeller_control__rosidl_generator_c.so
-- Up-to-date: /home/ntu/ros2_ws/install/propeller_control/include/propeller_control
-- Up-to-date: /home/ntu/ros2_ws/install/propeller_control/include/propeller_control/msg
-- Up-to-date: /home/ntu/ros2_ws/install/propeller_control/include/propeller_control/msg/detail
-- Up-to-date: /home/ntu/ros2_ws/install/propeller_control/include/propeller_control/msg/detail/propeller_status__rosidl_typesupport_fastrtps_c.h
-- Up-to-date: /home/ntu/ros2_ws/install/propeller_control/include/propeller_control/msg/rosidl_typesupport_fastrtps_c__visibility_control.h
-- Up-to-date: /home/ntu/ros2_ws/install/propeller_control/lib/libpropeller_control__rosidl_typesupport_fastrtps_c.so
-- Up-to-date: /home/ntu/ros2_ws/install/propeller_control/include/propeller_control
-- Up-to-date: /home/ntu/ros2_ws/install/propeller_control/include/propeller_control/msg
-- Up-to-date: /home/ntu/ros2_ws/install/propeller_control/include/propeller_control/msg/rosidl_typesupport_fastrtps_cpp__visibility_control.h
-- Up-to-date: /home/ntu/ros2_ws/install/propeller_control/include/propeller_control/msg/detail
-- Up-to-date: /home/ntu/ros2_ws/install/propeller_control/include/propeller_control/msg/detail/dds_fastrtps
-- Up-to-date: /home/ntu/ros2_ws/install/propeller_control/include/propeller_control/msg/detail/propeller_status__rosidl_typesupport_fastrtps_cpp.hpp
-- Up-to-date: /home/ntu/ros2_ws/install/propeller_control/lib/libpropeller_control__rosidl_typesupport_fastrtps_cpp.so
-- Up-to-date: /home/ntu/ros2_ws/install/propeller_control/include/propeller_control
-- Up-to-date: /home/ntu/ros2_ws/install/propeller_control/include/propeller_control/msg
-- Up-to-date: /home/ntu/ros2_ws/install/propeller_control/include/propeller_control/msg/rosidl_typesupport_introspection_c__visibility_control.h
-- Up-to-date: /home/ntu/ros2_ws/install/propeller_control/include/propeller_control/msg/detail
-- Up-to-date: /home/ntu/ros2_ws/install/propeller_control/include/propeller_control/msg/detail/propeller_status__type_support.c
-- Up-to-date: /home/ntu/ros2_ws/install/propeller_control/include/propeller_control/msg/detail/propeller_status__rosidl_typesupport_introspection_c.h
-- Up-to-date: /home/ntu/ros2_ws/install/propeller_control/lib/libpropeller_control__rosidl_typesupport_introspection_c.so
-- Up-to-date: /home/ntu/ros2_ws/install/propeller_control/lib/libpropeller_control__rosidl_typesupport_c.so
-- Up-to-date: /home/ntu/ros2_ws/install/propeller_control/include/propeller_control
-- Up-to-date: /home/ntu/ros2_ws/install/propeller_control/include/propeller_control/msg
-- Up-to-date: /home/ntu/ros2_ws/install/propeller_control/include/propeller_control/msg/rosidl_generator_cpp__visibility_control.hpp
-- Up-to-date: /home/ntu/ros2_ws/install/propeller_control/include/propeller_control/msg/detail
-- Up-to-date: /home/ntu/ros2_ws/install/propeller_control/include/propeller_control/msg/detail/propeller_status__builder.hpp
-- Up-to-date: /home/ntu/ros2_ws/install/propeller_control/include/propeller_control/msg/detail/propeller_status__type_support.hpp
-- Up-to-date: /home/ntu/ros2_ws/install/propeller_control/include/propeller_control/msg/detail/propeller_status__traits.hpp
-- Up-to-date: /home/ntu/ros2_ws/install/propeller_control/include/propeller_control/msg/detail/propeller_status__struct.hpp
-- Up-to-date: /home/ntu/ros2_ws/install/propeller_control/include/propeller_control/msg/propeller_status.hpp
-- Up-to-date: /home/ntu/ros2_ws/install/propeller_control/include/propeller_control
-- Up-to-date: /home/ntu/ros2_ws/install/propeller_control/include/propeller_control/msg
-- Up-to-date: /home/ntu/ros2_ws/install/propeller_control/include/propeller_control/msg/detail
-- Up-to-date: /home/ntu/ros2_ws/install/propeller_control/include/propeller_control/msg/detail/propeller_status__rosidl_typesupport_introspection_cpp.hpp
-- Up-to-date: /home/ntu/ros2_ws/install/propeller_control/include/propeller_control/msg/detail/propeller_status__type_support.cpp
-- Up-to-date: /home/ntu/ros2_ws/install/propeller_control/lib/libpropeller_control__rosidl_typesupport_introspection_cpp.so
-- Up-to-date: /home/ntu/ros2_ws/install/propeller_control/lib/libpropeller_control__rosidl_typesupport_cpp.so
-- Up-to-date: /home/ntu/ros2_ws/install/propeller_control/share/propeller_control/environment/pythonpath.sh
-- Up-to-date: /home/ntu/ros2_ws/install/propeller_control/share/propeller_control/environment/pythonpath.dsv
-- Up-to-date: /home/ntu/ros2_ws/install/propeller_control/lib/python3.8/site-packages/propeller_control/__init__.py
-- Up-to-date: /home/ntu/ros2_ws/install/propeller_control/lib/python3.8/site-packages/propeller_control/msg
-- Up-to-date: /home/ntu/ros2_ws/install/propeller_control/lib/python3.8/site-packages/propeller_control/msg/_propeller_status_s.c
-- Up-to-date: /home/ntu/ros2_ws/install/propeller_control/lib/python3.8/site-packages/propeller_control/msg/_propeller_status.py
-- Up-to-date: /home/ntu/ros2_ws/install/propeller_control/lib/python3.8/site-packages/propeller_control/msg/__init__.py
-- Up-to-date: /home/ntu/ros2_ws/install/propeller_control/lib/python3.8/site-packages/propeller_control/propeller_control_s__rosidl_typesupport_fastrtps_c.cpython-38-x86_64-linux-gnu.so
-- Up-to-date: /home/ntu/ros2_ws/install/propeller_control/lib/python3.8/site-packages/propeller_control/propeller_control_s__rosidl_typesupport_introspection_c.cpython-38-x86_64-linux-gnu.so
-- Up-to-date: /home/ntu/ros2_ws/install/propeller_control/lib/python3.8/site-packages/propeller_control/propeller_control_s__rosidl_typesupport_c.cpython-38-x86_64-linux-gnu.so
-- Up-to-date: /home/ntu/ros2_ws/install/propeller_control/lib/libpropeller_control__python.so
-- Up-to-date: /home/ntu/ros2_ws/install/propeller_control/share/propeller_control/msg/PropellerStatus.idl
-- Up-to-date: /home/ntu/ros2_ws/install/propeller_control/share/propeller_control/msg/PropellerStatus.msg
-- Up-to-date: /home/ntu/ros2_ws/install/propeller_control/lib/propeller_control/propeller_1.py
-- Up-to-date: /home/ntu/ros2_ws/install/propeller_control/lib/propeller_control/propeller_2.py
-- Up-to-date: /home/ntu/ros2_ws/install/propeller_control/lib/propeller_control/propeller_3.py
-- Up-to-date: /home/ntu/ros2_ws/install/propeller_control/lib/propeller_control/propeller_4.py
-- Up-to-date: /home/ntu/ros2_ws/install/propeller_control/share/propeller_control//launch
-- Up-to-date: /home/ntu/ros2_ws/install/propeller_control/share/propeller_control//launch/propeller_launch.py
-- Up-to-date: /home/ntu/ros2_ws/install/propeller_control/share/ament_index/resource_index/package_run_dependencies/propeller_control
-- Up-to-date: /home/ntu/ros2_ws/install/propeller_control/share/ament_index/resource_index/parent_prefix_path/propeller_control
-- Up-to-date: /home/ntu/ros2_ws/install/propeller_control/share/propeller_control/environment/ament_prefix_path.sh
-- Up-to-date: /home/ntu/ros2_ws/install/propeller_control/share/propeller_control/environment/ament_prefix_path.dsv
-- Up-to-date: /home/ntu/ros2_ws/install/propeller_control/share/propeller_control/environment/path.sh
-- Up-to-date: /home/ntu/ros2_ws/install/propeller_control/share/propeller_control/environment/path.dsv
-- Up-to-date: /home/ntu/ros2_ws/install/propeller_control/share/propeller_control/local_setup.bash
-- Up-to-date: /home/ntu/ros2_ws/install/propeller_control/share/propeller_control/local_setup.sh
-- Up-to-date: /home/ntu/ros2_ws/install/propeller_control/share/propeller_control/local_setup.zsh
-- Up-to-date: /home/ntu/ros2_ws/install/propeller_control/share/propeller_control/local_setup.dsv
-- Installing: /home/ntu/ros2_ws/install/propeller_control/share/propeller_control/package.dsv
-- Up-to-date: /home/ntu/ros2_ws/install/propeller_control/share/ament_index/resource_index/packages/propeller_control
-- Up-to-date: /home/ntu/ros2_ws/install/propeller_control/share/propeller_control/cmake/propeller_control__rosidl_generator_cExport.cmake
-- Up-to-date: /home/ntu/ros2_ws/install/propeller_control/share/propeller_control/cmake/propeller_control__rosidl_generator_cExport-noconfig.cmake
-- Up-to-date: /home/ntu/ros2_ws/install/propeller_control/share/propeller_control/cmake/propeller_control__rosidl_typesupport_introspection_cExport.cmake
-- Up-to-date: /home/ntu/ros2_ws/install/propeller_control/share/propeller_control/cmake/propeller_control__rosidl_typesupport_introspection_cExport-noconfig.cmake
-- Up-to-date: /home/ntu/ros2_ws/install/propeller_control/share/propeller_control/cmake/propeller_control__rosidl_typesupport_cExport.cmake
-- Up-to-date: /home/ntu/ros2_ws/install/propeller_control/share/propeller_control/cmake/propeller_control__rosidl_typesupport_cExport-noconfig.cmake
-- Up-to-date: /home/ntu/ros2_ws/install/propeller_control/share/propeller_control/cmake/propeller_control__rosidl_generator_cppExport.cmake
-- Up-to-date: /home/ntu/ros2_ws/install/propeller_control/share/propeller_control/cmake/propeller_control__rosidl_typesupport_introspection_cppExport.cmake
-- Up-to-date: /home/ntu/ros2_ws/install/propeller_control/share/propeller_control/cmake/propeller_control__rosidl_typesupport_introspection_cppExport-noconfig.cmake
-- Up-to-date: /home/ntu/ros2_ws/install/propeller_control/share/propeller_control/cmake/propeller_control__rosidl_typesupport_cppExport.cmake
-- Up-to-date: /home/ntu/ros2_ws/install/propeller_control/share/propeller_control/cmake/propeller_control__rosidl_typesupport_cppExport-noconfig.cmake
-- Up-to-date: /home/ntu/ros2_ws/install/propeller_control/share/propeller_control/cmake/rosidl_cmake-extras.cmake
-- Up-to-date: /home/ntu/ros2_ws/install/propeller_control/share/propeller_control/cmake/ament_cmake_export_dependencies-extras.cmake
-- Up-to-date: /home/ntu/ros2_ws/install/propeller_control/share/propeller_control/cmake/ament_cmake_export_libraries-extras.cmake
-- Up-to-date: /home/ntu/ros2_ws/install/propeller_control/share/propeller_control/cmake/ament_cmake_export_targets-extras.cmake
-- Up-to-date: /home/ntu/ros2_ws/install/propeller_control/share/propeller_control/cmake/ament_cmake_export_include_directories-extras.cmake
-- Up-to-date: /home/ntu/ros2_ws/install/propeller_control/share/propeller_control/cmake/rosidl_cmake_export_typesupport_libraries-extras.cmake
-- Up-to-date: /home/ntu/ros2_ws/install/propeller_control/share/propeller_control/cmake/rosidl_cmake_export_typesupport_targets-extras.cmake
-- Up-to-date: /home/ntu/ros2_ws/install/propeller_control/share/propeller_control/cmake/propeller_controlConfig.cmake
-- Up-to-date: /home/ntu/ros2_ws/install/propeller_control/share/propeller_control/cmake/propeller_controlConfig-version.cmake
-- Up-to-date: /home/ntu/ros2_ws/install/propeller_control/share/propeller_control/package.xml
