running egg_info
creating ../../build/echostick_publisher/echostick_publisher.egg-info
writing ../../build/echostick_publisher/echostick_publisher.egg-info/PKG-INFO
writing dependency_links to ../../build/echostick_publisher/echostick_publisher.egg-info/dependency_links.txt
writing entry points to ../../build/echostick_publisher/echostick_publisher.egg-info/entry_points.txt
writing requirements to ../../build/echostick_publisher/echostick_publisher.egg-info/requires.txt
writing top-level names to ../../build/echostick_publisher/echostick_publisher.egg-info/top_level.txt
writing manifest file '../../build/echostick_publisher/echostick_publisher.egg-info/SOURCES.txt'
reading manifest file '../../build/echostick_publisher/echostick_publisher.egg-info/SOURCES.txt'
writing manifest file '../../build/echostick_publisher/echostick_publisher.egg-info/SOURCES.txt'
running build
running build_py
creating /home/ntu/ros2_ws/build/echostick_publisher/build
creating /home/ntu/ros2_ws/build/echostick_publisher/build/lib
creating /home/ntu/ros2_ws/build/echostick_publisher/build/lib/echostick_publisher
copying echostick_publisher/echostick_publisher_node.py -> /home/ntu/ros2_ws/build/echostick_publisher/build/lib/echostick_publisher
copying echostick_publisher/__init__.py -> /home/ntu/ros2_ws/build/echostick_publisher/build/lib/echostick_publisher
running install
running install_lib
creating /home/ntu/ros2_ws/install/echostick_publisher/lib/python3.8/site-packages/echostick_publisher
copying /home/ntu/ros2_ws/build/echostick_publisher/build/lib/echostick_publisher/echostick_publisher_node.py -> /home/ntu/ros2_ws/install/echostick_publisher/lib/python3.8/site-packages/echostick_publisher
copying /home/ntu/ros2_ws/build/echostick_publisher/build/lib/echostick_publisher/__init__.py -> /home/ntu/ros2_ws/install/echostick_publisher/lib/python3.8/site-packages/echostick_publisher
byte-compiling /home/ntu/ros2_ws/install/echostick_publisher/lib/python3.8/site-packages/echostick_publisher/echostick_publisher_node.py to echostick_publisher_node.cpython-38.pyc
byte-compiling /home/ntu/ros2_ws/install/echostick_publisher/lib/python3.8/site-packages/echostick_publisher/__init__.py to __init__.cpython-38.pyc
running install_data
creating /home/ntu/ros2_ws/install/echostick_publisher/share/ament_index
creating /home/ntu/ros2_ws/install/echostick_publisher/share/ament_index/resource_index
creating /home/ntu/ros2_ws/install/echostick_publisher/share/ament_index/resource_index/packages
copying resource/echostick_publisher -> /home/ntu/ros2_ws/install/echostick_publisher/share/ament_index/resource_index/packages
copying package.xml -> /home/ntu/ros2_ws/install/echostick_publisher/share/echostick_publisher
running install_egg_info
Copying ../../build/echostick_publisher/echostick_publisher.egg-info to /home/ntu/ros2_ws/install/echostick_publisher/lib/python3.8/site-packages/echostick_publisher-0.0.0-py3.8.egg-info
running install_scripts
Installing echostick_publisher script to /home/ntu/ros2_ws/install/echostick_publisher/lib/echostick_publisher
writing list of installed files to '/home/ntu/ros2_ws/build/echostick_publisher/install.log'
