[0.703s] Invoking command in '/home/ntu/ros2_ws/src/echostick_publisher': PYTHONPATH=/home/ntu/ros2_ws/build/echostick_publisher/prefix_override:/home/ntu/ros2_ws/install/echostick_publisher/lib/python3.8/site-packages:${PYTHONPATH} /usr/bin/python3 -W ignore:setup.py install is deprecated setup.py egg_info --egg-base ../../build/echostick_publisher build --build-base /home/ntu/ros2_ws/build/echostick_publisher/build install --record /home/ntu/ros2_ws/build/echostick_publisher/install.log --install-scripts $base/lib/echostick_publisher --single-version-externally-managed install_data
[0.864s] running egg_info
[0.865s] creating ../../build/echostick_publisher/echostick_publisher.egg-info
[0.865s] writing ../../build/echostick_publisher/echostick_publisher.egg-info/PKG-INFO
[0.865s] writing dependency_links to ../../build/echostick_publisher/echostick_publisher.egg-info/dependency_links.txt
[0.865s] writing entry points to ../../build/echostick_publisher/echostick_publisher.egg-info/entry_points.txt
[0.865s] writing requirements to ../../build/echostick_publisher/echostick_publisher.egg-info/requires.txt
[0.865s] writing top-level names to ../../build/echostick_publisher/echostick_publisher.egg-info/top_level.txt
[0.867s] writing manifest file '../../build/echostick_publisher/echostick_publisher.egg-info/SOURCES.txt'
[0.887s] reading manifest file '../../build/echostick_publisher/echostick_publisher.egg-info/SOURCES.txt'
[0.888s] writing manifest file '../../build/echostick_publisher/echostick_publisher.egg-info/SOURCES.txt'
[0.888s] running build
[0.888s] running build_py
[0.888s] creating /home/ntu/ros2_ws/build/echostick_publisher/build
[0.888s] creating /home/ntu/ros2_ws/build/echostick_publisher/build/lib
[0.888s] creating /home/ntu/ros2_ws/build/echostick_publisher/build/lib/echostick_publisher
[0.888s] copying echostick_publisher/echostick_publisher_node.py -> /home/ntu/ros2_ws/build/echostick_publisher/build/lib/echostick_publisher
[0.888s] copying echostick_publisher/__init__.py -> /home/ntu/ros2_ws/build/echostick_publisher/build/lib/echostick_publisher
[0.888s] running install
[0.889s] running install_lib
[0.889s] creating /home/ntu/ros2_ws/install/echostick_publisher/lib/python3.8/site-packages/echostick_publisher
[0.889s] copying /home/ntu/ros2_ws/build/echostick_publisher/build/lib/echostick_publisher/echostick_publisher_node.py -> /home/ntu/ros2_ws/install/echostick_publisher/lib/python3.8/site-packages/echostick_publisher
[0.889s] copying /home/ntu/ros2_ws/build/echostick_publisher/build/lib/echostick_publisher/__init__.py -> /home/ntu/ros2_ws/install/echostick_publisher/lib/python3.8/site-packages/echostick_publisher
[0.889s] byte-compiling /home/ntu/ros2_ws/install/echostick_publisher/lib/python3.8/site-packages/echostick_publisher/echostick_publisher_node.py to echostick_publisher_node.cpython-38.pyc
[0.890s] byte-compiling /home/ntu/ros2_ws/install/echostick_publisher/lib/python3.8/site-packages/echostick_publisher/__init__.py to __init__.cpython-38.pyc
[0.890s] running install_data
[0.890s] creating /home/ntu/ros2_ws/install/echostick_publisher/share/ament_index
[0.890s] creating /home/ntu/ros2_ws/install/echostick_publisher/share/ament_index/resource_index
[0.890s] creating /home/ntu/ros2_ws/install/echostick_publisher/share/ament_index/resource_index/packages
[0.891s] copying resource/echostick_publisher -> /home/ntu/ros2_ws/install/echostick_publisher/share/ament_index/resource_index/packages
[0.891s] copying package.xml -> /home/ntu/ros2_ws/install/echostick_publisher/share/echostick_publisher
[0.891s] running install_egg_info
[0.891s] Copying ../../build/echostick_publisher/echostick_publisher.egg-info to /home/ntu/ros2_ws/install/echostick_publisher/lib/python3.8/site-packages/echostick_publisher-0.0.0-py3.8.egg-info
[0.892s] running install_scripts
[0.903s] Installing echostick_publisher script to /home/ntu/ros2_ws/install/echostick_publisher/lib/echostick_publisher
[0.903s] writing list of installed files to '/home/ntu/ros2_ws/build/echostick_publisher/install.log'
[0.920s] Invoked command in '/home/ntu/ros2_ws/src/echostick_publisher' returned '0': PYTHONPATH=/home/ntu/ros2_ws/build/echostick_publisher/prefix_override:/home/ntu/ros2_ws/install/echostick_publisher/lib/python3.8/site-packages:${PYTHONPATH} /usr/bin/python3 -W ignore:setup.py install is deprecated setup.py egg_info --egg-base ../../build/echostick_publisher build --build-base /home/ntu/ros2_ws/build/echostick_publisher/build install --record /home/ntu/ros2_ws/build/echostick_publisher/install.log --install-scripts $base/lib/echostick_publisher --single-version-externally-managed install_data
