[0.861s] Invoking command in '/home/ntu/ros2_ws/src/gps_publisher': PYTHONPATH=/home/ntu/ros2_ws/build/gps_publisher/prefix_override:/home/ntu/ros2_ws/install/gps_publisher/lib/python3.8/site-packages:${PYTHONPATH} /usr/bin/python3 -W ignore:setup.py install is deprecated setup.py egg_info --egg-base ../../build/gps_publisher build --build-base /home/ntu/ros2_ws/build/gps_publisher/build install --record /home/ntu/ros2_ws/build/gps_publisher/install.log --install-scripts $base/lib/gps_publisher --single-version-externally-managed install_data
[0.981s] running egg_info
[0.981s] creating ../../build/gps_publisher/gps_publisher.egg-info
[0.982s] writing ../../build/gps_publisher/gps_publisher.egg-info/PKG-INFO
[0.982s] writing dependency_links to ../../build/gps_publisher/gps_publisher.egg-info/dependency_links.txt
[0.982s] writing entry points to ../../build/gps_publisher/gps_publisher.egg-info/entry_points.txt
[0.982s] writing requirements to ../../build/gps_publisher/gps_publisher.egg-info/requires.txt
[0.982s] writing top-level names to ../../build/gps_publisher/gps_publisher.egg-info/top_level.txt
[0.983s] writing manifest file '../../build/gps_publisher/gps_publisher.egg-info/SOURCES.txt'
[1.004s] reading manifest file '../../build/gps_publisher/gps_publisher.egg-info/SOURCES.txt'
[1.005s] writing manifest file '../../build/gps_publisher/gps_publisher.egg-info/SOURCES.txt'
[1.005s] running build
[1.005s] running build_py
[1.005s] creating /home/ntu/ros2_ws/build/gps_publisher/build
[1.005s] creating /home/ntu/ros2_ws/build/gps_publisher/build/lib
[1.006s] creating /home/ntu/ros2_ws/build/gps_publisher/build/lib/gps_publisher
[1.006s] copying gps_publisher/gps_publisher_node.py -> /home/ntu/ros2_ws/build/gps_publisher/build/lib/gps_publisher
[1.006s] copying gps_publisher/__init__.py -> /home/ntu/ros2_ws/build/gps_publisher/build/lib/gps_publisher
[1.006s] running install
[1.006s] running install_lib
[1.006s] creating /home/ntu/ros2_ws/install/gps_publisher/lib/python3.8/site-packages/gps_publisher
[1.007s] copying /home/ntu/ros2_ws/build/gps_publisher/build/lib/gps_publisher/gps_publisher_node.py -> /home/ntu/ros2_ws/install/gps_publisher/lib/python3.8/site-packages/gps_publisher
[1.007s] copying /home/ntu/ros2_ws/build/gps_publisher/build/lib/gps_publisher/__init__.py -> /home/ntu/ros2_ws/install/gps_publisher/lib/python3.8/site-packages/gps_publisher
[1.007s] byte-compiling /home/ntu/ros2_ws/install/gps_publisher/lib/python3.8/site-packages/gps_publisher/gps_publisher_node.py to gps_publisher_node.cpython-38.pyc
[1.008s] byte-compiling /home/ntu/ros2_ws/install/gps_publisher/lib/python3.8/site-packages/gps_publisher/__init__.py to __init__.cpython-38.pyc
[1.008s] running install_data
[1.008s] creating /home/ntu/ros2_ws/install/gps_publisher/share/ament_index
[1.008s] creating /home/ntu/ros2_ws/install/gps_publisher/share/ament_index/resource_index
[1.008s] creating /home/ntu/ros2_ws/install/gps_publisher/share/ament_index/resource_index/packages
[1.009s] copying resource/gps_publisher -> /home/ntu/ros2_ws/install/gps_publisher/share/ament_index/resource_index/packages
[1.009s] copying package.xml -> /home/ntu/ros2_ws/install/gps_publisher/share/gps_publisher
[1.009s] running install_egg_info
[1.009s] Copying ../../build/gps_publisher/gps_publisher.egg-info to /home/ntu/ros2_ws/install/gps_publisher/lib/python3.8/site-packages/gps_publisher-0.0.0-py3.8.egg-info
[1.010s] running install_scripts
[1.023s] Installing gps_publisher script to /home/ntu/ros2_ws/install/gps_publisher/lib/gps_publisher
[1.023s] writing list of installed files to '/home/ntu/ros2_ws/build/gps_publisher/install.log'
[1.046s] Invoked command in '/home/ntu/ros2_ws/src/gps_publisher' returned '0': PYTHONPATH=/home/ntu/ros2_ws/build/gps_publisher/prefix_override:/home/ntu/ros2_ws/install/gps_publisher/lib/python3.8/site-packages:${PYTHONPATH} /usr/bin/python3 -W ignore:setup.py install is deprecated setup.py egg_info --egg-base ../../build/gps_publisher build --build-base /home/ntu/ros2_ws/build/gps_publisher/build install --record /home/ntu/ros2_ws/build/gps_publisher/install.log --install-scripts $base/lib/gps_publisher --single-version-externally-managed install_data
