[0.839s] Invoking command in '/home/ntu/ros2_ws/src/echostick_publisher': PYTHONPATH=/home/ntu/ros2_ws/build/echostick_publisher/prefix_override:/home/ntu/ros2_ws/install/echostick_publisher/lib/python3.8/site-packages:${PYTHONPATH} /usr/bin/python3 -W ignore:setup.py install is deprecated setup.py egg_info --egg-base ../../build/echostick_publisher build --build-base /home/ntu/ros2_ws/build/echostick_publisher/build install --record /home/ntu/ros2_ws/build/echostick_publisher/install.log --install-scripts $base/lib/echostick_publisher --single-version-externally-managed install_data
[1.030s] running egg_info
[1.031s] writing ../../build/echostick_publisher/echostick_publisher.egg-info/PKG-INFO
[1.031s] writing dependency_links to ../../build/echostick_publisher/echostick_publisher.egg-info/dependency_links.txt
[1.031s] writing entry points to ../../build/echostick_publisher/echostick_publisher.egg-info/entry_points.txt
[1.031s] writing requirements to ../../build/echostick_publisher/echostick_publisher.egg-info/requires.txt
[1.031s] writing top-level names to ../../build/echostick_publisher/echostick_publisher.egg-info/top_level.txt
[1.050s] reading manifest file '../../build/echostick_publisher/echostick_publisher.egg-info/SOURCES.txt'
[1.050s] writing manifest file '../../build/echostick_publisher/echostick_publisher.egg-info/SOURCES.txt'
[1.050s] running build
[1.050s] running build_py
[1.050s] running install
[1.051s] running install_lib
[1.052s] running install_data
[1.052s] running install_egg_info
[1.053s] removing '/home/ntu/ros2_ws/install/echostick_publisher/lib/python3.8/site-packages/echostick_publisher-0.0.0-py3.8.egg-info' (and everything under it)
[1.053s] Copying ../../build/echostick_publisher/echostick_publisher.egg-info to /home/ntu/ros2_ws/install/echostick_publisher/lib/python3.8/site-packages/echostick_publisher-0.0.0-py3.8.egg-info
[1.053s] running install_scripts
[1.063s] Installing echostick_publisher script to /home/ntu/ros2_ws/install/echostick_publisher/lib/echostick_publisher
[1.063s] writing list of installed files to '/home/ntu/ros2_ws/build/echostick_publisher/install.log'
[1.075s] Invoked command in '/home/ntu/ros2_ws/src/echostick_publisher' returned '0': PYTHONPATH=/home/ntu/ros2_ws/build/echostick_publisher/prefix_override:/home/ntu/ros2_ws/install/echostick_publisher/lib/python3.8/site-packages:${PYTHONPATH} /usr/bin/python3 -W ignore:setup.py install is deprecated setup.py egg_info --egg-base ../../build/echostick_publisher build --build-base /home/ntu/ros2_ws/build/echostick_publisher/build install --record /home/ntu/ros2_ws/build/echostick_publisher/install.log --install-scripts $base/lib/echostick_publisher --single-version-externally-managed install_data
