[0.032s] Invoking command in '/home/ntu/ros2_ws/build/digital_space': CMAKE_PREFIX_PATH=/opt/ros/foxy /usr/bin/cmake --build /home/ntu/ros2_ws/build/digital_space -- -j12 -l12
[0.404s] [  3%] Built target digital_space__cpp
[0.404s] [ 12%] Built target digital_space__rosidl_generator_c
[0.405s] [ 22%] Built target digital_space__rosidl_typesupport_introspection_cpp
[0.406s] [ 32%] Built target digital_space__rosidl_typesupport_cpp
[0.406s] [ 41%] Built target digital_space__rosidl_typesupport_c
[0.406s] [ 51%] Built target digital_space__rosidl_typesupport_fastrtps_cpp
[0.406s] [ 61%] Built target digital_space__rosidl_typesupport_introspection_c
[0.407s] [ 70%] Built target digital_space__rosidl_typesupport_fastrtps_c
[0.407s] [ 70%] Built target digital_space
[0.407s] [ 74%] Built target digital_space__py
[0.407s] [ 80%] Built target digital_space__python
[0.408s] [ 87%] Built target digital_space__rosidl_typesupport_c__pyext
[0.408s] [ 93%] Built target digital_space__rosidl_typesupport_fastrtps_c__pyext
[0.408s] [100%] Built target digital_space__rosidl_typesupport_introspection_c__pyext
[0.409s] Invoked command in '/home/ntu/ros2_ws/build/digital_space' returned '0': CMAKE_PREFIX_PATH=/opt/ros/foxy /usr/bin/cmake --build /home/ntu/ros2_ws/build/digital_space -- -j12 -l12
[0.442s] Invoking command in '/home/ntu/ros2_ws/build/digital_space': CMAKE_PREFIX_PATH=/opt/ros/foxy /usr/bin/cmake --install /home/ntu/ros2_ws/build/digital_space
[0.449s] -- Install configuration: ""
[0.449s] -- Up-to-date: /home/ntu/ros2_ws/install/digital_space/share/ament_index/resource_index/rosidl_interfaces/digital_space
[0.449s] -- Up-to-date: /home/ntu/ros2_ws/install/digital_space/include/digital_space
[0.449s] -- Up-to-date: /home/ntu/ros2_ws/install/digital_space/include/digital_space/msg
[0.449s] -- Up-to-date: /home/ntu/ros2_ws/install/digital_space/include/digital_space/msg/rosidl_generator_c__visibility_control.h
[0.449s] -- Up-to-date: /home/ntu/ros2_ws/install/digital_space/include/digital_space/srv
[0.449s] -- Up-to-date: /home/ntu/ros2_ws/install/digital_space/include/digital_space/srv/querydata.h
[0.450s] -- Up-to-date: /home/ntu/ros2_ws/install/digital_space/include/digital_space/srv/detail
[0.450s] -- Up-to-date: /home/ntu/ros2_ws/install/digital_space/include/digital_space/srv/detail/querydata__struct.h
[0.450s] -- Up-to-date: /home/ntu/ros2_ws/install/digital_space/include/digital_space/srv/detail/querydata__functions.c
[0.450s] -- Up-to-date: /home/ntu/ros2_ws/install/digital_space/include/digital_space/srv/detail/querydata__type_support.h
[0.450s] -- Up-to-date: /home/ntu/ros2_ws/install/digital_space/include/digital_space/srv/detail/querydata__functions.h
[0.450s] -- Up-to-date: /home/ntu/ros2_ws/install/digital_space/share/digital_space/environment/library_path.sh
[0.450s] -- Up-to-date: /home/ntu/ros2_ws/install/digital_space/share/digital_space/environment/library_path.dsv
[0.450s] -- Up-to-date: /home/ntu/ros2_ws/install/digital_space/lib/libdigital_space__rosidl_generator_c.so
[0.450s] -- Up-to-date: /home/ntu/ros2_ws/install/digital_space/include/digital_space
[0.451s] -- Up-to-date: /home/ntu/ros2_ws/install/digital_space/include/digital_space/msg
[0.451s] -- Up-to-date: /home/ntu/ros2_ws/install/digital_space/include/digital_space/msg/rosidl_typesupport_fastrtps_c__visibility_control.h
[0.451s] -- Up-to-date: /home/ntu/ros2_ws/install/digital_space/include/digital_space/srv
[0.451s] -- Up-to-date: /home/ntu/ros2_ws/install/digital_space/include/digital_space/srv/detail
[0.451s] -- Up-to-date: /home/ntu/ros2_ws/install/digital_space/include/digital_space/srv/detail/querydata__rosidl_typesupport_fastrtps_c.h
[0.451s] -- Up-to-date: /home/ntu/ros2_ws/install/digital_space/lib/libdigital_space__rosidl_typesupport_fastrtps_c.so
[0.451s] -- Up-to-date: /home/ntu/ros2_ws/install/digital_space/include/digital_space
[0.451s] -- Up-to-date: /home/ntu/ros2_ws/install/digital_space/include/digital_space/msg
[0.451s] -- Up-to-date: /home/ntu/ros2_ws/install/digital_space/include/digital_space/msg/rosidl_typesupport_fastrtps_cpp__visibility_control.h
[0.451s] -- Up-to-date: /home/ntu/ros2_ws/install/digital_space/include/digital_space/srv
[0.451s] -- Up-to-date: /home/ntu/ros2_ws/install/digital_space/include/digital_space/srv/detail
[0.452s] -- Up-to-date: /home/ntu/ros2_ws/install/digital_space/include/digital_space/srv/detail/dds_fastrtps
[0.452s] -- Up-to-date: /home/ntu/ros2_ws/install/digital_space/include/digital_space/srv/detail/querydata__rosidl_typesupport_fastrtps_cpp.hpp
[0.452s] -- Up-to-date: /home/ntu/ros2_ws/install/digital_space/lib/libdigital_space__rosidl_typesupport_fastrtps_cpp.so
[0.452s] -- Up-to-date: /home/ntu/ros2_ws/install/digital_space/include/digital_space
[0.452s] -- Up-to-date: /home/ntu/ros2_ws/install/digital_space/include/digital_space/msg
[0.452s] -- Up-to-date: /home/ntu/ros2_ws/install/digital_space/include/digital_space/msg/rosidl_typesupport_introspection_c__visibility_control.h
[0.452s] -- Up-to-date: /home/ntu/ros2_ws/install/digital_space/include/digital_space/srv
[0.452s] -- Up-to-date: /home/ntu/ros2_ws/install/digital_space/include/digital_space/srv/detail
[0.452s] -- Up-to-date: /home/ntu/ros2_ws/install/digital_space/include/digital_space/srv/detail/querydata__type_support.c
[0.452s] -- Up-to-date: /home/ntu/ros2_ws/install/digital_space/include/digital_space/srv/detail/querydata__rosidl_typesupport_introspection_c.h
[0.452s] -- Up-to-date: /home/ntu/ros2_ws/install/digital_space/lib/libdigital_space__rosidl_typesupport_introspection_c.so
[0.452s] -- Up-to-date: /home/ntu/ros2_ws/install/digital_space/lib/libdigital_space__rosidl_typesupport_c.so
[0.452s] -- Up-to-date: /home/ntu/ros2_ws/install/digital_space/include/digital_space
[0.453s] -- Up-to-date: /home/ntu/ros2_ws/install/digital_space/include/digital_space/msg
[0.453s] -- Up-to-date: /home/ntu/ros2_ws/install/digital_space/include/digital_space/msg/rosidl_generator_cpp__visibility_control.hpp
[0.453s] -- Up-to-date: /home/ntu/ros2_ws/install/digital_space/include/digital_space/srv
[0.453s] -- Up-to-date: /home/ntu/ros2_ws/install/digital_space/include/digital_space/srv/querydata.hpp
[0.453s] -- Up-to-date: /home/ntu/ros2_ws/install/digital_space/include/digital_space/srv/detail
[0.453s] -- Up-to-date: /home/ntu/ros2_ws/install/digital_space/include/digital_space/srv/detail/querydata__builder.hpp
[0.453s] -- Up-to-date: /home/ntu/ros2_ws/install/digital_space/include/digital_space/srv/detail/querydata__struct.hpp
[0.453s] -- Up-to-date: /home/ntu/ros2_ws/install/digital_space/include/digital_space/srv/detail/querydata__type_support.hpp
[0.453s] -- Up-to-date: /home/ntu/ros2_ws/install/digital_space/include/digital_space/srv/detail/querydata__traits.hpp
[0.453s] -- Up-to-date: /home/ntu/ros2_ws/install/digital_space/include/digital_space
[0.453s] -- Up-to-date: /home/ntu/ros2_ws/install/digital_space/include/digital_space/srv
[0.453s] -- Up-to-date: /home/ntu/ros2_ws/install/digital_space/include/digital_space/srv/detail
[0.454s] -- Up-to-date: /home/ntu/ros2_ws/install/digital_space/include/digital_space/srv/detail/querydata__rosidl_typesupport_introspection_cpp.hpp
[0.454s] -- Up-to-date: /home/ntu/ros2_ws/install/digital_space/include/digital_space/srv/detail/querydata__type_support.cpp
[0.454s] -- Up-to-date: /home/ntu/ros2_ws/install/digital_space/lib/libdigital_space__rosidl_typesupport_introspection_cpp.so
[0.454s] -- Up-to-date: /home/ntu/ros2_ws/install/digital_space/lib/libdigital_space__rosidl_typesupport_cpp.so
[0.454s] -- Up-to-date: /home/ntu/ros2_ws/install/digital_space/share/digital_space/environment/pythonpath.sh
[0.454s] -- Up-to-date: /home/ntu/ros2_ws/install/digital_space/share/digital_space/environment/pythonpath.dsv
[0.454s] -- Up-to-date: /home/ntu/ros2_ws/install/digital_space/lib/python3.8/site-packages/digital_space/__init__.py
[0.475s] -- Up-to-date: /home/ntu/ros2_ws/install/digital_space/lib/python3.8/site-packages/digital_space/srv
[0.475s] -- Up-to-date: /home/ntu/ros2_ws/install/digital_space/lib/python3.8/site-packages/digital_space/srv/_querydata_s.c
[0.475s] -- Up-to-date: /home/ntu/ros2_ws/install/digital_space/lib/python3.8/site-packages/digital_space/srv/__init__.py
[0.475s] -- Up-to-date: /home/ntu/ros2_ws/install/digital_space/lib/python3.8/site-packages/digital_space/srv/_querydata.py
[0.475s] -- Up-to-date: /home/ntu/ros2_ws/install/digital_space/lib/python3.8/site-packages/digital_space/digital_space_s__rosidl_typesupport_fastrtps_c.cpython-38-x86_64-linux-gnu.so
[0.475s] -- Up-to-date: /home/ntu/ros2_ws/install/digital_space/lib/python3.8/site-packages/digital_space/digital_space_s__rosidl_typesupport_introspection_c.cpython-38-x86_64-linux-gnu.so
[0.476s] -- Up-to-date: /home/ntu/ros2_ws/install/digital_space/lib/python3.8/site-packages/digital_space/digital_space_s__rosidl_typesupport_c.cpython-38-x86_64-linux-gnu.so
[0.476s] -- Up-to-date: /home/ntu/ros2_ws/install/digital_space/lib/libdigital_space__python.so
[0.477s] -- Up-to-date: /home/ntu/ros2_ws/install/digital_space/share/digital_space/srv/Querydata.idl
[0.477s] -- Up-to-date: /home/ntu/ros2_ws/install/digital_space/share/digital_space/srv/Querydata.srv
[0.477s] -- Up-to-date: /home/ntu/ros2_ws/install/digital_space/share/digital_space/srv/Querydata_Request.msg
[0.477s] -- Up-to-date: /home/ntu/ros2_ws/install/digital_space/share/digital_space/srv/Querydata_Response.msg
[0.477s] -- Up-to-date: /home/ntu/ros2_ws/install/digital_space/lib/digital_space/data_collector_node.py
[0.477s] -- Up-to-date: /home/ntu/ros2_ws/install/digital_space/share/ament_index/resource_index/package_run_dependencies/digital_space
[0.477s] -- Up-to-date: /home/ntu/ros2_ws/install/digital_space/share/ament_index/resource_index/parent_prefix_path/digital_space
[0.477s] -- Up-to-date: /home/ntu/ros2_ws/install/digital_space/share/digital_space/environment/ament_prefix_path.sh
[0.477s] -- Up-to-date: /home/ntu/ros2_ws/install/digital_space/share/digital_space/environment/ament_prefix_path.dsv
[0.477s] -- Up-to-date: /home/ntu/ros2_ws/install/digital_space/share/digital_space/environment/path.sh
[0.478s] -- Up-to-date: /home/ntu/ros2_ws/install/digital_space/share/digital_space/environment/path.dsv
[0.478s] -- Up-to-date: /home/ntu/ros2_ws/install/digital_space/share/digital_space/local_setup.bash
[0.478s] -- Up-to-date: /home/ntu/ros2_ws/install/digital_space/share/digital_space/local_setup.sh
[0.478s] -- Up-to-date: /home/ntu/ros2_ws/install/digital_space/share/digital_space/local_setup.zsh
[0.478s] -- Up-to-date: /home/ntu/ros2_ws/install/digital_space/share/digital_space/local_setup.dsv
[0.478s] -- Installing: /home/ntu/ros2_ws/install/digital_space/share/digital_space/package.dsv
[0.478s] -- Up-to-date: /home/ntu/ros2_ws/install/digital_space/share/ament_index/resource_index/packages/digital_space
[0.478s] -- Up-to-date: /home/ntu/ros2_ws/install/digital_space/share/digital_space/cmake/digital_space__rosidl_generator_cExport.cmake
[0.478s] -- Up-to-date: /home/ntu/ros2_ws/install/digital_space/share/digital_space/cmake/digital_space__rosidl_generator_cExport-noconfig.cmake
[0.479s] -- Up-to-date: /home/ntu/ros2_ws/install/digital_space/share/digital_space/cmake/digital_space__rosidl_typesupport_introspection_cExport.cmake
[0.479s] -- Up-to-date: /home/ntu/ros2_ws/install/digital_space/share/digital_space/cmake/digital_space__rosidl_typesupport_introspection_cExport-noconfig.cmake
[0.479s] -- Up-to-date: /home/ntu/ros2_ws/install/digital_space/share/digital_space/cmake/digital_space__rosidl_typesupport_cExport.cmake
[0.479s] -- Up-to-date: /home/ntu/ros2_ws/install/digital_space/share/digital_space/cmake/digital_space__rosidl_typesupport_cExport-noconfig.cmake
[0.479s] -- Up-to-date: /home/ntu/ros2_ws/install/digital_space/share/digital_space/cmake/digital_space__rosidl_generator_cppExport.cmake
[0.479s] -- Up-to-date: /home/ntu/ros2_ws/install/digital_space/share/digital_space/cmake/digital_space__rosidl_typesupport_introspection_cppExport.cmake
[0.479s] -- Up-to-date: /home/ntu/ros2_ws/install/digital_space/share/digital_space/cmake/digital_space__rosidl_typesupport_introspection_cppExport-noconfig.cmake
[0.481s] -- Up-to-date: /home/ntu/ros2_ws/install/digital_space/share/digital_space/cmake/digital_space__rosidl_typesupport_cppExport.cmake
[0.481s] -- Up-to-date: /home/ntu/ros2_ws/install/digital_space/share/digital_space/cmake/digital_space__rosidl_typesupport_cppExport-noconfig.cmake
[0.481s] -- Up-to-date: /home/ntu/ros2_ws/install/digital_space/share/digital_space/cmake/rosidl_cmake-extras.cmake
[0.481s] -- Up-to-date: /home/ntu/ros2_ws/install/digital_space/share/digital_space/cmake/ament_cmake_export_dependencies-extras.cmake
[0.481s] -- Up-to-date: /home/ntu/ros2_ws/install/digital_space/share/digital_space/cmake/ament_cmake_export_libraries-extras.cmake
[0.481s] -- Up-to-date: /home/ntu/ros2_ws/install/digital_space/share/digital_space/cmake/ament_cmake_export_targets-extras.cmake
[0.482s] -- Up-to-date: /home/ntu/ros2_ws/install/digital_space/share/digital_space/cmake/ament_cmake_export_include_directories-extras.cmake
[0.482s] -- Up-to-date: /home/ntu/ros2_ws/install/digital_space/share/digital_space/cmake/rosidl_cmake_export_typesupport_libraries-extras.cmake
[0.482s] -- Up-to-date: /home/ntu/ros2_ws/install/digital_space/share/digital_space/cmake/rosidl_cmake_export_typesupport_targets-extras.cmake
[0.482s] -- Up-to-date: /home/ntu/ros2_ws/install/digital_space/share/digital_space/cmake/digital_spaceConfig.cmake
[0.482s] -- Up-to-date: /home/ntu/ros2_ws/install/digital_space/share/digital_space/cmake/digital_spaceConfig-version.cmake
[0.482s] -- Up-to-date: /home/ntu/ros2_ws/install/digital_space/share/digital_space/package.xml
[0.482s] Invoked command in '/home/ntu/ros2_ws/build/digital_space' returned '0': CMAKE_PREFIX_PATH=/opt/ros/foxy /usr/bin/cmake --install /home/ntu/ros2_ws/build/digital_space
