[0.089s] DEBUG:colcon:Command line arguments: ['/usr/bin/colcon', 'build']
[0.090s] DEBUG:colcon:Parsed command line arguments: Namespace(allow_overriding=[], ament_cmake_args=None, base_paths=['.'], build_base='build', catkin_cmake_args=None, catkin_skip_building_tests=False, cmake_args=None, cmake_clean_cache=False, cmake_clean_first=False, cmake_force_configure=False, cmake_target=None, cmake_target_skip_unavailable=False, continue_on_error=False, event_handlers=None, executor='parallel', ignore_user_meta=False, install_base='install', log_base=None, log_level=None, main=<bound method BuildVerb.main of <colcon_core.verb.build.BuildVerb object at 0x7fc8a3bc9400>>, merge_install=False, metas=['./colcon.meta'], packages_above=None, packages_above_and_dependencies=None, packages_above_depth=None, packages_end=None, packages_ignore=None, packages_ignore_regex=None, packages_select=None, packages_select_build_failed=False, packages_select_by_dep=None, packages_select_regex=None, packages_select_test_failures=False, packages_skip=None, packages_skip_build_finished=False, packages_skip_by_dep=None, packages_skip_regex=None, packages_skip_test_passed=False, packages_skip_up_to=None, packages_start=None, packages_up_to=None, packages_up_to_regex=None, parallel_workers=12, paths=None, symlink_install=False, test_result_base=None, verb_extension=<colcon_core.verb.build.BuildVerb object at 0x7fc8a3bc9400>, verb_name='build', verb_parser=<colcon_defaults.argument_parser.defaults.DefaultArgumentsDecorator object at 0x7fc8a3ae9460>)
[0.159s] Level 1:colcon.colcon_core.package_discovery:discover_packages(colcon_meta) check parameters
[0.159s] Level 1:colcon.colcon_core.package_discovery:discover_packages(recursive) check parameters
[0.159s] Level 1:colcon.colcon_core.package_discovery:discover_packages(ignore) check parameters
[0.159s] Level 1:colcon.colcon_core.package_discovery:discover_packages(path) check parameters
[0.159s] Level 1:colcon.colcon_core.package_discovery:discover_packages(colcon_meta) discover
[0.159s] Level 1:colcon.colcon_core.package_discovery:discover_packages(recursive) discover
[0.159s] INFO:colcon.colcon_core.package_discovery:Crawling recursively for packages in '/home/ntu/ros2_ws'
[0.159s] Level 1:colcon.colcon_core.package_identification:_identify(.) by extensions ['ignore', 'ignore_ament_install']
[0.159s] Level 1:colcon.colcon_core.package_identification:_identify(.) by extension 'ignore'
[0.159s] Level 1:colcon.colcon_core.package_identification:_identify(.) by extension 'ignore_ament_install'
[0.159s] Level 1:colcon.colcon_core.package_identification:_identify(.) by extensions ['colcon_pkg']
[0.159s] Level 1:colcon.colcon_core.package_identification:_identify(.) by extension 'colcon_pkg'
[0.159s] Level 1:colcon.colcon_core.package_identification:_identify(.) by extensions ['colcon_meta']
[0.160s] Level 1:colcon.colcon_core.package_identification:_identify(.) by extension 'colcon_meta'
[0.160s] Level 1:colcon.colcon_core.package_identification:_identify(.) by extensions ['ros']
[0.160s] Level 1:colcon.colcon_core.package_identification:_identify(.) by extension 'ros'
[0.166s] Level 1:colcon.colcon_core.package_identification:_identify(.) by extensions ['cmake', 'python']
[0.166s] Level 1:colcon.colcon_core.package_identification:_identify(.) by extension 'cmake'
[0.166s] Level 1:colcon.colcon_core.package_identification:_identify(.) by extension 'python'
[0.166s] Level 1:colcon.colcon_core.package_identification:_identify(.) by extensions ['python_setup_py']
[0.166s] Level 1:colcon.colcon_core.package_identification:_identify(.) by extension 'python_setup_py'
[0.166s] Level 1:colcon.colcon_core.package_identification:_identify(build) by extensions ['ignore', 'ignore_ament_install']
[0.166s] Level 1:colcon.colcon_core.package_identification:_identify(build) by extension 'ignore'
[0.166s] Level 1:colcon.colcon_core.package_identification:_identify(build) ignored
[0.166s] Level 1:colcon.colcon_core.package_identification:_identify(install) by extensions ['ignore', 'ignore_ament_install']
[0.166s] Level 1:colcon.colcon_core.package_identification:_identify(install) by extension 'ignore'
[0.166s] Level 1:colcon.colcon_core.package_identification:_identify(install) ignored
[0.166s] Level 1:colcon.colcon_core.package_identification:_identify(log) by extensions ['ignore', 'ignore_ament_install']
[0.166s] Level 1:colcon.colcon_core.package_identification:_identify(log) by extension 'ignore'
[0.166s] Level 1:colcon.colcon_core.package_identification:_identify(log) ignored
[0.166s] Level 1:colcon.colcon_core.package_identification:_identify(src) by extensions ['ignore', 'ignore_ament_install']
[0.166s] Level 1:colcon.colcon_core.package_identification:_identify(src) by extension 'ignore'
[0.166s] Level 1:colcon.colcon_core.package_identification:_identify(src) by extension 'ignore_ament_install'
[0.166s] Level 1:colcon.colcon_core.package_identification:_identify(src) by extensions ['colcon_pkg']
[0.166s] Level 1:colcon.colcon_core.package_identification:_identify(src) by extension 'colcon_pkg'
[0.166s] Level 1:colcon.colcon_core.package_identification:_identify(src) by extensions ['colcon_meta']
[0.166s] Level 1:colcon.colcon_core.package_identification:_identify(src) by extension 'colcon_meta'
[0.166s] Level 1:colcon.colcon_core.package_identification:_identify(src) by extensions ['ros']
[0.166s] Level 1:colcon.colcon_core.package_identification:_identify(src) by extension 'ros'
[0.166s] Level 1:colcon.colcon_core.package_identification:_identify(src) by extensions ['cmake', 'python']
[0.166s] Level 1:colcon.colcon_core.package_identification:_identify(src) by extension 'cmake'
[0.166s] Level 1:colcon.colcon_core.package_identification:_identify(src) by extension 'python'
[0.166s] Level 1:colcon.colcon_core.package_identification:_identify(src) by extensions ['python_setup_py']
[0.166s] Level 1:colcon.colcon_core.package_identification:_identify(src) by extension 'python_setup_py'
[0.166s] Level 1:colcon.colcon_core.package_identification:_identify(src/camera_publisher) by extensions ['ignore', 'ignore_ament_install']
[0.166s] Level 1:colcon.colcon_core.package_identification:_identify(src/camera_publisher) by extension 'ignore'
[0.166s] Level 1:colcon.colcon_core.package_identification:_identify(src/camera_publisher) by extension 'ignore_ament_install'
[0.166s] Level 1:colcon.colcon_core.package_identification:_identify(src/camera_publisher) by extensions ['colcon_pkg']
[0.166s] Level 1:colcon.colcon_core.package_identification:_identify(src/camera_publisher) by extension 'colcon_pkg'
[0.167s] Level 1:colcon.colcon_core.package_identification:_identify(src/camera_publisher) by extensions ['colcon_meta']
[0.167s] Level 1:colcon.colcon_core.package_identification:_identify(src/camera_publisher) by extension 'colcon_meta'
[0.167s] Level 1:colcon.colcon_core.package_identification:_identify(src/camera_publisher) by extensions ['ros']
[0.167s] Level 1:colcon.colcon_core.package_identification:_identify(src/camera_publisher) by extension 'ros'
[0.168s] DEBUG:colcon.colcon_core.package_identification:Package 'src/camera_publisher' with type 'ros.ament_python' and name 'camera_publisher'
[0.168s] Level 1:colcon.colcon_core.package_identification:_identify(src/digital_space) by extensions ['ignore', 'ignore_ament_install']
[0.168s] Level 1:colcon.colcon_core.package_identification:_identify(src/digital_space) by extension 'ignore'
[0.168s] Level 1:colcon.colcon_core.package_identification:_identify(src/digital_space) by extension 'ignore_ament_install'
[0.168s] Level 1:colcon.colcon_core.package_identification:_identify(src/digital_space) by extensions ['colcon_pkg']
[0.168s] Level 1:colcon.colcon_core.package_identification:_identify(src/digital_space) by extension 'colcon_pkg'
[0.168s] Level 1:colcon.colcon_core.package_identification:_identify(src/digital_space) by extensions ['colcon_meta']
[0.168s] Level 1:colcon.colcon_core.package_identification:_identify(src/digital_space) by extension 'colcon_meta'
[0.168s] Level 1:colcon.colcon_core.package_identification:_identify(src/digital_space) by extensions ['ros']
[0.168s] Level 1:colcon.colcon_core.package_identification:_identify(src/digital_space) by extension 'ros'
[0.169s] DEBUG:colcon.colcon_core.package_identification:Package 'src/digital_space' with type 'ros.ament_cmake' and name 'digital_space'
[0.169s] Level 1:colcon.colcon_core.package_identification:_identify(src/echostick_publisher) by extensions ['ignore', 'ignore_ament_install']
[0.169s] Level 1:colcon.colcon_core.package_identification:_identify(src/echostick_publisher) by extension 'ignore'
[0.169s] Level 1:colcon.colcon_core.package_identification:_identify(src/echostick_publisher) by extension 'ignore_ament_install'
[0.169s] Level 1:colcon.colcon_core.package_identification:_identify(src/echostick_publisher) by extensions ['colcon_pkg']
[0.169s] Level 1:colcon.colcon_core.package_identification:_identify(src/echostick_publisher) by extension 'colcon_pkg'
[0.169s] Level 1:colcon.colcon_core.package_identification:_identify(src/echostick_publisher) by extensions ['colcon_meta']
[0.170s] Level 1:colcon.colcon_core.package_identification:_identify(src/echostick_publisher) by extension 'colcon_meta'
[0.170s] Level 1:colcon.colcon_core.package_identification:_identify(src/echostick_publisher) by extensions ['ros']
[0.170s] Level 1:colcon.colcon_core.package_identification:_identify(src/echostick_publisher) by extension 'ros'
[0.170s] DEBUG:colcon.colcon_core.package_identification:Package 'src/echostick_publisher' with type 'ros.ament_python' and name 'echostick_publisher'
[0.170s] Level 1:colcon.colcon_core.package_identification:_identify(src/gps_publisher) by extensions ['ignore', 'ignore_ament_install']
[0.170s] Level 1:colcon.colcon_core.package_identification:_identify(src/gps_publisher) by extension 'ignore'
[0.170s] Level 1:colcon.colcon_core.package_identification:_identify(src/gps_publisher) by extension 'ignore_ament_install'
[0.170s] Level 1:colcon.colcon_core.package_identification:_identify(src/gps_publisher) by extensions ['colcon_pkg']
[0.170s] Level 1:colcon.colcon_core.package_identification:_identify(src/gps_publisher) by extension 'colcon_pkg'
[0.170s] Level 1:colcon.colcon_core.package_identification:_identify(src/gps_publisher) by extensions ['colcon_meta']
[0.170s] Level 1:colcon.colcon_core.package_identification:_identify(src/gps_publisher) by extension 'colcon_meta'
[0.170s] Level 1:colcon.colcon_core.package_identification:_identify(src/gps_publisher) by extensions ['ros']
[0.170s] Level 1:colcon.colcon_core.package_identification:_identify(src/gps_publisher) by extension 'ros'
[0.170s] DEBUG:colcon.colcon_core.package_identification:Package 'src/gps_publisher' with type 'ros.ament_python' and name 'gps_publisher'
[0.170s] Level 1:colcon.colcon_core.package_identification:_identify(src/propeller_control) by extensions ['ignore', 'ignore_ament_install']
[0.170s] Level 1:colcon.colcon_core.package_identification:_identify(src/propeller_control) by extension 'ignore'
[0.170s] Level 1:colcon.colcon_core.package_identification:_identify(src/propeller_control) by extension 'ignore_ament_install'
[0.170s] Level 1:colcon.colcon_core.package_identification:_identify(src/propeller_control) by extensions ['colcon_pkg']
[0.170s] Level 1:colcon.colcon_core.package_identification:_identify(src/propeller_control) by extension 'colcon_pkg'
[0.170s] Level 1:colcon.colcon_core.package_identification:_identify(src/propeller_control) by extensions ['colcon_meta']
[0.170s] Level 1:colcon.colcon_core.package_identification:_identify(src/propeller_control) by extension 'colcon_meta'
[0.171s] Level 1:colcon.colcon_core.package_identification:_identify(src/propeller_control) by extensions ['ros']
[0.171s] Level 1:colcon.colcon_core.package_identification:_identify(src/propeller_control) by extension 'ros'
[0.171s] DEBUG:colcon.colcon_core.package_identification:Package 'src/propeller_control' with type 'ros.ament_cmake' and name 'propeller_control'
[0.171s] Level 1:colcon.colcon_core.package_identification:_identify(src/task_manager) by extensions ['ignore', 'ignore_ament_install']
[0.171s] Level 1:colcon.colcon_core.package_identification:_identify(src/task_manager) by extension 'ignore'
[0.171s] Level 1:colcon.colcon_core.package_identification:_identify(src/task_manager) by extension 'ignore_ament_install'
[0.171s] Level 1:colcon.colcon_core.package_identification:_identify(src/task_manager) by extensions ['colcon_pkg']
[0.171s] Level 1:colcon.colcon_core.package_identification:_identify(src/task_manager) by extension 'colcon_pkg'
[0.171s] Level 1:colcon.colcon_core.package_identification:_identify(src/task_manager) by extensions ['colcon_meta']
[0.171s] Level 1:colcon.colcon_core.package_identification:_identify(src/task_manager) by extension 'colcon_meta'
[0.171s] Level 1:colcon.colcon_core.package_identification:_identify(src/task_manager) by extensions ['ros']
[0.171s] Level 1:colcon.colcon_core.package_identification:_identify(src/task_manager) by extension 'ros'
[0.171s] DEBUG:colcon.colcon_core.package_identification:Package 'src/task_manager' with type 'ros.ament_cmake' and name 'task_manager'
[0.171s] Level 1:colcon.colcon_core.package_discovery:discover_packages(recursive) using defaults
[0.171s] Level 1:colcon.colcon_core.package_discovery:discover_packages(ignore) discover
[0.171s] Level 1:colcon.colcon_core.package_discovery:discover_packages(ignore) using defaults
[0.171s] Level 1:colcon.colcon_core.package_discovery:discover_packages(path) discover
[0.172s] Level 1:colcon.colcon_core.package_discovery:discover_packages(path) using defaults
[0.180s] Level 1:colcon.colcon_core.package_discovery:discover_packages(prefix_path) check parameters
[0.180s] Level 1:colcon.colcon_core.package_discovery:discover_packages(prefix_path) discover
[0.181s] DEBUG:colcon.colcon_installed_package_information.package_discovery:Found 256 installed packages in /opt/ros/foxy
[0.182s] Level 1:colcon.colcon_core.package_discovery:discover_packages(prefix_path) using defaults
[0.214s] Level 5:colcon.colcon_core.verb:set package 'camera_publisher' build argument 'cmake_args' from command line to 'None'
[0.214s] Level 5:colcon.colcon_core.verb:set package 'camera_publisher' build argument 'cmake_target' from command line to 'None'
[0.214s] Level 5:colcon.colcon_core.verb:set package 'camera_publisher' build argument 'cmake_target_skip_unavailable' from command line to 'False'
[0.214s] Level 5:colcon.colcon_core.verb:set package 'camera_publisher' build argument 'cmake_clean_cache' from command line to 'False'
[0.214s] Level 5:colcon.colcon_core.verb:set package 'camera_publisher' build argument 'cmake_clean_first' from command line to 'False'
[0.214s] Level 5:colcon.colcon_core.verb:set package 'camera_publisher' build argument 'cmake_force_configure' from command line to 'False'
[0.214s] Level 5:colcon.colcon_core.verb:set package 'camera_publisher' build argument 'ament_cmake_args' from command line to 'None'
[0.214s] Level 5:colcon.colcon_core.verb:set package 'camera_publisher' build argument 'catkin_cmake_args' from command line to 'None'
[0.214s] Level 5:colcon.colcon_core.verb:set package 'camera_publisher' build argument 'catkin_skip_building_tests' from command line to 'False'
[0.214s] DEBUG:colcon.colcon_core.verb:Building package 'camera_publisher' with the following arguments: {'ament_cmake_args': None, 'build_base': '/home/ntu/ros2_ws/build/camera_publisher', 'catkin_cmake_args': None, 'catkin_skip_building_tests': False, 'cmake_args': None, 'cmake_clean_cache': False, 'cmake_clean_first': False, 'cmake_force_configure': False, 'cmake_target': None, 'cmake_target_skip_unavailable': False, 'install_base': '/home/ntu/ros2_ws/install/camera_publisher', 'merge_install': False, 'path': '/home/ntu/ros2_ws/src/camera_publisher', 'symlink_install': False, 'test_result_base': None}
[0.215s] Level 5:colcon.colcon_core.verb:set package 'digital_space' build argument 'cmake_args' from command line to 'None'
[0.215s] Level 5:colcon.colcon_core.verb:set package 'digital_space' build argument 'cmake_target' from command line to 'None'
[0.215s] Level 5:colcon.colcon_core.verb:set package 'digital_space' build argument 'cmake_target_skip_unavailable' from command line to 'False'
[0.215s] Level 5:colcon.colcon_core.verb:set package 'digital_space' build argument 'cmake_clean_cache' from command line to 'False'
[0.215s] Level 5:colcon.colcon_core.verb:set package 'digital_space' build argument 'cmake_clean_first' from command line to 'False'
[0.215s] Level 5:colcon.colcon_core.verb:set package 'digital_space' build argument 'cmake_force_configure' from command line to 'False'
[0.215s] Level 5:colcon.colcon_core.verb:set package 'digital_space' build argument 'ament_cmake_args' from command line to 'None'
[0.215s] Level 5:colcon.colcon_core.verb:set package 'digital_space' build argument 'catkin_cmake_args' from command line to 'None'
[0.215s] Level 5:colcon.colcon_core.verb:set package 'digital_space' build argument 'catkin_skip_building_tests' from command line to 'False'
[0.215s] DEBUG:colcon.colcon_core.verb:Building package 'digital_space' with the following arguments: {'ament_cmake_args': None, 'build_base': '/home/ntu/ros2_ws/build/digital_space', 'catkin_cmake_args': None, 'catkin_skip_building_tests': False, 'cmake_args': None, 'cmake_clean_cache': False, 'cmake_clean_first': False, 'cmake_force_configure': False, 'cmake_target': None, 'cmake_target_skip_unavailable': False, 'install_base': '/home/ntu/ros2_ws/install/digital_space', 'merge_install': False, 'path': '/home/ntu/ros2_ws/src/digital_space', 'symlink_install': False, 'test_result_base': None}
[0.215s] Level 5:colcon.colcon_core.verb:set package 'echostick_publisher' build argument 'cmake_args' from command line to 'None'
[0.215s] Level 5:colcon.colcon_core.verb:set package 'echostick_publisher' build argument 'cmake_target' from command line to 'None'
[0.215s] Level 5:colcon.colcon_core.verb:set package 'echostick_publisher' build argument 'cmake_target_skip_unavailable' from command line to 'False'
[0.215s] Level 5:colcon.colcon_core.verb:set package 'echostick_publisher' build argument 'cmake_clean_cache' from command line to 'False'
[0.215s] Level 5:colcon.colcon_core.verb:set package 'echostick_publisher' build argument 'cmake_clean_first' from command line to 'False'
[0.215s] Level 5:colcon.colcon_core.verb:set package 'echostick_publisher' build argument 'cmake_force_configure' from command line to 'False'
[0.215s] Level 5:colcon.colcon_core.verb:set package 'echostick_publisher' build argument 'ament_cmake_args' from command line to 'None'
[0.215s] Level 5:colcon.colcon_core.verb:set package 'echostick_publisher' build argument 'catkin_cmake_args' from command line to 'None'
[0.215s] Level 5:colcon.colcon_core.verb:set package 'echostick_publisher' build argument 'catkin_skip_building_tests' from command line to 'False'
[0.215s] DEBUG:colcon.colcon_core.verb:Building package 'echostick_publisher' with the following arguments: {'ament_cmake_args': None, 'build_base': '/home/ntu/ros2_ws/build/echostick_publisher', 'catkin_cmake_args': None, 'catkin_skip_building_tests': False, 'cmake_args': None, 'cmake_clean_cache': False, 'cmake_clean_first': False, 'cmake_force_configure': False, 'cmake_target': None, 'cmake_target_skip_unavailable': False, 'install_base': '/home/ntu/ros2_ws/install/echostick_publisher', 'merge_install': False, 'path': '/home/ntu/ros2_ws/src/echostick_publisher', 'symlink_install': False, 'test_result_base': None}
[0.215s] Level 5:colcon.colcon_core.verb:set package 'gps_publisher' build argument 'cmake_args' from command line to 'None'
[0.215s] Level 5:colcon.colcon_core.verb:set package 'gps_publisher' build argument 'cmake_target' from command line to 'None'
[0.215s] Level 5:colcon.colcon_core.verb:set package 'gps_publisher' build argument 'cmake_target_skip_unavailable' from command line to 'False'
[0.215s] Level 5:colcon.colcon_core.verb:set package 'gps_publisher' build argument 'cmake_clean_cache' from command line to 'False'
[0.215s] Level 5:colcon.colcon_core.verb:set package 'gps_publisher' build argument 'cmake_clean_first' from command line to 'False'
[0.215s] Level 5:colcon.colcon_core.verb:set package 'gps_publisher' build argument 'cmake_force_configure' from command line to 'False'
[0.215s] Level 5:colcon.colcon_core.verb:set package 'gps_publisher' build argument 'ament_cmake_args' from command line to 'None'
[0.215s] Level 5:colcon.colcon_core.verb:set package 'gps_publisher' build argument 'catkin_cmake_args' from command line to 'None'
[0.215s] Level 5:colcon.colcon_core.verb:set package 'gps_publisher' build argument 'catkin_skip_building_tests' from command line to 'False'
[0.215s] DEBUG:colcon.colcon_core.verb:Building package 'gps_publisher' with the following arguments: {'ament_cmake_args': None, 'build_base': '/home/ntu/ros2_ws/build/gps_publisher', 'catkin_cmake_args': None, 'catkin_skip_building_tests': False, 'cmake_args': None, 'cmake_clean_cache': False, 'cmake_clean_first': False, 'cmake_force_configure': False, 'cmake_target': None, 'cmake_target_skip_unavailable': False, 'install_base': '/home/ntu/ros2_ws/install/gps_publisher', 'merge_install': False, 'path': '/home/ntu/ros2_ws/src/gps_publisher', 'symlink_install': False, 'test_result_base': None}
[0.215s] Level 5:colcon.colcon_core.verb:set package 'propeller_control' build argument 'cmake_args' from command line to 'None'
[0.215s] Level 5:colcon.colcon_core.verb:set package 'propeller_control' build argument 'cmake_target' from command line to 'None'
[0.215s] Level 5:colcon.colcon_core.verb:set package 'propeller_control' build argument 'cmake_target_skip_unavailable' from command line to 'False'
[0.216s] Level 5:colcon.colcon_core.verb:set package 'propeller_control' build argument 'cmake_clean_cache' from command line to 'False'
[0.216s] Level 5:colcon.colcon_core.verb:set package 'propeller_control' build argument 'cmake_clean_first' from command line to 'False'
[0.216s] Level 5:colcon.colcon_core.verb:set package 'propeller_control' build argument 'cmake_force_configure' from command line to 'False'
[0.216s] Level 5:colcon.colcon_core.verb:set package 'propeller_control' build argument 'ament_cmake_args' from command line to 'None'
[0.216s] Level 5:colcon.colcon_core.verb:set package 'propeller_control' build argument 'catkin_cmake_args' from command line to 'None'
[0.216s] Level 5:colcon.colcon_core.verb:set package 'propeller_control' build argument 'catkin_skip_building_tests' from command line to 'False'
[0.216s] DEBUG:colcon.colcon_core.verb:Building package 'propeller_control' with the following arguments: {'ament_cmake_args': None, 'build_base': '/home/ntu/ros2_ws/build/propeller_control', 'catkin_cmake_args': None, 'catkin_skip_building_tests': False, 'cmake_args': None, 'cmake_clean_cache': False, 'cmake_clean_first': False, 'cmake_force_configure': False, 'cmake_target': None, 'cmake_target_skip_unavailable': False, 'install_base': '/home/ntu/ros2_ws/install/propeller_control', 'merge_install': False, 'path': '/home/ntu/ros2_ws/src/propeller_control', 'symlink_install': False, 'test_result_base': None}
[0.216s] Level 5:colcon.colcon_core.verb:set package 'task_manager' build argument 'cmake_args' from command line to 'None'
[0.216s] Level 5:colcon.colcon_core.verb:set package 'task_manager' build argument 'cmake_target' from command line to 'None'
[0.216s] Level 5:colcon.colcon_core.verb:set package 'task_manager' build argument 'cmake_target_skip_unavailable' from command line to 'False'
[0.216s] Level 5:colcon.colcon_core.verb:set package 'task_manager' build argument 'cmake_clean_cache' from command line to 'False'
[0.216s] Level 5:colcon.colcon_core.verb:set package 'task_manager' build argument 'cmake_clean_first' from command line to 'False'
[0.216s] Level 5:colcon.colcon_core.verb:set package 'task_manager' build argument 'cmake_force_configure' from command line to 'False'
[0.216s] Level 5:colcon.colcon_core.verb:set package 'task_manager' build argument 'ament_cmake_args' from command line to 'None'
[0.216s] Level 5:colcon.colcon_core.verb:set package 'task_manager' build argument 'catkin_cmake_args' from command line to 'None'
[0.216s] Level 5:colcon.colcon_core.verb:set package 'task_manager' build argument 'catkin_skip_building_tests' from command line to 'False'
[0.216s] DEBUG:colcon.colcon_core.verb:Building package 'task_manager' with the following arguments: {'ament_cmake_args': None, 'build_base': '/home/ntu/ros2_ws/build/task_manager', 'catkin_cmake_args': None, 'catkin_skip_building_tests': False, 'cmake_args': None, 'cmake_clean_cache': False, 'cmake_clean_first': False, 'cmake_force_configure': False, 'cmake_target': None, 'cmake_target_skip_unavailable': False, 'install_base': '/home/ntu/ros2_ws/install/task_manager', 'merge_install': False, 'path': '/home/ntu/ros2_ws/src/task_manager', 'symlink_install': False, 'test_result_base': None}
[0.216s] INFO:colcon.colcon_core.executor:Executing jobs using 'parallel' executor
[0.217s] DEBUG:colcon.colcon_parallel_executor.executor.parallel:run_until_complete
[0.217s] INFO:colcon.colcon_ros.task.ament_cmake.build:Building ROS package in '/home/ntu/ros2_ws/src/digital_space' with build type 'ament_cmake'
[0.217s] INFO:colcon.colcon_cmake.task.cmake.build:Building CMake package in '/home/ntu/ros2_ws/src/digital_space'
[0.218s] INFO:colcon.colcon_core.plugin_system:Skipping extension 'colcon_core.shell.bat': Not used on non-Windows systems
[0.218s] INFO:colcon.colcon_core.shell:Skip shell extension 'powershell' for command environment: Not usable outside of PowerShell
[0.218s] DEBUG:colcon.colcon_core.shell:Skip shell extension 'dsv' for command environment
[0.221s] INFO:colcon.colcon_ros.task.ament_python.build:Building ROS package in '/home/ntu/ros2_ws/src/camera_publisher' with build type 'ament_python'
[0.221s] Level 1:colcon.colcon_core.shell:create_environment_hook('camera_publisher', 'ament_prefix_path')
[0.221s] INFO:colcon.colcon_core.shell:Creating environment hook '/home/ntu/ros2_ws/install/camera_publisher/share/camera_publisher/hook/ament_prefix_path.ps1'
[0.222s] INFO:colcon.colcon_core.shell:Creating environment descriptor '/home/ntu/ros2_ws/install/camera_publisher/share/camera_publisher/hook/ament_prefix_path.dsv'
[0.222s] INFO:colcon.colcon_core.shell:Creating environment hook '/home/ntu/ros2_ws/install/camera_publisher/share/camera_publisher/hook/ament_prefix_path.sh'
[0.223s] INFO:colcon.colcon_core.shell:Skip shell extension 'powershell' for command environment: Not usable outside of PowerShell
[0.223s] DEBUG:colcon.colcon_core.shell:Skip shell extension 'dsv' for command environment
[0.225s] INFO:colcon.colcon_ros.task.ament_python.build:Building ROS package in '/home/ntu/ros2_ws/src/echostick_publisher' with build type 'ament_python'
[0.226s] Level 1:colcon.colcon_core.shell:create_environment_hook('echostick_publisher', 'ament_prefix_path')
[0.226s] INFO:colcon.colcon_core.shell:Creating environment hook '/home/ntu/ros2_ws/install/echostick_publisher/share/echostick_publisher/hook/ament_prefix_path.ps1'
[0.226s] INFO:colcon.colcon_core.shell:Creating environment descriptor '/home/ntu/ros2_ws/install/echostick_publisher/share/echostick_publisher/hook/ament_prefix_path.dsv'
[0.226s] INFO:colcon.colcon_core.shell:Creating environment hook '/home/ntu/ros2_ws/install/echostick_publisher/share/echostick_publisher/hook/ament_prefix_path.sh'
[0.227s] INFO:colcon.colcon_core.shell:Skip shell extension 'powershell' for command environment: Not usable outside of PowerShell
[0.227s] DEBUG:colcon.colcon_core.shell:Skip shell extension 'dsv' for command environment
[0.229s] INFO:colcon.colcon_ros.task.ament_python.build:Building ROS package in '/home/ntu/ros2_ws/src/gps_publisher' with build type 'ament_python'
[0.229s] Level 1:colcon.colcon_core.shell:create_environment_hook('gps_publisher', 'ament_prefix_path')
[0.229s] INFO:colcon.colcon_core.shell:Creating environment hook '/home/ntu/ros2_ws/install/gps_publisher/share/gps_publisher/hook/ament_prefix_path.ps1'
[0.230s] INFO:colcon.colcon_core.shell:Creating environment descriptor '/home/ntu/ros2_ws/install/gps_publisher/share/gps_publisher/hook/ament_prefix_path.dsv'
[0.230s] INFO:colcon.colcon_core.shell:Creating environment hook '/home/ntu/ros2_ws/install/gps_publisher/share/gps_publisher/hook/ament_prefix_path.sh'
[0.230s] INFO:colcon.colcon_core.shell:Skip shell extension 'powershell' for command environment: Not usable outside of PowerShell
[0.230s] DEBUG:colcon.colcon_core.shell:Skip shell extension 'dsv' for command environment
[0.232s] INFO:colcon.colcon_ros.task.ament_cmake.build:Building ROS package in '/home/ntu/ros2_ws/src/propeller_control' with build type 'ament_cmake'
[0.233s] INFO:colcon.colcon_cmake.task.cmake.build:Building CMake package in '/home/ntu/ros2_ws/src/propeller_control'
[0.233s] INFO:colcon.colcon_core.shell:Skip shell extension 'powershell' for command environment: Not usable outside of PowerShell
[0.233s] DEBUG:colcon.colcon_core.shell:Skip shell extension 'dsv' for command environment
[0.240s] DEBUG:colcon.colcon_core.event_handler.log_command:Invoking command in '/home/ntu/ros2_ws/build/digital_space': CMAKE_PREFIX_PATH=/opt/ros/foxy /usr/bin/cmake --build /home/ntu/ros2_ws/build/digital_space -- -j12 -l12
[0.360s] INFO:colcon.colcon_core.task.python.build:Building Python package in '/home/ntu/ros2_ws/src/camera_publisher'
[0.361s] INFO:colcon.colcon_core.shell:Skip shell extension 'powershell' for command environment: Not usable outside of PowerShell
[0.361s] DEBUG:colcon.colcon_core.shell:Skip shell extension 'dsv' for command environment
[0.472s] INFO:colcon.colcon_core.task.python.build:Building Python package in '/home/ntu/ros2_ws/src/echostick_publisher'
[0.473s] INFO:colcon.colcon_core.shell:Skip shell extension 'powershell' for command environment: Not usable outside of PowerShell
[0.473s] DEBUG:colcon.colcon_core.shell:Skip shell extension 'dsv' for command environment
[0.585s] INFO:colcon.colcon_core.task.python.build:Building Python package in '/home/ntu/ros2_ws/src/gps_publisher'
[0.585s] INFO:colcon.colcon_core.shell:Skip shell extension 'powershell' for command environment: Not usable outside of PowerShell
[0.585s] DEBUG:colcon.colcon_core.shell:Skip shell extension 'dsv' for command environment
[0.591s] DEBUG:colcon.colcon_core.event_handler.log_command:Invoking command in '/home/ntu/ros2_ws/build/propeller_control': CMAKE_PREFIX_PATH=/opt/ros/foxy /usr/bin/cmake --build /home/ntu/ros2_ws/build/propeller_control -- -j12 -l12
[0.594s] DEBUG:colcon.colcon_core.event_handler.log_command:Invoked command in '/home/ntu/ros2_ws/build/digital_space' returned '0': CMAKE_PREFIX_PATH=/opt/ros/foxy /usr/bin/cmake --build /home/ntu/ros2_ws/build/digital_space -- -j12 -l12
[0.614s] DEBUG:colcon.colcon_core.event_handler.log_command:Invoked command in '/home/ntu/ros2_ws/build/propeller_control' returned '0': CMAKE_PREFIX_PATH=/opt/ros/foxy /usr/bin/cmake --build /home/ntu/ros2_ws/build/propeller_control -- -j12 -l12
[0.627s] DEBUG:colcon.colcon_core.event_handler.log_command:Invoking command in '/home/ntu/ros2_ws/build/digital_space': CMAKE_PREFIX_PATH=/opt/ros/foxy /usr/bin/cmake --install /home/ntu/ros2_ws/build/digital_space
[0.632s] DEBUG:colcon.colcon_core.event_handler.log_command:Invoking command in '/home/ntu/ros2_ws/build/propeller_control': CMAKE_PREFIX_PATH=/opt/ros/foxy /usr/bin/cmake --install /home/ntu/ros2_ws/build/propeller_control
[0.641s] Level 1:colcon.colcon_core.environment:create_environment_scripts_only(propeller_control)
[0.642s] DEBUG:colcon.colcon_core.event_handler.log_command:Invoked command in '/home/ntu/ros2_ws/build/propeller_control' returned '0': CMAKE_PREFIX_PATH=/opt/ros/foxy /usr/bin/cmake --install /home/ntu/ros2_ws/build/propeller_control
[0.643s] Level 1:colcon.colcon_core.environment:checking '/home/ntu/ros2_ws/install/propeller_control' for CMake module files
[0.644s] Level 1:colcon.colcon_core.environment:checking '/home/ntu/ros2_ws/install/propeller_control' for CMake config files
[0.644s] Level 1:colcon.colcon_core.shell:create_environment_hook('propeller_control', 'cmake_prefix_path')
[0.645s] INFO:colcon.colcon_core.shell:Creating environment hook '/home/ntu/ros2_ws/install/propeller_control/share/propeller_control/hook/cmake_prefix_path.ps1'
[0.645s] INFO:colcon.colcon_core.shell:Creating environment descriptor '/home/ntu/ros2_ws/install/propeller_control/share/propeller_control/hook/cmake_prefix_path.dsv'
[0.645s] INFO:colcon.colcon_core.shell:Creating environment hook '/home/ntu/ros2_ws/install/propeller_control/share/propeller_control/hook/cmake_prefix_path.sh'
[0.646s] Level 1:colcon.colcon_core.environment:checking '/home/ntu/ros2_ws/install/propeller_control/lib'
[0.646s] Level 1:colcon.colcon_core.environment:checking '/home/ntu/ros2_ws/install/propeller_control/bin'
[0.646s] Level 1:colcon.colcon_core.environment:checking '/home/ntu/ros2_ws/install/propeller_control/lib/pkgconfig/propeller_control.pc'
[0.647s] Level 1:colcon.colcon_core.environment:checking '/home/ntu/ros2_ws/install/propeller_control/lib/python3.8/site-packages'
[0.647s] Level 1:colcon.colcon_core.environment:checking '/home/ntu/ros2_ws/install/propeller_control/bin'
[0.647s] INFO:colcon.colcon_core.shell:Creating package script '/home/ntu/ros2_ws/install/propeller_control/share/propeller_control/package.ps1'
[0.648s] INFO:colcon.colcon_core.shell:Creating package descriptor '/home/ntu/ros2_ws/install/propeller_control/share/propeller_control/package.dsv'
[0.648s] INFO:colcon.colcon_core.shell:Creating package script '/home/ntu/ros2_ws/install/propeller_control/share/propeller_control/package.sh'
[0.649s] INFO:colcon.colcon_core.shell:Creating package script '/home/ntu/ros2_ws/install/propeller_control/share/propeller_control/package.bash'
[0.650s] INFO:colcon.colcon_core.shell:Creating package script '/home/ntu/ros2_ws/install/propeller_control/share/propeller_control/package.zsh'
[0.650s] Level 1:colcon.colcon_core.environment:create_file_with_runtime_dependencies(/home/ntu/ros2_ws/install/propeller_control/share/colcon-core/packages/propeller_control)
[0.664s] Level 1:colcon.colcon_core.environment:create_environment_scripts_only(digital_space)
[0.664s] Level 1:colcon.colcon_core.environment:checking '/home/ntu/ros2_ws/install/digital_space' for CMake module files
[0.665s] DEBUG:colcon.colcon_core.event_handler.log_command:Invoked command in '/home/ntu/ros2_ws/build/digital_space' returned '0': CMAKE_PREFIX_PATH=/opt/ros/foxy /usr/bin/cmake --install /home/ntu/ros2_ws/build/digital_space
[0.665s] Level 1:colcon.colcon_core.environment:checking '/home/ntu/ros2_ws/install/digital_space' for CMake config files
[0.666s] Level 1:colcon.colcon_core.shell:create_environment_hook('digital_space', 'cmake_prefix_path')
[0.666s] INFO:colcon.colcon_core.shell:Creating environment hook '/home/ntu/ros2_ws/install/digital_space/share/digital_space/hook/cmake_prefix_path.ps1'
[0.667s] INFO:colcon.colcon_core.shell:Creating environment descriptor '/home/ntu/ros2_ws/install/digital_space/share/digital_space/hook/cmake_prefix_path.dsv'
[0.667s] INFO:colcon.colcon_core.shell:Creating environment hook '/home/ntu/ros2_ws/install/digital_space/share/digital_space/hook/cmake_prefix_path.sh'
[0.668s] Level 1:colcon.colcon_core.environment:checking '/home/ntu/ros2_ws/install/digital_space/lib'
[0.668s] Level 1:colcon.colcon_core.shell:create_environment_hook('digital_space', 'ld_library_path_lib')
[0.669s] INFO:colcon.colcon_core.shell:Creating environment hook '/home/ntu/ros2_ws/install/digital_space/share/digital_space/hook/ld_library_path_lib.ps1'
[0.669s] INFO:colcon.colcon_core.shell:Creating environment descriptor '/home/ntu/ros2_ws/install/digital_space/share/digital_space/hook/ld_library_path_lib.dsv'
[0.669s] INFO:colcon.colcon_core.shell:Creating environment hook '/home/ntu/ros2_ws/install/digital_space/share/digital_space/hook/ld_library_path_lib.sh'
[0.670s] Level 1:colcon.colcon_core.environment:checking '/home/ntu/ros2_ws/install/digital_space/bin'
[0.670s] Level 1:colcon.colcon_core.environment:checking '/home/ntu/ros2_ws/install/digital_space/lib/pkgconfig/digital_space.pc'
[0.670s] Level 1:colcon.colcon_core.environment:checking '/home/ntu/ros2_ws/install/digital_space/lib/python3.8/site-packages'
[0.670s] Level 1:colcon.colcon_core.shell:create_environment_hook('digital_space', 'pythonpath')
[0.670s] INFO:colcon.colcon_core.shell:Creating environment hook '/home/ntu/ros2_ws/install/digital_space/share/digital_space/hook/pythonpath.ps1'
[0.671s] INFO:colcon.colcon_core.shell:Creating environment descriptor '/home/ntu/ros2_ws/install/digital_space/share/digital_space/hook/pythonpath.dsv'
[0.671s] INFO:colcon.colcon_core.shell:Creating environment hook '/home/ntu/ros2_ws/install/digital_space/share/digital_space/hook/pythonpath.sh'
[0.671s] Level 1:colcon.colcon_core.environment:checking '/home/ntu/ros2_ws/install/digital_space/bin'
[0.672s] INFO:colcon.colcon_core.shell:Creating package script '/home/ntu/ros2_ws/install/digital_space/share/digital_space/package.ps1'
[0.672s] INFO:colcon.colcon_core.shell:Creating package descriptor '/home/ntu/ros2_ws/install/digital_space/share/digital_space/package.dsv'
[0.673s] INFO:colcon.colcon_core.shell:Creating package script '/home/ntu/ros2_ws/install/digital_space/share/digital_space/package.sh'
[0.673s] INFO:colcon.colcon_core.shell:Creating package script '/home/ntu/ros2_ws/install/digital_space/share/digital_space/package.bash'
[0.674s] INFO:colcon.colcon_core.shell:Creating package script '/home/ntu/ros2_ws/install/digital_space/share/digital_space/package.zsh'
[0.674s] Level 1:colcon.colcon_core.environment:create_file_with_runtime_dependencies(/home/ntu/ros2_ws/install/digital_space/share/colcon-core/packages/digital_space)
[0.678s] Level 1:colcon.colcon_core.environment:create_environment_scripts_only(propeller_control)
[0.678s] Level 1:colcon.colcon_core.environment:checking '/home/ntu/ros2_ws/install/propeller_control' for CMake module files
[0.679s] Level 1:colcon.colcon_core.environment:checking '/home/ntu/ros2_ws/install/propeller_control' for CMake config files
[0.679s] Level 1:colcon.colcon_core.shell:create_environment_hook('propeller_control', 'cmake_prefix_path')
[0.679s] INFO:colcon.colcon_core.shell:Creating environment hook '/home/ntu/ros2_ws/install/propeller_control/share/propeller_control/hook/cmake_prefix_path.ps1'
[0.680s] INFO:colcon.colcon_core.shell:Creating environment descriptor '/home/ntu/ros2_ws/install/propeller_control/share/propeller_control/hook/cmake_prefix_path.dsv'
[0.680s] INFO:colcon.colcon_core.shell:Creating environment hook '/home/ntu/ros2_ws/install/propeller_control/share/propeller_control/hook/cmake_prefix_path.sh'
[0.681s] Level 1:colcon.colcon_core.environment:checking '/home/ntu/ros2_ws/install/propeller_control/lib'
[0.681s] Level 1:colcon.colcon_core.environment:checking '/home/ntu/ros2_ws/install/propeller_control/bin'
[0.681s] Level 1:colcon.colcon_core.environment:checking '/home/ntu/ros2_ws/install/propeller_control/lib/pkgconfig/propeller_control.pc'
[0.681s] Level 1:colcon.colcon_core.environment:checking '/home/ntu/ros2_ws/install/propeller_control/lib/python3.8/site-packages'
[0.682s] Level 1:colcon.colcon_core.environment:checking '/home/ntu/ros2_ws/install/propeller_control/bin'
[0.682s] INFO:colcon.colcon_core.shell:Creating package script '/home/ntu/ros2_ws/install/propeller_control/share/propeller_control/package.ps1'
[0.683s] INFO:colcon.colcon_core.shell:Creating package descriptor '/home/ntu/ros2_ws/install/propeller_control/share/propeller_control/package.dsv'
[0.683s] INFO:colcon.colcon_core.shell:Creating package script '/home/ntu/ros2_ws/install/propeller_control/share/propeller_control/package.sh'
[0.684s] INFO:colcon.colcon_core.shell:Creating package script '/home/ntu/ros2_ws/install/propeller_control/share/propeller_control/package.bash'
[0.684s] INFO:colcon.colcon_core.shell:Creating package script '/home/ntu/ros2_ws/install/propeller_control/share/propeller_control/package.zsh'
[0.684s] Level 1:colcon.colcon_core.environment:create_file_with_runtime_dependencies(/home/ntu/ros2_ws/install/propeller_control/share/colcon-core/packages/propeller_control)
[0.701s] Level 1:colcon.colcon_core.environment:create_environment_scripts_only(digital_space)
[0.702s] Level 1:colcon.colcon_core.environment:checking '/home/ntu/ros2_ws/install/digital_space' for CMake module files
[0.703s] Level 1:colcon.colcon_core.environment:checking '/home/ntu/ros2_ws/install/digital_space' for CMake config files
[0.704s] Level 1:colcon.colcon_core.shell:create_environment_hook('digital_space', 'cmake_prefix_path')
[0.705s] INFO:colcon.colcon_core.shell:Creating environment hook '/home/ntu/ros2_ws/install/digital_space/share/digital_space/hook/cmake_prefix_path.ps1'
[0.705s] INFO:colcon.colcon_core.shell:Creating environment descriptor '/home/ntu/ros2_ws/install/digital_space/share/digital_space/hook/cmake_prefix_path.dsv'
[0.706s] INFO:colcon.colcon_core.shell:Creating environment hook '/home/ntu/ros2_ws/install/digital_space/share/digital_space/hook/cmake_prefix_path.sh'
[0.706s] Level 1:colcon.colcon_core.environment:checking '/home/ntu/ros2_ws/install/digital_space/lib'
[0.707s] Level 1:colcon.colcon_core.shell:create_environment_hook('digital_space', 'ld_library_path_lib')
[0.707s] INFO:colcon.colcon_core.shell:Creating environment hook '/home/ntu/ros2_ws/install/digital_space/share/digital_space/hook/ld_library_path_lib.ps1'
[0.708s] INFO:colcon.colcon_core.shell:Creating environment descriptor '/home/ntu/ros2_ws/install/digital_space/share/digital_space/hook/ld_library_path_lib.dsv'
[0.708s] INFO:colcon.colcon_core.shell:Creating environment hook '/home/ntu/ros2_ws/install/digital_space/share/digital_space/hook/ld_library_path_lib.sh'
[0.709s] Level 1:colcon.colcon_core.environment:checking '/home/ntu/ros2_ws/install/digital_space/bin'
[0.709s] Level 1:colcon.colcon_core.environment:checking '/home/ntu/ros2_ws/install/digital_space/lib/pkgconfig/digital_space.pc'
[0.709s] Level 1:colcon.colcon_core.environment:checking '/home/ntu/ros2_ws/install/digital_space/lib/python3.8/site-packages'
[0.709s] Level 1:colcon.colcon_core.shell:create_environment_hook('digital_space', 'pythonpath')
[0.710s] INFO:colcon.colcon_core.shell:Creating environment hook '/home/ntu/ros2_ws/install/digital_space/share/digital_space/hook/pythonpath.ps1'
[0.710s] INFO:colcon.colcon_core.shell:Creating environment descriptor '/home/ntu/ros2_ws/install/digital_space/share/digital_space/hook/pythonpath.dsv'
[0.711s] INFO:colcon.colcon_core.shell:Creating environment hook '/home/ntu/ros2_ws/install/digital_space/share/digital_space/hook/pythonpath.sh'
[0.712s] Level 1:colcon.colcon_core.environment:checking '/home/ntu/ros2_ws/install/digital_space/bin'
[0.712s] INFO:colcon.colcon_core.shell:Creating package script '/home/ntu/ros2_ws/install/digital_space/share/digital_space/package.ps1'
[0.713s] INFO:colcon.colcon_core.shell:Creating package descriptor '/home/ntu/ros2_ws/install/digital_space/share/digital_space/package.dsv'
[0.714s] INFO:colcon.colcon_core.shell:Creating package script '/home/ntu/ros2_ws/install/digital_space/share/digital_space/package.sh'
[0.714s] INFO:colcon.colcon_core.shell:Creating package script '/home/ntu/ros2_ws/install/digital_space/share/digital_space/package.bash'
[0.715s] INFO:colcon.colcon_core.shell:Creating package script '/home/ntu/ros2_ws/install/digital_space/share/digital_space/package.zsh'
[0.716s] Level 1:colcon.colcon_core.environment:create_file_with_runtime_dependencies(/home/ntu/ros2_ws/install/digital_space/share/colcon-core/packages/digital_space)
[0.716s] INFO:colcon.colcon_ros.task.ament_cmake.build:Building ROS package in '/home/ntu/ros2_ws/src/task_manager' with build type 'ament_cmake'
[0.717s] INFO:colcon.colcon_cmake.task.cmake.build:Building CMake package in '/home/ntu/ros2_ws/src/task_manager'
[0.717s] INFO:colcon.colcon_core.shell:Skip shell extension 'powershell' for command environment: Not usable outside of PowerShell
[0.717s] DEBUG:colcon.colcon_core.shell:Skip shell extension 'dsv' for command environment
[0.735s] DEBUG:colcon.colcon_core.event_handler.log_command:Invoking command in '/home/ntu/ros2_ws/build/task_manager': AMENT_PREFIX_PATH=/home/ntu/ros2_ws/install/digital_space:${AMENT_PREFIX_PATH} CMAKE_PREFIX_PATH=/home/ntu/ros2_ws/install/digital_space:/opt/ros/foxy LD_LIBRARY_PATH=/home/ntu/ros2_ws/install/digital_space/lib:${LD_LIBRARY_PATH} PYTHONPATH=/home/ntu/ros2_ws/install/digital_space/lib/python3.8/site-packages:${PYTHONPATH} /usr/bin/cmake --build /home/ntu/ros2_ws/build/task_manager -- -j12 -l12
[0.878s] DEBUG:colcon.colcon_core.event_handler.log_command:Invoking command in '/home/ntu/ros2_ws/src/camera_publisher': PYTHONPATH=/home/ntu/ros2_ws/build/camera_publisher/prefix_override:/home/ntu/ros2_ws/install/camera_publisher/lib/python3.8/site-packages:${PYTHONPATH} /usr/bin/python3 -W ignore:setup.py install is deprecated setup.py egg_info --egg-base ../../build/camera_publisher build --build-base /home/ntu/ros2_ws/build/camera_publisher/build install --record /home/ntu/ros2_ws/build/camera_publisher/install.log --install-scripts $base/lib/camera_publisher --single-version-externally-managed install_data
[0.932s] DEBUG:colcon.colcon_core.event_handler.log_command:Invoked command in '/home/ntu/ros2_ws/build/task_manager' returned '0': AMENT_PREFIX_PATH=/home/ntu/ros2_ws/install/digital_space:${AMENT_PREFIX_PATH} CMAKE_PREFIX_PATH=/home/ntu/ros2_ws/install/digital_space:/opt/ros/foxy LD_LIBRARY_PATH=/home/ntu/ros2_ws/install/digital_space/lib:${LD_LIBRARY_PATH} PYTHONPATH=/home/ntu/ros2_ws/install/digital_space/lib/python3.8/site-packages:${PYTHONPATH} /usr/bin/cmake --build /home/ntu/ros2_ws/build/task_manager -- -j12 -l12
[0.939s] DEBUG:colcon.colcon_core.event_handler.log_command:Invoking command in '/home/ntu/ros2_ws/src/gps_publisher': PYTHONPATH=/home/ntu/ros2_ws/build/gps_publisher/prefix_override:/home/ntu/ros2_ws/install/gps_publisher/lib/python3.8/site-packages:${PYTHONPATH} /usr/bin/python3 -W ignore:setup.py install is deprecated setup.py egg_info --egg-base ../../build/gps_publisher build --build-base /home/ntu/ros2_ws/build/gps_publisher/build install --record /home/ntu/ros2_ws/build/gps_publisher/install.log --install-scripts $base/lib/gps_publisher --single-version-externally-managed install_data
[0.958s] DEBUG:colcon.colcon_core.event_handler.log_command:Invoking command in '/home/ntu/ros2_ws/build/task_manager': AMENT_PREFIX_PATH=/home/ntu/ros2_ws/install/digital_space:${AMENT_PREFIX_PATH} CMAKE_PREFIX_PATH=/home/ntu/ros2_ws/install/digital_space:/opt/ros/foxy LD_LIBRARY_PATH=/home/ntu/ros2_ws/install/digital_space/lib:${LD_LIBRARY_PATH} PYTHONPATH=/home/ntu/ros2_ws/install/digital_space/lib/python3.8/site-packages:${PYTHONPATH} /usr/bin/cmake --install /home/ntu/ros2_ws/build/task_manager
[0.993s] DEBUG:colcon.colcon_core.event_handler.log_command:Invoking command in '/home/ntu/ros2_ws/src/echostick_publisher': PYTHONPATH=/home/ntu/ros2_ws/build/echostick_publisher/prefix_override:/home/ntu/ros2_ws/install/echostick_publisher/lib/python3.8/site-packages:${PYTHONPATH} /usr/bin/python3 -W ignore:setup.py install is deprecated setup.py egg_info --egg-base ../../build/echostick_publisher build --build-base /home/ntu/ros2_ws/build/echostick_publisher/build install --record /home/ntu/ros2_ws/build/echostick_publisher/install.log --install-scripts $base/lib/echostick_publisher --single-version-externally-managed install_data
[0.994s] Level 1:colcon.colcon_core.environment:create_environment_scripts_only(task_manager)
[0.995s] Level 1:colcon.colcon_core.environment:checking '/home/ntu/ros2_ws/install/task_manager' for CMake module files
[0.997s] Level 1:colcon.colcon_core.environment:checking '/home/ntu/ros2_ws/install/task_manager' for CMake config files
[0.998s] DEBUG:colcon.colcon_core.event_handler.log_command:Invoked command in '/home/ntu/ros2_ws/build/task_manager' returned '0': AMENT_PREFIX_PATH=/home/ntu/ros2_ws/install/digital_space:${AMENT_PREFIX_PATH} CMAKE_PREFIX_PATH=/home/ntu/ros2_ws/install/digital_space:/opt/ros/foxy LD_LIBRARY_PATH=/home/ntu/ros2_ws/install/digital_space/lib:${LD_LIBRARY_PATH} PYTHONPATH=/home/ntu/ros2_ws/install/digital_space/lib/python3.8/site-packages:${PYTHONPATH} /usr/bin/cmake --install /home/ntu/ros2_ws/build/task_manager
[0.999s] Level 1:colcon.colcon_core.shell:create_environment_hook('task_manager', 'cmake_prefix_path')
[0.999s] INFO:colcon.colcon_core.shell:Creating environment hook '/home/ntu/ros2_ws/install/task_manager/share/task_manager/hook/cmake_prefix_path.ps1'
[1.000s] INFO:colcon.colcon_core.shell:Creating environment descriptor '/home/ntu/ros2_ws/install/task_manager/share/task_manager/hook/cmake_prefix_path.dsv'
[1.000s] INFO:colcon.colcon_core.shell:Creating environment hook '/home/ntu/ros2_ws/install/task_manager/share/task_manager/hook/cmake_prefix_path.sh'
[1.001s] Level 1:colcon.colcon_core.environment:checking '/home/ntu/ros2_ws/install/task_manager/lib'
[1.001s] Level 1:colcon.colcon_core.shell:create_environment_hook('task_manager', 'ld_library_path_lib')
[1.001s] INFO:colcon.colcon_core.shell:Creating environment hook '/home/ntu/ros2_ws/install/task_manager/share/task_manager/hook/ld_library_path_lib.ps1'
[1.001s] INFO:colcon.colcon_core.shell:Creating environment descriptor '/home/ntu/ros2_ws/install/task_manager/share/task_manager/hook/ld_library_path_lib.dsv'
[1.002s] INFO:colcon.colcon_core.shell:Creating environment hook '/home/ntu/ros2_ws/install/task_manager/share/task_manager/hook/ld_library_path_lib.sh'
[1.002s] Level 1:colcon.colcon_core.environment:checking '/home/ntu/ros2_ws/install/task_manager/bin'
[1.002s] Level 1:colcon.colcon_core.environment:checking '/home/ntu/ros2_ws/install/task_manager/lib/pkgconfig/task_manager.pc'
[1.002s] Level 1:colcon.colcon_core.environment:checking '/home/ntu/ros2_ws/install/task_manager/lib/python3.8/site-packages'
[1.002s] Level 1:colcon.colcon_core.shell:create_environment_hook('task_manager', 'pythonpath')
[1.003s] INFO:colcon.colcon_core.shell:Creating environment hook '/home/ntu/ros2_ws/install/task_manager/share/task_manager/hook/pythonpath.ps1'
[1.003s] INFO:colcon.colcon_core.shell:Creating environment descriptor '/home/ntu/ros2_ws/install/task_manager/share/task_manager/hook/pythonpath.dsv'
[1.003s] INFO:colcon.colcon_core.shell:Creating environment hook '/home/ntu/ros2_ws/install/task_manager/share/task_manager/hook/pythonpath.sh'
[1.004s] Level 1:colcon.colcon_core.environment:checking '/home/ntu/ros2_ws/install/task_manager/bin'
[1.004s] INFO:colcon.colcon_core.shell:Creating package script '/home/ntu/ros2_ws/install/task_manager/share/task_manager/package.ps1'
[1.004s] INFO:colcon.colcon_core.shell:Creating package descriptor '/home/ntu/ros2_ws/install/task_manager/share/task_manager/package.dsv'
[1.005s] INFO:colcon.colcon_core.shell:Creating package script '/home/ntu/ros2_ws/install/task_manager/share/task_manager/package.sh'
[1.006s] INFO:colcon.colcon_core.shell:Creating package script '/home/ntu/ros2_ws/install/task_manager/share/task_manager/package.bash'
[1.006s] INFO:colcon.colcon_core.shell:Creating package script '/home/ntu/ros2_ws/install/task_manager/share/task_manager/package.zsh'
[1.006s] Level 1:colcon.colcon_core.environment:create_file_with_runtime_dependencies(/home/ntu/ros2_ws/install/task_manager/share/colcon-core/packages/task_manager)
[1.047s] Level 1:colcon.colcon_core.environment:create_environment_scripts_only(task_manager)
[1.047s] Level 1:colcon.colcon_core.environment:checking '/home/ntu/ros2_ws/install/task_manager' for CMake module files
[1.048s] Level 1:colcon.colcon_core.environment:checking '/home/ntu/ros2_ws/install/task_manager' for CMake config files
[1.048s] Level 1:colcon.colcon_core.shell:create_environment_hook('task_manager', 'cmake_prefix_path')
[1.049s] INFO:colcon.colcon_core.shell:Creating environment hook '/home/ntu/ros2_ws/install/task_manager/share/task_manager/hook/cmake_prefix_path.ps1'
[1.049s] INFO:colcon.colcon_core.shell:Creating environment descriptor '/home/ntu/ros2_ws/install/task_manager/share/task_manager/hook/cmake_prefix_path.dsv'
[1.050s] INFO:colcon.colcon_core.shell:Creating environment hook '/home/ntu/ros2_ws/install/task_manager/share/task_manager/hook/cmake_prefix_path.sh'
[1.050s] Level 1:colcon.colcon_core.environment:checking '/home/ntu/ros2_ws/install/task_manager/lib'
[1.050s] Level 1:colcon.colcon_core.shell:create_environment_hook('task_manager', 'ld_library_path_lib')
[1.051s] INFO:colcon.colcon_core.shell:Creating environment hook '/home/ntu/ros2_ws/install/task_manager/share/task_manager/hook/ld_library_path_lib.ps1'
[1.051s] INFO:colcon.colcon_core.shell:Creating environment descriptor '/home/ntu/ros2_ws/install/task_manager/share/task_manager/hook/ld_library_path_lib.dsv'
[1.051s] INFO:colcon.colcon_core.shell:Creating environment hook '/home/ntu/ros2_ws/install/task_manager/share/task_manager/hook/ld_library_path_lib.sh'
[1.052s] Level 1:colcon.colcon_core.environment:checking '/home/ntu/ros2_ws/install/task_manager/bin'
[1.052s] Level 1:colcon.colcon_core.environment:checking '/home/ntu/ros2_ws/install/task_manager/lib/pkgconfig/task_manager.pc'
[1.052s] Level 1:colcon.colcon_core.environment:checking '/home/ntu/ros2_ws/install/task_manager/lib/python3.8/site-packages'
[1.052s] Level 1:colcon.colcon_core.shell:create_environment_hook('task_manager', 'pythonpath')
[1.052s] INFO:colcon.colcon_core.shell:Creating environment hook '/home/ntu/ros2_ws/install/task_manager/share/task_manager/hook/pythonpath.ps1'
[1.053s] INFO:colcon.colcon_core.shell:Creating environment descriptor '/home/ntu/ros2_ws/install/task_manager/share/task_manager/hook/pythonpath.dsv'
[1.053s] INFO:colcon.colcon_core.shell:Creating environment hook '/home/ntu/ros2_ws/install/task_manager/share/task_manager/hook/pythonpath.sh'
[1.054s] Level 1:colcon.colcon_core.environment:checking '/home/ntu/ros2_ws/install/task_manager/bin'
[1.054s] INFO:colcon.colcon_core.shell:Creating package script '/home/ntu/ros2_ws/install/task_manager/share/task_manager/package.ps1'
[1.055s] INFO:colcon.colcon_core.shell:Creating package descriptor '/home/ntu/ros2_ws/install/task_manager/share/task_manager/package.dsv'
[1.056s] INFO:colcon.colcon_core.shell:Creating package script '/home/ntu/ros2_ws/install/task_manager/share/task_manager/package.sh'
[1.056s] INFO:colcon.colcon_core.shell:Creating package script '/home/ntu/ros2_ws/install/task_manager/share/task_manager/package.bash'
[1.057s] INFO:colcon.colcon_core.shell:Creating package script '/home/ntu/ros2_ws/install/task_manager/share/task_manager/package.zsh'
[1.057s] Level 1:colcon.colcon_core.environment:create_file_with_runtime_dependencies(/home/ntu/ros2_ws/install/task_manager/share/colcon-core/packages/task_manager)
[1.068s] Level 1:colcon.colcon_core.environment:checking '/home/ntu/ros2_ws/install/camera_publisher' for CMake module files
[1.068s] DEBUG:colcon.colcon_core.event_handler.log_command:Invoked command in '/home/ntu/ros2_ws/src/camera_publisher' returned '0': PYTHONPATH=/home/ntu/ros2_ws/build/camera_publisher/prefix_override:/home/ntu/ros2_ws/install/camera_publisher/lib/python3.8/site-packages:${PYTHONPATH} /usr/bin/python3 -W ignore:setup.py install is deprecated setup.py egg_info --egg-base ../../build/camera_publisher build --build-base /home/ntu/ros2_ws/build/camera_publisher/build install --record /home/ntu/ros2_ws/build/camera_publisher/install.log --install-scripts $base/lib/camera_publisher --single-version-externally-managed install_data
[1.069s] Level 1:colcon.colcon_core.environment:checking '/home/ntu/ros2_ws/install/camera_publisher' for CMake config files
[1.069s] Level 1:colcon.colcon_core.environment:checking '/home/ntu/ros2_ws/install/camera_publisher/lib'
[1.069s] Level 1:colcon.colcon_core.environment:checking '/home/ntu/ros2_ws/install/camera_publisher/bin'
[1.070s] Level 1:colcon.colcon_core.environment:checking '/home/ntu/ros2_ws/install/camera_publisher/lib/pkgconfig/camera_publisher.pc'
[1.070s] Level 1:colcon.colcon_core.environment:checking '/home/ntu/ros2_ws/install/camera_publisher/lib/python3.8/site-packages'
[1.070s] Level 1:colcon.colcon_core.shell:create_environment_hook('camera_publisher', 'pythonpath')
[1.070s] INFO:colcon.colcon_core.shell:Creating environment hook '/home/ntu/ros2_ws/install/camera_publisher/share/camera_publisher/hook/pythonpath.ps1'
[1.070s] INFO:colcon.colcon_core.shell:Creating environment descriptor '/home/ntu/ros2_ws/install/camera_publisher/share/camera_publisher/hook/pythonpath.dsv'
[1.071s] INFO:colcon.colcon_core.shell:Creating environment hook '/home/ntu/ros2_ws/install/camera_publisher/share/camera_publisher/hook/pythonpath.sh'
[1.071s] Level 1:colcon.colcon_core.environment:checking '/home/ntu/ros2_ws/install/camera_publisher/bin'
[1.071s] Level 1:colcon.colcon_core.environment:create_environment_scripts_only(camera_publisher)
[1.072s] INFO:colcon.colcon_core.shell:Creating package script '/home/ntu/ros2_ws/install/camera_publisher/share/camera_publisher/package.ps1'
[1.072s] INFO:colcon.colcon_core.shell:Creating package descriptor '/home/ntu/ros2_ws/install/camera_publisher/share/camera_publisher/package.dsv'
[1.072s] INFO:colcon.colcon_core.shell:Creating package script '/home/ntu/ros2_ws/install/camera_publisher/share/camera_publisher/package.sh'
[1.073s] INFO:colcon.colcon_core.shell:Creating package script '/home/ntu/ros2_ws/install/camera_publisher/share/camera_publisher/package.bash'
[1.073s] INFO:colcon.colcon_core.shell:Creating package script '/home/ntu/ros2_ws/install/camera_publisher/share/camera_publisher/package.zsh'
[1.073s] Level 1:colcon.colcon_core.environment:create_file_with_runtime_dependencies(/home/ntu/ros2_ws/install/camera_publisher/share/colcon-core/packages/camera_publisher)
[1.124s] Level 1:colcon.colcon_core.environment:checking '/home/ntu/ros2_ws/install/gps_publisher' for CMake module files
[1.125s] DEBUG:colcon.colcon_core.event_handler.log_command:Invoked command in '/home/ntu/ros2_ws/src/gps_publisher' returned '0': PYTHONPATH=/home/ntu/ros2_ws/build/gps_publisher/prefix_override:/home/ntu/ros2_ws/install/gps_publisher/lib/python3.8/site-packages:${PYTHONPATH} /usr/bin/python3 -W ignore:setup.py install is deprecated setup.py egg_info --egg-base ../../build/gps_publisher build --build-base /home/ntu/ros2_ws/build/gps_publisher/build install --record /home/ntu/ros2_ws/build/gps_publisher/install.log --install-scripts $base/lib/gps_publisher --single-version-externally-managed install_data
[1.125s] Level 1:colcon.colcon_core.environment:checking '/home/ntu/ros2_ws/install/gps_publisher' for CMake config files
[1.125s] Level 1:colcon.colcon_core.environment:checking '/home/ntu/ros2_ws/install/gps_publisher/lib'
[1.125s] Level 1:colcon.colcon_core.environment:checking '/home/ntu/ros2_ws/install/gps_publisher/bin'
[1.125s] Level 1:colcon.colcon_core.environment:checking '/home/ntu/ros2_ws/install/gps_publisher/lib/pkgconfig/gps_publisher.pc'
[1.126s] Level 1:colcon.colcon_core.environment:checking '/home/ntu/ros2_ws/install/gps_publisher/lib/python3.8/site-packages'
[1.126s] Level 1:colcon.colcon_core.shell:create_environment_hook('gps_publisher', 'pythonpath')
[1.126s] INFO:colcon.colcon_core.shell:Creating environment hook '/home/ntu/ros2_ws/install/gps_publisher/share/gps_publisher/hook/pythonpath.ps1'
[1.126s] INFO:colcon.colcon_core.shell:Creating environment descriptor '/home/ntu/ros2_ws/install/gps_publisher/share/gps_publisher/hook/pythonpath.dsv'
[1.127s] INFO:colcon.colcon_core.shell:Creating environment hook '/home/ntu/ros2_ws/install/gps_publisher/share/gps_publisher/hook/pythonpath.sh'
[1.127s] Level 1:colcon.colcon_core.environment:checking '/home/ntu/ros2_ws/install/gps_publisher/bin'
[1.127s] Level 1:colcon.colcon_core.environment:create_environment_scripts_only(gps_publisher)
[1.127s] INFO:colcon.colcon_core.shell:Creating package script '/home/ntu/ros2_ws/install/gps_publisher/share/gps_publisher/package.ps1'
[1.128s] INFO:colcon.colcon_core.shell:Creating package descriptor '/home/ntu/ros2_ws/install/gps_publisher/share/gps_publisher/package.dsv'
[1.128s] INFO:colcon.colcon_core.shell:Creating package script '/home/ntu/ros2_ws/install/gps_publisher/share/gps_publisher/package.sh'
[1.128s] INFO:colcon.colcon_core.shell:Creating package script '/home/ntu/ros2_ws/install/gps_publisher/share/gps_publisher/package.bash'
[1.129s] INFO:colcon.colcon_core.shell:Creating package script '/home/ntu/ros2_ws/install/gps_publisher/share/gps_publisher/package.zsh'
[1.129s] Level 1:colcon.colcon_core.environment:create_file_with_runtime_dependencies(/home/ntu/ros2_ws/install/gps_publisher/share/colcon-core/packages/gps_publisher)
[1.183s] Level 1:colcon.colcon_core.environment:checking '/home/ntu/ros2_ws/install/echostick_publisher' for CMake module files
[1.184s] DEBUG:colcon.colcon_core.event_handler.log_command:Invoked command in '/home/ntu/ros2_ws/src/echostick_publisher' returned '0': PYTHONPATH=/home/ntu/ros2_ws/build/echostick_publisher/prefix_override:/home/ntu/ros2_ws/install/echostick_publisher/lib/python3.8/site-packages:${PYTHONPATH} /usr/bin/python3 -W ignore:setup.py install is deprecated setup.py egg_info --egg-base ../../build/echostick_publisher build --build-base /home/ntu/ros2_ws/build/echostick_publisher/build install --record /home/ntu/ros2_ws/build/echostick_publisher/install.log --install-scripts $base/lib/echostick_publisher --single-version-externally-managed install_data
[1.184s] Level 1:colcon.colcon_core.environment:checking '/home/ntu/ros2_ws/install/echostick_publisher' for CMake config files
[1.185s] Level 1:colcon.colcon_core.environment:checking '/home/ntu/ros2_ws/install/echostick_publisher/lib'
[1.185s] Level 1:colcon.colcon_core.environment:checking '/home/ntu/ros2_ws/install/echostick_publisher/bin'
[1.185s] Level 1:colcon.colcon_core.environment:checking '/home/ntu/ros2_ws/install/echostick_publisher/lib/pkgconfig/echostick_publisher.pc'
[1.185s] Level 1:colcon.colcon_core.environment:checking '/home/ntu/ros2_ws/install/echostick_publisher/lib/python3.8/site-packages'
[1.185s] Level 1:colcon.colcon_core.shell:create_environment_hook('echostick_publisher', 'pythonpath')
[1.185s] INFO:colcon.colcon_core.shell:Creating environment hook '/home/ntu/ros2_ws/install/echostick_publisher/share/echostick_publisher/hook/pythonpath.ps1'
[1.186s] INFO:colcon.colcon_core.shell:Creating environment descriptor '/home/ntu/ros2_ws/install/echostick_publisher/share/echostick_publisher/hook/pythonpath.dsv'
[1.186s] INFO:colcon.colcon_core.shell:Creating environment hook '/home/ntu/ros2_ws/install/echostick_publisher/share/echostick_publisher/hook/pythonpath.sh'
[1.187s] Level 1:colcon.colcon_core.environment:checking '/home/ntu/ros2_ws/install/echostick_publisher/bin'
[1.187s] Level 1:colcon.colcon_core.environment:create_environment_scripts_only(echostick_publisher)
[1.187s] INFO:colcon.colcon_core.shell:Creating package script '/home/ntu/ros2_ws/install/echostick_publisher/share/echostick_publisher/package.ps1'
[1.187s] INFO:colcon.colcon_core.shell:Creating package descriptor '/home/ntu/ros2_ws/install/echostick_publisher/share/echostick_publisher/package.dsv'
[1.188s] INFO:colcon.colcon_core.shell:Creating package script '/home/ntu/ros2_ws/install/echostick_publisher/share/echostick_publisher/package.sh'
[1.188s] INFO:colcon.colcon_core.shell:Creating package script '/home/ntu/ros2_ws/install/echostick_publisher/share/echostick_publisher/package.bash'
[1.188s] INFO:colcon.colcon_core.shell:Creating package script '/home/ntu/ros2_ws/install/echostick_publisher/share/echostick_publisher/package.zsh'
[1.189s] Level 1:colcon.colcon_core.environment:create_file_with_runtime_dependencies(/home/ntu/ros2_ws/install/echostick_publisher/share/colcon-core/packages/echostick_publisher)
[1.189s] DEBUG:colcon.colcon_parallel_executor.executor.parallel:closing loop
[1.189s] DEBUG:colcon.colcon_parallel_executor.executor.parallel:loop closed
[1.189s] DEBUG:colcon.colcon_parallel_executor.executor.parallel:run_until_complete finished with '0'
[1.189s] DEBUG:colcon.colcon_core.event_reactor:joining thread
[1.194s] INFO:colcon.colcon_core.plugin_system:Skipping extension 'colcon_notification.desktop_notification.terminal_notifier': Not used on non-Darwin systems
[1.195s] INFO:colcon.colcon_core.plugin_system:Skipping extension 'colcon_notification.desktop_notification.win32': Not used on non-Windows systems
[1.195s] INFO:colcon.colcon_notification.desktop_notification:Sending desktop notification using 'notify2'
[1.207s] DEBUG:colcon.colcon_core.event_reactor:joined thread
[1.207s] INFO:colcon.colcon_core.shell:Creating prefix script '/home/ntu/ros2_ws/install/local_setup.ps1'
[1.208s] INFO:colcon.colcon_core.shell:Creating prefix util module '/home/ntu/ros2_ws/install/_local_setup_util_ps1.py'
[1.209s] INFO:colcon.colcon_core.shell:Creating prefix chain script '/home/ntu/ros2_ws/install/setup.ps1'
[1.209s] INFO:colcon.colcon_core.shell:Creating prefix script '/home/ntu/ros2_ws/install/local_setup.sh'
[1.210s] INFO:colcon.colcon_core.shell:Creating prefix util module '/home/ntu/ros2_ws/install/_local_setup_util_sh.py'
[1.210s] INFO:colcon.colcon_core.shell:Creating prefix chain script '/home/ntu/ros2_ws/install/setup.sh'
[1.210s] INFO:colcon.colcon_core.shell:Creating prefix script '/home/ntu/ros2_ws/install/local_setup.bash'
[1.210s] INFO:colcon.colcon_core.shell:Creating prefix chain script '/home/ntu/ros2_ws/install/setup.bash'
[1.211s] INFO:colcon.colcon_core.shell:Creating prefix script '/home/ntu/ros2_ws/install/local_setup.zsh'
[1.211s] INFO:colcon.colcon_core.shell:Creating prefix chain script '/home/ntu/ros2_ws/install/setup.zsh'
