[0.021s] Invoking command in '/home/ntu/ros2_ws/build/digital_space': CMAKE_PREFIX_PATH=/opt/ros/foxy /usr/bin/cmake /home/ntu/ros2_ws/src/digital_space -DCMAKE_INSTALL_PREFIX=/home/ntu/ros2_ws/install/digital_space
[0.385s] -- The C compiler identification is GNU 9.4.0
[0.386s] -- The CXX compiler identification is GNU 9.4.0
[0.386s] -- Check for working C compiler: /usr/bin/cc
[0.386s] -- Check for working C compiler: /usr/bin/cc -- works
[0.386s] -- Detecting C compiler ABI info
[0.386s] -- Detecting C compiler ABI info - done
[0.386s] -- Detecting C compile features
[0.386s] -- Detecting C compile features - done
[0.386s] -- Check for working CXX compiler: /usr/bin/c++
[0.386s] -- Check for working CXX compiler: /usr/bin/c++ -- works
[0.386s] -- Detecting CXX compiler ABI info
[0.386s] -- Detecting CXX compiler ABI info - done
[0.386s] -- Detecting CXX compile features
[0.386s] -- Detecting CXX compile features - done
[0.387s] -- Found ament_cmake: 0.9.12 (/opt/ros/foxy/share/ament_cmake/cmake)
[0.387s] -- Found PythonInterp: /usr/bin/python3 (found suitable version "3.8.10", minimum required is "3") 
[0.387s] -- Using PYTHON_EXECUTABLE: /usr/bin/python3
[0.469s] -- Found rclpy: 1.0.13 (/opt/ros/foxy/share/rclpy/cmake)
[0.470s] -- Found std_msgs: 2.0.5 (/opt/ros/foxy/share/std_msgs/cmake)
[0.503s] -- Using all available rosidl_typesupport_c: rosidl_typesupport_fastrtps_c;rosidl_typesupport_introspection_c
[0.511s] -- Found rosidl_adapter: 1.3.1 (/opt/ros/foxy/share/rosidl_adapter/cmake)
[0.581s] -- Found OpenSSL: /usr/lib/x86_64-linux-gnu/libcrypto.so (found version "1.1.1f")  
[0.612s] -- Found FastRTPS: /opt/ros/foxy/include  
[0.698s] -- Using all available rosidl_typesupport_cpp: rosidl_typesupport_fastrtps_cpp;rosidl_typesupport_introspection_cpp
[0.750s] -- Found sensor_msgs: 2.0.5 (/opt/ros/foxy/share/sensor_msgs/cmake)
[0.882s] -- Found rosidl_default_generators: 1.0.1 (/opt/ros/foxy/share/rosidl_default_generators/cmake)
[0.908s] -- Found PythonInterp: /usr/bin/python3 (found version "3.8.10") 
[1.051s] -- Found ament_cmake_ros: 0.9.2 (/opt/ros/foxy/share/ament_cmake_ros/cmake)
[1.230s] -- Using all available rosidl_typesupport_c: rosidl_typesupport_fastrtps_c;rosidl_typesupport_introspection_c
[1.316s] -- Using all available rosidl_typesupport_cpp: rosidl_typesupport_fastrtps_cpp;rosidl_typesupport_introspection_cpp
[1.333s] -- Found PythonInterp: /usr/bin/python3 (found suitable version "3.8.10", minimum required is "3.5") 
[1.335s] -- Found python_cmake_module: 0.8.1 (/opt/ros/foxy/share/python_cmake_module/cmake)
[1.359s] -- Found PythonLibs: /usr/lib/x86_64-linux-gnu/libpython3.8.so (found suitable version "3.8.10", minimum required is "3.5") 
[1.359s] -- Using PYTHON_EXECUTABLE: /usr/bin/python3
[1.359s] -- Using PYTHON_INCLUDE_DIRS: /usr/include/python3.8
[1.359s] -- Using PYTHON_LIBRARIES: /usr/lib/x86_64-linux-gnu/libpython3.8.so
[1.373s] -- Found PythonExtra: .so  
[1.445s] -- Found ament_lint_auto: 0.9.8 (/opt/ros/foxy/share/ament_lint_auto/cmake)
[1.466s] -- Added test 'copyright' to check source files copyright and LICENSE
[1.467s] -- Added test 'flake8' to check Python code syntax and style conventions
[1.468s] -- Added test 'lint_cmake' to check CMake code style
[1.468s] -- Added test 'pep257' to check Python code against some of the style conventions in PEP 257
[1.469s] -- Added test 'xmllint' to check XML markup files
[1.473s] -- Configuring done
[1.522s] -- Generating done
[1.525s] -- Build files have been written to: /home/ntu/ros2_ws/build/digital_space
[1.533s] Invoked command in '/home/ntu/ros2_ws/build/digital_space' returned '0': CMAKE_PREFIX_PATH=/opt/ros/foxy /usr/bin/cmake /home/ntu/ros2_ws/src/digital_space -DCMAKE_INSTALL_PREFIX=/home/ntu/ros2_ws/install/digital_space
[1.536s] Invoking command in '/home/ntu/ros2_ws/build/digital_space': CMAKE_PREFIX_PATH=/opt/ros/foxy /usr/bin/cmake --build /home/ntu/ros2_ws/build/digital_space -- -j12 -l12
[1.575s] [  3%] [34m[1mGenerating C code for ROS interfaces[0m
[1.575s] [35m[1mScanning dependencies of target digital_space__cpp[0m
[1.587s] [  6%] [34m[1mGenerating C++ code for ROS interfaces[0m
[1.782s] [35m[1mScanning dependencies of target digital_space__rosidl_generator_c[0m
[1.798s] [  9%] [32mBuilding C object CMakeFiles/digital_space__rosidl_generator_c.dir/rosidl_generator_c/digital_space/srv/detail/querydata__functions.c.o[0m
[1.855s] [  9%] Built target digital_space__cpp
[1.863s] [ 12%] [34m[1mGenerating C++ introspection for ROS interfaces[0m
[1.864s] [ 16%] [32m[1mLinking C shared library libdigital_space__rosidl_generator_c.so[0m
[1.868s] [ 22%] [34m[1mGenerating C++ type support dispatch for ROS interfaces[0m
[1.868s] [ 22%] [34m[1mGenerating C++ type support for eProsima Fast-RTPS[0m
[1.908s] [ 22%] Built target digital_space__rosidl_generator_c
[1.921s] [ 29%] [34m[1mGenerating C introspection for ROS interfaces[0m
[1.921s] [ 29%] [34m[1mGenerating C type support dispatch for ROS interfaces[0m
[2.041s] [35m[1mScanning dependencies of target digital_space__rosidl_typesupport_cpp[0m
[2.051s] [ 32%] [32mBuilding CXX object CMakeFiles/digital_space__rosidl_typesupport_cpp.dir/rosidl_typesupport_cpp/digital_space/srv/querydata__type_support.cpp.o[0m
[2.052s] [35m[1mScanning dependencies of target digital_space__rosidl_typesupport_introspection_cpp[0m
[2.071s] [ 35%] [32mBuilding CXX object CMakeFiles/digital_space__rosidl_typesupport_introspection_cpp.dir/rosidl_typesupport_introspection_cpp/digital_space/srv/detail/querydata__type_support.cpp.o[0m
[2.140s] [35m[1mScanning dependencies of target digital_space__rosidl_typesupport_fastrtps_cpp[0m
[2.161s] [ 38%] [32mBuilding CXX object CMakeFiles/digital_space__rosidl_typesupport_fastrtps_cpp.dir/rosidl_typesupport_fastrtps_cpp/digital_space/srv/detail/dds_fastrtps/querydata__type_support.cpp.o[0m
[2.161s] [35m[1mScanning dependencies of target digital_space__rosidl_typesupport_c[0m
[2.176s] [ 41%] [32mBuilding CXX object CMakeFiles/digital_space__rosidl_typesupport_c.dir/rosidl_typesupport_c/digital_space/srv/querydata__type_support.cpp.o[0m
[2.193s] [35m[1mScanning dependencies of target digital_space__rosidl_typesupport_introspection_c[0m
[2.208s] [ 45%] [32mBuilding C object CMakeFiles/digital_space__rosidl_typesupport_introspection_c.dir/rosidl_typesupport_introspection_c/digital_space/srv/detail/querydata__type_support.c.o[0m
[2.211s] [ 48%] [32m[1mLinking CXX shared library libdigital_space__rosidl_typesupport_c.so[0m
[2.232s] [ 51%] [32m[1mLinking CXX shared library libdigital_space__rosidl_typesupport_cpp.so[0m
[2.243s] [ 54%] [32m[1mLinking C shared library libdigital_space__rosidl_typesupport_introspection_c.so[0m
[2.255s] [ 58%] [32m[1mLinking CXX shared library libdigital_space__rosidl_typesupport_introspection_cpp.so[0m
[2.256s] [ 58%] Built target digital_space__rosidl_typesupport_c
[2.266s] [ 58%] Built target digital_space__rosidl_typesupport_introspection_c
[2.271s] [ 58%] Built target digital_space__rosidl_typesupport_cpp
[2.298s] [ 58%] Built target digital_space__rosidl_typesupport_introspection_cpp
[2.455s] [ 61%] [32m[1mLinking CXX shared library libdigital_space__rosidl_typesupport_fastrtps_cpp.so[0m
[2.507s] [ 61%] Built target digital_space__rosidl_typesupport_fastrtps_cpp
[2.514s] [ 64%] [34m[1mGenerating C type support for eProsima Fast-RTPS[0m
[2.648s] [35m[1mScanning dependencies of target digital_space__rosidl_typesupport_fastrtps_c[0m
[2.660s] [ 67%] [32mBuilding CXX object CMakeFiles/digital_space__rosidl_typesupport_fastrtps_c.dir/rosidl_typesupport_fastrtps_c/digital_space/srv/detail/querydata__type_support_c.cpp.o[0m
[2.847s] [ 70%] [32m[1mLinking CXX shared library libdigital_space__rosidl_typesupport_fastrtps_c.so[0m
[2.901s] [ 70%] Built target digital_space__rosidl_typesupport_fastrtps_c
[2.910s] [35m[1mScanning dependencies of target digital_space[0m
[2.920s] [ 70%] Built target digital_space
[2.930s] [35m[1mScanning dependencies of target digital_space__py[0m
[2.941s] [ 74%] [34m[1mGenerating Python code for ROS interfaces[0m
[3.238s] [ 74%] Built target digital_space__py
[3.244s] [35m[1mScanning dependencies of target digital_space__python[0m
[3.257s] [ 77%] [32mBuilding C object CMakeFiles/digital_space__python.dir/rosidl_generator_py/digital_space/srv/_querydata_s.c.o[0m
[3.313s] [ 80%] [32m[1mLinking C shared library rosidl_generator_py/digital_space/libdigital_space__python.so[0m
[3.344s] [ 80%] Built target digital_space__python
[3.349s] [35m[1mScanning dependencies of target digital_space__rosidl_typesupport_c__pyext[0m
[3.349s] [35m[1mScanning dependencies of target digital_space__rosidl_typesupport_fastrtps_c__pyext[0m
[3.350s] [35m[1mScanning dependencies of target digital_space__rosidl_typesupport_introspection_c__pyext[0m
[3.361s] [ 87%] [32mBuilding C object CMakeFiles/digital_space__rosidl_typesupport_fastrtps_c__pyext.dir/rosidl_generator_py/digital_space/_digital_space_s.ep.rosidl_typesupport_fastrtps_c.c.o[0m
[3.361s] [ 87%] [32mBuilding C object CMakeFiles/digital_space__rosidl_typesupport_c__pyext.dir/rosidl_generator_py/digital_space/_digital_space_s.ep.rosidl_typesupport_c.c.o[0m
[3.365s] [ 90%] [32mBuilding C object CMakeFiles/digital_space__rosidl_typesupport_introspection_c__pyext.dir/rosidl_generator_py/digital_space/_digital_space_s.ep.rosidl_typesupport_introspection_c.c.o[0m
[3.410s] [ 96%] [32m[1mLinking C shared library rosidl_generator_py/digital_space/digital_space_s__rosidl_typesupport_c.cpython-38-x86_64-linux-gnu.so[0m
[3.410s] [ 96%] [32m[1mLinking CXX shared library rosidl_generator_py/digital_space/digital_space_s__rosidl_typesupport_fastrtps_c.cpython-38-x86_64-linux-gnu.so[0m
[3.435s] [100%] [32m[1mLinking C shared library rosidl_generator_py/digital_space/digital_space_s__rosidl_typesupport_introspection_c.cpython-38-x86_64-linux-gnu.so[0m
[3.445s] [100%] Built target digital_space__rosidl_typesupport_c__pyext
[3.459s] [100%] Built target digital_space__rosidl_typesupport_fastrtps_c__pyext
[3.459s] [100%] Built target digital_space__rosidl_typesupport_introspection_c__pyext
[3.466s] Invoked command in '/home/ntu/ros2_ws/build/digital_space' returned '0': CMAKE_PREFIX_PATH=/opt/ros/foxy /usr/bin/cmake --build /home/ntu/ros2_ws/build/digital_space -- -j12 -l12
[3.491s] Invoking command in '/home/ntu/ros2_ws/build/digital_space': CMAKE_PREFIX_PATH=/opt/ros/foxy /usr/bin/cmake --install /home/ntu/ros2_ws/build/digital_space
[3.496s] -- Install configuration: ""
[3.496s] -- Installing: /home/ntu/ros2_ws/install/digital_space/share/ament_index/resource_index/rosidl_interfaces/digital_space
[3.496s] -- Installing: /home/ntu/ros2_ws/install/digital_space/include/digital_space
[3.496s] -- Installing: /home/ntu/ros2_ws/install/digital_space/include/digital_space/msg
[3.496s] -- Installing: /home/ntu/ros2_ws/install/digital_space/include/digital_space/msg/rosidl_generator_c__visibility_control.h
[3.496s] -- Installing: /home/ntu/ros2_ws/install/digital_space/include/digital_space/srv
[3.496s] -- Installing: /home/ntu/ros2_ws/install/digital_space/include/digital_space/srv/querydata.h
[3.496s] -- Installing: /home/ntu/ros2_ws/install/digital_space/include/digital_space/srv/detail
[3.496s] -- Installing: /home/ntu/ros2_ws/install/digital_space/include/digital_space/srv/detail/querydata__struct.h
[3.496s] -- Installing: /home/ntu/ros2_ws/install/digital_space/include/digital_space/srv/detail/querydata__functions.c
[3.496s] -- Installing: /home/ntu/ros2_ws/install/digital_space/include/digital_space/srv/detail/querydata__type_support.h
[3.496s] -- Installing: /home/ntu/ros2_ws/install/digital_space/include/digital_space/srv/detail/querydata__functions.h
[3.497s] -- Installing: /home/ntu/ros2_ws/install/digital_space/share/digital_space/environment/library_path.sh
[3.497s] -- Installing: /home/ntu/ros2_ws/install/digital_space/share/digital_space/environment/library_path.dsv
[3.497s] -- Installing: /home/ntu/ros2_ws/install/digital_space/lib/libdigital_space__rosidl_generator_c.so
[3.497s] -- Set runtime path of "/home/ntu/ros2_ws/install/digital_space/lib/libdigital_space__rosidl_generator_c.so" to ""
[3.497s] -- Up-to-date: /home/ntu/ros2_ws/install/digital_space/include/digital_space
[3.497s] -- Up-to-date: /home/ntu/ros2_ws/install/digital_space/include/digital_space/msg
[3.497s] -- Installing: /home/ntu/ros2_ws/install/digital_space/include/digital_space/msg/rosidl_typesupport_fastrtps_c__visibility_control.h
[3.497s] -- Up-to-date: /home/ntu/ros2_ws/install/digital_space/include/digital_space/srv
[3.497s] -- Up-to-date: /home/ntu/ros2_ws/install/digital_space/include/digital_space/srv/detail
[3.497s] -- Installing: /home/ntu/ros2_ws/install/digital_space/include/digital_space/srv/detail/querydata__rosidl_typesupport_fastrtps_c.h
[3.497s] -- Installing: /home/ntu/ros2_ws/install/digital_space/lib/libdigital_space__rosidl_typesupport_fastrtps_c.so
[3.497s] -- Set runtime path of "/home/ntu/ros2_ws/install/digital_space/lib/libdigital_space__rosidl_typesupport_fastrtps_c.so" to ""
[3.497s] -- Up-to-date: /home/ntu/ros2_ws/install/digital_space/include/digital_space
[3.498s] -- Up-to-date: /home/ntu/ros2_ws/install/digital_space/include/digital_space/msg
[3.498s] -- Installing: /home/ntu/ros2_ws/install/digital_space/include/digital_space/msg/rosidl_typesupport_fastrtps_cpp__visibility_control.h
[3.498s] -- Up-to-date: /home/ntu/ros2_ws/install/digital_space/include/digital_space/srv
[3.498s] -- Up-to-date: /home/ntu/ros2_ws/install/digital_space/include/digital_space/srv/detail
[3.498s] -- Installing: /home/ntu/ros2_ws/install/digital_space/include/digital_space/srv/detail/dds_fastrtps
[3.498s] -- Installing: /home/ntu/ros2_ws/install/digital_space/include/digital_space/srv/detail/querydata__rosidl_typesupport_fastrtps_cpp.hpp
[3.498s] -- Installing: /home/ntu/ros2_ws/install/digital_space/lib/libdigital_space__rosidl_typesupport_fastrtps_cpp.so
[3.498s] -- Set runtime path of "/home/ntu/ros2_ws/install/digital_space/lib/libdigital_space__rosidl_typesupport_fastrtps_cpp.so" to ""
[3.498s] -- Up-to-date: /home/ntu/ros2_ws/install/digital_space/include/digital_space
[3.498s] -- Up-to-date: /home/ntu/ros2_ws/install/digital_space/include/digital_space/msg
[3.498s] -- Installing: /home/ntu/ros2_ws/install/digital_space/include/digital_space/msg/rosidl_typesupport_introspection_c__visibility_control.h
[3.498s] -- Up-to-date: /home/ntu/ros2_ws/install/digital_space/include/digital_space/srv
[3.498s] -- Up-to-date: /home/ntu/ros2_ws/install/digital_space/include/digital_space/srv/detail
[3.498s] -- Installing: /home/ntu/ros2_ws/install/digital_space/include/digital_space/srv/detail/querydata__type_support.c
[3.498s] -- Installing: /home/ntu/ros2_ws/install/digital_space/include/digital_space/srv/detail/querydata__rosidl_typesupport_introspection_c.h
[3.498s] -- Installing: /home/ntu/ros2_ws/install/digital_space/lib/libdigital_space__rosidl_typesupport_introspection_c.so
[3.499s] -- Set runtime path of "/home/ntu/ros2_ws/install/digital_space/lib/libdigital_space__rosidl_typesupport_introspection_c.so" to ""
[3.499s] -- Installing: /home/ntu/ros2_ws/install/digital_space/lib/libdigital_space__rosidl_typesupport_c.so
[3.499s] -- Set runtime path of "/home/ntu/ros2_ws/install/digital_space/lib/libdigital_space__rosidl_typesupport_c.so" to ""
[3.499s] -- Up-to-date: /home/ntu/ros2_ws/install/digital_space/include/digital_space
[3.499s] -- Up-to-date: /home/ntu/ros2_ws/install/digital_space/include/digital_space/msg
[3.499s] -- Installing: /home/ntu/ros2_ws/install/digital_space/include/digital_space/msg/rosidl_generator_cpp__visibility_control.hpp
[3.499s] -- Up-to-date: /home/ntu/ros2_ws/install/digital_space/include/digital_space/srv
[3.499s] -- Installing: /home/ntu/ros2_ws/install/digital_space/include/digital_space/srv/querydata.hpp
[3.499s] -- Up-to-date: /home/ntu/ros2_ws/install/digital_space/include/digital_space/srv/detail
[3.499s] -- Installing: /home/ntu/ros2_ws/install/digital_space/include/digital_space/srv/detail/querydata__builder.hpp
[3.499s] -- Installing: /home/ntu/ros2_ws/install/digital_space/include/digital_space/srv/detail/querydata__struct.hpp
[3.499s] -- Installing: /home/ntu/ros2_ws/install/digital_space/include/digital_space/srv/detail/querydata__type_support.hpp
[3.499s] -- Installing: /home/ntu/ros2_ws/install/digital_space/include/digital_space/srv/detail/querydata__traits.hpp
[3.499s] -- Up-to-date: /home/ntu/ros2_ws/install/digital_space/include/digital_space
[3.499s] -- Up-to-date: /home/ntu/ros2_ws/install/digital_space/include/digital_space/srv
[3.499s] -- Up-to-date: /home/ntu/ros2_ws/install/digital_space/include/digital_space/srv/detail
[3.500s] -- Installing: /home/ntu/ros2_ws/install/digital_space/include/digital_space/srv/detail/querydata__rosidl_typesupport_introspection_cpp.hpp
[3.500s] -- Installing: /home/ntu/ros2_ws/install/digital_space/include/digital_space/srv/detail/querydata__type_support.cpp
[3.500s] -- Installing: /home/ntu/ros2_ws/install/digital_space/lib/libdigital_space__rosidl_typesupport_introspection_cpp.so
[3.500s] -- Set runtime path of "/home/ntu/ros2_ws/install/digital_space/lib/libdigital_space__rosidl_typesupport_introspection_cpp.so" to ""
[3.500s] -- Installing: /home/ntu/ros2_ws/install/digital_space/lib/libdigital_space__rosidl_typesupport_cpp.so
[3.500s] -- Set runtime path of "/home/ntu/ros2_ws/install/digital_space/lib/libdigital_space__rosidl_typesupport_cpp.so" to ""
[3.500s] -- Installing: /home/ntu/ros2_ws/install/digital_space/share/digital_space/environment/pythonpath.sh
[3.500s] -- Installing: /home/ntu/ros2_ws/install/digital_space/share/digital_space/environment/pythonpath.dsv
[3.500s] -- Installing: /home/ntu/ros2_ws/install/digital_space/lib/python3.8/site-packages/digital_space/__init__.py
[3.522s] Compiling '/home/ntu/ros2_ws/install/digital_space/lib/python3.8/site-packages/digital_space/__init__.py'...
[3.525s] -- Installing: /home/ntu/ros2_ws/install/digital_space/lib/python3.8/site-packages/digital_space/srv
[3.525s] -- Installing: /home/ntu/ros2_ws/install/digital_space/lib/python3.8/site-packages/digital_space/srv/_querydata_s.c
[3.525s] -- Installing: /home/ntu/ros2_ws/install/digital_space/lib/python3.8/site-packages/digital_space/srv/__init__.py
[3.525s] -- Installing: /home/ntu/ros2_ws/install/digital_space/lib/python3.8/site-packages/digital_space/srv/_querydata.py
[3.525s] -- Installing: /home/ntu/ros2_ws/install/digital_space/lib/python3.8/site-packages/digital_space/digital_space_s__rosidl_typesupport_fastrtps_c.cpython-38-x86_64-linux-gnu.so
[3.525s] -- Set runtime path of "/home/ntu/ros2_ws/install/digital_space/lib/python3.8/site-packages/digital_space/digital_space_s__rosidl_typesupport_fastrtps_c.cpython-38-x86_64-linux-gnu.so" to ""
[3.525s] -- Installing: /home/ntu/ros2_ws/install/digital_space/lib/python3.8/site-packages/digital_space/digital_space_s__rosidl_typesupport_introspection_c.cpython-38-x86_64-linux-gnu.so
[3.525s] -- Set runtime path of "/home/ntu/ros2_ws/install/digital_space/lib/python3.8/site-packages/digital_space/digital_space_s__rosidl_typesupport_introspection_c.cpython-38-x86_64-linux-gnu.so" to ""
[3.525s] -- Installing: /home/ntu/ros2_ws/install/digital_space/lib/python3.8/site-packages/digital_space/digital_space_s__rosidl_typesupport_c.cpython-38-x86_64-linux-gnu.so
[3.526s] -- Set runtime path of "/home/ntu/ros2_ws/install/digital_space/lib/python3.8/site-packages/digital_space/digital_space_s__rosidl_typesupport_c.cpython-38-x86_64-linux-gnu.so" to ""
[3.526s] -- Installing: /home/ntu/ros2_ws/install/digital_space/lib/libdigital_space__python.so
[3.526s] -- Set runtime path of "/home/ntu/ros2_ws/install/digital_space/lib/libdigital_space__python.so" to ""
[3.526s] -- Installing: /home/ntu/ros2_ws/install/digital_space/share/digital_space/srv/Querydata.idl
[3.526s] -- Installing: /home/ntu/ros2_ws/install/digital_space/share/digital_space/srv/Querydata.srv
[3.526s] -- Installing: /home/ntu/ros2_ws/install/digital_space/share/digital_space/srv/Querydata_Request.msg
[3.526s] -- Installing: /home/ntu/ros2_ws/install/digital_space/share/digital_space/srv/Querydata_Response.msg
[3.526s] -- Installing: /home/ntu/ros2_ws/install/digital_space/lib/digital_space/data_collector_node.py
[3.526s] -- Installing: /home/ntu/ros2_ws/install/digital_space/share/ament_index/resource_index/package_run_dependencies/digital_space
[3.526s] -- Installing: /home/ntu/ros2_ws/install/digital_space/share/ament_index/resource_index/parent_prefix_path/digital_space
[3.527s] -- Installing: /home/ntu/ros2_ws/install/digital_space/share/digital_space/environment/ament_prefix_path.sh
[3.527s] -- Installing: /home/ntu/ros2_ws/install/digital_space/share/digital_space/environment/ament_prefix_path.dsv
[3.527s] -- Installing: /home/ntu/ros2_ws/install/digital_space/share/digital_space/environment/path.sh
[3.527s] -- Installing: /home/ntu/ros2_ws/install/digital_space/share/digital_space/environment/path.dsv
[3.527s] -- Installing: /home/ntu/ros2_ws/install/digital_space/share/digital_space/local_setup.bash
[3.527s] -- Installing: /home/ntu/ros2_ws/install/digital_space/share/digital_space/local_setup.sh
[3.527s] -- Installing: /home/ntu/ros2_ws/install/digital_space/share/digital_space/local_setup.zsh
[3.527s] -- Installing: /home/ntu/ros2_ws/install/digital_space/share/digital_space/local_setup.dsv
[3.527s] -- Installing: /home/ntu/ros2_ws/install/digital_space/share/digital_space/package.dsv
[3.527s] -- Installing: /home/ntu/ros2_ws/install/digital_space/share/ament_index/resource_index/packages/digital_space
[3.527s] -- Installing: /home/ntu/ros2_ws/install/digital_space/share/digital_space/cmake/digital_space__rosidl_generator_cExport.cmake
[3.527s] -- Installing: /home/ntu/ros2_ws/install/digital_space/share/digital_space/cmake/digital_space__rosidl_generator_cExport-noconfig.cmake
[3.527s] -- Installing: /home/ntu/ros2_ws/install/digital_space/share/digital_space/cmake/digital_space__rosidl_typesupport_introspection_cExport.cmake
[3.527s] -- Installing: /home/ntu/ros2_ws/install/digital_space/share/digital_space/cmake/digital_space__rosidl_typesupport_introspection_cExport-noconfig.cmake
[3.527s] -- Installing: /home/ntu/ros2_ws/install/digital_space/share/digital_space/cmake/digital_space__rosidl_typesupport_cExport.cmake
[3.527s] -- Installing: /home/ntu/ros2_ws/install/digital_space/share/digital_space/cmake/digital_space__rosidl_typesupport_cExport-noconfig.cmake
[3.527s] -- Installing: /home/ntu/ros2_ws/install/digital_space/share/digital_space/cmake/digital_space__rosidl_generator_cppExport.cmake
[3.527s] -- Installing: /home/ntu/ros2_ws/install/digital_space/share/digital_space/cmake/digital_space__rosidl_typesupport_introspection_cppExport.cmake
[3.527s] -- Installing: /home/ntu/ros2_ws/install/digital_space/share/digital_space/cmake/digital_space__rosidl_typesupport_introspection_cppExport-noconfig.cmake
[3.528s] -- Installing: /home/ntu/ros2_ws/install/digital_space/share/digital_space/cmake/digital_space__rosidl_typesupport_cppExport.cmake
[3.528s] -- Installing: /home/ntu/ros2_ws/install/digital_space/share/digital_space/cmake/digital_space__rosidl_typesupport_cppExport-noconfig.cmake
[3.528s] -- Installing: /home/ntu/ros2_ws/install/digital_space/share/digital_space/cmake/rosidl_cmake-extras.cmake
[3.528s] -- Installing: /home/ntu/ros2_ws/install/digital_space/share/digital_space/cmake/ament_cmake_export_dependencies-extras.cmake
[3.528s] -- Installing: /home/ntu/ros2_ws/install/digital_space/share/digital_space/cmake/ament_cmake_export_libraries-extras.cmake
[3.528s] -- Installing: /home/ntu/ros2_ws/install/digital_space/share/digital_space/cmake/ament_cmake_export_targets-extras.cmake
[3.528s] -- Installing: /home/ntu/ros2_ws/install/digital_space/share/digital_space/cmake/ament_cmake_export_include_directories-extras.cmake
[3.528s] -- Installing: /home/ntu/ros2_ws/install/digital_space/share/digital_space/cmake/rosidl_cmake_export_typesupport_libraries-extras.cmake
[3.528s] -- Installing: /home/ntu/ros2_ws/install/digital_space/share/digital_space/cmake/rosidl_cmake_export_typesupport_targets-extras.cmake
[3.528s] -- Installing: /home/ntu/ros2_ws/install/digital_space/share/digital_space/cmake/digital_spaceConfig.cmake
[3.528s] -- Installing: /home/ntu/ros2_ws/install/digital_space/share/digital_space/cmake/digital_spaceConfig-version.cmake
[3.528s] -- Installing: /home/ntu/ros2_ws/install/digital_space/share/digital_space/package.xml
[3.529s] Invoked command in '/home/ntu/ros2_ws/build/digital_space' returned '0': CMAKE_PREFIX_PATH=/opt/ros/foxy /usr/bin/cmake --install /home/ntu/ros2_ws/build/digital_space
