[0.006s] Invoking command in '/home/ntu/ros2_ws/build/task_manager': AMENT_PREFIX_PATH=/home/ntu/ros2_ws/install/digital_space:${AMENT_PREFIX_PATH} CMAKE_PREFIX_PATH=/home/ntu/ros2_ws/install/digital_space:/opt/ros/foxy LD_LIBRARY_PATH=/home/ntu/ros2_ws/install/digital_space/lib:${LD_LIBRARY_PATH} PYTHONPATH=/home/ntu/ros2_ws/install/digital_space/lib/python3.8/site-packages:${PYTHONPATH} /usr/bin/cmake /home/ntu/ros2_ws/src/task_manager -DCMAKE_INSTALL_PREFIX=/home/ntu/ros2_ws/install/task_manager
[0.035s] -- The C compiler identification is GNU 9.4.0
[0.064s] -- The CXX compiler identification is GNU 9.4.0
[0.066s] -- Check for working C compiler: /usr/bin/cc
[0.102s] -- Check for working C compiler: /usr/bin/cc -- works
[0.103s] -- Detecting C compiler ABI info
[0.141s] -- Detecting C compiler ABI info - done
[0.147s] -- Detecting C compile features
[0.147s] -- Detecting C compile features - done
[0.148s] -- Check for working CXX compiler: /usr/bin/c++
[0.195s] -- Check for working CXX compiler: /usr/bin/c++ -- works
[0.196s] -- Detecting CXX compiler ABI info
[0.240s] -- Detecting CXX compiler ABI info - done
[0.249s] -- Detecting CXX compile features
[0.249s] -- Detecting CXX compile features - done
[0.250s] -- Found ament_cmake: 0.9.12 (/opt/ros/foxy/share/ament_cmake/cmake)
[0.263s] -- Found PythonInterp: /usr/bin/python3 (found suitable version "3.8.10", minimum required is "3") 
[0.263s] -- Using PYTHON_EXECUTABLE: /usr/bin/python3
[0.359s] -- Found rclpy: 1.0.13 (/opt/ros/foxy/share/rclpy/cmake)
[0.360s] -- Found std_msgs: 2.0.5 (/opt/ros/foxy/share/std_msgs/cmake)
[0.373s] -- Using all available rosidl_typesupport_c: rosidl_typesupport_fastrtps_c;rosidl_typesupport_introspection_c
[0.377s] -- Found rosidl_adapter: 1.3.1 (/opt/ros/foxy/share/rosidl_adapter/cmake)
[0.414s] -- Found OpenSSL: /usr/lib/x86_64-linux-gnu/libcrypto.so (found version "1.1.1f")  
[0.431s] -- Found FastRTPS: /opt/ros/foxy/include  
[0.471s] -- Using all available rosidl_typesupport_cpp: rosidl_typesupport_fastrtps_cpp;rosidl_typesupport_introspection_cpp
[0.496s] -- Found rosidl_default_generators: 1.0.1 (/opt/ros/foxy/share/rosidl_default_generators/cmake)
[0.513s] -- Found PythonInterp: /usr/bin/python3 (found version "3.8.10") 
[0.594s] -- Found ament_cmake_ros: 0.9.2 (/opt/ros/foxy/share/ament_cmake_ros/cmake)
[0.684s] -- Using all available rosidl_typesupport_c: rosidl_typesupport_fastrtps_c;rosidl_typesupport_introspection_c
[0.718s] -- Using all available rosidl_typesupport_cpp: rosidl_typesupport_fastrtps_cpp;rosidl_typesupport_introspection_cpp
[0.734s] -- Found PythonInterp: /usr/bin/python3 (found suitable version "3.8.10", minimum required is "3.5") 
[0.735s] -- Found python_cmake_module: 0.8.1 (/opt/ros/foxy/share/python_cmake_module/cmake)
[0.753s] -- Found PythonLibs: /usr/lib/x86_64-linux-gnu/libpython3.8.so (found suitable version "3.8.10", minimum required is "3.5") 
[0.753s] -- Using PYTHON_EXECUTABLE: /usr/bin/python3
[0.754s] -- Using PYTHON_INCLUDE_DIRS: /usr/include/python3.8
[0.754s] -- Using PYTHON_LIBRARIES: /usr/lib/x86_64-linux-gnu/libpython3.8.so
[0.768s] -- Found PythonExtra: .so  
[0.819s] -- Found ament_lint_auto: 0.9.8 (/opt/ros/foxy/share/ament_lint_auto/cmake)
[0.824s] -- Configuring done
[0.847s] -- Generating done
[0.849s] -- Build files have been written to: /home/ntu/ros2_ws/build/task_manager
[0.855s] Invoked command in '/home/ntu/ros2_ws/build/task_manager' returned '0': AMENT_PREFIX_PATH=/home/ntu/ros2_ws/install/digital_space:${AMENT_PREFIX_PATH} CMAKE_PREFIX_PATH=/home/ntu/ros2_ws/install/digital_space:/opt/ros/foxy LD_LIBRARY_PATH=/home/ntu/ros2_ws/install/digital_space/lib:${LD_LIBRARY_PATH} PYTHONPATH=/home/ntu/ros2_ws/install/digital_space/lib/python3.8/site-packages:${PYTHONPATH} /usr/bin/cmake /home/ntu/ros2_ws/src/task_manager -DCMAKE_INSTALL_PREFIX=/home/ntu/ros2_ws/install/task_manager
[0.858s] Invoking command in '/home/ntu/ros2_ws/build/task_manager': AMENT_PREFIX_PATH=/home/ntu/ros2_ws/install/digital_space:${AMENT_PREFIX_PATH} CMAKE_PREFIX_PATH=/home/ntu/ros2_ws/install/digital_space:/opt/ros/foxy LD_LIBRARY_PATH=/home/ntu/ros2_ws/install/digital_space/lib:${LD_LIBRARY_PATH} PYTHONPATH=/home/ntu/ros2_ws/install/digital_space/lib/python3.8/site-packages:${PYTHONPATH} /usr/bin/cmake --build /home/ntu/ros2_ws/build/task_manager -- -j12 -l12
[0.885s] [35m[1mScanning dependencies of target task_manager__cpp[0m
[0.889s] [  3%] [34m[1mGenerating C code for ROS interfaces[0m
[0.892s] [  6%] [34m[1mGenerating C++ code for ROS interfaces[0m
[1.066s] [  6%] Built target task_manager__cpp
[1.073s] [  9%] [34m[1mGenerating C++ type support dispatch for ROS interfaces[0m
[1.076s] [ 16%] [34m[1mGenerating C++ introspection for ROS interfaces[0m
[1.076s] [ 16%] [34m[1mGenerating C++ type support for eProsima Fast-RTPS[0m
[1.162s] [35m[1mScanning dependencies of target task_manager__rosidl_generator_c[0m
[1.174s] [ 19%] [32mBuilding C object CMakeFiles/task_manager__rosidl_generator_c.dir/rosidl_generator_c/task_manager/srv/detail/querydata__functions.c.o[0m
[1.225s] [35m[1mScanning dependencies of target task_manager__rosidl_typesupport_introspection_cpp[0m
[1.232s] [ 22%] [32m[1mLinking C shared library libtask_manager__rosidl_generator_c.so[0m
[1.232s] [ 25%] [32mBuilding CXX object CMakeFiles/task_manager__rosidl_typesupport_introspection_cpp.dir/rosidl_typesupport_introspection_cpp/task_manager/srv/detail/querydata__type_support.cpp.o[0m
[1.256s] [ 25%] Built target task_manager__rosidl_generator_c
[1.263s] [ 29%] [34m[1mGenerating C introspection for ROS interfaces[0m
[1.265s] [ 32%] [34m[1mGenerating C type support dispatch for ROS interfaces[0m
[1.290s] [35m[1mScanning dependencies of target task_manager__rosidl_typesupport_cpp[0m
[1.302s] [ 35%] [32mBuilding CXX object CMakeFiles/task_manager__rosidl_typesupport_cpp.dir/rosidl_typesupport_cpp/task_manager/srv/querydata__type_support.cpp.o[0m
[1.320s] [35m[1mScanning dependencies of target task_manager__rosidl_typesupport_fastrtps_cpp[0m
[1.336s] [ 38%] [32mBuilding CXX object CMakeFiles/task_manager__rosidl_typesupport_fastrtps_cpp.dir/rosidl_typesupport_fastrtps_cpp/task_manager/srv/detail/dds_fastrtps/querydata__type_support.cpp.o[0m
[1.395s] [ 41%] [32m[1mLinking CXX shared library libtask_manager__rosidl_typesupport_introspection_cpp.so[0m
[1.403s] [35m[1mScanning dependencies of target task_manager__rosidl_typesupport_introspection_c[0m
[1.411s] [ 45%] [32mBuilding C object CMakeFiles/task_manager__rosidl_typesupport_introspection_c.dir/rosidl_typesupport_introspection_c/task_manager/srv/detail/querydata__type_support.c.o[0m
[1.435s] [ 48%] [32m[1mLinking C shared library libtask_manager__rosidl_typesupport_introspection_c.so[0m
[1.439s] [ 48%] Built target task_manager__rosidl_typesupport_introspection_cpp
[1.454s] [ 48%] Built target task_manager__rosidl_typesupport_introspection_c
[1.471s] [35m[1mScanning dependencies of target task_manager__rosidl_typesupport_c[0m
[1.482s] [ 51%] [32mBuilding CXX object CMakeFiles/task_manager__rosidl_typesupport_c.dir/rosidl_typesupport_c/task_manager/srv/querydata__type_support.cpp.o[0m
[1.511s] [ 54%] [32m[1mLinking CXX shared library libtask_manager__rosidl_typesupport_c.so[0m
[1.517s] [ 58%] [32m[1mLinking CXX shared library libtask_manager__rosidl_typesupport_cpp.so[0m
[1.542s] [ 58%] Built target task_manager__rosidl_typesupport_cpp
[1.544s] [ 58%] Built target task_manager__rosidl_typesupport_c
[1.615s] [ 61%] [32m[1mLinking CXX shared library libtask_manager__rosidl_typesupport_fastrtps_cpp.so[0m
[1.662s] [ 61%] Built target task_manager__rosidl_typesupport_fastrtps_cpp
[1.667s] [ 64%] [34m[1mGenerating C type support for eProsima Fast-RTPS[0m
[1.790s] [35m[1mScanning dependencies of target task_manager__rosidl_typesupport_fastrtps_c[0m
[1.798s] [ 67%] [32mBuilding CXX object CMakeFiles/task_manager__rosidl_typesupport_fastrtps_c.dir/rosidl_typesupport_fastrtps_c/task_manager/srv/detail/querydata__type_support_c.cpp.o[0m
[1.967s] [ 70%] [32m[1mLinking CXX shared library libtask_manager__rosidl_typesupport_fastrtps_c.so[0m
[2.014s] [ 70%] Built target task_manager__rosidl_typesupport_fastrtps_c
[2.019s] [35m[1mScanning dependencies of target task_manager[0m
[2.025s] [ 70%] Built target task_manager
[2.030s] [35m[1mScanning dependencies of target task_manager__py[0m
[2.036s] [ 74%] [34m[1mGenerating Python code for ROS interfaces[0m
[2.292s] [ 74%] Built target task_manager__py
[2.297s] [35m[1mScanning dependencies of target task_manager__python[0m
[2.306s] [ 77%] [32mBuilding C object CMakeFiles/task_manager__python.dir/rosidl_generator_py/task_manager/srv/_querydata_s.c.o[0m
[2.354s] [ 80%] [32m[1mLinking C shared library rosidl_generator_py/task_manager/libtask_manager__python.so[0m
[2.378s] [ 80%] Built target task_manager__python
[2.383s] [35m[1mScanning dependencies of target task_manager__rosidl_typesupport_introspection_c__pyext[0m
[2.384s] [35m[1mScanning dependencies of target task_manager__rosidl_typesupport_c__pyext[0m
[2.386s] [35m[1mScanning dependencies of target task_manager__rosidl_typesupport_fastrtps_c__pyext[0m
[2.395s] [ 87%] [32mBuilding C object CMakeFiles/task_manager__rosidl_typesupport_introspection_c__pyext.dir/rosidl_generator_py/task_manager/_task_manager_s.ep.rosidl_typesupport_introspection_c.c.o[0m
[2.395s] [ 87%] [32mBuilding C object CMakeFiles/task_manager__rosidl_typesupport_c__pyext.dir/rosidl_generator_py/task_manager/_task_manager_s.ep.rosidl_typesupport_c.c.o[0m
[2.399s] [ 90%] [32mBuilding C object CMakeFiles/task_manager__rosidl_typesupport_fastrtps_c__pyext.dir/rosidl_generator_py/task_manager/_task_manager_s.ep.rosidl_typesupport_fastrtps_c.c.o[0m
[2.443s] [ 93%] [32m[1mLinking C shared library rosidl_generator_py/task_manager/task_manager_s__rosidl_typesupport_introspection_c.cpython-38-x86_64-linux-gnu.so[0m
[2.447s] [ 96%] [32m[1mLinking CXX shared library rosidl_generator_py/task_manager/task_manager_s__rosidl_typesupport_fastrtps_c.cpython-38-x86_64-linux-gnu.so[0m
[2.465s] [100%] [32m[1mLinking C shared library rosidl_generator_py/task_manager/task_manager_s__rosidl_typesupport_c.cpython-38-x86_64-linux-gnu.so[0m
[2.467s] [100%] Built target task_manager__rosidl_typesupport_introspection_c__pyext
[2.488s] [100%] Built target task_manager__rosidl_typesupport_fastrtps_c__pyext
[2.494s] [100%] Built target task_manager__rosidl_typesupport_c__pyext
[2.502s] Invoked command in '/home/ntu/ros2_ws/build/task_manager' returned '0': AMENT_PREFIX_PATH=/home/ntu/ros2_ws/install/digital_space:${AMENT_PREFIX_PATH} CMAKE_PREFIX_PATH=/home/ntu/ros2_ws/install/digital_space:/opt/ros/foxy LD_LIBRARY_PATH=/home/ntu/ros2_ws/install/digital_space/lib:${LD_LIBRARY_PATH} PYTHONPATH=/home/ntu/ros2_ws/install/digital_space/lib/python3.8/site-packages:${PYTHONPATH} /usr/bin/cmake --build /home/ntu/ros2_ws/build/task_manager -- -j12 -l12
[2.530s] Invoking command in '/home/ntu/ros2_ws/build/task_manager': AMENT_PREFIX_PATH=/home/ntu/ros2_ws/install/digital_space:${AMENT_PREFIX_PATH} CMAKE_PREFIX_PATH=/home/ntu/ros2_ws/install/digital_space:/opt/ros/foxy LD_LIBRARY_PATH=/home/ntu/ros2_ws/install/digital_space/lib:${LD_LIBRARY_PATH} PYTHONPATH=/home/ntu/ros2_ws/install/digital_space/lib/python3.8/site-packages:${PYTHONPATH} /usr/bin/cmake --install /home/ntu/ros2_ws/build/task_manager
[2.536s] -- Install configuration: ""
[2.536s] -- Installing: /home/ntu/ros2_ws/install/task_manager/share/ament_index/resource_index/rosidl_interfaces/task_manager
[2.536s] -- Installing: /home/ntu/ros2_ws/install/task_manager/include/task_manager
[2.536s] -- Installing: /home/ntu/ros2_ws/install/task_manager/include/task_manager/msg
[2.536s] -- Installing: /home/ntu/ros2_ws/install/task_manager/include/task_manager/msg/rosidl_generator_c__visibility_control.h
[2.536s] -- Installing: /home/ntu/ros2_ws/install/task_manager/include/task_manager/srv
[2.536s] -- Installing: /home/ntu/ros2_ws/install/task_manager/include/task_manager/srv/querydata.h
[2.536s] -- Installing: /home/ntu/ros2_ws/install/task_manager/include/task_manager/srv/detail
[2.537s] -- Installing: /home/ntu/ros2_ws/install/task_manager/include/task_manager/srv/detail/querydata__struct.h
[2.537s] -- Installing: /home/ntu/ros2_ws/install/task_manager/include/task_manager/srv/detail/querydata__functions.c
[2.537s] -- Installing: /home/ntu/ros2_ws/install/task_manager/include/task_manager/srv/detail/querydata__type_support.h
[2.537s] -- Installing: /home/ntu/ros2_ws/install/task_manager/include/task_manager/srv/detail/querydata__functions.h
[2.537s] -- Installing: /home/ntu/ros2_ws/install/task_manager/share/task_manager/environment/library_path.sh
[2.537s] -- Installing: /home/ntu/ros2_ws/install/task_manager/share/task_manager/environment/library_path.dsv
[2.537s] -- Installing: /home/ntu/ros2_ws/install/task_manager/lib/libtask_manager__rosidl_generator_c.so
[2.537s] -- Set runtime path of "/home/ntu/ros2_ws/install/task_manager/lib/libtask_manager__rosidl_generator_c.so" to ""
[2.537s] -- Up-to-date: /home/ntu/ros2_ws/install/task_manager/include/task_manager
[2.537s] -- Up-to-date: /home/ntu/ros2_ws/install/task_manager/include/task_manager/msg
[2.537s] -- Installing: /home/ntu/ros2_ws/install/task_manager/include/task_manager/msg/rosidl_typesupport_fastrtps_c__visibility_control.h
[2.538s] -- Up-to-date: /home/ntu/ros2_ws/install/task_manager/include/task_manager/srv
[2.538s] -- Up-to-date: /home/ntu/ros2_ws/install/task_manager/include/task_manager/srv/detail
[2.538s] -- Installing: /home/ntu/ros2_ws/install/task_manager/include/task_manager/srv/detail/querydata__rosidl_typesupport_fastrtps_c.h
[2.538s] -- Installing: /home/ntu/ros2_ws/install/task_manager/lib/libtask_manager__rosidl_typesupport_fastrtps_c.so
[2.538s] -- Set runtime path of "/home/ntu/ros2_ws/install/task_manager/lib/libtask_manager__rosidl_typesupport_fastrtps_c.so" to ""
[2.538s] -- Up-to-date: /home/ntu/ros2_ws/install/task_manager/include/task_manager
[2.538s] -- Up-to-date: /home/ntu/ros2_ws/install/task_manager/include/task_manager/msg
[2.538s] -- Installing: /home/ntu/ros2_ws/install/task_manager/include/task_manager/msg/rosidl_typesupport_fastrtps_cpp__visibility_control.h
[2.538s] -- Up-to-date: /home/ntu/ros2_ws/install/task_manager/include/task_manager/srv
[2.538s] -- Up-to-date: /home/ntu/ros2_ws/install/task_manager/include/task_manager/srv/detail
[2.538s] -- Installing: /home/ntu/ros2_ws/install/task_manager/include/task_manager/srv/detail/dds_fastrtps
[2.539s] -- Installing: /home/ntu/ros2_ws/install/task_manager/include/task_manager/srv/detail/querydata__rosidl_typesupport_fastrtps_cpp.hpp
[2.539s] -- Installing: /home/ntu/ros2_ws/install/task_manager/lib/libtask_manager__rosidl_typesupport_fastrtps_cpp.so
[2.539s] -- Set runtime path of "/home/ntu/ros2_ws/install/task_manager/lib/libtask_manager__rosidl_typesupport_fastrtps_cpp.so" to ""
[2.539s] -- Up-to-date: /home/ntu/ros2_ws/install/task_manager/include/task_manager
[2.539s] -- Up-to-date: /home/ntu/ros2_ws/install/task_manager/include/task_manager/msg
[2.539s] -- Installing: /home/ntu/ros2_ws/install/task_manager/include/task_manager/msg/rosidl_typesupport_introspection_c__visibility_control.h
[2.539s] -- Up-to-date: /home/ntu/ros2_ws/install/task_manager/include/task_manager/srv
[2.539s] -- Up-to-date: /home/ntu/ros2_ws/install/task_manager/include/task_manager/srv/detail
[2.539s] -- Installing: /home/ntu/ros2_ws/install/task_manager/include/task_manager/srv/detail/querydata__type_support.c
[2.539s] -- Installing: /home/ntu/ros2_ws/install/task_manager/include/task_manager/srv/detail/querydata__rosidl_typesupport_introspection_c.h
[2.539s] -- Installing: /home/ntu/ros2_ws/install/task_manager/lib/libtask_manager__rosidl_typesupport_introspection_c.so
[2.539s] -- Set runtime path of "/home/ntu/ros2_ws/install/task_manager/lib/libtask_manager__rosidl_typesupport_introspection_c.so" to ""
[2.539s] -- Installing: /home/ntu/ros2_ws/install/task_manager/lib/libtask_manager__rosidl_typesupport_c.so
[2.539s] -- Set runtime path of "/home/ntu/ros2_ws/install/task_manager/lib/libtask_manager__rosidl_typesupport_c.so" to ""
[2.540s] -- Up-to-date: /home/ntu/ros2_ws/install/task_manager/include/task_manager
[2.540s] -- Up-to-date: /home/ntu/ros2_ws/install/task_manager/include/task_manager/msg
[2.540s] -- Installing: /home/ntu/ros2_ws/install/task_manager/include/task_manager/msg/rosidl_generator_cpp__visibility_control.hpp
[2.540s] -- Up-to-date: /home/ntu/ros2_ws/install/task_manager/include/task_manager/srv
[2.540s] -- Installing: /home/ntu/ros2_ws/install/task_manager/include/task_manager/srv/querydata.hpp
[2.540s] -- Up-to-date: /home/ntu/ros2_ws/install/task_manager/include/task_manager/srv/detail
[2.540s] -- Installing: /home/ntu/ros2_ws/install/task_manager/include/task_manager/srv/detail/querydata__builder.hpp
[2.540s] -- Installing: /home/ntu/ros2_ws/install/task_manager/include/task_manager/srv/detail/querydata__struct.hpp
[2.540s] -- Installing: /home/ntu/ros2_ws/install/task_manager/include/task_manager/srv/detail/querydata__type_support.hpp
[2.540s] -- Installing: /home/ntu/ros2_ws/install/task_manager/include/task_manager/srv/detail/querydata__traits.hpp
[2.540s] -- Up-to-date: /home/ntu/ros2_ws/install/task_manager/include/task_manager
[2.540s] -- Up-to-date: /home/ntu/ros2_ws/install/task_manager/include/task_manager/srv
[2.540s] -- Up-to-date: /home/ntu/ros2_ws/install/task_manager/include/task_manager/srv/detail
[2.540s] -- Installing: /home/ntu/ros2_ws/install/task_manager/include/task_manager/srv/detail/querydata__rosidl_typesupport_introspection_cpp.hpp
[2.541s] -- Installing: /home/ntu/ros2_ws/install/task_manager/include/task_manager/srv/detail/querydata__type_support.cpp
[2.541s] -- Installing: /home/ntu/ros2_ws/install/task_manager/lib/libtask_manager__rosidl_typesupport_introspection_cpp.so
[2.541s] -- Set runtime path of "/home/ntu/ros2_ws/install/task_manager/lib/libtask_manager__rosidl_typesupport_introspection_cpp.so" to ""
[2.541s] -- Installing: /home/ntu/ros2_ws/install/task_manager/lib/libtask_manager__rosidl_typesupport_cpp.so
[2.541s] -- Set runtime path of "/home/ntu/ros2_ws/install/task_manager/lib/libtask_manager__rosidl_typesupport_cpp.so" to ""
[2.541s] -- Installing: /home/ntu/ros2_ws/install/task_manager/share/task_manager/environment/pythonpath.sh
[2.541s] -- Installing: /home/ntu/ros2_ws/install/task_manager/share/task_manager/environment/pythonpath.dsv
[2.541s] -- Installing: /home/ntu/ros2_ws/install/task_manager/lib/python3.8/site-packages/task_manager/__init__.py
[2.557s] Compiling '/home/ntu/ros2_ws/install/task_manager/lib/python3.8/site-packages/task_manager/__init__.py'...
[2.560s] -- Installing: /home/ntu/ros2_ws/install/task_manager/lib/python3.8/site-packages/task_manager/srv
[2.560s] -- Installing: /home/ntu/ros2_ws/install/task_manager/lib/python3.8/site-packages/task_manager/srv/_querydata_s.c
[2.560s] -- Installing: /home/ntu/ros2_ws/install/task_manager/lib/python3.8/site-packages/task_manager/srv/__init__.py
[2.560s] -- Installing: /home/ntu/ros2_ws/install/task_manager/lib/python3.8/site-packages/task_manager/srv/_querydata.py
[2.560s] -- Installing: /home/ntu/ros2_ws/install/task_manager/lib/python3.8/site-packages/task_manager/task_manager_s__rosidl_typesupport_fastrtps_c.cpython-38-x86_64-linux-gnu.so
[2.560s] -- Set runtime path of "/home/ntu/ros2_ws/install/task_manager/lib/python3.8/site-packages/task_manager/task_manager_s__rosidl_typesupport_fastrtps_c.cpython-38-x86_64-linux-gnu.so" to ""
[2.560s] -- Installing: /home/ntu/ros2_ws/install/task_manager/lib/python3.8/site-packages/task_manager/task_manager_s__rosidl_typesupport_introspection_c.cpython-38-x86_64-linux-gnu.so
[2.561s] -- Set runtime path of "/home/ntu/ros2_ws/install/task_manager/lib/python3.8/site-packages/task_manager/task_manager_s__rosidl_typesupport_introspection_c.cpython-38-x86_64-linux-gnu.so" to ""
[2.561s] -- Installing: /home/ntu/ros2_ws/install/task_manager/lib/python3.8/site-packages/task_manager/task_manager_s__rosidl_typesupport_c.cpython-38-x86_64-linux-gnu.so
[2.561s] -- Set runtime path of "/home/ntu/ros2_ws/install/task_manager/lib/python3.8/site-packages/task_manager/task_manager_s__rosidl_typesupport_c.cpython-38-x86_64-linux-gnu.so" to ""
[2.561s] -- Installing: /home/ntu/ros2_ws/install/task_manager/lib/libtask_manager__python.so
[2.562s] -- Set runtime path of "/home/ntu/ros2_ws/install/task_manager/lib/libtask_manager__python.so" to ""
[2.562s] -- Installing: /home/ntu/ros2_ws/install/task_manager/share/task_manager/srv/Querydata.idl
[2.562s] -- Installing: /home/ntu/ros2_ws/install/task_manager/share/task_manager/srv/Querydata.srv
[2.562s] -- Installing: /home/ntu/ros2_ws/install/task_manager/share/task_manager/srv/Querydata_Request.msg
[2.562s] -- Installing: /home/ntu/ros2_ws/install/task_manager/share/task_manager/srv/Querydata_Response.msg
[2.562s] -- Installing: /home/ntu/ros2_ws/install/task_manager/lib/task_manager/planning.py
[2.562s] -- Installing: /home/ntu/ros2_ws/install/task_manager/share/task_manager//launch
[2.562s] -- Installing: /home/ntu/ros2_ws/install/task_manager/share/task_manager//launch/all_node_launch.py
[2.562s] -- Installing: /home/ntu/ros2_ws/install/task_manager/share/task_manager//launch/node_before_planning_launch.py
[2.563s] -- Installing: /home/ntu/ros2_ws/install/task_manager/share/ament_index/resource_index/package_run_dependencies/task_manager
[2.563s] -- Installing: /home/ntu/ros2_ws/install/task_manager/share/ament_index/resource_index/parent_prefix_path/task_manager
[2.563s] -- Installing: /home/ntu/ros2_ws/install/task_manager/share/task_manager/environment/ament_prefix_path.sh
[2.563s] -- Installing: /home/ntu/ros2_ws/install/task_manager/share/task_manager/environment/ament_prefix_path.dsv
[2.563s] -- Installing: /home/ntu/ros2_ws/install/task_manager/share/task_manager/environment/path.sh
[2.563s] -- Installing: /home/ntu/ros2_ws/install/task_manager/share/task_manager/environment/path.dsv
[2.563s] -- Installing: /home/ntu/ros2_ws/install/task_manager/share/task_manager/local_setup.bash
[2.563s] -- Installing: /home/ntu/ros2_ws/install/task_manager/share/task_manager/local_setup.sh
[2.563s] -- Installing: /home/ntu/ros2_ws/install/task_manager/share/task_manager/local_setup.zsh
[2.563s] -- Installing: /home/ntu/ros2_ws/install/task_manager/share/task_manager/local_setup.dsv
[2.563s] -- Installing: /home/ntu/ros2_ws/install/task_manager/share/task_manager/package.dsv
[2.563s] -- Installing: /home/ntu/ros2_ws/install/task_manager/share/ament_index/resource_index/packages/task_manager
[2.564s] -- Installing: /home/ntu/ros2_ws/install/task_manager/share/task_manager/cmake/task_manager__rosidl_generator_cExport.cmake
[2.564s] -- Installing: /home/ntu/ros2_ws/install/task_manager/share/task_manager/cmake/task_manager__rosidl_generator_cExport-noconfig.cmake
[2.564s] -- Installing: /home/ntu/ros2_ws/install/task_manager/share/task_manager/cmake/task_manager__rosidl_typesupport_introspection_cExport.cmake
[2.564s] -- Installing: /home/ntu/ros2_ws/install/task_manager/share/task_manager/cmake/task_manager__rosidl_typesupport_introspection_cExport-noconfig.cmake
[2.564s] -- Installing: /home/ntu/ros2_ws/install/task_manager/share/task_manager/cmake/task_manager__rosidl_typesupport_cExport.cmake
[2.564s] -- Installing: /home/ntu/ros2_ws/install/task_manager/share/task_manager/cmake/task_manager__rosidl_typesupport_cExport-noconfig.cmake
[2.564s] -- Installing: /home/ntu/ros2_ws/install/task_manager/share/task_manager/cmake/task_manager__rosidl_generator_cppExport.cmake
[2.564s] -- Installing: /home/ntu/ros2_ws/install/task_manager/share/task_manager/cmake/task_manager__rosidl_typesupport_introspection_cppExport.cmake
[2.564s] -- Installing: /home/ntu/ros2_ws/install/task_manager/share/task_manager/cmake/task_manager__rosidl_typesupport_introspection_cppExport-noconfig.cmake
[2.565s] -- Installing: /home/ntu/ros2_ws/install/task_manager/share/task_manager/cmake/task_manager__rosidl_typesupport_cppExport.cmake
[2.565s] -- Installing: /home/ntu/ros2_ws/install/task_manager/share/task_manager/cmake/task_manager__rosidl_typesupport_cppExport-noconfig.cmake
[2.565s] -- Installing: /home/ntu/ros2_ws/install/task_manager/share/task_manager/cmake/rosidl_cmake-extras.cmake
[2.565s] -- Installing: /home/ntu/ros2_ws/install/task_manager/share/task_manager/cmake/ament_cmake_export_dependencies-extras.cmake
[2.565s] -- Installing: /home/ntu/ros2_ws/install/task_manager/share/task_manager/cmake/ament_cmake_export_libraries-extras.cmake
[2.565s] -- Installing: /home/ntu/ros2_ws/install/task_manager/share/task_manager/cmake/ament_cmake_export_targets-extras.cmake
[2.565s] -- Installing: /home/ntu/ros2_ws/install/task_manager/share/task_manager/cmake/ament_cmake_export_include_directories-extras.cmake
[2.565s] -- Installing: /home/ntu/ros2_ws/install/task_manager/share/task_manager/cmake/rosidl_cmake_export_typesupport_libraries-extras.cmake
[2.565s] -- Installing: /home/ntu/ros2_ws/install/task_manager/share/task_manager/cmake/rosidl_cmake_export_typesupport_targets-extras.cmake
[2.565s] -- Installing: /home/ntu/ros2_ws/install/task_manager/share/task_manager/cmake/task_managerConfig.cmake
[2.566s] -- Installing: /home/ntu/ros2_ws/install/task_manager/share/task_manager/cmake/task_managerConfig-version.cmake
[2.566s] -- Installing: /home/ntu/ros2_ws/install/task_manager/share/task_manager/package.xml
[2.568s] Invoked command in '/home/ntu/ros2_ws/build/task_manager' returned '0': AMENT_PREFIX_PATH=/home/ntu/ros2_ws/install/digital_space:${AMENT_PREFIX_PATH} CMAKE_PREFIX_PATH=/home/ntu/ros2_ws/install/digital_space:/opt/ros/foxy LD_LIBRARY_PATH=/home/ntu/ros2_ws/install/digital_space/lib:${LD_LIBRARY_PATH} PYTHONPATH=/home/ntu/ros2_ws/install/digital_space/lib/python3.8/site-packages:${PYTHONPATH} /usr/bin/cmake --install /home/ntu/ros2_ws/build/task_manager
