[0.883s] Invoking command in '/home/ntu/ros2_ws/src/camera_publisher': PYTHONPATH=/home/ntu/ros2_ws/build/camera_publisher/prefix_override:/home/ntu/ros2_ws/install/camera_publisher/lib/python3.8/site-packages:${PYTHONPATH} /usr/bin/python3 -W ignore:setup.py install is deprecated setup.py egg_info --egg-base ../../build/camera_publisher build --build-base /home/ntu/ros2_ws/build/camera_publisher/build install --record /home/ntu/ros2_ws/build/camera_publisher/install.log --install-scripts $base/lib/camera_publisher --single-version-externally-managed install_data
[1.005s] running egg_info
[1.005s] writing ../../build/camera_publisher/camera_publisher.egg-info/PKG-INFO
[1.006s] writing dependency_links to ../../build/camera_publisher/camera_publisher.egg-info/dependency_links.txt
[1.006s] writing entry points to ../../build/camera_publisher/camera_publisher.egg-info/entry_points.txt
[1.006s] writing requirements to ../../build/camera_publisher/camera_publisher.egg-info/requires.txt
[1.006s] writing top-level names to ../../build/camera_publisher/camera_publisher.egg-info/top_level.txt
[1.028s] reading manifest file '../../build/camera_publisher/camera_publisher.egg-info/SOURCES.txt'
[1.028s] writing manifest file '../../build/camera_publisher/camera_publisher.egg-info/SOURCES.txt'
[1.029s] running build
[1.029s] running build_py
[1.029s] running install
[1.029s] running install_lib
[1.030s] running install_data
[1.030s] running install_egg_info
[1.031s] removing '/home/ntu/ros2_ws/install/camera_publisher/lib/python3.8/site-packages/camera_publisher-0.0.0-py3.8.egg-info' (and everything under it)
[1.031s] Copying ../../build/camera_publisher/camera_publisher.egg-info to /home/ntu/ros2_ws/install/camera_publisher/lib/python3.8/site-packages/camera_publisher-0.0.0-py3.8.egg-info
[1.032s] running install_scripts
[1.043s] Installing camera_publisher script to /home/ntu/ros2_ws/install/camera_publisher/lib/camera_publisher
[1.043s] writing list of installed files to '/home/ntu/ros2_ws/build/camera_publisher/install.log'
[1.060s] Invoked command in '/home/ntu/ros2_ws/src/camera_publisher' returned '0': PYTHONPATH=/home/ntu/ros2_ws/build/camera_publisher/prefix_override:/home/ntu/ros2_ws/install/camera_publisher/lib/python3.8/site-packages:${PYTHONPATH} /usr/bin/python3 -W ignore:setup.py install is deprecated setup.py egg_info --egg-base ../../build/camera_publisher build --build-base /home/ntu/ros2_ws/build/camera_publisher/build install --record /home/ntu/ros2_ws/build/camera_publisher/install.log --install-scripts $base/lib/camera_publisher --single-version-externally-managed install_data
