[0.429s] Invoking command in '/home/ntu/ros2_ws/build/propeller_control': CMAKE_PREFIX_PATH=${CMAKE_PREFIX_PATH}:/home/ntu/ros2_ws/install/gps_publisher:/home/ntu/ros2_ws/install/echostick_publisher:/home/ntu/ros2_ws/install/camera_publisher:/opt/ros/foxy /usr/bin/cmake --build /home/ntu/ros2_ws/build/propeller_control -- -j12 -l12
[0.466s] [  3%] Built target propeller_control__cpp
[0.488s] [ 12%] Built target propeller_control__rosidl_generator_c
[0.515s] [ 22%] Built target propeller_control__rosidl_typesupport_fastrtps_cpp
[0.517s] [ 32%] Built target propeller_control__rosidl_typesupport_introspection_c
[0.517s] [ 51%] Built target propeller_control__rosidl_typesupport_introspection_cpp
[0.517s] [ 51%] Built target propeller_control__rosidl_typesupport_c
[0.529s] [ 61%] Built target propeller_control__rosidl_typesupport_cpp
[0.546s] [ 70%] Built target propeller_control__rosidl_typesupport_fastrtps_c
[0.567s] [ 70%] Built target propeller_control
[0.590s] [ 74%] Built target propeller_control__py
[0.609s] [ 80%] Built target propeller_control__python
[0.628s] [ 87%] Built target propeller_control__rosidl_typesupport_c__pyext
[0.628s] [ 93%] Built target propeller_control__rosidl_typesupport_fastrtps_c__pyext
[0.635s] [100%] Built target propeller_control__rosidl_typesupport_introspection_c__pyext
[0.646s] Invoked command in '/home/ntu/ros2_ws/build/propeller_control' returned '0': CMAKE_PREFIX_PATH=${CMAKE_PREFIX_PATH}:/home/ntu/ros2_ws/install/gps_publisher:/home/ntu/ros2_ws/install/echostick_publisher:/home/ntu/ros2_ws/install/camera_publisher:/opt/ros/foxy /usr/bin/cmake --build /home/ntu/ros2_ws/build/propeller_control -- -j12 -l12
[0.676s] Invoking command in '/home/ntu/ros2_ws/build/propeller_control': CMAKE_PREFIX_PATH=${CMAKE_PREFIX_PATH}:/home/ntu/ros2_ws/install/gps_publisher:/home/ntu/ros2_ws/install/echostick_publisher:/home/ntu/ros2_ws/install/camera_publisher:/opt/ros/foxy /usr/bin/cmake --install /home/ntu/ros2_ws/build/propeller_control
[0.687s] -- Install configuration: ""
[0.688s] -- Up-to-date: /home/ntu/ros2_ws/install/propeller_control/share/ament_index/resource_index/rosidl_interfaces/propeller_control
[0.688s] -- Up-to-date: /home/ntu/ros2_ws/install/propeller_control/include/propeller_control
[0.688s] -- Up-to-date: /home/ntu/ros2_ws/install/propeller_control/include/propeller_control/msg
[0.688s] -- Up-to-date: /home/ntu/ros2_ws/install/propeller_control/include/propeller_control/msg/rosidl_generator_c__visibility_control.h
[0.688s] -- Up-to-date: /home/ntu/ros2_ws/install/propeller_control/include/propeller_control/msg/detail
[0.688s] -- Up-to-date: /home/ntu/ros2_ws/install/propeller_control/include/propeller_control/msg/detail/propeller_status__type_support.h
[0.688s] -- Up-to-date: /home/ntu/ros2_ws/install/propeller_control/include/propeller_control/msg/detail/propeller_status__functions.c
[0.688s] -- Up-to-date: /home/ntu/ros2_ws/install/propeller_control/include/propeller_control/msg/detail/propeller_status__struct.h
[0.688s] -- Up-to-date: /home/ntu/ros2_ws/install/propeller_control/include/propeller_control/msg/detail/propeller_status__functions.h
[0.688s] -- Up-to-date: /home/ntu/ros2_ws/install/propeller_control/include/propeller_control/msg/propeller_status.h
[0.689s] -- Up-to-date: /home/ntu/ros2_ws/install/propeller_control/share/propeller_control/environment/library_path.sh
[0.689s] -- Up-to-date: /home/ntu/ros2_ws/install/propeller_control/share/propeller_control/environment/library_path.dsv
[0.689s] -- Up-to-date: /home/ntu/ros2_ws/install/propeller_control/lib/libpropeller_control__rosidl_generator_c.so
[0.689s] -- Up-to-date: /home/ntu/ros2_ws/install/propeller_control/include/propeller_control
[0.689s] -- Up-to-date: /home/ntu/ros2_ws/install/propeller_control/include/propeller_control/msg
[0.689s] -- Up-to-date: /home/ntu/ros2_ws/install/propeller_control/include/propeller_control/msg/detail
[0.689s] -- Up-to-date: /home/ntu/ros2_ws/install/propeller_control/include/propeller_control/msg/detail/propeller_status__rosidl_typesupport_fastrtps_c.h
[0.689s] -- Up-to-date: /home/ntu/ros2_ws/install/propeller_control/include/propeller_control/msg/rosidl_typesupport_fastrtps_c__visibility_control.h
[0.689s] -- Up-to-date: /home/ntu/ros2_ws/install/propeller_control/lib/libpropeller_control__rosidl_typesupport_fastrtps_c.so
[0.689s] -- Up-to-date: /home/ntu/ros2_ws/install/propeller_control/include/propeller_control
[0.690s] -- Up-to-date: /home/ntu/ros2_ws/install/propeller_control/include/propeller_control/msg
[0.690s] -- Up-to-date: /home/ntu/ros2_ws/install/propeller_control/include/propeller_control/msg/rosidl_typesupport_fastrtps_cpp__visibility_control.h
[0.690s] -- Up-to-date: /home/ntu/ros2_ws/install/propeller_control/include/propeller_control/msg/detail
[0.690s] -- Up-to-date: /home/ntu/ros2_ws/install/propeller_control/include/propeller_control/msg/detail/dds_fastrtps
[0.690s] -- Up-to-date: /home/ntu/ros2_ws/install/propeller_control/include/propeller_control/msg/detail/propeller_status__rosidl_typesupport_fastrtps_cpp.hpp
[0.690s] -- Up-to-date: /home/ntu/ros2_ws/install/propeller_control/lib/libpropeller_control__rosidl_typesupport_fastrtps_cpp.so
[0.690s] -- Up-to-date: /home/ntu/ros2_ws/install/propeller_control/include/propeller_control
[0.690s] -- Up-to-date: /home/ntu/ros2_ws/install/propeller_control/include/propeller_control/msg
[0.690s] -- Up-to-date: /home/ntu/ros2_ws/install/propeller_control/include/propeller_control/msg/rosidl_typesupport_introspection_c__visibility_control.h
[0.690s] -- Up-to-date: /home/ntu/ros2_ws/install/propeller_control/include/propeller_control/msg/detail
[0.690s] -- Up-to-date: /home/ntu/ros2_ws/install/propeller_control/include/propeller_control/msg/detail/propeller_status__type_support.c
[0.690s] -- Up-to-date: /home/ntu/ros2_ws/install/propeller_control/include/propeller_control/msg/detail/propeller_status__rosidl_typesupport_introspection_c.h
[0.691s] -- Up-to-date: /home/ntu/ros2_ws/install/propeller_control/lib/libpropeller_control__rosidl_typesupport_introspection_c.so
[0.691s] -- Up-to-date: /home/ntu/ros2_ws/install/propeller_control/lib/libpropeller_control__rosidl_typesupport_c.so
[0.691s] -- Up-to-date: /home/ntu/ros2_ws/install/propeller_control/include/propeller_control
[0.691s] -- Up-to-date: /home/ntu/ros2_ws/install/propeller_control/include/propeller_control/msg
[0.691s] -- Up-to-date: /home/ntu/ros2_ws/install/propeller_control/include/propeller_control/msg/rosidl_generator_cpp__visibility_control.hpp
[0.691s] -- Up-to-date: /home/ntu/ros2_ws/install/propeller_control/include/propeller_control/msg/detail
[0.691s] -- Up-to-date: /home/ntu/ros2_ws/install/propeller_control/include/propeller_control/msg/detail/propeller_status__builder.hpp
[0.691s] -- Up-to-date: /home/ntu/ros2_ws/install/propeller_control/include/propeller_control/msg/detail/propeller_status__type_support.hpp
[0.691s] -- Up-to-date: /home/ntu/ros2_ws/install/propeller_control/include/propeller_control/msg/detail/propeller_status__traits.hpp
[0.692s] -- Up-to-date: /home/ntu/ros2_ws/install/propeller_control/include/propeller_control/msg/detail/propeller_status__struct.hpp
[0.692s] -- Up-to-date: /home/ntu/ros2_ws/install/propeller_control/include/propeller_control/msg/propeller_status.hpp
[0.692s] -- Up-to-date: /home/ntu/ros2_ws/install/propeller_control/include/propeller_control
[0.692s] -- Up-to-date: /home/ntu/ros2_ws/install/propeller_control/include/propeller_control/msg
[0.692s] -- Up-to-date: /home/ntu/ros2_ws/install/propeller_control/include/propeller_control/msg/detail
[0.692s] -- Up-to-date: /home/ntu/ros2_ws/install/propeller_control/include/propeller_control/msg/detail/propeller_status__rosidl_typesupport_introspection_cpp.hpp
[0.692s] -- Up-to-date: /home/ntu/ros2_ws/install/propeller_control/include/propeller_control/msg/detail/propeller_status__type_support.cpp
[0.692s] -- Up-to-date: /home/ntu/ros2_ws/install/propeller_control/lib/libpropeller_control__rosidl_typesupport_introspection_cpp.so
[0.692s] -- Up-to-date: /home/ntu/ros2_ws/install/propeller_control/lib/libpropeller_control__rosidl_typesupport_cpp.so
[0.692s] -- Up-to-date: /home/ntu/ros2_ws/install/propeller_control/share/propeller_control/environment/pythonpath.sh
[0.693s] -- Up-to-date: /home/ntu/ros2_ws/install/propeller_control/share/propeller_control/environment/pythonpath.dsv
[0.693s] -- Up-to-date: /home/ntu/ros2_ws/install/propeller_control/lib/python3.8/site-packages/propeller_control/__init__.py
[0.725s] -- Up-to-date: /home/ntu/ros2_ws/install/propeller_control/lib/python3.8/site-packages/propeller_control/msg
[0.725s] -- Up-to-date: /home/ntu/ros2_ws/install/propeller_control/lib/python3.8/site-packages/propeller_control/msg/_propeller_status_s.c
[0.725s] -- Up-to-date: /home/ntu/ros2_ws/install/propeller_control/lib/python3.8/site-packages/propeller_control/msg/_propeller_status.py
[0.725s] -- Up-to-date: /home/ntu/ros2_ws/install/propeller_control/lib/python3.8/site-packages/propeller_control/msg/__init__.py
[0.726s] -- Up-to-date: /home/ntu/ros2_ws/install/propeller_control/lib/python3.8/site-packages/propeller_control/propeller_control_s__rosidl_typesupport_fastrtps_c.cpython-38-x86_64-linux-gnu.so
[0.726s] -- Up-to-date: /home/ntu/ros2_ws/install/propeller_control/lib/python3.8/site-packages/propeller_control/propeller_control_s__rosidl_typesupport_introspection_c.cpython-38-x86_64-linux-gnu.so
[0.727s] -- Up-to-date: /home/ntu/ros2_ws/install/propeller_control/lib/python3.8/site-packages/propeller_control/propeller_control_s__rosidl_typesupport_c.cpython-38-x86_64-linux-gnu.so
[0.728s] -- Up-to-date: /home/ntu/ros2_ws/install/propeller_control/lib/libpropeller_control__python.so
[0.728s] -- Up-to-date: /home/ntu/ros2_ws/install/propeller_control/share/propeller_control/msg/PropellerStatus.idl
[0.728s] -- Up-to-date: /home/ntu/ros2_ws/install/propeller_control/share/propeller_control/msg/PropellerStatus.msg
[0.728s] -- Up-to-date: /home/ntu/ros2_ws/install/propeller_control/lib/propeller_control/propeller_1.py
[0.728s] -- Up-to-date: /home/ntu/ros2_ws/install/propeller_control/lib/propeller_control/propeller_2.py
[0.728s] -- Up-to-date: /home/ntu/ros2_ws/install/propeller_control/lib/propeller_control/propeller_3.py
[0.728s] -- Up-to-date: /home/ntu/ros2_ws/install/propeller_control/lib/propeller_control/propeller_4.py
[0.729s] -- Up-to-date: /home/ntu/ros2_ws/install/propeller_control/share/propeller_control//launch
[0.729s] -- Up-to-date: /home/ntu/ros2_ws/install/propeller_control/share/propeller_control//launch/propeller_launch.py
[0.729s] -- Up-to-date: /home/ntu/ros2_ws/install/propeller_control/share/ament_index/resource_index/package_run_dependencies/propeller_control
[0.729s] -- Up-to-date: /home/ntu/ros2_ws/install/propeller_control/share/ament_index/resource_index/parent_prefix_path/propeller_control
[0.729s] -- Up-to-date: /home/ntu/ros2_ws/install/propeller_control/share/propeller_control/environment/ament_prefix_path.sh
[0.729s] -- Up-to-date: /home/ntu/ros2_ws/install/propeller_control/share/propeller_control/environment/ament_prefix_path.dsv
[0.729s] -- Up-to-date: /home/ntu/ros2_ws/install/propeller_control/share/propeller_control/environment/path.sh
[0.729s] -- Up-to-date: /home/ntu/ros2_ws/install/propeller_control/share/propeller_control/environment/path.dsv
[0.729s] -- Up-to-date: /home/ntu/ros2_ws/install/propeller_control/share/propeller_control/local_setup.bash
[0.729s] -- Up-to-date: /home/ntu/ros2_ws/install/propeller_control/share/propeller_control/local_setup.sh
[0.729s] -- Up-to-date: /home/ntu/ros2_ws/install/propeller_control/share/propeller_control/local_setup.zsh
[0.729s] -- Up-to-date: /home/ntu/ros2_ws/install/propeller_control/share/propeller_control/local_setup.dsv
[0.730s] -- Installing: /home/ntu/ros2_ws/install/propeller_control/share/propeller_control/package.dsv
[0.730s] -- Up-to-date: /home/ntu/ros2_ws/install/propeller_control/share/ament_index/resource_index/packages/propeller_control
[0.730s] -- Up-to-date: /home/ntu/ros2_ws/install/propeller_control/share/propeller_control/cmake/propeller_control__rosidl_generator_cExport.cmake
[0.730s] -- Up-to-date: /home/ntu/ros2_ws/install/propeller_control/share/propeller_control/cmake/propeller_control__rosidl_generator_cExport-noconfig.cmake
[0.730s] -- Up-to-date: /home/ntu/ros2_ws/install/propeller_control/share/propeller_control/cmake/propeller_control__rosidl_typesupport_introspection_cExport.cmake
[0.730s] -- Up-to-date: /home/ntu/ros2_ws/install/propeller_control/share/propeller_control/cmake/propeller_control__rosidl_typesupport_introspection_cExport-noconfig.cmake
[0.731s] -- Up-to-date: /home/ntu/ros2_ws/install/propeller_control/share/propeller_control/cmake/propeller_control__rosidl_typesupport_cExport.cmake
[0.731s] -- Up-to-date: /home/ntu/ros2_ws/install/propeller_control/share/propeller_control/cmake/propeller_control__rosidl_typesupport_cExport-noconfig.cmake
[0.731s] -- Up-to-date: /home/ntu/ros2_ws/install/propeller_control/share/propeller_control/cmake/propeller_control__rosidl_generator_cppExport.cmake
[0.731s] -- Up-to-date: /home/ntu/ros2_ws/install/propeller_control/share/propeller_control/cmake/propeller_control__rosidl_typesupport_introspection_cppExport.cmake
[0.731s] -- Up-to-date: /home/ntu/ros2_ws/install/propeller_control/share/propeller_control/cmake/propeller_control__rosidl_typesupport_introspection_cppExport-noconfig.cmake
[0.731s] -- Up-to-date: /home/ntu/ros2_ws/install/propeller_control/share/propeller_control/cmake/propeller_control__rosidl_typesupport_cppExport.cmake
[0.732s] -- Up-to-date: /home/ntu/ros2_ws/install/propeller_control/share/propeller_control/cmake/propeller_control__rosidl_typesupport_cppExport-noconfig.cmake
[0.732s] -- Up-to-date: /home/ntu/ros2_ws/install/propeller_control/share/propeller_control/cmake/rosidl_cmake-extras.cmake
[0.732s] -- Up-to-date: /home/ntu/ros2_ws/install/propeller_control/share/propeller_control/cmake/ament_cmake_export_dependencies-extras.cmake
[0.732s] -- Up-to-date: /home/ntu/ros2_ws/install/propeller_control/share/propeller_control/cmake/ament_cmake_export_libraries-extras.cmake
[0.732s] -- Up-to-date: /home/ntu/ros2_ws/install/propeller_control/share/propeller_control/cmake/ament_cmake_export_targets-extras.cmake
[0.732s] -- Up-to-date: /home/ntu/ros2_ws/install/propeller_control/share/propeller_control/cmake/ament_cmake_export_include_directories-extras.cmake
[0.732s] -- Up-to-date: /home/ntu/ros2_ws/install/propeller_control/share/propeller_control/cmake/rosidl_cmake_export_typesupport_libraries-extras.cmake
[0.732s] -- Up-to-date: /home/ntu/ros2_ws/install/propeller_control/share/propeller_control/cmake/rosidl_cmake_export_typesupport_targets-extras.cmake
[0.732s] -- Up-to-date: /home/ntu/ros2_ws/install/propeller_control/share/propeller_control/cmake/propeller_controlConfig.cmake
[0.732s] -- Up-to-date: /home/ntu/ros2_ws/install/propeller_control/share/propeller_control/cmake/propeller_controlConfig-version.cmake
[0.732s] -- Up-to-date: /home/ntu/ros2_ws/install/propeller_control/share/propeller_control/package.xml
[0.735s] Invoked command in '/home/ntu/ros2_ws/build/propeller_control' returned '0': CMAKE_PREFIX_PATH=${CMAKE_PREFIX_PATH}:/home/ntu/ros2_ws/install/gps_publisher:/home/ntu/ros2_ws/install/echostick_publisher:/home/ntu/ros2_ws/install/camera_publisher:/opt/ros/foxy /usr/bin/cmake --install /home/ntu/ros2_ws/build/propeller_control
