[0.092s] DEBUG:colcon:Command line arguments: ['/usr/bin/colcon', 'build']
[0.092s] DEBUG:colcon:Parsed command line arguments: Namespace(allow_overriding=[], ament_cmake_args=None, base_paths=['.'], build_base='build', catkin_cmake_args=None, catkin_skip_building_tests=False, cmake_args=None, cmake_clean_cache=False, cmake_clean_first=False, cmake_force_configure=False, cmake_target=None, cmake_target_skip_unavailable=False, continue_on_error=False, event_handlers=None, executor='parallel', ignore_user_meta=False, install_base='install', log_base=None, log_level=None, main=<bound method BuildVerb.main of <colcon_core.verb.build.BuildVerb object at 0x7f8c61afa940>>, merge_install=False, metas=['./colcon.meta'], packages_above=None, packages_above_and_dependencies=None, packages_above_depth=None, packages_end=None, packages_ignore=None, packages_ignore_regex=None, packages_select=None, packages_select_build_failed=False, packages_select_by_dep=None, packages_select_regex=None, packages_select_test_failures=False, packages_skip=None, packages_skip_build_finished=False, packages_skip_by_dep=None, packages_skip_regex=None, packages_skip_test_passed=False, packages_skip_up_to=None, packages_start=None, packages_up_to=None, packages_up_to_regex=None, parallel_workers=12, paths=None, symlink_install=False, test_result_base=None, verb_extension=<colcon_core.verb.build.BuildVerb object at 0x7f8c61afa940>, verb_name='build', verb_parser=<colcon_defaults.argument_parser.defaults.DefaultArgumentsDecorator object at 0x7f8c61a1a7c0>)
[0.159s] Level 1:colcon.colcon_core.package_discovery:discover_packages(colcon_meta) check parameters
[0.159s] Level 1:colcon.colcon_core.package_discovery:discover_packages(recursive) check parameters
[0.159s] Level 1:colcon.colcon_core.package_discovery:discover_packages(ignore) check parameters
[0.159s] Level 1:colcon.colcon_core.package_discovery:discover_packages(path) check parameters
[0.159s] Level 1:colcon.colcon_core.package_discovery:discover_packages(colcon_meta) discover
[0.159s] Level 1:colcon.colcon_core.package_discovery:discover_packages(recursive) discover
[0.159s] INFO:colcon.colcon_core.package_discovery:Crawling recursively for packages in '/home/ntu/ros2_ws'
[0.159s] Level 1:colcon.colcon_core.package_identification:_identify(.) by extensions ['ignore', 'ignore_ament_install']
[0.159s] Level 1:colcon.colcon_core.package_identification:_identify(.) by extension 'ignore'
[0.159s] Level 1:colcon.colcon_core.package_identification:_identify(.) by extension 'ignore_ament_install'
[0.159s] Level 1:colcon.colcon_core.package_identification:_identify(.) by extensions ['colcon_pkg']
[0.159s] Level 1:colcon.colcon_core.package_identification:_identify(.) by extension 'colcon_pkg'
[0.159s] Level 1:colcon.colcon_core.package_identification:_identify(.) by extensions ['colcon_meta']
[0.159s] Level 1:colcon.colcon_core.package_identification:_identify(.) by extension 'colcon_meta'
[0.159s] Level 1:colcon.colcon_core.package_identification:_identify(.) by extensions ['ros']
[0.159s] Level 1:colcon.colcon_core.package_identification:_identify(.) by extension 'ros'
[0.166s] Level 1:colcon.colcon_core.package_identification:_identify(.) by extensions ['cmake', 'python']
[0.166s] Level 1:colcon.colcon_core.package_identification:_identify(.) by extension 'cmake'
[0.166s] Level 1:colcon.colcon_core.package_identification:_identify(.) by extension 'python'
[0.166s] Level 1:colcon.colcon_core.package_identification:_identify(.) by extensions ['python_setup_py']
[0.166s] Level 1:colcon.colcon_core.package_identification:_identify(.) by extension 'python_setup_py'
[0.166s] Level 1:colcon.colcon_core.package_identification:_identify(build) by extensions ['ignore', 'ignore_ament_install']
[0.166s] Level 1:colcon.colcon_core.package_identification:_identify(build) by extension 'ignore'
[0.166s] Level 1:colcon.colcon_core.package_identification:_identify(build) ignored
[0.166s] Level 1:colcon.colcon_core.package_identification:_identify(install) by extensions ['ignore', 'ignore_ament_install']
[0.166s] Level 1:colcon.colcon_core.package_identification:_identify(install) by extension 'ignore'
[0.166s] Level 1:colcon.colcon_core.package_identification:_identify(install) ignored
[0.166s] Level 1:colcon.colcon_core.package_identification:_identify(log) by extensions ['ignore', 'ignore_ament_install']
[0.166s] Level 1:colcon.colcon_core.package_identification:_identify(log) by extension 'ignore'
[0.166s] Level 1:colcon.colcon_core.package_identification:_identify(log) ignored
[0.166s] Level 1:colcon.colcon_core.package_identification:_identify(src) by extensions ['ignore', 'ignore_ament_install']
[0.166s] Level 1:colcon.colcon_core.package_identification:_identify(src) by extension 'ignore'
[0.166s] Level 1:colcon.colcon_core.package_identification:_identify(src) by extension 'ignore_ament_install'
[0.166s] Level 1:colcon.colcon_core.package_identification:_identify(src) by extensions ['colcon_pkg']
[0.166s] Level 1:colcon.colcon_core.package_identification:_identify(src) by extension 'colcon_pkg'
[0.166s] Level 1:colcon.colcon_core.package_identification:_identify(src) by extensions ['colcon_meta']
[0.166s] Level 1:colcon.colcon_core.package_identification:_identify(src) by extension 'colcon_meta'
[0.166s] Level 1:colcon.colcon_core.package_identification:_identify(src) by extensions ['ros']
[0.166s] Level 1:colcon.colcon_core.package_identification:_identify(src) by extension 'ros'
[0.166s] Level 1:colcon.colcon_core.package_identification:_identify(src) by extensions ['cmake', 'python']
[0.166s] Level 1:colcon.colcon_core.package_identification:_identify(src) by extension 'cmake'
[0.166s] Level 1:colcon.colcon_core.package_identification:_identify(src) by extension 'python'
[0.166s] Level 1:colcon.colcon_core.package_identification:_identify(src) by extensions ['python_setup_py']
[0.166s] Level 1:colcon.colcon_core.package_identification:_identify(src) by extension 'python_setup_py'
[0.166s] Level 1:colcon.colcon_core.package_identification:_identify(src/camera_publisher) by extensions ['ignore', 'ignore_ament_install']
[0.166s] Level 1:colcon.colcon_core.package_identification:_identify(src/camera_publisher) by extension 'ignore'
[0.166s] Level 1:colcon.colcon_core.package_identification:_identify(src/camera_publisher) by extension 'ignore_ament_install'
[0.166s] Level 1:colcon.colcon_core.package_identification:_identify(src/camera_publisher) by extensions ['colcon_pkg']
[0.166s] Level 1:colcon.colcon_core.package_identification:_identify(src/camera_publisher) by extension 'colcon_pkg'
[0.167s] Level 1:colcon.colcon_core.package_identification:_identify(src/camera_publisher) by extensions ['colcon_meta']
[0.167s] Level 1:colcon.colcon_core.package_identification:_identify(src/camera_publisher) by extension 'colcon_meta'
[0.167s] Level 1:colcon.colcon_core.package_identification:_identify(src/camera_publisher) by extensions ['ros']
[0.167s] Level 1:colcon.colcon_core.package_identification:_identify(src/camera_publisher) by extension 'ros'
[0.168s] DEBUG:colcon.colcon_core.package_identification:Package 'src/camera_publisher' with type 'ros.ament_python' and name 'camera_publisher'
[0.168s] Level 1:colcon.colcon_core.package_identification:_identify(src/digital_space) by extensions ['ignore', 'ignore_ament_install']
[0.168s] Level 1:colcon.colcon_core.package_identification:_identify(src/digital_space) by extension 'ignore'
[0.168s] Level 1:colcon.colcon_core.package_identification:_identify(src/digital_space) by extension 'ignore_ament_install'
[0.168s] Level 1:colcon.colcon_core.package_identification:_identify(src/digital_space) by extensions ['colcon_pkg']
[0.168s] Level 1:colcon.colcon_core.package_identification:_identify(src/digital_space) by extension 'colcon_pkg'
[0.168s] Level 1:colcon.colcon_core.package_identification:_identify(src/digital_space) by extensions ['colcon_meta']
[0.168s] Level 1:colcon.colcon_core.package_identification:_identify(src/digital_space) by extension 'colcon_meta'
[0.168s] Level 1:colcon.colcon_core.package_identification:_identify(src/digital_space) by extensions ['ros']
[0.168s] Level 1:colcon.colcon_core.package_identification:_identify(src/digital_space) by extension 'ros'
[0.169s] DEBUG:colcon.colcon_core.package_identification:Package 'src/digital_space' with type 'ros.ament_cmake' and name 'digital_space'
[0.169s] Level 1:colcon.colcon_core.package_identification:_identify(src/echostick_publisher) by extensions ['ignore', 'ignore_ament_install']
[0.169s] Level 1:colcon.colcon_core.package_identification:_identify(src/echostick_publisher) by extension 'ignore'
[0.169s] Level 1:colcon.colcon_core.package_identification:_identify(src/echostick_publisher) by extension 'ignore_ament_install'
[0.169s] Level 1:colcon.colcon_core.package_identification:_identify(src/echostick_publisher) by extensions ['colcon_pkg']
[0.169s] Level 1:colcon.colcon_core.package_identification:_identify(src/echostick_publisher) by extension 'colcon_pkg'
[0.169s] Level 1:colcon.colcon_core.package_identification:_identify(src/echostick_publisher) by extensions ['colcon_meta']
[0.169s] Level 1:colcon.colcon_core.package_identification:_identify(src/echostick_publisher) by extension 'colcon_meta'
[0.169s] Level 1:colcon.colcon_core.package_identification:_identify(src/echostick_publisher) by extensions ['ros']
[0.169s] Level 1:colcon.colcon_core.package_identification:_identify(src/echostick_publisher) by extension 'ros'
[0.169s] DEBUG:colcon.colcon_core.package_identification:Package 'src/echostick_publisher' with type 'ros.ament_python' and name 'echostick_publisher'
[0.169s] Level 1:colcon.colcon_core.package_identification:_identify(src/gps_publisher) by extensions ['ignore', 'ignore_ament_install']
[0.169s] Level 1:colcon.colcon_core.package_identification:_identify(src/gps_publisher) by extension 'ignore'
[0.169s] Level 1:colcon.colcon_core.package_identification:_identify(src/gps_publisher) by extension 'ignore_ament_install'
[0.169s] Level 1:colcon.colcon_core.package_identification:_identify(src/gps_publisher) by extensions ['colcon_pkg']
[0.169s] Level 1:colcon.colcon_core.package_identification:_identify(src/gps_publisher) by extension 'colcon_pkg'
[0.169s] Level 1:colcon.colcon_core.package_identification:_identify(src/gps_publisher) by extensions ['colcon_meta']
[0.169s] Level 1:colcon.colcon_core.package_identification:_identify(src/gps_publisher) by extension 'colcon_meta'
[0.169s] Level 1:colcon.colcon_core.package_identification:_identify(src/gps_publisher) by extensions ['ros']
[0.169s] Level 1:colcon.colcon_core.package_identification:_identify(src/gps_publisher) by extension 'ros'
[0.170s] DEBUG:colcon.colcon_core.package_identification:Package 'src/gps_publisher' with type 'ros.ament_python' and name 'gps_publisher'
[0.170s] Level 1:colcon.colcon_core.package_identification:_identify(src/propeller_control) by extensions ['ignore', 'ignore_ament_install']
[0.170s] Level 1:colcon.colcon_core.package_identification:_identify(src/propeller_control) by extension 'ignore'
[0.170s] Level 1:colcon.colcon_core.package_identification:_identify(src/propeller_control) by extension 'ignore_ament_install'
[0.170s] Level 1:colcon.colcon_core.package_identification:_identify(src/propeller_control) by extensions ['colcon_pkg']
[0.170s] Level 1:colcon.colcon_core.package_identification:_identify(src/propeller_control) by extension 'colcon_pkg'
[0.170s] Level 1:colcon.colcon_core.package_identification:_identify(src/propeller_control) by extensions ['colcon_meta']
[0.170s] Level 1:colcon.colcon_core.package_identification:_identify(src/propeller_control) by extension 'colcon_meta'
[0.170s] Level 1:colcon.colcon_core.package_identification:_identify(src/propeller_control) by extensions ['ros']
[0.170s] Level 1:colcon.colcon_core.package_identification:_identify(src/propeller_control) by extension 'ros'
[0.170s] DEBUG:colcon.colcon_core.package_identification:Package 'src/propeller_control' with type 'ros.ament_cmake' and name 'propeller_control'
[0.170s] Level 1:colcon.colcon_core.package_identification:_identify(src/task_manager) by extensions ['ignore', 'ignore_ament_install']
[0.170s] Level 1:colcon.colcon_core.package_identification:_identify(src/task_manager) by extension 'ignore'
[0.170s] Level 1:colcon.colcon_core.package_identification:_identify(src/task_manager) by extension 'ignore_ament_install'
[0.170s] Level 1:colcon.colcon_core.package_identification:_identify(src/task_manager) by extensions ['colcon_pkg']
[0.170s] Level 1:colcon.colcon_core.package_identification:_identify(src/task_manager) by extension 'colcon_pkg'
[0.170s] Level 1:colcon.colcon_core.package_identification:_identify(src/task_manager) by extensions ['colcon_meta']
[0.170s] Level 1:colcon.colcon_core.package_identification:_identify(src/task_manager) by extension 'colcon_meta'
[0.171s] Level 1:colcon.colcon_core.package_identification:_identify(src/task_manager) by extensions ['ros']
[0.171s] Level 1:colcon.colcon_core.package_identification:_identify(src/task_manager) by extension 'ros'
[0.171s] DEBUG:colcon.colcon_core.package_identification:Package 'src/task_manager' with type 'ros.ament_cmake' and name 'task_manager'
[0.171s] Level 1:colcon.colcon_core.package_discovery:discover_packages(recursive) using defaults
[0.171s] Level 1:colcon.colcon_core.package_discovery:discover_packages(ignore) discover
[0.171s] Level 1:colcon.colcon_core.package_discovery:discover_packages(ignore) using defaults
[0.171s] Level 1:colcon.colcon_core.package_discovery:discover_packages(path) discover
[0.171s] Level 1:colcon.colcon_core.package_discovery:discover_packages(path) using defaults
[0.181s] Level 1:colcon.colcon_core.package_discovery:discover_packages(prefix_path) check parameters
[0.181s] Level 1:colcon.colcon_core.package_discovery:discover_packages(prefix_path) discover
[0.182s] DEBUG:colcon.colcon_installed_package_information.package_discovery:Found 6 installed packages in /home/ntu/ros2_ws/install
[0.183s] DEBUG:colcon.colcon_installed_package_information.package_discovery:Found 256 installed packages in /opt/ros/foxy
[0.184s] Level 1:colcon.colcon_core.package_discovery:discover_packages(prefix_path) using defaults
[0.216s] Level 5:colcon.colcon_core.verb:set package 'camera_publisher' build argument 'cmake_args' from command line to 'None'
[0.216s] Level 5:colcon.colcon_core.verb:set package 'camera_publisher' build argument 'cmake_target' from command line to 'None'
[0.216s] Level 5:colcon.colcon_core.verb:set package 'camera_publisher' build argument 'cmake_target_skip_unavailable' from command line to 'False'
[0.216s] Level 5:colcon.colcon_core.verb:set package 'camera_publisher' build argument 'cmake_clean_cache' from command line to 'False'
[0.216s] Level 5:colcon.colcon_core.verb:set package 'camera_publisher' build argument 'cmake_clean_first' from command line to 'False'
[0.216s] Level 5:colcon.colcon_core.verb:set package 'camera_publisher' build argument 'cmake_force_configure' from command line to 'False'
[0.216s] Level 5:colcon.colcon_core.verb:set package 'camera_publisher' build argument 'ament_cmake_args' from command line to 'None'
[0.216s] Level 5:colcon.colcon_core.verb:set package 'camera_publisher' build argument 'catkin_cmake_args' from command line to 'None'
[0.216s] Level 5:colcon.colcon_core.verb:set package 'camera_publisher' build argument 'catkin_skip_building_tests' from command line to 'False'
[0.216s] DEBUG:colcon.colcon_core.verb:Building package 'camera_publisher' with the following arguments: {'ament_cmake_args': None, 'build_base': '/home/ntu/ros2_ws/build/camera_publisher', 'catkin_cmake_args': None, 'catkin_skip_building_tests': False, 'cmake_args': None, 'cmake_clean_cache': False, 'cmake_clean_first': False, 'cmake_force_configure': False, 'cmake_target': None, 'cmake_target_skip_unavailable': False, 'install_base': '/home/ntu/ros2_ws/install/camera_publisher', 'merge_install': False, 'path': '/home/ntu/ros2_ws/src/camera_publisher', 'symlink_install': False, 'test_result_base': None}
[0.216s] Level 5:colcon.colcon_core.verb:set package 'digital_space' build argument 'cmake_args' from command line to 'None'
[0.216s] Level 5:colcon.colcon_core.verb:set package 'digital_space' build argument 'cmake_target' from command line to 'None'
[0.216s] Level 5:colcon.colcon_core.verb:set package 'digital_space' build argument 'cmake_target_skip_unavailable' from command line to 'False'
[0.216s] Level 5:colcon.colcon_core.verb:set package 'digital_space' build argument 'cmake_clean_cache' from command line to 'False'
[0.216s] Level 5:colcon.colcon_core.verb:set package 'digital_space' build argument 'cmake_clean_first' from command line to 'False'
[0.216s] Level 5:colcon.colcon_core.verb:set package 'digital_space' build argument 'cmake_force_configure' from command line to 'False'
[0.216s] Level 5:colcon.colcon_core.verb:set package 'digital_space' build argument 'ament_cmake_args' from command line to 'None'
[0.216s] Level 5:colcon.colcon_core.verb:set package 'digital_space' build argument 'catkin_cmake_args' from command line to 'None'
[0.216s] Level 5:colcon.colcon_core.verb:set package 'digital_space' build argument 'catkin_skip_building_tests' from command line to 'False'
[0.216s] DEBUG:colcon.colcon_core.verb:Building package 'digital_space' with the following arguments: {'ament_cmake_args': None, 'build_base': '/home/ntu/ros2_ws/build/digital_space', 'catkin_cmake_args': None, 'catkin_skip_building_tests': False, 'cmake_args': None, 'cmake_clean_cache': False, 'cmake_clean_first': False, 'cmake_force_configure': False, 'cmake_target': None, 'cmake_target_skip_unavailable': False, 'install_base': '/home/ntu/ros2_ws/install/digital_space', 'merge_install': False, 'path': '/home/ntu/ros2_ws/src/digital_space', 'symlink_install': False, 'test_result_base': None}
[0.216s] Level 5:colcon.colcon_core.verb:set package 'echostick_publisher' build argument 'cmake_args' from command line to 'None'
[0.216s] Level 5:colcon.colcon_core.verb:set package 'echostick_publisher' build argument 'cmake_target' from command line to 'None'
[0.216s] Level 5:colcon.colcon_core.verb:set package 'echostick_publisher' build argument 'cmake_target_skip_unavailable' from command line to 'False'
[0.216s] Level 5:colcon.colcon_core.verb:set package 'echostick_publisher' build argument 'cmake_clean_cache' from command line to 'False'
[0.216s] Level 5:colcon.colcon_core.verb:set package 'echostick_publisher' build argument 'cmake_clean_first' from command line to 'False'
[0.216s] Level 5:colcon.colcon_core.verb:set package 'echostick_publisher' build argument 'cmake_force_configure' from command line to 'False'
[0.216s] Level 5:colcon.colcon_core.verb:set package 'echostick_publisher' build argument 'ament_cmake_args' from command line to 'None'
[0.216s] Level 5:colcon.colcon_core.verb:set package 'echostick_publisher' build argument 'catkin_cmake_args' from command line to 'None'
[0.216s] Level 5:colcon.colcon_core.verb:set package 'echostick_publisher' build argument 'catkin_skip_building_tests' from command line to 'False'
[0.216s] DEBUG:colcon.colcon_core.verb:Building package 'echostick_publisher' with the following arguments: {'ament_cmake_args': None, 'build_base': '/home/ntu/ros2_ws/build/echostick_publisher', 'catkin_cmake_args': None, 'catkin_skip_building_tests': False, 'cmake_args': None, 'cmake_clean_cache': False, 'cmake_clean_first': False, 'cmake_force_configure': False, 'cmake_target': None, 'cmake_target_skip_unavailable': False, 'install_base': '/home/ntu/ros2_ws/install/echostick_publisher', 'merge_install': False, 'path': '/home/ntu/ros2_ws/src/echostick_publisher', 'symlink_install': False, 'test_result_base': None}
[0.217s] Level 5:colcon.colcon_core.verb:set package 'gps_publisher' build argument 'cmake_args' from command line to 'None'
[0.217s] Level 5:colcon.colcon_core.verb:set package 'gps_publisher' build argument 'cmake_target' from command line to 'None'
[0.217s] Level 5:colcon.colcon_core.verb:set package 'gps_publisher' build argument 'cmake_target_skip_unavailable' from command line to 'False'
[0.217s] Level 5:colcon.colcon_core.verb:set package 'gps_publisher' build argument 'cmake_clean_cache' from command line to 'False'
[0.217s] Level 5:colcon.colcon_core.verb:set package 'gps_publisher' build argument 'cmake_clean_first' from command line to 'False'
[0.217s] Level 5:colcon.colcon_core.verb:set package 'gps_publisher' build argument 'cmake_force_configure' from command line to 'False'
[0.217s] Level 5:colcon.colcon_core.verb:set package 'gps_publisher' build argument 'ament_cmake_args' from command line to 'None'
[0.217s] Level 5:colcon.colcon_core.verb:set package 'gps_publisher' build argument 'catkin_cmake_args' from command line to 'None'
[0.217s] Level 5:colcon.colcon_core.verb:set package 'gps_publisher' build argument 'catkin_skip_building_tests' from command line to 'False'
[0.217s] DEBUG:colcon.colcon_core.verb:Building package 'gps_publisher' with the following arguments: {'ament_cmake_args': None, 'build_base': '/home/ntu/ros2_ws/build/gps_publisher', 'catkin_cmake_args': None, 'catkin_skip_building_tests': False, 'cmake_args': None, 'cmake_clean_cache': False, 'cmake_clean_first': False, 'cmake_force_configure': False, 'cmake_target': None, 'cmake_target_skip_unavailable': False, 'install_base': '/home/ntu/ros2_ws/install/gps_publisher', 'merge_install': False, 'path': '/home/ntu/ros2_ws/src/gps_publisher', 'symlink_install': False, 'test_result_base': None}
[0.217s] Level 5:colcon.colcon_core.verb:set package 'propeller_control' build argument 'cmake_args' from command line to 'None'
[0.217s] Level 5:colcon.colcon_core.verb:set package 'propeller_control' build argument 'cmake_target' from command line to 'None'
[0.217s] Level 5:colcon.colcon_core.verb:set package 'propeller_control' build argument 'cmake_target_skip_unavailable' from command line to 'False'
[0.217s] Level 5:colcon.colcon_core.verb:set package 'propeller_control' build argument 'cmake_clean_cache' from command line to 'False'
[0.217s] Level 5:colcon.colcon_core.verb:set package 'propeller_control' build argument 'cmake_clean_first' from command line to 'False'
[0.217s] Level 5:colcon.colcon_core.verb:set package 'propeller_control' build argument 'cmake_force_configure' from command line to 'False'
[0.217s] Level 5:colcon.colcon_core.verb:set package 'propeller_control' build argument 'ament_cmake_args' from command line to 'None'
[0.217s] Level 5:colcon.colcon_core.verb:set package 'propeller_control' build argument 'catkin_cmake_args' from command line to 'None'
[0.217s] Level 5:colcon.colcon_core.verb:set package 'propeller_control' build argument 'catkin_skip_building_tests' from command line to 'False'
[0.217s] DEBUG:colcon.colcon_core.verb:Building package 'propeller_control' with the following arguments: {'ament_cmake_args': None, 'build_base': '/home/ntu/ros2_ws/build/propeller_control', 'catkin_cmake_args': None, 'catkin_skip_building_tests': False, 'cmake_args': None, 'cmake_clean_cache': False, 'cmake_clean_first': False, 'cmake_force_configure': False, 'cmake_target': None, 'cmake_target_skip_unavailable': False, 'install_base': '/home/ntu/ros2_ws/install/propeller_control', 'merge_install': False, 'path': '/home/ntu/ros2_ws/src/propeller_control', 'symlink_install': False, 'test_result_base': None}
[0.217s] Level 5:colcon.colcon_core.verb:set package 'task_manager' build argument 'cmake_args' from command line to 'None'
[0.217s] Level 5:colcon.colcon_core.verb:set package 'task_manager' build argument 'cmake_target' from command line to 'None'
[0.217s] Level 5:colcon.colcon_core.verb:set package 'task_manager' build argument 'cmake_target_skip_unavailable' from command line to 'False'
[0.217s] Level 5:colcon.colcon_core.verb:set package 'task_manager' build argument 'cmake_clean_cache' from command line to 'False'
[0.217s] Level 5:colcon.colcon_core.verb:set package 'task_manager' build argument 'cmake_clean_first' from command line to 'False'
[0.217s] Level 5:colcon.colcon_core.verb:set package 'task_manager' build argument 'cmake_force_configure' from command line to 'False'
[0.217s] Level 5:colcon.colcon_core.verb:set package 'task_manager' build argument 'ament_cmake_args' from command line to 'None'
[0.217s] Level 5:colcon.colcon_core.verb:set package 'task_manager' build argument 'catkin_cmake_args' from command line to 'None'
[0.217s] Level 5:colcon.colcon_core.verb:set package 'task_manager' build argument 'catkin_skip_building_tests' from command line to 'False'
[0.217s] DEBUG:colcon.colcon_core.verb:Building package 'task_manager' with the following arguments: {'ament_cmake_args': None, 'build_base': '/home/ntu/ros2_ws/build/task_manager', 'catkin_cmake_args': None, 'catkin_skip_building_tests': False, 'cmake_args': None, 'cmake_clean_cache': False, 'cmake_clean_first': False, 'cmake_force_configure': False, 'cmake_target': None, 'cmake_target_skip_unavailable': False, 'install_base': '/home/ntu/ros2_ws/install/task_manager', 'merge_install': False, 'path': '/home/ntu/ros2_ws/src/task_manager', 'symlink_install': False, 'test_result_base': None}
[0.217s] INFO:colcon.colcon_core.executor:Executing jobs using 'parallel' executor
[0.218s] DEBUG:colcon.colcon_parallel_executor.executor.parallel:run_until_complete
[0.218s] INFO:colcon.colcon_ros.task.ament_cmake.build:Building ROS package in '/home/ntu/ros2_ws/src/digital_space' with build type 'ament_cmake'
[0.218s] INFO:colcon.colcon_cmake.task.cmake.build:Building CMake package in '/home/ntu/ros2_ws/src/digital_space'
[0.219s] INFO:colcon.colcon_core.plugin_system:Skipping extension 'colcon_core.shell.bat': Not used on non-Windows systems
[0.220s] INFO:colcon.colcon_core.shell:Skip shell extension 'powershell' for command environment: Not usable outside of PowerShell
[0.220s] DEBUG:colcon.colcon_core.shell:Skip shell extension 'dsv' for command environment
[0.222s] INFO:colcon.colcon_ros.task.ament_python.build:Building ROS package in '/home/ntu/ros2_ws/src/camera_publisher' with build type 'ament_python'
[0.222s] Level 1:colcon.colcon_core.shell:create_environment_hook('camera_publisher', 'ament_prefix_path')
[0.223s] INFO:colcon.colcon_core.shell:Creating environment hook '/home/ntu/ros2_ws/install/camera_publisher/share/camera_publisher/hook/ament_prefix_path.ps1'
[0.223s] INFO:colcon.colcon_core.shell:Creating environment descriptor '/home/ntu/ros2_ws/install/camera_publisher/share/camera_publisher/hook/ament_prefix_path.dsv'
[0.223s] INFO:colcon.colcon_core.shell:Creating environment hook '/home/ntu/ros2_ws/install/camera_publisher/share/camera_publisher/hook/ament_prefix_path.sh'
[0.224s] INFO:colcon.colcon_core.shell:Skip shell extension 'powershell' for command environment: Not usable outside of PowerShell
[0.224s] DEBUG:colcon.colcon_core.shell:Skip shell extension 'dsv' for command environment
[0.226s] INFO:colcon.colcon_ros.task.ament_python.build:Building ROS package in '/home/ntu/ros2_ws/src/echostick_publisher' with build type 'ament_python'
[0.226s] Level 1:colcon.colcon_core.shell:create_environment_hook('echostick_publisher', 'ament_prefix_path')
[0.226s] INFO:colcon.colcon_core.shell:Creating environment hook '/home/ntu/ros2_ws/install/echostick_publisher/share/echostick_publisher/hook/ament_prefix_path.ps1'
[0.227s] INFO:colcon.colcon_core.shell:Creating environment descriptor '/home/ntu/ros2_ws/install/echostick_publisher/share/echostick_publisher/hook/ament_prefix_path.dsv'
[0.227s] INFO:colcon.colcon_core.shell:Creating environment hook '/home/ntu/ros2_ws/install/echostick_publisher/share/echostick_publisher/hook/ament_prefix_path.sh'
[0.228s] INFO:colcon.colcon_core.shell:Skip shell extension 'powershell' for command environment: Not usable outside of PowerShell
[0.228s] DEBUG:colcon.colcon_core.shell:Skip shell extension 'dsv' for command environment
[0.231s] INFO:colcon.colcon_ros.task.ament_python.build:Building ROS package in '/home/ntu/ros2_ws/src/gps_publisher' with build type 'ament_python'
[0.232s] Level 1:colcon.colcon_core.shell:create_environment_hook('gps_publisher', 'ament_prefix_path')
[0.232s] INFO:colcon.colcon_core.shell:Creating environment hook '/home/ntu/ros2_ws/install/gps_publisher/share/gps_publisher/hook/ament_prefix_path.ps1'
[0.233s] INFO:colcon.colcon_core.shell:Creating environment descriptor '/home/ntu/ros2_ws/install/gps_publisher/share/gps_publisher/hook/ament_prefix_path.dsv'
[0.233s] INFO:colcon.colcon_core.shell:Creating environment hook '/home/ntu/ros2_ws/install/gps_publisher/share/gps_publisher/hook/ament_prefix_path.sh'
[0.233s] INFO:colcon.colcon_core.shell:Skip shell extension 'powershell' for command environment: Not usable outside of PowerShell
[0.233s] DEBUG:colcon.colcon_core.shell:Skip shell extension 'dsv' for command environment
[0.236s] INFO:colcon.colcon_ros.task.ament_cmake.build:Building ROS package in '/home/ntu/ros2_ws/src/propeller_control' with build type 'ament_cmake'
[0.236s] INFO:colcon.colcon_cmake.task.cmake.build:Building CMake package in '/home/ntu/ros2_ws/src/propeller_control'
[0.237s] INFO:colcon.colcon_core.shell:Skip shell extension 'powershell' for command environment: Not usable outside of PowerShell
[0.237s] DEBUG:colcon.colcon_core.shell:Skip shell extension 'dsv' for command environment
[0.244s] DEBUG:colcon.colcon_core.event_handler.log_command:Invoking command in '/home/ntu/ros2_ws/build/digital_space': CMAKE_PREFIX_PATH=${CMAKE_PREFIX_PATH}:/home/ntu/ros2_ws/install/gps_publisher:/home/ntu/ros2_ws/install/echostick_publisher:/home/ntu/ros2_ws/install/camera_publisher:/opt/ros/foxy /usr/bin/cmake --build /home/ntu/ros2_ws/build/digital_space -- -j12 -l12
[0.364s] INFO:colcon.colcon_core.task.python.build:Building Python package in '/home/ntu/ros2_ws/src/camera_publisher'
[0.364s] INFO:colcon.colcon_core.shell:Skip shell extension 'powershell' for command environment: Not usable outside of PowerShell
[0.364s] DEBUG:colcon.colcon_core.shell:Skip shell extension 'dsv' for command environment
[0.479s] INFO:colcon.colcon_core.task.python.build:Building Python package in '/home/ntu/ros2_ws/src/echostick_publisher'
[0.479s] INFO:colcon.colcon_core.shell:Skip shell extension 'powershell' for command environment: Not usable outside of PowerShell
[0.480s] DEBUG:colcon.colcon_core.shell:Skip shell extension 'dsv' for command environment
[0.587s] INFO:colcon.colcon_core.task.python.build:Building Python package in '/home/ntu/ros2_ws/src/gps_publisher'
[0.588s] INFO:colcon.colcon_core.shell:Skip shell extension 'powershell' for command environment: Not usable outside of PowerShell
[0.588s] DEBUG:colcon.colcon_core.shell:Skip shell extension 'dsv' for command environment
[0.594s] DEBUG:colcon.colcon_core.event_handler.log_command:Invoking command in '/home/ntu/ros2_ws/build/propeller_control': CMAKE_PREFIX_PATH=${CMAKE_PREFIX_PATH}:/home/ntu/ros2_ws/install/gps_publisher:/home/ntu/ros2_ws/install/echostick_publisher:/home/ntu/ros2_ws/install/camera_publisher:/opt/ros/foxy /usr/bin/cmake --build /home/ntu/ros2_ws/build/propeller_control -- -j12 -l12
[0.601s] DEBUG:colcon.colcon_core.event_handler.log_command:Invoked command in '/home/ntu/ros2_ws/build/digital_space' returned '0': CMAKE_PREFIX_PATH=${CMAKE_PREFIX_PATH}:/home/ntu/ros2_ws/install/gps_publisher:/home/ntu/ros2_ws/install/echostick_publisher:/home/ntu/ros2_ws/install/camera_publisher:/opt/ros/foxy /usr/bin/cmake --build /home/ntu/ros2_ws/build/digital_space -- -j12 -l12
[0.621s] DEBUG:colcon.colcon_core.event_handler.log_command:Invoked command in '/home/ntu/ros2_ws/build/propeller_control' returned '0': CMAKE_PREFIX_PATH=${CMAKE_PREFIX_PATH}:/home/ntu/ros2_ws/install/gps_publisher:/home/ntu/ros2_ws/install/echostick_publisher:/home/ntu/ros2_ws/install/camera_publisher:/opt/ros/foxy /usr/bin/cmake --build /home/ntu/ros2_ws/build/propeller_control -- -j12 -l12
[0.632s] DEBUG:colcon.colcon_core.event_handler.log_command:Invoking command in '/home/ntu/ros2_ws/build/digital_space': CMAKE_PREFIX_PATH=${CMAKE_PREFIX_PATH}:/home/ntu/ros2_ws/install/gps_publisher:/home/ntu/ros2_ws/install/echostick_publisher:/home/ntu/ros2_ws/install/camera_publisher:/opt/ros/foxy /usr/bin/cmake --install /home/ntu/ros2_ws/build/digital_space
[0.638s] DEBUG:colcon.colcon_core.event_handler.log_command:Invoking command in '/home/ntu/ros2_ws/build/propeller_control': CMAKE_PREFIX_PATH=${CMAKE_PREFIX_PATH}:/home/ntu/ros2_ws/install/gps_publisher:/home/ntu/ros2_ws/install/echostick_publisher:/home/ntu/ros2_ws/install/camera_publisher:/opt/ros/foxy /usr/bin/cmake --install /home/ntu/ros2_ws/build/propeller_control
[0.645s] Level 1:colcon.colcon_core.environment:create_environment_scripts_only(propeller_control)
[0.648s] DEBUG:colcon.colcon_core.event_handler.log_command:Invoked command in '/home/ntu/ros2_ws/build/propeller_control' returned '0': CMAKE_PREFIX_PATH=${CMAKE_PREFIX_PATH}:/home/ntu/ros2_ws/install/gps_publisher:/home/ntu/ros2_ws/install/echostick_publisher:/home/ntu/ros2_ws/install/camera_publisher:/opt/ros/foxy /usr/bin/cmake --install /home/ntu/ros2_ws/build/propeller_control
[0.649s] Level 1:colcon.colcon_core.environment:checking '/home/ntu/ros2_ws/install/propeller_control' for CMake module files
[0.649s] Level 1:colcon.colcon_core.environment:checking '/home/ntu/ros2_ws/install/propeller_control' for CMake config files
[0.650s] Level 1:colcon.colcon_core.shell:create_environment_hook('propeller_control', 'cmake_prefix_path')
[0.650s] INFO:colcon.colcon_core.shell:Creating environment hook '/home/ntu/ros2_ws/install/propeller_control/share/propeller_control/hook/cmake_prefix_path.ps1'
[0.650s] INFO:colcon.colcon_core.shell:Creating environment descriptor '/home/ntu/ros2_ws/install/propeller_control/share/propeller_control/hook/cmake_prefix_path.dsv'
[0.651s] INFO:colcon.colcon_core.shell:Creating environment hook '/home/ntu/ros2_ws/install/propeller_control/share/propeller_control/hook/cmake_prefix_path.sh'
[0.651s] Level 1:colcon.colcon_core.environment:checking '/home/ntu/ros2_ws/install/propeller_control/lib'
[0.651s] Level 1:colcon.colcon_core.environment:checking '/home/ntu/ros2_ws/install/propeller_control/bin'
[0.652s] Level 1:colcon.colcon_core.environment:checking '/home/ntu/ros2_ws/install/propeller_control/lib/pkgconfig/propeller_control.pc'
[0.652s] Level 1:colcon.colcon_core.environment:checking '/home/ntu/ros2_ws/install/propeller_control/lib/python3.8/site-packages'
[0.652s] Level 1:colcon.colcon_core.environment:checking '/home/ntu/ros2_ws/install/propeller_control/bin'
[0.652s] INFO:colcon.colcon_core.shell:Creating package script '/home/ntu/ros2_ws/install/propeller_control/share/propeller_control/package.ps1'
[0.653s] INFO:colcon.colcon_core.shell:Creating package descriptor '/home/ntu/ros2_ws/install/propeller_control/share/propeller_control/package.dsv'
[0.654s] INFO:colcon.colcon_core.shell:Creating package script '/home/ntu/ros2_ws/install/propeller_control/share/propeller_control/package.sh'
[0.654s] INFO:colcon.colcon_core.shell:Creating package script '/home/ntu/ros2_ws/install/propeller_control/share/propeller_control/package.bash'
[0.655s] INFO:colcon.colcon_core.shell:Creating package script '/home/ntu/ros2_ws/install/propeller_control/share/propeller_control/package.zsh'
[0.655s] Level 1:colcon.colcon_core.environment:create_file_with_runtime_dependencies(/home/ntu/ros2_ws/install/propeller_control/share/colcon-core/packages/propeller_control)
[0.673s] Level 1:colcon.colcon_core.environment:create_environment_scripts_only(propeller_control)
[0.673s] Level 1:colcon.colcon_core.environment:checking '/home/ntu/ros2_ws/install/propeller_control' for CMake module files
[0.674s] Level 1:colcon.colcon_core.environment:checking '/home/ntu/ros2_ws/install/propeller_control' for CMake config files
[0.675s] Level 1:colcon.colcon_core.shell:create_environment_hook('propeller_control', 'cmake_prefix_path')
[0.675s] INFO:colcon.colcon_core.shell:Creating environment hook '/home/ntu/ros2_ws/install/propeller_control/share/propeller_control/hook/cmake_prefix_path.ps1'
[0.677s] INFO:colcon.colcon_core.shell:Creating environment descriptor '/home/ntu/ros2_ws/install/propeller_control/share/propeller_control/hook/cmake_prefix_path.dsv'
[0.678s] INFO:colcon.colcon_core.shell:Creating environment hook '/home/ntu/ros2_ws/install/propeller_control/share/propeller_control/hook/cmake_prefix_path.sh'
[0.679s] Level 1:colcon.colcon_core.environment:checking '/home/ntu/ros2_ws/install/propeller_control/lib'
[0.680s] Level 1:colcon.colcon_core.environment:checking '/home/ntu/ros2_ws/install/propeller_control/bin'
[0.680s] Level 1:colcon.colcon_core.environment:checking '/home/ntu/ros2_ws/install/propeller_control/lib/pkgconfig/propeller_control.pc'
[0.680s] Level 1:colcon.colcon_core.environment:checking '/home/ntu/ros2_ws/install/propeller_control/lib/python3.8/site-packages'
[0.680s] Level 1:colcon.colcon_core.environment:checking '/home/ntu/ros2_ws/install/propeller_control/bin'
[0.680s] INFO:colcon.colcon_core.shell:Creating package script '/home/ntu/ros2_ws/install/propeller_control/share/propeller_control/package.ps1'
[0.681s] INFO:colcon.colcon_core.shell:Creating package descriptor '/home/ntu/ros2_ws/install/propeller_control/share/propeller_control/package.dsv'
[0.681s] INFO:colcon.colcon_core.shell:Creating package script '/home/ntu/ros2_ws/install/propeller_control/share/propeller_control/package.sh'
[0.682s] INFO:colcon.colcon_core.shell:Creating package script '/home/ntu/ros2_ws/install/propeller_control/share/propeller_control/package.bash'
[0.682s] INFO:colcon.colcon_core.shell:Creating package script '/home/ntu/ros2_ws/install/propeller_control/share/propeller_control/package.zsh'
[0.683s] Level 1:colcon.colcon_core.environment:create_file_with_runtime_dependencies(/home/ntu/ros2_ws/install/propeller_control/share/colcon-core/packages/propeller_control)
[0.684s] Level 1:colcon.colcon_core.environment:create_environment_scripts_only(digital_space)
[0.684s] Level 1:colcon.colcon_core.environment:checking '/home/ntu/ros2_ws/install/digital_space' for CMake module files
[0.684s] DEBUG:colcon.colcon_core.event_handler.log_command:Invoked command in '/home/ntu/ros2_ws/build/digital_space' returned '0': CMAKE_PREFIX_PATH=${CMAKE_PREFIX_PATH}:/home/ntu/ros2_ws/install/gps_publisher:/home/ntu/ros2_ws/install/echostick_publisher:/home/ntu/ros2_ws/install/camera_publisher:/opt/ros/foxy /usr/bin/cmake --install /home/ntu/ros2_ws/build/digital_space
[0.685s] Level 1:colcon.colcon_core.environment:checking '/home/ntu/ros2_ws/install/digital_space' for CMake config files
[0.685s] Level 1:colcon.colcon_core.shell:create_environment_hook('digital_space', 'cmake_prefix_path')
[0.686s] INFO:colcon.colcon_core.shell:Creating environment hook '/home/ntu/ros2_ws/install/digital_space/share/digital_space/hook/cmake_prefix_path.ps1'
[0.686s] INFO:colcon.colcon_core.shell:Creating environment descriptor '/home/ntu/ros2_ws/install/digital_space/share/digital_space/hook/cmake_prefix_path.dsv'
[0.686s] INFO:colcon.colcon_core.shell:Creating environment hook '/home/ntu/ros2_ws/install/digital_space/share/digital_space/hook/cmake_prefix_path.sh'
[0.687s] Level 1:colcon.colcon_core.environment:checking '/home/ntu/ros2_ws/install/digital_space/lib'
[0.687s] Level 1:colcon.colcon_core.shell:create_environment_hook('digital_space', 'ld_library_path_lib')
[0.687s] INFO:colcon.colcon_core.shell:Creating environment hook '/home/ntu/ros2_ws/install/digital_space/share/digital_space/hook/ld_library_path_lib.ps1'
[0.687s] INFO:colcon.colcon_core.shell:Creating environment descriptor '/home/ntu/ros2_ws/install/digital_space/share/digital_space/hook/ld_library_path_lib.dsv'
[0.688s] INFO:colcon.colcon_core.shell:Creating environment hook '/home/ntu/ros2_ws/install/digital_space/share/digital_space/hook/ld_library_path_lib.sh'
[0.688s] Level 1:colcon.colcon_core.environment:checking '/home/ntu/ros2_ws/install/digital_space/bin'
[0.688s] Level 1:colcon.colcon_core.environment:checking '/home/ntu/ros2_ws/install/digital_space/lib/pkgconfig/digital_space.pc'
[0.688s] Level 1:colcon.colcon_core.environment:checking '/home/ntu/ros2_ws/install/digital_space/lib/python3.8/site-packages'
[0.688s] Level 1:colcon.colcon_core.shell:create_environment_hook('digital_space', 'pythonpath')
[0.688s] INFO:colcon.colcon_core.shell:Creating environment hook '/home/ntu/ros2_ws/install/digital_space/share/digital_space/hook/pythonpath.ps1'
[0.689s] INFO:colcon.colcon_core.shell:Creating environment descriptor '/home/ntu/ros2_ws/install/digital_space/share/digital_space/hook/pythonpath.dsv'
[0.689s] INFO:colcon.colcon_core.shell:Creating environment hook '/home/ntu/ros2_ws/install/digital_space/share/digital_space/hook/pythonpath.sh'
[0.690s] Level 1:colcon.colcon_core.environment:checking '/home/ntu/ros2_ws/install/digital_space/bin'
[0.690s] INFO:colcon.colcon_core.shell:Creating package script '/home/ntu/ros2_ws/install/digital_space/share/digital_space/package.ps1'
[0.690s] INFO:colcon.colcon_core.shell:Creating package descriptor '/home/ntu/ros2_ws/install/digital_space/share/digital_space/package.dsv'
[0.691s] INFO:colcon.colcon_core.shell:Creating package script '/home/ntu/ros2_ws/install/digital_space/share/digital_space/package.sh'
[0.691s] INFO:colcon.colcon_core.shell:Creating package script '/home/ntu/ros2_ws/install/digital_space/share/digital_space/package.bash'
[0.692s] INFO:colcon.colcon_core.shell:Creating package script '/home/ntu/ros2_ws/install/digital_space/share/digital_space/package.zsh'
[0.692s] Level 1:colcon.colcon_core.environment:create_file_with_runtime_dependencies(/home/ntu/ros2_ws/install/digital_space/share/colcon-core/packages/digital_space)
[0.728s] Level 1:colcon.colcon_core.environment:create_environment_scripts_only(digital_space)
[0.728s] Level 1:colcon.colcon_core.environment:checking '/home/ntu/ros2_ws/install/digital_space' for CMake module files
[0.729s] Level 1:colcon.colcon_core.environment:checking '/home/ntu/ros2_ws/install/digital_space' for CMake config files
[0.729s] Level 1:colcon.colcon_core.shell:create_environment_hook('digital_space', 'cmake_prefix_path')
[0.730s] INFO:colcon.colcon_core.shell:Creating environment hook '/home/ntu/ros2_ws/install/digital_space/share/digital_space/hook/cmake_prefix_path.ps1'
[0.730s] INFO:colcon.colcon_core.shell:Creating environment descriptor '/home/ntu/ros2_ws/install/digital_space/share/digital_space/hook/cmake_prefix_path.dsv'
[0.730s] INFO:colcon.colcon_core.shell:Creating environment hook '/home/ntu/ros2_ws/install/digital_space/share/digital_space/hook/cmake_prefix_path.sh'
[0.731s] Level 1:colcon.colcon_core.environment:checking '/home/ntu/ros2_ws/install/digital_space/lib'
[0.731s] Level 1:colcon.colcon_core.shell:create_environment_hook('digital_space', 'ld_library_path_lib')
[0.731s] INFO:colcon.colcon_core.shell:Creating environment hook '/home/ntu/ros2_ws/install/digital_space/share/digital_space/hook/ld_library_path_lib.ps1'
[0.732s] INFO:colcon.colcon_core.shell:Creating environment descriptor '/home/ntu/ros2_ws/install/digital_space/share/digital_space/hook/ld_library_path_lib.dsv'
[0.732s] INFO:colcon.colcon_core.shell:Creating environment hook '/home/ntu/ros2_ws/install/digital_space/share/digital_space/hook/ld_library_path_lib.sh'
[0.732s] Level 1:colcon.colcon_core.environment:checking '/home/ntu/ros2_ws/install/digital_space/bin'
[0.732s] Level 1:colcon.colcon_core.environment:checking '/home/ntu/ros2_ws/install/digital_space/lib/pkgconfig/digital_space.pc'
[0.733s] Level 1:colcon.colcon_core.environment:checking '/home/ntu/ros2_ws/install/digital_space/lib/python3.8/site-packages'
[0.733s] Level 1:colcon.colcon_core.shell:create_environment_hook('digital_space', 'pythonpath')
[0.733s] INFO:colcon.colcon_core.shell:Creating environment hook '/home/ntu/ros2_ws/install/digital_space/share/digital_space/hook/pythonpath.ps1'
[0.733s] INFO:colcon.colcon_core.shell:Creating environment descriptor '/home/ntu/ros2_ws/install/digital_space/share/digital_space/hook/pythonpath.dsv'
[0.734s] INFO:colcon.colcon_core.shell:Creating environment hook '/home/ntu/ros2_ws/install/digital_space/share/digital_space/hook/pythonpath.sh'
[0.734s] Level 1:colcon.colcon_core.environment:checking '/home/ntu/ros2_ws/install/digital_space/bin'
[0.734s] INFO:colcon.colcon_core.shell:Creating package script '/home/ntu/ros2_ws/install/digital_space/share/digital_space/package.ps1'
[0.735s] INFO:colcon.colcon_core.shell:Creating package descriptor '/home/ntu/ros2_ws/install/digital_space/share/digital_space/package.dsv'
[0.735s] INFO:colcon.colcon_core.shell:Creating package script '/home/ntu/ros2_ws/install/digital_space/share/digital_space/package.sh'
[0.736s] INFO:colcon.colcon_core.shell:Creating package script '/home/ntu/ros2_ws/install/digital_space/share/digital_space/package.bash'
[0.736s] INFO:colcon.colcon_core.shell:Creating package script '/home/ntu/ros2_ws/install/digital_space/share/digital_space/package.zsh'
[0.737s] Level 1:colcon.colcon_core.environment:create_file_with_runtime_dependencies(/home/ntu/ros2_ws/install/digital_space/share/colcon-core/packages/digital_space)
[0.737s] INFO:colcon.colcon_ros.task.ament_cmake.build:Building ROS package in '/home/ntu/ros2_ws/src/task_manager' with build type 'ament_cmake'
[0.737s] INFO:colcon.colcon_cmake.task.cmake.build:Building CMake package in '/home/ntu/ros2_ws/src/task_manager'
[0.737s] INFO:colcon.colcon_core.shell:Skip shell extension 'powershell' for command environment: Not usable outside of PowerShell
[0.737s] DEBUG:colcon.colcon_core.shell:Skip shell extension 'dsv' for command environment
[0.749s] DEBUG:colcon.colcon_core.event_handler.log_command:Invoking command in '/home/ntu/ros2_ws/build/task_manager': CMAKE_PREFIX_PATH=/home/ntu/ros2_ws/install/digital_space:/home/ntu/ros2_ws/install/task_manager:/home/ntu/ros2_ws/install/propeller_control:/home/ntu/ros2_ws/install/gps_publisher:/home/ntu/ros2_ws/install/echostick_publisher:/home/ntu/ros2_ws/install/camera_publisher:/opt/ros/foxy LD_LIBRARY_PATH=/home/ntu/ros2_ws/install/digital_space/lib:/home/ntu/ros2_ws/install/task_manager/lib:/opt/ros/foxy/opt/yaml_cpp_vendor/lib:/opt/ros/foxy/opt/rviz_ogre_vendor/lib:/opt/ros/foxy/lib/x86_64-linux-gnu:/opt/ros/foxy/lib PYTHONPATH=/home/ntu/ros2_ws/install/digital_space/lib/python3.8/site-packages:/home/ntu/ros2_ws/install/task_manager/lib/python3.8/site-packages:/home/ntu/ros2_ws/install/gps_publisher/lib/python3.8/site-packages:/home/ntu/ros2_ws/install/echostick_publisher/lib/python3.8/site-packages:/home/ntu/ros2_ws/install/camera_publisher/lib/python3.8/site-packages:/opt/ros/foxy/lib/python3.8/site-packages /usr/bin/cmake --build /home/ntu/ros2_ws/build/task_manager -- -j12 -l12
[0.837s] DEBUG:colcon.colcon_core.event_handler.log_command:Invoking command in '/home/ntu/ros2_ws/src/camera_publisher': PYTHONPATH=/home/ntu/ros2_ws/build/camera_publisher/prefix_override:/home/ntu/ros2_ws/install/camera_publisher/lib/python3.8/site-packages:${PYTHONPATH} /usr/bin/python3 -W ignore:setup.py install is deprecated setup.py egg_info --egg-base ../../build/camera_publisher build --build-base /home/ntu/ros2_ws/build/camera_publisher/build install --record /home/ntu/ros2_ws/build/camera_publisher/install.log --install-scripts $base/lib/camera_publisher --single-version-externally-managed install_data
[0.889s] DEBUG:colcon.colcon_core.event_handler.log_command:Invoking command in '/home/ntu/ros2_ws/src/gps_publisher': PYTHONPATH=/home/ntu/ros2_ws/build/gps_publisher/prefix_override:/home/ntu/ros2_ws/install/gps_publisher/lib/python3.8/site-packages:${PYTHONPATH} /usr/bin/python3 -W ignore:setup.py install is deprecated setup.py egg_info --egg-base ../../build/gps_publisher build --build-base /home/ntu/ros2_ws/build/gps_publisher/build install --record /home/ntu/ros2_ws/build/gps_publisher/install.log --install-scripts $base/lib/gps_publisher --single-version-externally-managed install_data
[0.916s] DEBUG:colcon.colcon_core.event_handler.log_command:Invoking command in '/home/ntu/ros2_ws/src/echostick_publisher': PYTHONPATH=/home/ntu/ros2_ws/build/echostick_publisher/prefix_override:/home/ntu/ros2_ws/install/echostick_publisher/lib/python3.8/site-packages:${PYTHONPATH} /usr/bin/python3 -W ignore:setup.py install is deprecated setup.py egg_info --egg-base ../../build/echostick_publisher build --build-base /home/ntu/ros2_ws/build/echostick_publisher/build install --record /home/ntu/ros2_ws/build/echostick_publisher/install.log --install-scripts $base/lib/echostick_publisher --single-version-externally-managed install_data
[0.938s] DEBUG:colcon.colcon_core.event_handler.log_command:Invoked command in '/home/ntu/ros2_ws/build/task_manager' returned '0': CMAKE_PREFIX_PATH=/home/ntu/ros2_ws/install/digital_space:/home/ntu/ros2_ws/install/task_manager:/home/ntu/ros2_ws/install/propeller_control:/home/ntu/ros2_ws/install/gps_publisher:/home/ntu/ros2_ws/install/echostick_publisher:/home/ntu/ros2_ws/install/camera_publisher:/opt/ros/foxy LD_LIBRARY_PATH=/home/ntu/ros2_ws/install/digital_space/lib:/home/ntu/ros2_ws/install/task_manager/lib:/opt/ros/foxy/opt/yaml_cpp_vendor/lib:/opt/ros/foxy/opt/rviz_ogre_vendor/lib:/opt/ros/foxy/lib/x86_64-linux-gnu:/opt/ros/foxy/lib PYTHONPATH=/home/ntu/ros2_ws/install/digital_space/lib/python3.8/site-packages:/home/ntu/ros2_ws/install/task_manager/lib/python3.8/site-packages:/home/ntu/ros2_ws/install/gps_publisher/lib/python3.8/site-packages:/home/ntu/ros2_ws/install/echostick_publisher/lib/python3.8/site-packages:/home/ntu/ros2_ws/install/camera_publisher/lib/python3.8/site-packages:/opt/ros/foxy/lib/python3.8/site-packages /usr/bin/cmake --build /home/ntu/ros2_ws/build/task_manager -- -j12 -l12
[0.978s] DEBUG:colcon.colcon_core.event_handler.log_command:Invoking command in '/home/ntu/ros2_ws/build/task_manager': CMAKE_PREFIX_PATH=/home/ntu/ros2_ws/install/digital_space:/home/ntu/ros2_ws/install/task_manager:/home/ntu/ros2_ws/install/propeller_control:/home/ntu/ros2_ws/install/gps_publisher:/home/ntu/ros2_ws/install/echostick_publisher:/home/ntu/ros2_ws/install/camera_publisher:/opt/ros/foxy LD_LIBRARY_PATH=/home/ntu/ros2_ws/install/digital_space/lib:/home/ntu/ros2_ws/install/task_manager/lib:/opt/ros/foxy/opt/yaml_cpp_vendor/lib:/opt/ros/foxy/opt/rviz_ogre_vendor/lib:/opt/ros/foxy/lib/x86_64-linux-gnu:/opt/ros/foxy/lib PYTHONPATH=/home/ntu/ros2_ws/install/digital_space/lib/python3.8/site-packages:/home/ntu/ros2_ws/install/task_manager/lib/python3.8/site-packages:/home/ntu/ros2_ws/install/gps_publisher/lib/python3.8/site-packages:/home/ntu/ros2_ws/install/echostick_publisher/lib/python3.8/site-packages:/home/ntu/ros2_ws/install/camera_publisher/lib/python3.8/site-packages:/opt/ros/foxy/lib/python3.8/site-packages /usr/bin/cmake --install /home/ntu/ros2_ws/build/task_manager
[1.009s] Level 1:colcon.colcon_core.environment:checking '/home/ntu/ros2_ws/install/camera_publisher' for CMake module files
[1.010s] DEBUG:colcon.colcon_core.event_handler.log_command:Invoked command in '/home/ntu/ros2_ws/src/camera_publisher' returned '0': PYTHONPATH=/home/ntu/ros2_ws/build/camera_publisher/prefix_override:/home/ntu/ros2_ws/install/camera_publisher/lib/python3.8/site-packages:${PYTHONPATH} /usr/bin/python3 -W ignore:setup.py install is deprecated setup.py egg_info --egg-base ../../build/camera_publisher build --build-base /home/ntu/ros2_ws/build/camera_publisher/build install --record /home/ntu/ros2_ws/build/camera_publisher/install.log --install-scripts $base/lib/camera_publisher --single-version-externally-managed install_data
[1.010s] Level 1:colcon.colcon_core.environment:checking '/home/ntu/ros2_ws/install/camera_publisher' for CMake config files
[1.010s] Level 1:colcon.colcon_core.environment:checking '/home/ntu/ros2_ws/install/camera_publisher/lib'
[1.010s] Level 1:colcon.colcon_core.environment:checking '/home/ntu/ros2_ws/install/camera_publisher/bin'
[1.010s] Level 1:colcon.colcon_core.environment:checking '/home/ntu/ros2_ws/install/camera_publisher/lib/pkgconfig/camera_publisher.pc'
[1.011s] Level 1:colcon.colcon_core.environment:checking '/home/ntu/ros2_ws/install/camera_publisher/lib/python3.8/site-packages'
[1.011s] Level 1:colcon.colcon_core.shell:create_environment_hook('camera_publisher', 'pythonpath')
[1.011s] INFO:colcon.colcon_core.shell:Creating environment hook '/home/ntu/ros2_ws/install/camera_publisher/share/camera_publisher/hook/pythonpath.ps1'
[1.011s] INFO:colcon.colcon_core.shell:Creating environment descriptor '/home/ntu/ros2_ws/install/camera_publisher/share/camera_publisher/hook/pythonpath.dsv'
[1.012s] INFO:colcon.colcon_core.shell:Creating environment hook '/home/ntu/ros2_ws/install/camera_publisher/share/camera_publisher/hook/pythonpath.sh'
[1.012s] Level 1:colcon.colcon_core.environment:checking '/home/ntu/ros2_ws/install/camera_publisher/bin'
[1.012s] Level 1:colcon.colcon_core.environment:create_environment_scripts_only(camera_publisher)
[1.013s] INFO:colcon.colcon_core.shell:Creating package script '/home/ntu/ros2_ws/install/camera_publisher/share/camera_publisher/package.ps1'
[1.013s] INFO:colcon.colcon_core.shell:Creating package descriptor '/home/ntu/ros2_ws/install/camera_publisher/share/camera_publisher/package.dsv'
[1.013s] INFO:colcon.colcon_core.shell:Creating package script '/home/ntu/ros2_ws/install/camera_publisher/share/camera_publisher/package.sh'
[1.014s] INFO:colcon.colcon_core.shell:Creating package script '/home/ntu/ros2_ws/install/camera_publisher/share/camera_publisher/package.bash'
[1.014s] INFO:colcon.colcon_core.shell:Creating package script '/home/ntu/ros2_ws/install/camera_publisher/share/camera_publisher/package.zsh'
[1.014s] Level 1:colcon.colcon_core.environment:create_file_with_runtime_dependencies(/home/ntu/ros2_ws/install/camera_publisher/share/colcon-core/packages/camera_publisher)
[1.024s] Level 1:colcon.colcon_core.environment:create_environment_scripts_only(task_manager)
[1.025s] Level 1:colcon.colcon_core.environment:checking '/home/ntu/ros2_ws/install/task_manager' for CMake module files
[1.025s] DEBUG:colcon.colcon_core.event_handler.log_command:Invoked command in '/home/ntu/ros2_ws/build/task_manager' returned '0': CMAKE_PREFIX_PATH=/home/ntu/ros2_ws/install/digital_space:/home/ntu/ros2_ws/install/task_manager:/home/ntu/ros2_ws/install/propeller_control:/home/ntu/ros2_ws/install/gps_publisher:/home/ntu/ros2_ws/install/echostick_publisher:/home/ntu/ros2_ws/install/camera_publisher:/opt/ros/foxy LD_LIBRARY_PATH=/home/ntu/ros2_ws/install/digital_space/lib:/home/ntu/ros2_ws/install/task_manager/lib:/opt/ros/foxy/opt/yaml_cpp_vendor/lib:/opt/ros/foxy/opt/rviz_ogre_vendor/lib:/opt/ros/foxy/lib/x86_64-linux-gnu:/opt/ros/foxy/lib PYTHONPATH=/home/ntu/ros2_ws/install/digital_space/lib/python3.8/site-packages:/home/ntu/ros2_ws/install/task_manager/lib/python3.8/site-packages:/home/ntu/ros2_ws/install/gps_publisher/lib/python3.8/site-packages:/home/ntu/ros2_ws/install/echostick_publisher/lib/python3.8/site-packages:/home/ntu/ros2_ws/install/camera_publisher/lib/python3.8/site-packages:/opt/ros/foxy/lib/python3.8/site-packages /usr/bin/cmake --install /home/ntu/ros2_ws/build/task_manager
[1.026s] Level 1:colcon.colcon_core.environment:checking '/home/ntu/ros2_ws/install/task_manager' for CMake config files
[1.026s] Level 1:colcon.colcon_core.shell:create_environment_hook('task_manager', 'cmake_prefix_path')
[1.027s] INFO:colcon.colcon_core.shell:Creating environment hook '/home/ntu/ros2_ws/install/task_manager/share/task_manager/hook/cmake_prefix_path.ps1'
[1.027s] INFO:colcon.colcon_core.shell:Creating environment descriptor '/home/ntu/ros2_ws/install/task_manager/share/task_manager/hook/cmake_prefix_path.dsv'
[1.027s] INFO:colcon.colcon_core.shell:Creating environment hook '/home/ntu/ros2_ws/install/task_manager/share/task_manager/hook/cmake_prefix_path.sh'
[1.028s] Level 1:colcon.colcon_core.environment:checking '/home/ntu/ros2_ws/install/task_manager/lib'
[1.028s] Level 1:colcon.colcon_core.shell:create_environment_hook('task_manager', 'ld_library_path_lib')
[1.028s] INFO:colcon.colcon_core.shell:Creating environment hook '/home/ntu/ros2_ws/install/task_manager/share/task_manager/hook/ld_library_path_lib.ps1'
[1.029s] INFO:colcon.colcon_core.shell:Creating environment descriptor '/home/ntu/ros2_ws/install/task_manager/share/task_manager/hook/ld_library_path_lib.dsv'
[1.029s] INFO:colcon.colcon_core.shell:Creating environment hook '/home/ntu/ros2_ws/install/task_manager/share/task_manager/hook/ld_library_path_lib.sh'
[1.029s] Level 1:colcon.colcon_core.environment:checking '/home/ntu/ros2_ws/install/task_manager/bin'
[1.029s] Level 1:colcon.colcon_core.environment:checking '/home/ntu/ros2_ws/install/task_manager/lib/pkgconfig/task_manager.pc'
[1.029s] Level 1:colcon.colcon_core.environment:checking '/home/ntu/ros2_ws/install/task_manager/lib/python3.8/site-packages'
[1.029s] Level 1:colcon.colcon_core.shell:create_environment_hook('task_manager', 'pythonpath')
[1.030s] INFO:colcon.colcon_core.shell:Creating environment hook '/home/ntu/ros2_ws/install/task_manager/share/task_manager/hook/pythonpath.ps1'
[1.030s] INFO:colcon.colcon_core.shell:Creating environment descriptor '/home/ntu/ros2_ws/install/task_manager/share/task_manager/hook/pythonpath.dsv'
[1.030s] INFO:colcon.colcon_core.shell:Creating environment hook '/home/ntu/ros2_ws/install/task_manager/share/task_manager/hook/pythonpath.sh'
[1.031s] Level 1:colcon.colcon_core.environment:checking '/home/ntu/ros2_ws/install/task_manager/bin'
[1.031s] INFO:colcon.colcon_core.shell:Creating package script '/home/ntu/ros2_ws/install/task_manager/share/task_manager/package.ps1'
[1.032s] INFO:colcon.colcon_core.shell:Creating package descriptor '/home/ntu/ros2_ws/install/task_manager/share/task_manager/package.dsv'
[1.032s] INFO:colcon.colcon_core.shell:Creating package script '/home/ntu/ros2_ws/install/task_manager/share/task_manager/package.sh'
[1.032s] INFO:colcon.colcon_core.shell:Creating package script '/home/ntu/ros2_ws/install/task_manager/share/task_manager/package.bash'
[1.033s] INFO:colcon.colcon_core.shell:Creating package script '/home/ntu/ros2_ws/install/task_manager/share/task_manager/package.zsh'
[1.033s] Level 1:colcon.colcon_core.environment:create_file_with_runtime_dependencies(/home/ntu/ros2_ws/install/task_manager/share/colcon-core/packages/task_manager)
[1.059s] Level 1:colcon.colcon_core.environment:create_environment_scripts_only(task_manager)
[1.060s] Level 1:colcon.colcon_core.environment:checking '/home/ntu/ros2_ws/install/task_manager' for CMake module files
[1.060s] Level 1:colcon.colcon_core.environment:checking '/home/ntu/ros2_ws/install/task_manager' for CMake config files
[1.061s] Level 1:colcon.colcon_core.shell:create_environment_hook('task_manager', 'cmake_prefix_path')
[1.061s] INFO:colcon.colcon_core.shell:Creating environment hook '/home/ntu/ros2_ws/install/task_manager/share/task_manager/hook/cmake_prefix_path.ps1'
[1.062s] INFO:colcon.colcon_core.shell:Creating environment descriptor '/home/ntu/ros2_ws/install/task_manager/share/task_manager/hook/cmake_prefix_path.dsv'
[1.062s] INFO:colcon.colcon_core.shell:Creating environment hook '/home/ntu/ros2_ws/install/task_manager/share/task_manager/hook/cmake_prefix_path.sh'
[1.062s] Level 1:colcon.colcon_core.environment:checking '/home/ntu/ros2_ws/install/task_manager/lib'
[1.062s] Level 1:colcon.colcon_core.shell:create_environment_hook('task_manager', 'ld_library_path_lib')
[1.063s] INFO:colcon.colcon_core.shell:Creating environment hook '/home/ntu/ros2_ws/install/task_manager/share/task_manager/hook/ld_library_path_lib.ps1'
[1.063s] INFO:colcon.colcon_core.shell:Creating environment descriptor '/home/ntu/ros2_ws/install/task_manager/share/task_manager/hook/ld_library_path_lib.dsv'
[1.063s] INFO:colcon.colcon_core.shell:Creating environment hook '/home/ntu/ros2_ws/install/task_manager/share/task_manager/hook/ld_library_path_lib.sh'
[1.063s] Level 1:colcon.colcon_core.environment:checking '/home/ntu/ros2_ws/install/task_manager/bin'
[1.064s] Level 1:colcon.colcon_core.environment:checking '/home/ntu/ros2_ws/install/task_manager/lib/pkgconfig/task_manager.pc'
[1.064s] Level 1:colcon.colcon_core.environment:checking '/home/ntu/ros2_ws/install/task_manager/lib/python3.8/site-packages'
[1.064s] Level 1:colcon.colcon_core.shell:create_environment_hook('task_manager', 'pythonpath')
[1.064s] INFO:colcon.colcon_core.shell:Creating environment hook '/home/ntu/ros2_ws/install/task_manager/share/task_manager/hook/pythonpath.ps1'
[1.064s] INFO:colcon.colcon_core.shell:Creating environment descriptor '/home/ntu/ros2_ws/install/task_manager/share/task_manager/hook/pythonpath.dsv'
[1.065s] INFO:colcon.colcon_core.shell:Creating environment hook '/home/ntu/ros2_ws/install/task_manager/share/task_manager/hook/pythonpath.sh'
[1.065s] Level 1:colcon.colcon_core.environment:checking '/home/ntu/ros2_ws/install/task_manager/bin'
[1.065s] INFO:colcon.colcon_core.shell:Creating package script '/home/ntu/ros2_ws/install/task_manager/share/task_manager/package.ps1'
[1.066s] INFO:colcon.colcon_core.shell:Creating package descriptor '/home/ntu/ros2_ws/install/task_manager/share/task_manager/package.dsv'
[1.066s] INFO:colcon.colcon_core.shell:Creating package script '/home/ntu/ros2_ws/install/task_manager/share/task_manager/package.sh'
[1.067s] INFO:colcon.colcon_core.shell:Creating package script '/home/ntu/ros2_ws/install/task_manager/share/task_manager/package.bash'
[1.067s] INFO:colcon.colcon_core.shell:Creating package script '/home/ntu/ros2_ws/install/task_manager/share/task_manager/package.zsh'
[1.067s] Level 1:colcon.colcon_core.environment:create_file_with_runtime_dependencies(/home/ntu/ros2_ws/install/task_manager/share/colcon-core/packages/task_manager)
[1.069s] Level 1:colcon.colcon_core.environment:checking '/home/ntu/ros2_ws/install/gps_publisher' for CMake module files
[1.069s] Level 1:colcon.colcon_core.environment:checking '/home/ntu/ros2_ws/install/gps_publisher' for CMake config files
[1.070s] Level 1:colcon.colcon_core.environment:checking '/home/ntu/ros2_ws/install/gps_publisher/lib'
[1.070s] Level 1:colcon.colcon_core.environment:checking '/home/ntu/ros2_ws/install/gps_publisher/bin'
[1.070s] Level 1:colcon.colcon_core.environment:checking '/home/ntu/ros2_ws/install/gps_publisher/lib/pkgconfig/gps_publisher.pc'
[1.070s] Level 1:colcon.colcon_core.environment:checking '/home/ntu/ros2_ws/install/gps_publisher/lib/python3.8/site-packages'
[1.070s] Level 1:colcon.colcon_core.shell:create_environment_hook('gps_publisher', 'pythonpath')
[1.070s] INFO:colcon.colcon_core.shell:Creating environment hook '/home/ntu/ros2_ws/install/gps_publisher/share/gps_publisher/hook/pythonpath.ps1'
[1.070s] INFO:colcon.colcon_core.shell:Creating environment descriptor '/home/ntu/ros2_ws/install/gps_publisher/share/gps_publisher/hook/pythonpath.dsv'
[1.071s] DEBUG:colcon.colcon_core.event_handler.log_command:Invoked command in '/home/ntu/ros2_ws/src/gps_publisher' returned '0': PYTHONPATH=/home/ntu/ros2_ws/build/gps_publisher/prefix_override:/home/ntu/ros2_ws/install/gps_publisher/lib/python3.8/site-packages:${PYTHONPATH} /usr/bin/python3 -W ignore:setup.py install is deprecated setup.py egg_info --egg-base ../../build/gps_publisher build --build-base /home/ntu/ros2_ws/build/gps_publisher/build install --record /home/ntu/ros2_ws/build/gps_publisher/install.log --install-scripts $base/lib/gps_publisher --single-version-externally-managed install_data
[1.071s] INFO:colcon.colcon_core.shell:Creating environment hook '/home/ntu/ros2_ws/install/gps_publisher/share/gps_publisher/hook/pythonpath.sh'
[1.071s] Level 1:colcon.colcon_core.environment:checking '/home/ntu/ros2_ws/install/gps_publisher/bin'
[1.072s] Level 1:colcon.colcon_core.environment:create_environment_scripts_only(gps_publisher)
[1.072s] INFO:colcon.colcon_core.shell:Creating package script '/home/ntu/ros2_ws/install/gps_publisher/share/gps_publisher/package.ps1'
[1.072s] INFO:colcon.colcon_core.shell:Creating package descriptor '/home/ntu/ros2_ws/install/gps_publisher/share/gps_publisher/package.dsv'
[1.073s] INFO:colcon.colcon_core.shell:Creating package script '/home/ntu/ros2_ws/install/gps_publisher/share/gps_publisher/package.sh'
[1.073s] INFO:colcon.colcon_core.shell:Creating package script '/home/ntu/ros2_ws/install/gps_publisher/share/gps_publisher/package.bash'
[1.073s] INFO:colcon.colcon_core.shell:Creating package script '/home/ntu/ros2_ws/install/gps_publisher/share/gps_publisher/package.zsh'
[1.073s] Level 1:colcon.colcon_core.environment:create_file_with_runtime_dependencies(/home/ntu/ros2_ws/install/gps_publisher/share/colcon-core/packages/gps_publisher)
[1.140s] Level 1:colcon.colcon_core.environment:checking '/home/ntu/ros2_ws/install/echostick_publisher' for CMake module files
[1.141s] DEBUG:colcon.colcon_core.event_handler.log_command:Invoked command in '/home/ntu/ros2_ws/src/echostick_publisher' returned '0': PYTHONPATH=/home/ntu/ros2_ws/build/echostick_publisher/prefix_override:/home/ntu/ros2_ws/install/echostick_publisher/lib/python3.8/site-packages:${PYTHONPATH} /usr/bin/python3 -W ignore:setup.py install is deprecated setup.py egg_info --egg-base ../../build/echostick_publisher build --build-base /home/ntu/ros2_ws/build/echostick_publisher/build install --record /home/ntu/ros2_ws/build/echostick_publisher/install.log --install-scripts $base/lib/echostick_publisher --single-version-externally-managed install_data
[1.141s] Level 1:colcon.colcon_core.environment:checking '/home/ntu/ros2_ws/install/echostick_publisher' for CMake config files
[1.141s] Level 1:colcon.colcon_core.environment:checking '/home/ntu/ros2_ws/install/echostick_publisher/lib'
[1.141s] Level 1:colcon.colcon_core.environment:checking '/home/ntu/ros2_ws/install/echostick_publisher/bin'
[1.142s] Level 1:colcon.colcon_core.environment:checking '/home/ntu/ros2_ws/install/echostick_publisher/lib/pkgconfig/echostick_publisher.pc'
[1.142s] Level 1:colcon.colcon_core.environment:checking '/home/ntu/ros2_ws/install/echostick_publisher/lib/python3.8/site-packages'
[1.142s] Level 1:colcon.colcon_core.shell:create_environment_hook('echostick_publisher', 'pythonpath')
[1.142s] INFO:colcon.colcon_core.shell:Creating environment hook '/home/ntu/ros2_ws/install/echostick_publisher/share/echostick_publisher/hook/pythonpath.ps1'
[1.142s] INFO:colcon.colcon_core.shell:Creating environment descriptor '/home/ntu/ros2_ws/install/echostick_publisher/share/echostick_publisher/hook/pythonpath.dsv'
[1.142s] INFO:colcon.colcon_core.shell:Creating environment hook '/home/ntu/ros2_ws/install/echostick_publisher/share/echostick_publisher/hook/pythonpath.sh'
[1.143s] Level 1:colcon.colcon_core.environment:checking '/home/ntu/ros2_ws/install/echostick_publisher/bin'
[1.143s] Level 1:colcon.colcon_core.environment:create_environment_scripts_only(echostick_publisher)
[1.143s] INFO:colcon.colcon_core.shell:Creating package script '/home/ntu/ros2_ws/install/echostick_publisher/share/echostick_publisher/package.ps1'
[1.143s] INFO:colcon.colcon_core.shell:Creating package descriptor '/home/ntu/ros2_ws/install/echostick_publisher/share/echostick_publisher/package.dsv'
[1.143s] INFO:colcon.colcon_core.shell:Creating package script '/home/ntu/ros2_ws/install/echostick_publisher/share/echostick_publisher/package.sh'
[1.143s] INFO:colcon.colcon_core.shell:Creating package script '/home/ntu/ros2_ws/install/echostick_publisher/share/echostick_publisher/package.bash'
[1.144s] INFO:colcon.colcon_core.shell:Creating package script '/home/ntu/ros2_ws/install/echostick_publisher/share/echostick_publisher/package.zsh'
[1.144s] Level 1:colcon.colcon_core.environment:create_file_with_runtime_dependencies(/home/ntu/ros2_ws/install/echostick_publisher/share/colcon-core/packages/echostick_publisher)
[1.144s] DEBUG:colcon.colcon_parallel_executor.executor.parallel:closing loop
[1.144s] DEBUG:colcon.colcon_parallel_executor.executor.parallel:loop closed
[1.144s] DEBUG:colcon.colcon_parallel_executor.executor.parallel:run_until_complete finished with '0'
[1.144s] DEBUG:colcon.colcon_core.event_reactor:joining thread
[1.150s] INFO:colcon.colcon_core.plugin_system:Skipping extension 'colcon_notification.desktop_notification.terminal_notifier': Not used on non-Darwin systems
[1.150s] INFO:colcon.colcon_core.plugin_system:Skipping extension 'colcon_notification.desktop_notification.win32': Not used on non-Windows systems
[1.150s] INFO:colcon.colcon_notification.desktop_notification:Sending desktop notification using 'notify2'
[1.162s] DEBUG:colcon.colcon_core.event_reactor:joined thread
[1.163s] INFO:colcon.colcon_core.shell:Creating prefix script '/home/ntu/ros2_ws/install/local_setup.ps1'
[1.163s] INFO:colcon.colcon_core.shell:Creating prefix util module '/home/ntu/ros2_ws/install/_local_setup_util_ps1.py'
[1.164s] INFO:colcon.colcon_core.shell:Creating prefix chain script '/home/ntu/ros2_ws/install/setup.ps1'
[1.164s] INFO:colcon.colcon_core.shell:Creating prefix script '/home/ntu/ros2_ws/install/local_setup.sh'
[1.165s] INFO:colcon.colcon_core.shell:Creating prefix util module '/home/ntu/ros2_ws/install/_local_setup_util_sh.py'
[1.165s] INFO:colcon.colcon_core.shell:Creating prefix chain script '/home/ntu/ros2_ws/install/setup.sh'
[1.166s] INFO:colcon.colcon_core.shell:Creating prefix script '/home/ntu/ros2_ws/install/local_setup.bash'
[1.166s] INFO:colcon.colcon_core.shell:Creating prefix chain script '/home/ntu/ros2_ws/install/setup.bash'
[1.166s] INFO:colcon.colcon_core.shell:Creating prefix script '/home/ntu/ros2_ws/install/local_setup.zsh'
[1.166s] INFO:colcon.colcon_core.shell:Creating prefix chain script '/home/ntu/ros2_ws/install/setup.zsh'
