[0.746s] Invoking command in '/home/ntu/ros2_ws/src/gps_publisher': PYTHONPATH=/home/ntu/ros2_ws/build/gps_publisher/prefix_override:/home/ntu/ros2_ws/install/gps_publisher/lib/python3.8/site-packages:${PYTHONPATH} /usr/bin/python3 -W ignore:setup.py install is deprecated setup.py egg_info --egg-base ../../build/gps_publisher build --build-base /home/ntu/ros2_ws/build/gps_publisher/build install --record /home/ntu/ros2_ws/build/gps_publisher/install.log --install-scripts $base/lib/gps_publisher --single-version-externally-managed install_data
[0.867s] running egg_info
[0.867s] writing ../../build/gps_publisher/gps_publisher.egg-info/PKG-INFO
[0.867s] writing dependency_links to ../../build/gps_publisher/gps_publisher.egg-info/dependency_links.txt
[0.867s] writing entry points to ../../build/gps_publisher/gps_publisher.egg-info/entry_points.txt
[0.867s] writing requirements to ../../build/gps_publisher/gps_publisher.egg-info/requires.txt
[0.867s] writing top-level names to ../../build/gps_publisher/gps_publisher.egg-info/top_level.txt
[0.888s] reading manifest file '../../build/gps_publisher/gps_publisher.egg-info/SOURCES.txt'
[0.888s] writing manifest file '../../build/gps_publisher/gps_publisher.egg-info/SOURCES.txt'
[0.888s] running build
[0.889s] running build_py
[0.889s] running install
[0.889s] running install_lib
[0.890s] running install_data
[0.890s] running install_egg_info
[0.891s] removing '/home/ntu/ros2_ws/install/gps_publisher/lib/python3.8/site-packages/gps_publisher-0.0.0-py3.8.egg-info' (and everything under it)
[0.891s] Copying ../../build/gps_publisher/gps_publisher.egg-info to /home/ntu/ros2_ws/install/gps_publisher/lib/python3.8/site-packages/gps_publisher-0.0.0-py3.8.egg-info
[0.892s] running install_scripts
[0.904s] Installing gps_publisher script to /home/ntu/ros2_ws/install/gps_publisher/lib/gps_publisher
[0.904s] writing list of installed files to '/home/ntu/ros2_ws/build/gps_publisher/install.log'
[0.920s] Invoked command in '/home/ntu/ros2_ws/src/gps_publisher' returned '0': PYTHONPATH=/home/ntu/ros2_ws/build/gps_publisher/prefix_override:/home/ntu/ros2_ws/install/gps_publisher/lib/python3.8/site-packages:${PYTHONPATH} /usr/bin/python3 -W ignore:setup.py install is deprecated setup.py egg_info --egg-base ../../build/gps_publisher build --build-base /home/ntu/ros2_ws/build/gps_publisher/build install --record /home/ntu/ros2_ws/build/gps_publisher/install.log --install-scripts $base/lib/gps_publisher --single-version-externally-managed install_data
