[0.022s] Invoking command in '/home/ntu/ros2_ws/build/digital_space': CMAKE_PREFIX_PATH=/opt/ros/foxy /usr/bin/cmake /home/ntu/ros2_ws/src/digital_space -DCMAKE_INSTALL_PREFIX=/home/ntu/ros2_ws/install/digital_space
[0.438s] -- The C compiler identification is GNU 9.4.0
[0.440s] -- The CXX compiler identification is GNU 9.4.0
[0.440s] -- Check for working C compiler: /usr/bin/cc
[0.440s] -- Check for working C compiler: /usr/bin/cc -- works
[0.440s] -- Detecting C compiler ABI info
[0.440s] -- Detecting C compiler ABI info - done
[0.440s] -- Detecting C compile features
[0.441s] -- Detecting C compile features - done
[0.441s] -- Check for working CXX compiler: /usr/bin/c++
[0.441s] -- Check for working CXX compiler: /usr/bin/c++ -- works
[0.441s] -- Detecting CXX compiler ABI info
[0.441s] -- Detecting CXX compiler ABI info - done
[0.441s] -- Detecting CXX compile features
[0.441s] -- Detecting CXX compile features - done
[0.441s] -- Found ament_cmake: 0.9.12 (/opt/ros/foxy/share/ament_cmake/cmake)
[0.442s] -- Found PythonInterp: /usr/bin/python3 (found suitable version "3.8.10", minimum required is "3") 
[0.443s] -- Using PYTHON_EXECUTABLE: /usr/bin/python3
[0.576s] -- Found rclpy: 1.0.13 (/opt/ros/foxy/share/rclpy/cmake)
[0.577s] -- Found std_msgs: 2.0.5 (/opt/ros/foxy/share/std_msgs/cmake)
[0.607s] -- Using all available rosidl_typesupport_c: rosidl_typesupport_fastrtps_c;rosidl_typesupport_introspection_c
[0.614s] -- Found rosidl_adapter: 1.3.1 (/opt/ros/foxy/share/rosidl_adapter/cmake)
[0.687s] -- Found OpenSSL: /usr/lib/x86_64-linux-gnu/libcrypto.so (found version "1.1.1f")  
[0.717s] -- Found FastRTPS: /opt/ros/foxy/include  
[0.777s] -- Using all available rosidl_typesupport_cpp: rosidl_typesupport_fastrtps_cpp;rosidl_typesupport_introspection_cpp
[0.806s] -- Found sensor_msgs: 2.0.5 (/opt/ros/foxy/share/sensor_msgs/cmake)
[0.894s] -- Found rosidl_default_generators: 1.0.1 (/opt/ros/foxy/share/rosidl_default_generators/cmake)
[0.926s] -- Found PythonInterp: /usr/bin/python3 (found version "3.8.10") 
[1.078s] -- Found ament_cmake_ros: 0.9.2 (/opt/ros/foxy/share/ament_cmake_ros/cmake)
[1.252s] -- Using all available rosidl_typesupport_c: rosidl_typesupport_fastrtps_c;rosidl_typesupport_introspection_c
[1.336s] -- Using all available rosidl_typesupport_cpp: rosidl_typesupport_fastrtps_cpp;rosidl_typesupport_introspection_cpp
[1.352s] -- Found PythonInterp: /usr/bin/python3 (found suitable version "3.8.10", minimum required is "3.5") 
[1.352s] -- Found python_cmake_module: 0.8.1 (/opt/ros/foxy/share/python_cmake_module/cmake)
[1.368s] -- Found PythonLibs: /usr/lib/x86_64-linux-gnu/libpython3.8.so (found suitable version "3.8.10", minimum required is "3.5") 
[1.368s] -- Using PYTHON_EXECUTABLE: /usr/bin/python3
[1.368s] -- Using PYTHON_INCLUDE_DIRS: /usr/include/python3.8
[1.368s] -- Using PYTHON_LIBRARIES: /usr/lib/x86_64-linux-gnu/libpython3.8.so
[1.379s] -- Found PythonExtra: .so  
[1.430s] -- Found ament_lint_auto: 0.9.8 (/opt/ros/foxy/share/ament_lint_auto/cmake)
[1.444s] -- Added test 'copyright' to check source files copyright and LICENSE
[1.445s] -- Added test 'flake8' to check Python code syntax and style conventions
[1.445s] -- Added test 'lint_cmake' to check CMake code style
[1.445s] -- Added test 'pep257' to check Python code against some of the style conventions in PEP 257
[1.446s] -- Added test 'xmllint' to check XML markup files
[1.448s] -- Configuring done
[1.481s] -- Generating done
[1.483s] -- Build files have been written to: /home/ntu/ros2_ws/build/digital_space
