[0.010s] Invoking command in '/home/ntu/ros2_ws/build/task_manager': AMENT_PREFIX_PATH=/home/ntu/ros2_ws/install/digital_space:${AMENT_PREFIX_PATH} CMAKE_PREFIX_PATH=/home/ntu/ros2_ws/install/digital_space:/opt/ros/foxy LD_LIBRARY_PATH=/home/ntu/ros2_ws/install/digital_space/lib:${LD_LIBRARY_PATH} PYTHONPATH=/home/ntu/ros2_ws/install/digital_space/lib/python3.8/site-packages:${PYTHONPATH} /usr/bin/cmake --build /home/ntu/ros2_ws/build/task_manager -- -j12 -l12
[0.047s] [  2%] Built target task_manager__cpp
[0.048s] [ 12%] Built target task_manager__rosidl_generator_c
[0.067s] [ 23%] Built target task_manager__rosidl_typesupport_cpp
[0.068s] [ 33%] Built target task_manager__rosidl_typesupport_introspection_cpp
[0.070s] [ 53%] Built target task_manager__rosidl_typesupport_fastrtps_cpp
[0.071s] [ 53%] Built target task_manager__rosidl_typesupport_c
[0.071s] [ 64%] Built target task_manager__rosidl_typesupport_introspection_c
[0.097s] [ 74%] Built target task_manager__rosidl_typesupport_fastrtps_c
[0.112s] [ 74%] Built target task_manager
[0.127s] [ 76%] Built target task_manager__py
[0.147s] [ 84%] Built target task_manager__python
[0.165s] [ 94%] Built target task_manager__rosidl_typesupport_introspection_c__pyext
[0.165s] [ 94%] Built target task_manager__rosidl_typesupport_c__pyext
[0.170s] [100%] Built target task_manager__rosidl_typesupport_fastrtps_c__pyext
[0.179s] Invoked command in '/home/ntu/ros2_ws/build/task_manager' returned '0': AMENT_PREFIX_PATH=/home/ntu/ros2_ws/install/digital_space:${AMENT_PREFIX_PATH} CMAKE_PREFIX_PATH=/home/ntu/ros2_ws/install/digital_space:/opt/ros/foxy LD_LIBRARY_PATH=/home/ntu/ros2_ws/install/digital_space/lib:${LD_LIBRARY_PATH} PYTHONPATH=/home/ntu/ros2_ws/install/digital_space/lib/python3.8/site-packages:${PYTHONPATH} /usr/bin/cmake --build /home/ntu/ros2_ws/build/task_manager -- -j12 -l12
[0.214s] Invoking command in '/home/ntu/ros2_ws/build/task_manager': AMENT_PREFIX_PATH=/home/ntu/ros2_ws/install/digital_space:${AMENT_PREFIX_PATH} CMAKE_PREFIX_PATH=/home/ntu/ros2_ws/install/digital_space:/opt/ros/foxy LD_LIBRARY_PATH=/home/ntu/ros2_ws/install/digital_space/lib:${LD_LIBRARY_PATH} PYTHONPATH=/home/ntu/ros2_ws/install/digital_space/lib/python3.8/site-packages:${PYTHONPATH} /usr/bin/cmake --install /home/ntu/ros2_ws/build/task_manager
[0.221s] -- Install configuration: ""
[0.221s] -- Up-to-date: /home/ntu/ros2_ws/install/task_manager/share/ament_index/resource_index/rosidl_interfaces/task_manager
[0.222s] -- Up-to-date: /home/ntu/ros2_ws/install/task_manager/include/task_manager
[0.223s] -- Up-to-date: /home/ntu/ros2_ws/install/task_manager/include/task_manager/msg
[0.223s] -- Up-to-date: /home/ntu/ros2_ws/install/task_manager/include/task_manager/msg/rosidl_generator_c__visibility_control.h
[0.225s] -- Up-to-date: /home/ntu/ros2_ws/install/task_manager/include/task_manager/msg/detail
[0.225s] -- Up-to-date: /home/ntu/ros2_ws/install/task_manager/include/task_manager/msg/detail/propeller_status__type_support.h
[0.225s] -- Up-to-date: /home/ntu/ros2_ws/install/task_manager/include/task_manager/msg/detail/propeller_status__functions.c
[0.225s] -- Up-to-date: /home/ntu/ros2_ws/install/task_manager/include/task_manager/msg/detail/propeller_status__struct.h
[0.225s] -- Up-to-date: /home/ntu/ros2_ws/install/task_manager/include/task_manager/msg/detail/propeller_status__functions.h
[0.225s] -- Up-to-date: /home/ntu/ros2_ws/install/task_manager/include/task_manager/msg/propeller_status.h
[0.226s] -- Up-to-date: /home/ntu/ros2_ws/install/task_manager/include/task_manager/srv
[0.227s] -- Up-to-date: /home/ntu/ros2_ws/install/task_manager/include/task_manager/srv/querydata.h
[0.227s] -- Up-to-date: /home/ntu/ros2_ws/install/task_manager/include/task_manager/srv/detail
[0.227s] -- Up-to-date: /home/ntu/ros2_ws/install/task_manager/include/task_manager/srv/detail/querydata__struct.h
[0.227s] -- Up-to-date: /home/ntu/ros2_ws/install/task_manager/include/task_manager/srv/detail/querydata__functions.c
[0.227s] -- Up-to-date: /home/ntu/ros2_ws/install/task_manager/include/task_manager/srv/detail/querydata__type_support.h
[0.227s] -- Up-to-date: /home/ntu/ros2_ws/install/task_manager/include/task_manager/srv/detail/querydata__functions.h
[0.227s] -- Up-to-date: /home/ntu/ros2_ws/install/task_manager/share/task_manager/environment/library_path.sh
[0.227s] -- Up-to-date: /home/ntu/ros2_ws/install/task_manager/share/task_manager/environment/library_path.dsv
[0.227s] -- Up-to-date: /home/ntu/ros2_ws/install/task_manager/lib/libtask_manager__rosidl_generator_c.so
[0.227s] -- Up-to-date: /home/ntu/ros2_ws/install/task_manager/include/task_manager
[0.227s] -- Up-to-date: /home/ntu/ros2_ws/install/task_manager/include/task_manager/msg
[0.227s] -- Up-to-date: /home/ntu/ros2_ws/install/task_manager/include/task_manager/msg/detail
[0.228s] -- Up-to-date: /home/ntu/ros2_ws/install/task_manager/include/task_manager/msg/detail/propeller_status__rosidl_typesupport_fastrtps_c.h
[0.228s] -- Up-to-date: /home/ntu/ros2_ws/install/task_manager/include/task_manager/msg/rosidl_typesupport_fastrtps_c__visibility_control.h
[0.228s] -- Up-to-date: /home/ntu/ros2_ws/install/task_manager/include/task_manager/srv
[0.228s] -- Up-to-date: /home/ntu/ros2_ws/install/task_manager/include/task_manager/srv/detail
[0.228s] -- Up-to-date: /home/ntu/ros2_ws/install/task_manager/include/task_manager/srv/detail/querydata__rosidl_typesupport_fastrtps_c.h
[0.228s] -- Up-to-date: /home/ntu/ros2_ws/install/task_manager/lib/libtask_manager__rosidl_typesupport_fastrtps_c.so
[0.228s] -- Up-to-date: /home/ntu/ros2_ws/install/task_manager/include/task_manager
[0.228s] -- Up-to-date: /home/ntu/ros2_ws/install/task_manager/include/task_manager/msg
[0.228s] -- Up-to-date: /home/ntu/ros2_ws/install/task_manager/include/task_manager/msg/rosidl_typesupport_fastrtps_cpp__visibility_control.h
[0.228s] -- Up-to-date: /home/ntu/ros2_ws/install/task_manager/include/task_manager/msg/detail
[0.228s] -- Up-to-date: /home/ntu/ros2_ws/install/task_manager/include/task_manager/msg/detail/dds_fastrtps
[0.228s] -- Up-to-date: /home/ntu/ros2_ws/install/task_manager/include/task_manager/msg/detail/propeller_status__rosidl_typesupport_fastrtps_cpp.hpp
[0.228s] -- Up-to-date: /home/ntu/ros2_ws/install/task_manager/include/task_manager/srv
[0.228s] -- Up-to-date: /home/ntu/ros2_ws/install/task_manager/include/task_manager/srv/detail
[0.229s] -- Up-to-date: /home/ntu/ros2_ws/install/task_manager/include/task_manager/srv/detail/dds_fastrtps
[0.229s] -- Up-to-date: /home/ntu/ros2_ws/install/task_manager/include/task_manager/srv/detail/querydata__rosidl_typesupport_fastrtps_cpp.hpp
[0.229s] -- Up-to-date: /home/ntu/ros2_ws/install/task_manager/lib/libtask_manager__rosidl_typesupport_fastrtps_cpp.so
[0.229s] -- Up-to-date: /home/ntu/ros2_ws/install/task_manager/include/task_manager
[0.229s] -- Up-to-date: /home/ntu/ros2_ws/install/task_manager/include/task_manager/msg
[0.229s] -- Up-to-date: /home/ntu/ros2_ws/install/task_manager/include/task_manager/msg/rosidl_typesupport_introspection_c__visibility_control.h
[0.229s] -- Up-to-date: /home/ntu/ros2_ws/install/task_manager/include/task_manager/msg/detail
[0.229s] -- Up-to-date: /home/ntu/ros2_ws/install/task_manager/include/task_manager/msg/detail/propeller_status__type_support.c
[0.229s] -- Up-to-date: /home/ntu/ros2_ws/install/task_manager/include/task_manager/msg/detail/propeller_status__rosidl_typesupport_introspection_c.h
[0.229s] -- Up-to-date: /home/ntu/ros2_ws/install/task_manager/include/task_manager/srv
[0.229s] -- Up-to-date: /home/ntu/ros2_ws/install/task_manager/include/task_manager/srv/detail
[0.229s] -- Up-to-date: /home/ntu/ros2_ws/install/task_manager/include/task_manager/srv/detail/querydata__type_support.c
[0.229s] -- Up-to-date: /home/ntu/ros2_ws/install/task_manager/include/task_manager/srv/detail/querydata__rosidl_typesupport_introspection_c.h
[0.229s] -- Up-to-date: /home/ntu/ros2_ws/install/task_manager/lib/libtask_manager__rosidl_typesupport_introspection_c.so
[0.229s] -- Up-to-date: /home/ntu/ros2_ws/install/task_manager/lib/libtask_manager__rosidl_typesupport_c.so
[0.230s] -- Up-to-date: /home/ntu/ros2_ws/install/task_manager/include/task_manager
[0.230s] -- Up-to-date: /home/ntu/ros2_ws/install/task_manager/include/task_manager/msg
[0.230s] -- Up-to-date: /home/ntu/ros2_ws/install/task_manager/include/task_manager/msg/rosidl_generator_cpp__visibility_control.hpp
[0.230s] -- Up-to-date: /home/ntu/ros2_ws/install/task_manager/include/task_manager/msg/detail
[0.230s] -- Up-to-date: /home/ntu/ros2_ws/install/task_manager/include/task_manager/msg/detail/propeller_status__builder.hpp
[0.230s] -- Up-to-date: /home/ntu/ros2_ws/install/task_manager/include/task_manager/msg/detail/propeller_status__type_support.hpp
[0.230s] -- Up-to-date: /home/ntu/ros2_ws/install/task_manager/include/task_manager/msg/detail/propeller_status__traits.hpp
[0.230s] -- Up-to-date: /home/ntu/ros2_ws/install/task_manager/include/task_manager/msg/detail/propeller_status__struct.hpp
[0.230s] -- Up-to-date: /home/ntu/ros2_ws/install/task_manager/include/task_manager/msg/propeller_status.hpp
[0.230s] -- Up-to-date: /home/ntu/ros2_ws/install/task_manager/include/task_manager/srv
[0.230s] -- Up-to-date: /home/ntu/ros2_ws/install/task_manager/include/task_manager/srv/querydata.hpp
[0.230s] -- Up-to-date: /home/ntu/ros2_ws/install/task_manager/include/task_manager/srv/detail
[0.230s] -- Up-to-date: /home/ntu/ros2_ws/install/task_manager/include/task_manager/srv/detail/querydata__builder.hpp
[0.230s] -- Up-to-date: /home/ntu/ros2_ws/install/task_manager/include/task_manager/srv/detail/querydata__struct.hpp
[0.230s] -- Up-to-date: /home/ntu/ros2_ws/install/task_manager/include/task_manager/srv/detail/querydata__type_support.hpp
[0.230s] -- Up-to-date: /home/ntu/ros2_ws/install/task_manager/include/task_manager/srv/detail/querydata__traits.hpp
[0.231s] -- Up-to-date: /home/ntu/ros2_ws/install/task_manager/include/task_manager
[0.231s] -- Up-to-date: /home/ntu/ros2_ws/install/task_manager/include/task_manager/msg
[0.231s] -- Up-to-date: /home/ntu/ros2_ws/install/task_manager/include/task_manager/msg/detail
[0.231s] -- Up-to-date: /home/ntu/ros2_ws/install/task_manager/include/task_manager/msg/detail/propeller_status__rosidl_typesupport_introspection_cpp.hpp
[0.231s] -- Up-to-date: /home/ntu/ros2_ws/install/task_manager/include/task_manager/msg/detail/propeller_status__type_support.cpp
[0.231s] -- Up-to-date: /home/ntu/ros2_ws/install/task_manager/include/task_manager/srv
[0.231s] -- Up-to-date: /home/ntu/ros2_ws/install/task_manager/include/task_manager/srv/detail
[0.231s] -- Up-to-date: /home/ntu/ros2_ws/install/task_manager/include/task_manager/srv/detail/querydata__rosidl_typesupport_introspection_cpp.hpp
[0.231s] -- Up-to-date: /home/ntu/ros2_ws/install/task_manager/include/task_manager/srv/detail/querydata__type_support.cpp
[0.231s] -- Up-to-date: /home/ntu/ros2_ws/install/task_manager/lib/libtask_manager__rosidl_typesupport_introspection_cpp.so
[0.231s] -- Up-to-date: /home/ntu/ros2_ws/install/task_manager/lib/libtask_manager__rosidl_typesupport_cpp.so
[0.231s] -- Up-to-date: /home/ntu/ros2_ws/install/task_manager/share/task_manager/environment/pythonpath.sh
[0.232s] -- Up-to-date: /home/ntu/ros2_ws/install/task_manager/share/task_manager/environment/pythonpath.dsv
[0.232s] -- Up-to-date: /home/ntu/ros2_ws/install/task_manager/lib/python3.8/site-packages/task_manager/__init__.py
[0.246s] -- Up-to-date: /home/ntu/ros2_ws/install/task_manager/lib/python3.8/site-packages/task_manager/msg
[0.246s] -- Up-to-date: /home/ntu/ros2_ws/install/task_manager/lib/python3.8/site-packages/task_manager/msg/_propeller_status_s.c
[0.246s] -- Up-to-date: /home/ntu/ros2_ws/install/task_manager/lib/python3.8/site-packages/task_manager/msg/_propeller_status.py
[0.246s] -- Up-to-date: /home/ntu/ros2_ws/install/task_manager/lib/python3.8/site-packages/task_manager/msg/__init__.py
[0.246s] -- Up-to-date: /home/ntu/ros2_ws/install/task_manager/lib/python3.8/site-packages/task_manager/srv
[0.247s] -- Up-to-date: /home/ntu/ros2_ws/install/task_manager/lib/python3.8/site-packages/task_manager/srv/_querydata_s.c
[0.247s] -- Up-to-date: /home/ntu/ros2_ws/install/task_manager/lib/python3.8/site-packages/task_manager/srv/__init__.py
[0.247s] -- Up-to-date: /home/ntu/ros2_ws/install/task_manager/lib/python3.8/site-packages/task_manager/srv/_querydata.py
[0.247s] -- Up-to-date: /home/ntu/ros2_ws/install/task_manager/lib/python3.8/site-packages/task_manager/task_manager_s__rosidl_typesupport_fastrtps_c.cpython-38-x86_64-linux-gnu.so
[0.247s] -- Up-to-date: /home/ntu/ros2_ws/install/task_manager/lib/python3.8/site-packages/task_manager/task_manager_s__rosidl_typesupport_introspection_c.cpython-38-x86_64-linux-gnu.so
[0.247s] -- Up-to-date: /home/ntu/ros2_ws/install/task_manager/lib/python3.8/site-packages/task_manager/task_manager_s__rosidl_typesupport_c.cpython-38-x86_64-linux-gnu.so
[0.248s] -- Up-to-date: /home/ntu/ros2_ws/install/task_manager/lib/libtask_manager__python.so
[0.248s] -- Up-to-date: /home/ntu/ros2_ws/install/task_manager/share/task_manager/msg/PropellerStatus.idl
[0.248s] -- Up-to-date: /home/ntu/ros2_ws/install/task_manager/share/task_manager/srv/Querydata.idl
[0.248s] -- Up-to-date: /home/ntu/ros2_ws/install/task_manager/share/task_manager/msg/PropellerStatus.msg
[0.248s] -- Up-to-date: /home/ntu/ros2_ws/install/task_manager/share/task_manager/srv/Querydata.srv
[0.248s] -- Up-to-date: /home/ntu/ros2_ws/install/task_manager/share/task_manager/srv/Querydata_Request.msg
[0.248s] -- Up-to-date: /home/ntu/ros2_ws/install/task_manager/share/task_manager/srv/Querydata_Response.msg
[0.249s] -- Up-to-date: /home/ntu/ros2_ws/install/task_manager/lib/task_manager/planning.py
[0.249s] -- Up-to-date: /home/ntu/ros2_ws/install/task_manager/share/task_manager//launch
[0.249s] -- Installing: /home/ntu/ros2_ws/install/task_manager/share/task_manager//launch/all_node_launch.py
[0.249s] -- Up-to-date: /home/ntu/ros2_ws/install/task_manager/share/task_manager//launch/node_before_planning_launch.py
[0.249s] -- Up-to-date: /home/ntu/ros2_ws/install/task_manager/share/ament_index/resource_index/package_run_dependencies/task_manager
[0.249s] -- Up-to-date: /home/ntu/ros2_ws/install/task_manager/share/ament_index/resource_index/parent_prefix_path/task_manager
[0.249s] -- Up-to-date: /home/ntu/ros2_ws/install/task_manager/share/task_manager/environment/ament_prefix_path.sh
[0.249s] -- Up-to-date: /home/ntu/ros2_ws/install/task_manager/share/task_manager/environment/ament_prefix_path.dsv
[0.249s] -- Up-to-date: /home/ntu/ros2_ws/install/task_manager/share/task_manager/environment/path.sh
[0.249s] -- Up-to-date: /home/ntu/ros2_ws/install/task_manager/share/task_manager/environment/path.dsv
[0.249s] -- Up-to-date: /home/ntu/ros2_ws/install/task_manager/share/task_manager/local_setup.bash
[0.250s] -- Up-to-date: /home/ntu/ros2_ws/install/task_manager/share/task_manager/local_setup.sh
[0.250s] -- Up-to-date: /home/ntu/ros2_ws/install/task_manager/share/task_manager/local_setup.zsh
[0.250s] -- Up-to-date: /home/ntu/ros2_ws/install/task_manager/share/task_manager/local_setup.dsv
[0.250s] -- Installing: /home/ntu/ros2_ws/install/task_manager/share/task_manager/package.dsv
[0.250s] -- Up-to-date: /home/ntu/ros2_ws/install/task_manager/share/ament_index/resource_index/packages/task_manager
[0.250s] -- Up-to-date: /home/ntu/ros2_ws/install/task_manager/share/task_manager/cmake/task_manager__rosidl_generator_cExport.cmake
[0.250s] -- Up-to-date: /home/ntu/ros2_ws/install/task_manager/share/task_manager/cmake/task_manager__rosidl_generator_cExport-noconfig.cmake
[0.250s] -- Up-to-date: /home/ntu/ros2_ws/install/task_manager/share/task_manager/cmake/task_manager__rosidl_typesupport_introspection_cExport.cmake
[0.250s] -- Up-to-date: /home/ntu/ros2_ws/install/task_manager/share/task_manager/cmake/task_manager__rosidl_typesupport_introspection_cExport-noconfig.cmake
[0.250s] -- Up-to-date: /home/ntu/ros2_ws/install/task_manager/share/task_manager/cmake/task_manager__rosidl_typesupport_cExport.cmake
[0.250s] -- Up-to-date: /home/ntu/ros2_ws/install/task_manager/share/task_manager/cmake/task_manager__rosidl_typesupport_cExport-noconfig.cmake
[0.250s] -- Up-to-date: /home/ntu/ros2_ws/install/task_manager/share/task_manager/cmake/task_manager__rosidl_generator_cppExport.cmake
[0.251s] -- Up-to-date: /home/ntu/ros2_ws/install/task_manager/share/task_manager/cmake/task_manager__rosidl_typesupport_introspection_cppExport.cmake
[0.251s] -- Up-to-date: /home/ntu/ros2_ws/install/task_manager/share/task_manager/cmake/task_manager__rosidl_typesupport_introspection_cppExport-noconfig.cmake
[0.251s] -- Up-to-date: /home/ntu/ros2_ws/install/task_manager/share/task_manager/cmake/task_manager__rosidl_typesupport_cppExport.cmake
[0.251s] -- Up-to-date: /home/ntu/ros2_ws/install/task_manager/share/task_manager/cmake/task_manager__rosidl_typesupport_cppExport-noconfig.cmake
[0.251s] -- Up-to-date: /home/ntu/ros2_ws/install/task_manager/share/task_manager/cmake/rosidl_cmake-extras.cmake
[0.251s] -- Up-to-date: /home/ntu/ros2_ws/install/task_manager/share/task_manager/cmake/ament_cmake_export_dependencies-extras.cmake
[0.251s] -- Up-to-date: /home/ntu/ros2_ws/install/task_manager/share/task_manager/cmake/ament_cmake_export_libraries-extras.cmake
[0.251s] -- Up-to-date: /home/ntu/ros2_ws/install/task_manager/share/task_manager/cmake/ament_cmake_export_targets-extras.cmake
[0.251s] -- Up-to-date: /home/ntu/ros2_ws/install/task_manager/share/task_manager/cmake/ament_cmake_export_include_directories-extras.cmake
[0.251s] -- Up-to-date: /home/ntu/ros2_ws/install/task_manager/share/task_manager/cmake/rosidl_cmake_export_typesupport_libraries-extras.cmake
[0.251s] -- Up-to-date: /home/ntu/ros2_ws/install/task_manager/share/task_manager/cmake/rosidl_cmake_export_typesupport_targets-extras.cmake
[0.251s] -- Up-to-date: /home/ntu/ros2_ws/install/task_manager/share/task_manager/cmake/task_managerConfig.cmake
[0.251s] -- Up-to-date: /home/ntu/ros2_ws/install/task_manager/share/task_manager/cmake/task_managerConfig-version.cmake
[0.252s] -- Up-to-date: /home/ntu/ros2_ws/install/task_manager/share/task_manager/package.xml
[0.253s] Invoked command in '/home/ntu/ros2_ws/build/task_manager' returned '0': AMENT_PREFIX_PATH=/home/ntu/ros2_ws/install/digital_space:${AMENT_PREFIX_PATH} CMAKE_PREFIX_PATH=/home/ntu/ros2_ws/install/digital_space:/opt/ros/foxy LD_LIBRARY_PATH=/home/ntu/ros2_ws/install/digital_space/lib:${LD_LIBRARY_PATH} PYTHONPATH=/home/ntu/ros2_ws/install/digital_space/lib/python3.8/site-packages:${PYTHONPATH} /usr/bin/cmake --install /home/ntu/ros2_ws/build/task_manager
